Program start at  Sun Feb 21 23:09:05 2021
Game start at Sun Feb 21 23:09:07 2021
black mode: 3 , white mode: 1
4 dep:4, cnt:177, tl:0, pv:[<2,3>:-0.28,<3,2>:-0.28,<4,5>:-0.28,<5,4>:-0.28]
24 dep:5, cnt:749, tl:0, pv:[<2,3>:-2.03,<4,5>:-2.03,<5,4>:-2.03]
33 dep:6, cnt:1696, tl:0, pv:[<2,3>:0.81,<3,2>:0.81,<4,5>:0.81,<5,4>:0.81]
81 dep:7, cnt:5369, tl:1, pv:[<2,3>:-0.83,<3,2>:-0.83,<4,5>:-0.83,<5,4>:-0.83]
277 dep:8, cnt:20090, tl:3, pv:[<2,3>:1.74,<3,2>:1.74,<4,5>:1.74,<5,4>:1.74]
m 4 5
board 0x8000000 0x3810000000 col 1
¡¤¡¤¡¤¡¤¡¤¡¤¡¤¡¤
¡¤¡¤¡¤¡¤¡¤¡¤¡¤¡¤
¡¤¡¤¡¤¡¤¡¤¡¤¡¤¡¤
¡¤¡¤¡¤¡ð¡ñ¡¤¡¤¡¤
¡¤¡¤¡¤¡ñ¡ñ¡ñ¡¤¡¤
¡¤¡¤¡¤¡¤¡¤¡¤¡¤¡¤
¡¤¡¤¡¤¡¤¡¤¡¤¡¤¡¤
¡¤¡¤¡¤¡¤¡¤¡¤¡¤¡¤
step: 1  col: 1  B: 1 W: 4
4 dep:4, cnt:219, tl:0, pv:[<5,3>:2.03]
6 dep:5, cnt:301, tl:0, pv:[<5,3>:-0.81]
28 dep:6, cnt:1535, tl:1, pv:[<5,3>:0.83,<5,5>:-0.04]
83 dep:7, cnt:6495, tl:1, pv:[<5,3>:-1.74,<3,5>:-2.55,<5,5>:-2.43]
146 dep:8, cnt:12309, tl:1, pv:[<5,3>:-0.32,<5,5>:-1.17]
m 5 5
board 0x2810000000 0x201008000000 col 0
¡¤¡¤¡¤¡¤¡¤¡¤¡¤¡¤
¡¤¡¤¡¤¡¤¡¤¡¤¡¤¡¤
¡¤¡¤¡¤¡¤¡¤¡¤¡¤¡¤
¡¤¡¤¡¤¡ð¡ñ¡¤¡¤¡¤
¡¤¡¤¡¤¡ñ¡ð¡ñ¡¤¡¤
¡¤¡¤¡¤¡¤¡¤¡ð¡¤¡¤
¡¤¡¤¡¤¡¤¡¤¡¤¡¤¡¤
¡¤¡¤¡¤¡¤¡¤¡¤¡¤¡¤
step: 2  col: 0  B: 3 W: 3
5 dep:4, cnt:270, tl:0, pv:[<5,4>:2.73]
8 dep:5, cnt:564, tl:0, pv:[<5,4>:0.04]
13 dep:6, cnt:1600, tl:1, pv:[<5,4>:2.43]
44 dep:7, cnt:3945, tl:0, pv:[<5,4>:1.17]
108 dep:8, cnt:12103, tl:2, pv:[<5,4>:2.34]
m 5 4
board 0x200008000000 0x103810000000 col 1
¡¤¡¤¡¤¡¤¡¤¡¤¡¤¡¤
¡¤¡¤¡¤¡¤¡¤¡¤¡¤¡¤
¡¤¡¤¡¤¡¤¡¤¡¤¡¤¡¤
¡¤¡¤¡¤¡ð¡ñ¡¤¡¤¡¤
¡¤¡¤¡¤¡ñ¡ñ¡ñ¡¤¡¤
¡¤¡¤¡¤¡¤¡ñ¡ð¡¤¡¤
¡¤¡¤¡¤¡¤¡¤¡¤¡¤¡¤
¡¤¡¤¡¤¡¤¡¤¡¤¡¤¡¤
step: 3  col: 1  B: 2 W: 5
2 dep:4, cnt:311, tl:0, pv:[<3,5>:-0.04,<5,3>:-0.04]
10 dep:5, cnt:1400, tl:0, pv:[<3,5>:-2.43,<5,3>:-2.43]
24 dep:6, cnt:3079, tl:1, pv:[<3,5>:-1.17,<5,3>:-1.17]
81 dep:7, cnt:10730, tl:1, pv:[<3,5>:-2.34,<5,3>:-2.34]
212 dep:8, cnt:29313, tl:4, pv:[<3,5>:-1.21,<5,3>:-1.21]
m 5 3
board 0x3010000000 0x380808000000 col 0
¡¤¡¤¡¤¡¤¡¤¡¤¡¤¡¤
¡¤¡¤¡¤¡¤¡¤¡¤¡¤¡¤
¡¤¡¤¡¤¡¤¡¤¡¤¡¤¡¤
¡¤¡¤¡¤¡ð¡ñ¡¤¡¤¡¤
¡¤¡¤¡¤¡ð¡ñ¡ñ¡¤¡¤
¡¤¡¤¡¤¡ð¡ð¡ð¡¤¡¤
¡¤¡¤¡¤¡¤¡¤¡¤¡¤¡¤
¡¤¡¤¡¤¡¤¡¤¡¤¡¤¡¤
step: 4  col: 0  B: 3 W: 5
12 dep:4, cnt:828, tl:0, pv:[<4,2>:2.43]
24 dep:5, cnt:2567, tl:1, pv:[<4,2>:0.76,<6,4>:1.17]
56 dep:6, cnt:8372, tl:1, pv:[<4,2>:2.34]
119 dep:7, cnt:18706, tl:2, pv:[<4,2>:1.21,<6,4>:0.39]
285 dep:8, cnt:43569, tl:7, pv:[<4,2>:0.98]
m 4 2
board 0x380008000000 0x3c10000000 col 1
¡¤¡¤¡¤¡¤¡¤¡¤¡¤¡¤
¡¤¡¤¡¤¡¤¡¤¡¤¡¤¡¤
¡¤¡¤¡¤¡¤¡¤¡¤¡¤¡¤
¡¤¡¤¡¤¡ð¡ñ¡¤¡¤¡¤
¡¤¡¤¡ñ¡ñ¡ñ¡ñ¡¤¡¤
¡¤¡¤¡¤¡ð¡ð¡ð¡¤¡¤
¡¤¡¤¡¤¡¤¡¤¡¤¡¤¡¤
¡¤¡¤¡¤¡¤¡¤¡¤¡¤¡¤
step: 5  col: 1  B: 4 W: 5
9 dep:4, cnt:828, tl:0, pv:[<2,4>:-0.76,<3,5>:-1.03,<3,6>:-1.57]
22 dep:5, cnt:3068, tl:0, pv:[<2,4>:-2.42,<3,2>:-2.76,<3,5>:-2.42,<3,6>:-2.34]
72 dep:6, cnt:9913, tl:2, pv:[<3,6>:-1.99,<2,4>:-1.21,<3,5>:-1.43]
128 dep:7, cnt:20157, tl:2, pv:[<2,4>:-0.98,<3,5>:-1.14]
413 dep:8, cnt:58572, tl:8, pv:[<2,4>:-0.65]
m 2 4
board 0x2c00000000 0x381018100000 col 0
¡¤¡¤¡¤¡¤¡¤¡¤¡¤¡¤
¡¤¡¤¡¤¡¤¡¤¡¤¡¤¡¤
¡¤¡¤¡¤¡¤¡ð¡¤¡¤¡¤
¡¤¡¤¡¤¡ð¡ð¡¤¡¤¡¤
¡¤¡¤¡ñ¡ñ¡ð¡ñ¡¤¡¤
¡¤¡¤¡¤¡ð¡ð¡ð¡¤¡¤
¡¤¡¤¡¤¡¤¡¤¡¤¡¤¡¤
¡¤¡¤¡¤¡¤¡¤¡¤¡¤¡¤
step: 6  col: 0  B: 3 W: 7
11 dep:4, cnt:1152, tl:1, pv:[<2,5>:2.42]
28 dep:5, cnt:4049, tl:1, pv:[<2,5>:1.21,<2,3>:0.53,<6,4>:0.81,<6,5>:0.65]
66 dep:6, cnt:8599, tl:4, pv:[<6,5>:0.98]
193 dep:7, cnt:33563, tl:13, pv:[<6,5>:0.09,<2,3>:0.65,<2,5>:0.01,<6,4>:-0.33]
659 dep:8, cnt:102486, tl:25, pv:[<2,3>:-0.79,<2,5>:-0.73,<6,4>:-0.12,<6,5>:-0.57]
m 2 5
board 0x381008100000 0x2c10200000 col 1
¡¤¡¤¡¤¡¤¡¤¡¤¡¤¡¤
¡¤¡¤¡¤¡¤¡¤¡¤¡¤¡¤
¡¤¡¤¡¤¡¤¡ð¡ñ¡¤¡¤
¡¤¡¤¡¤¡ð¡ñ¡¤¡¤¡¤
¡¤¡¤¡ñ¡ñ¡ð¡ñ¡¤¡¤
¡¤¡¤¡¤¡ð¡ð¡ð¡¤¡¤
¡¤¡¤¡¤¡¤¡¤¡¤¡¤¡¤
¡¤¡¤¡¤¡¤¡¤¡¤¡¤¡¤
step: 7  col: 1  B: 6 W: 5
9 dep:4, cnt:1050, tl:0, pv:[<3,2>:-1.91,<3,5>:-1.21]
9 dep:5, cnt:1303, tl:0, pv:[<3,5>:0.20]
21 dep:6, cnt:3859, tl:1, pv:[<3,5>:-0.01]
203 dep:7, cnt:24270, tl:3, pv:[<3,5>:0.73]
325 dep:8, cnt:48223, tl:7, pv:[<3,5>:0.48]
m 3 5
board 0xc00200000 0x383038100000 col 0
¡¤¡¤¡¤¡¤¡¤¡¤¡¤¡¤
¡¤¡¤¡¤¡¤¡¤¡¤¡¤¡¤
¡¤¡¤¡¤¡¤¡ð¡ñ¡¤¡¤
¡¤¡¤¡¤¡ð¡ð¡ð¡¤¡¤
¡¤¡¤¡ñ¡ñ¡ð¡ð¡¤¡¤
¡¤¡¤¡¤¡ð¡ð¡ð¡¤¡¤
¡¤¡¤¡¤¡¤¡¤¡¤¡¤¡¤
¡¤¡¤¡¤¡¤¡¤¡¤¡¤¡¤
step: 8  col: 0  B: 3 W: 9
14 dep:4, cnt:1797, tl:1, pv:[<6,3>:-0.20]
13 dep:5, cnt:2005, tl:1, pv:[<6,3>:0.01]
60 dep:6, cnt:10035, tl:2, pv:[<6,3>:-0.73]
98 dep:7, cnt:21373, tl:6, pv:[<6,3>:-0.48]
631 dep:8, cnt:124878, tl:26, pv:[<6,3>:-3.19,<4,6>:-3.31]
m 6 3
board 0x303038100000 0x8080c00200000 col 1
¡¤¡¤¡¤¡¤¡¤¡¤¡¤¡¤
¡¤¡¤¡¤¡¤¡¤¡¤¡¤¡¤
¡¤¡¤¡¤¡¤¡ð¡ñ¡¤¡¤
¡¤¡¤¡¤¡ð¡ð¡ð¡¤¡¤
¡¤¡¤¡ñ¡ñ¡ð¡ð¡¤¡¤
¡¤¡¤¡¤¡ñ¡ð¡ð¡¤¡¤
¡¤¡¤¡¤¡ñ¡¤¡¤¡¤¡¤
¡¤¡¤¡¤¡¤¡¤¡¤¡¤¡¤
step: 9  col: 1  B: 8 W: 5
14 dep:4, cnt:2107, tl:0, pv:[<3,2>:-0.01,<7,2>:-0.17]
36 dep:5, cnt:5770, tl:1, pv:[<3,2>:0.62,<5,2>:0.24,<6,2>:0.73]
47 dep:6, cnt:11513, tl:3, pv:[<3,2>:0.48]
211 dep:7, cnt:34887, tl:4, pv:[<3,2>:3.19]
597 dep:8, cnt:121542, tl:20, pv:[<3,2>:3.47]
m 3 2
board 0x8080400200000 0x30383c100000 col 0
¡¤¡¤¡¤¡¤¡¤¡¤¡¤¡¤
¡¤¡¤¡¤¡¤¡¤¡¤¡¤¡¤
¡¤¡¤¡¤¡¤¡ð¡ñ¡¤¡¤
¡¤¡¤¡ð¡ð¡ð¡ð¡¤¡¤
¡¤¡¤¡ñ¡ð¡ð¡ð¡¤¡¤
¡¤¡¤¡¤¡ñ¡ð¡ð¡¤¡¤
¡¤¡¤¡¤¡ñ¡¤¡¤¡¤¡¤
¡¤¡¤¡¤¡¤¡¤¡¤¡¤¡¤
step: 10  col: 0  B: 4 W: 10
7 dep:4, cnt:1427, tl:0, pv:[<2,2>:-0.62]
29 dep:5, cnt:4851, tl:0, pv:[<2,6>:-0.48]
71 dep:6, cnt:13217, tl:2, pv:[<2,2>:-3.19]
380 dep:7, cnt:74515, tl:18, pv:[<2,6>:-3.47,<3,6>:-4.30,<5,2>:-3.79]
1057 dep:8, cnt:226512, tl:41, pv:[<2,6>:-4.93,<2,2>:-5.06,<5,2>:-4.95]
m 2 6
board 0x30281c100000 0x8081420600000 col 1
¡¤¡¤¡¤¡¤¡¤¡¤¡¤¡¤
¡¤¡¤¡¤¡¤¡¤¡¤¡¤¡¤
¡¤¡¤¡¤¡¤¡ð¡ñ¡ñ¡¤
¡¤¡¤¡ð¡ð¡ð¡ñ¡¤¡¤
¡¤¡¤¡ñ¡ð¡ñ¡ð¡¤¡¤
¡¤¡¤¡¤¡ñ¡ð¡ð¡¤¡¤
¡¤¡¤¡¤¡ñ¡¤¡¤¡¤¡¤
¡¤¡¤¡¤¡¤¡¤¡¤¡¤¡¤
step: 11  col: 1  B: 8 W: 7
18 dep:4, cnt:2971, tl:1, pv:[<3,6>:0.48,<4,1>:0.11,<4,6>:-0.30]
27 dep:5, cnt:4179, tl:1, pv:[<3,6>:5.40]
55 dep:6, cnt:12007, tl:3, pv:[<3,6>:3.47]
174 dep:7, cnt:37013, tl:8, pv:[<3,6>:4.93]
1054 dep:8, cnt:210695, tl:30, pv:[<3,6>:1.51,<4,6>:0.52]
m 3 6
board 0x8081400600000 0x30287c100000 col 0
¡¤¡¤¡¤¡¤¡¤¡¤¡¤¡¤
¡¤¡¤¡¤¡¤¡¤¡¤¡¤¡¤
¡¤¡¤¡¤¡¤¡ð¡ñ¡ñ¡¤
¡¤¡¤¡ð¡ð¡ð¡ð¡ð¡¤
¡¤¡¤¡ñ¡ð¡ñ¡ð¡¤¡¤
¡¤¡¤¡¤¡ñ¡ð¡ð¡¤¡¤
¡¤¡¤¡¤¡ñ¡¤¡¤¡¤¡¤
¡¤¡¤¡¤¡¤¡¤¡¤¡¤¡¤
step: 12  col: 0  B: 6 W: 10
6 dep:4, cnt:2305, tl:0, pv:[<4,7>:-5.40,<6,4>:-6.01]
39 dep:5, cnt:7712, tl:1, pv:[<4,7>:-3.88,<5,2>:-3.47,<6,4>:-3.76]
122 dep:6, cnt:22505, tl:4, pv:[<4,7>:-4.93,<6,4>:-5.36]
593 dep:7, cnt:110178, tl:15, pv:[<4,7>:-1.51,<5,2>:-2.12,<6,4>:-2.07]
1401 dep:8, cnt:287388, tl:40, pv:[<4,7>:-5.64,<5,2>:-5.27,<6,4>:-5.21]
m 6 4
board 0x20287c100000 0x18181400600000 col 1
¡¤¡¤¡¤¡¤¡¤¡¤¡¤¡¤
¡¤¡¤¡¤¡¤¡¤¡¤¡¤¡¤
¡¤¡¤¡¤¡¤¡ð¡ñ¡ñ¡¤
¡¤¡¤¡ð¡ð¡ð¡ð¡ð¡¤
¡¤¡¤¡ñ¡ð¡ñ¡ð¡¤¡¤
¡¤¡¤¡¤¡ñ¡ñ¡ð¡¤¡¤
¡¤¡¤¡¤¡ñ¡ñ¡¤¡¤¡¤
¡¤¡¤¡¤¡¤¡¤¡¤¡¤¡¤
step: 13  col: 1  B: 9 W: 8
11 dep:4, cnt:2164, tl:0, pv:[<1,4>:3.76]
43 dep:5, cnt:7951, tl:1, pv:[<1,4>:5.36,<6,5>:4.75]
337 dep:6, cnt:59492, tl:8, pv:[<1,4>:2.07,<6,2>:1.51]
512 dep:7, cnt:88154, tl:12, pv:[<1,4>:5.14,<1,5>:5.21]
1584 dep:8, cnt:335137, tl:46, pv:[<1,4>:1.23,<6,2>:0.67]
m 6 2
board 0x18100400600000 0x428387c100000 col 0
¡¤¡¤¡¤¡¤¡¤¡¤¡¤¡¤
¡¤¡¤¡¤¡¤¡¤¡¤¡¤¡¤
¡¤¡¤¡¤¡¤¡ð¡ñ¡ñ¡¤
¡¤¡¤¡ð¡ð¡ð¡ð¡ð¡¤
¡¤¡¤¡ñ¡ð¡ð¡ð¡¤¡¤
¡¤¡¤¡¤¡ð¡ñ¡ð¡¤¡¤
¡¤¡¤¡ð¡ñ¡ñ¡¤¡¤¡¤
¡¤¡¤¡¤¡¤¡¤¡¤¡¤¡¤
step: 14  col: 0  B: 6 W: 12
23 dep:4, cnt:4900, tl:0, pv:[<2,2>:-4.86,<5,2>:-4.19]
82 dep:5, cnt:15201, tl:3, pv:[<5,2>:-1.51,<4,7>:-1.57,<5,6>:-2.41]
149 dep:6, cnt:31425, tl:4, pv:[<5,2>:-3.86,<4,7>:-4.18]
590 dep:7, cnt:154944, tl:21, pv:[<5,2>:-0.67,<4,7>:-0.68]
2424 dep:8, cnt:616618, tl:85, pv:[<5,2>:-4.00,<4,7>:-4.48,<5,6>:-4.48,<6,5>:-4.93]
m 4 7
board 0x428383c100000 0x18108440600000 col 1
¡¤¡¤¡¤¡¤¡¤¡¤¡¤¡¤
¡¤¡¤¡¤¡¤¡¤¡¤¡¤¡¤
¡¤¡¤¡¤¡¤¡ð¡ñ¡ñ¡¤
¡¤¡¤¡ð¡ð¡ð¡ð¡ñ¡¤
¡¤¡¤¡ñ¡ð¡ð¡ð¡¤¡ñ
¡¤¡¤¡¤¡ð¡ñ¡ð¡¤¡¤
¡¤¡¤¡ð¡ñ¡ñ¡¤¡¤¡¤
¡¤¡¤¡¤¡¤¡¤¡¤¡¤¡¤
step: 15  col: 1  B: 11 W: 8
26 dep:4, cnt:4871, tl:1, pv:[<5,2>:1.57,<7,2>:0.78]
37 dep:5, cnt:6777, tl:3, pv:[<5,2>:4.18]
191 dep:6, cnt:43774, tl:17, pv:[<5,2>:0.68,<4,1>:-0.21,<7,5>:0.11]
502 dep:7, cnt:103784, tl:22, pv:[<5,2>:4.48,<7,4>:4.00]
2924 dep:8, cnt:664767, tl:96, pv:[<5,2>:3.23,<3,1>:2.23,<4,1>:2.80]
m 5 2
board 0x18108040600000 0x42c3c3c100000 col 0
¡¤¡¤¡¤¡¤¡¤¡¤¡¤¡¤
¡¤¡¤¡¤¡¤¡¤¡¤¡¤¡¤
¡¤¡¤¡¤¡¤¡ð¡ñ¡ñ¡¤
¡¤¡¤¡ð¡ð¡ð¡ð¡ñ¡¤
¡¤¡¤¡ð¡ð¡ð¡ð¡¤¡ñ
¡¤¡¤¡ð¡ð¡ñ¡ð¡¤¡¤
¡¤¡¤¡ð¡ñ¡ñ¡¤¡¤¡¤
¡¤¡¤¡¤¡¤¡¤¡¤¡¤¡¤
step: 16  col: 0  B: 7 W: 13
18 dep:4, cnt:3335, tl:1, pv:[<5,1>:-4.18]
38 dep:5, cnt:10143, tl:2, pv:[<5,6>:-0.68]
116 dep:6, cnt:20693, tl:3, pv:[<5,6>:-4.48]
607 dep:7, cnt:107710, tl:15, pv:[<5,6>:-3.23]
1025 dep:8, cnt:249736, tl:35, pv:[<5,6>:-4.29]
m 5 6
board 0x40c3c3c100000 0x18708040600000 col 1
¡¤¡¤¡¤¡¤¡¤¡¤¡¤¡¤
¡¤¡¤¡¤¡¤¡¤¡¤¡¤¡¤
¡¤¡¤¡¤¡¤¡ð¡ñ¡ñ¡¤
¡¤¡¤¡ð¡ð¡ð¡ð¡ñ¡¤
¡¤¡¤¡ð¡ð¡ð¡ð¡¤¡ñ
¡¤¡¤¡ð¡ð¡ñ¡ñ¡ñ¡¤
¡¤¡¤¡ð¡ñ¡ñ¡¤¡¤¡¤
¡¤¡¤¡¤¡¤¡¤¡¤¡¤¡¤
step: 17  col: 1  B: 12 W: 9
15 dep:4, cnt:2988, tl:1, pv:[<7,2>:0.51,<7,3>:-0.10,<7,5>:0.68]
50 dep:5, cnt:7211, tl:1, pv:[<7,5>:4.17,<7,3>:4.48]
139 dep:6, cnt:29117, tl:4, pv:[<1,5>:2.54,<7,2>:3.23]
372 dep:7, cnt:70327, tl:10, pv:[<7,2>:3.98,<7,3>:3.89,<7,5>:4.29]
1432 dep:8, cnt:315276, tl:44, pv:[<7,2>:4.95]
m 7 2
board 0x10608040600000 0x40c1c3c3c100000 col 0
¡¤¡¤¡¤¡¤¡¤¡¤¡¤¡¤
¡¤¡¤¡¤¡¤¡¤¡¤¡¤¡¤
¡¤¡¤¡¤¡¤¡ð¡ñ¡ñ¡¤
¡¤¡¤¡ð¡ð¡ð¡ð¡ñ¡¤
¡¤¡¤¡ð¡ð¡ð¡ð¡¤¡ñ
¡¤¡¤¡ð¡ð¡ð¡ñ¡ñ¡¤
¡¤¡¤¡ð¡ð¡ñ¡¤¡¤¡¤
¡¤¡¤¡ð¡¤¡¤¡¤¡¤¡¤
step: 18  col: 0  B: 7 W: 15
3 dep:4, cnt:842, tl:0, pv:[<2,2>:0.60]
31 dep:5, cnt:3018, tl:1, pv:[<2,2>:-3.23,<2,3>:-3.59]
61 dep:6, cnt:9421, tl:1, pv:[<2,2>:-3.98]
149 dep:7, cnt:24868, tl:3, pv:[<2,2>:-4.95]
576 dep:8, cnt:111046, tl:17, pv:[<2,2>:-4.18]
m 2 2
board 0x40c1c2c34100000 0x10609048640000 col 1
¡¤¡¤¡¤¡¤¡¤¡¤¡¤¡¤
¡¤¡¤¡¤¡¤¡¤¡¤¡¤¡¤
¡¤¡¤¡ñ¡¤¡ð¡ñ¡ñ¡¤
¡¤¡¤¡ð¡ñ¡ð¡ð¡ñ¡¤
¡¤¡¤¡ð¡ð¡ñ¡ð¡¤¡ñ
¡¤¡¤¡ð¡ð¡ð¡ñ¡ñ¡¤
¡¤¡¤¡ð¡ð¡ñ¡¤¡¤¡¤
¡¤¡¤¡ð¡¤¡¤¡¤¡¤¡¤
step: 19  col: 1  B: 13 W: 10
16 dep:4, cnt:2154, tl:1, pv:[<2,3>:3.23,<7,5>:2.77]
37 dep:5, cnt:4935, tl:1, pv:[<2,3>:3.98,<7,5>:3.23]
98 dep:6, cnt:10534, tl:3, pv:[<2,3>:4.95]
383 dep:7, cnt:61403, tl:10, pv:[<2,3>:4.18,<7,5>:4.18]
903 dep:8, cnt:165103, tl:23, pv:[<2,3>:3.60]
m 2 3
board 0x10609040640000 0x40c1c2c3c180000 col 0
¡¤¡¤¡¤¡¤¡¤¡¤¡¤¡¤
¡¤¡¤¡¤¡¤¡¤¡¤¡¤¡¤
¡¤¡¤¡ñ¡ð¡ð¡ñ¡ñ¡¤
¡¤¡¤¡ð¡ð¡ð¡ð¡ñ¡¤
¡¤¡¤¡ð¡ð¡ñ¡ð¡¤¡ñ
¡¤¡¤¡ð¡ð¡ð¡ñ¡ñ¡¤
¡¤¡¤¡ð¡ð¡ñ¡¤¡¤¡¤
¡¤¡¤¡ð¡¤¡¤¡¤¡¤¡¤
step: 20  col: 0  B: 9 W: 15
13 dep:4, cnt:2928, tl:1, pv:[<4,6>:-3.98]
16 dep:5, cnt:5152, tl:1, pv:[<4,6>:-4.95,<4,1>:-5.79]
159 dep:6, cnt:27866, tl:5, pv:[<4,6>:-4.18]
359 dep:7, cnt:56362, tl:11, pv:[<4,6>:-3.60]
1178 dep:8, cnt:202860, tl:29, pv:[<4,6>:-6.75]
m 4 6
board 0x40c1c0c3c180000 0x1060f040640000 col 1
¡¤¡¤¡¤¡¤¡¤¡¤¡¤¡¤
¡¤¡¤¡¤¡¤¡¤¡¤¡¤¡¤
¡¤¡¤¡ñ¡ð¡ð¡ñ¡ñ¡¤
¡¤¡¤¡ð¡ð¡ð¡ð¡ñ¡¤
¡¤¡¤¡ð¡ð¡ñ¡ñ¡ñ¡ñ
¡¤¡¤¡ð¡ð¡ð¡ñ¡ñ¡¤
¡¤¡¤¡ð¡ð¡ñ¡¤¡¤¡¤
¡¤¡¤¡ð¡¤¡¤¡¤¡¤¡¤
step: 21  col: 1  B: 14 W: 11
11 dep:4, cnt:2257, tl:1, pv:[<7,5>:4.95]
93 dep:5, cnt:11033, tl:3, pv:[<7,5>:4.18,<1,2>:3.95,<1,5>:3.50]
284 dep:6, cnt:27688, tl:6, pv:[<7,5>:3.60]
1097 dep:7, cnt:89526, tl:19, pv:[<7,5>:6.05,<1,2>:6.75]
2050 dep:8, cnt:379350, tl:56, pv:[<7,5>:5.48]
m 7 5
board 0x60f040640000 0x241c1c0c3c180000 col 0
¡¤¡¤¡¤¡¤¡¤¡¤¡¤¡¤
¡¤¡¤¡¤¡¤¡¤¡¤¡¤¡¤
¡¤¡¤¡ñ¡ð¡ð¡ñ¡ñ¡¤
¡¤¡¤¡ð¡ð¡ð¡ð¡ñ¡¤
¡¤¡¤¡ð¡ð¡ñ¡ñ¡ñ¡ñ
¡¤¡¤¡ð¡ð¡ð¡ñ¡ñ¡¤
¡¤¡¤¡ð¡ð¡ð¡¤¡¤¡¤
¡¤¡¤¡ð¡¤¡¤¡ð¡¤¡¤
step: 22  col: 0  B: 10 W: 16
18 dep:4, cnt:2821, tl:2, pv:[<1,3>:-4.18]
43 dep:5, cnt:5525, tl:2, pv:[<1,3>:-3.60]
189 dep:6, cnt:23299, tl:11, pv:[<1,3>:-6.75,<1,4>:-6.05]
476 dep:7, cnt:51930, tl:23, pv:[<1,3>:-5.48]
965 dep:8, cnt:140586, tl:34, pv:[<1,3>:-3.56]
m 1 3
board 0x241c1c0c1c080000 0x60f060740800 col 1
¡¤¡¤¡¤¡¤¡¤¡¤¡¤¡¤
¡¤¡¤¡¤¡ñ¡¤¡¤¡¤¡¤
¡¤¡¤¡ñ¡ð¡ñ¡ñ¡ñ¡¤
¡¤¡¤¡ð¡ð¡ð¡ñ¡ñ¡¤
¡¤¡¤¡ð¡ð¡ñ¡ñ¡ñ¡ñ
¡¤¡¤¡ð¡ð¡ð¡ñ¡ñ¡¤
¡¤¡¤¡ð¡ð¡ð¡¤¡¤¡¤
¡¤¡¤¡ð¡¤¡¤¡ð¡¤¡¤
step: 23  col: 1  B: 14 W: 13
7 dep:4, cnt:807, tl:1, pv:[<1,2>:3.60]
37 dep:5, cnt:3002, tl:0, pv:[<1,2>:6.75]
181 dep:6, cnt:8644, tl:1, pv:[<1,2>:5.48]
702 dep:7, cnt:31324, tl:5, pv:[<1,2>:3.56]
1007 dep:8, cnt:111511, tl:17, pv:[<1,2>:2.11]
m 1 2
board 0x60f060700800 0x241c1c0c1c0c0400 col 0
¡¤¡¤¡¤¡¤¡¤¡¤¡¤¡¤
¡¤¡¤¡ð¡ñ¡¤¡¤¡¤¡¤
¡¤¡¤¡ð¡ð¡ñ¡ñ¡ñ¡¤
¡¤¡¤¡ð¡ð¡ð¡ñ¡ñ¡¤
¡¤¡¤¡ð¡ð¡ñ¡ñ¡ñ¡ñ
¡¤¡¤¡ð¡ð¡ð¡ñ¡ñ¡¤
¡¤¡¤¡ð¡ð¡ð¡¤¡¤¡¤
¡¤¡¤¡ð¡¤¡¤¡ð¡¤¡¤
step: 24  col: 0  B: 12 W: 16
10 dep:4, cnt:1589, tl:0, pv:[<2,1>:-6.75]
33 dep:5, cnt:2869, tl:1, pv:[<2,1>:-5.48]
144 dep:6, cnt:9196, tl:1, pv:[<2,1>:-3.56]
330 dep:7, cnt:32603, tl:5, pv:[<2,1>:-2.11]
757 dep:8, cnt:111146, tl:18, pv:[<2,1>:-3.20]
m 2 1
board 0x241c1c0c1c000400 0x60f0607e0800 col 1
¡¤¡¤¡¤¡¤¡¤¡¤¡¤¡¤
¡¤¡¤¡ð¡ñ¡¤¡¤¡¤¡¤
¡¤¡ñ¡ñ¡ñ¡ñ¡ñ¡ñ¡¤
¡¤¡¤¡ð¡ð¡ð¡ñ¡ñ¡¤
¡¤¡¤¡ð¡ð¡ñ¡ñ¡ñ¡ñ
¡¤¡¤¡ð¡ð¡ð¡ñ¡ñ¡¤
¡¤¡¤¡ð¡ð¡ð¡¤¡¤¡¤
¡¤¡¤¡ð¡¤¡¤¡ð¡¤¡¤
step: 25  col: 1  B: 14 W: 15
27 dep:4, cnt:1747, tl:0, pv:[<0,3>:5.48]
106 dep:5, cnt:6473, tl:1, pv:[<0,3>:3.56,<1,5>:2.99]
194 dep:6, cnt:14964, tl:2, pv:[<0,3>:2.11]
764 dep:7, cnt:58970, tl:9, pv:[<0,3>:3.20]
2216 dep:8, cnt:258724, tl:39, pv:[<0,3>:-0.01]
m 0 3
board 0x60f060760000 0x241c1c0c1c080c08 col 0
¡¤¡¤¡¤¡ð¡¤¡¤¡¤¡¤
¡¤¡¤¡ð¡ð¡¤¡¤¡¤¡¤
¡¤¡ñ¡ñ¡ð¡ñ¡ñ¡ñ¡¤
¡¤¡¤¡ð¡ð¡ð¡ñ¡ñ¡¤
¡¤¡¤¡ð¡ð¡ñ¡ñ¡ñ¡ñ
¡¤¡¤¡ð¡ð¡ð¡ñ¡ñ¡¤
¡¤¡¤¡ð¡ð¡ð¡¤¡¤¡¤
¡¤¡¤¡ð¡¤¡¤¡ð¡¤¡¤
step: 26  col: 0  B: 13 W: 17
28 dep:4, cnt:2186, tl:0, pv:[<3,1>:-3.56]
23 dep:5, cnt:4210, tl:1, pv:[<3,1>:-2.62,<4,1>:-2.11]
108 dep:6, cnt:17395, tl:2, pv:[<4,1>:-3.23,<3,1>:-3.20]
645 dep:7, cnt:67893, tl:10, pv:[<3,1>:-0.12,<4,1>:0.01]
1525 dep:8, cnt:233867, tl:34, pv:[<4,1>:2.38,<3,1>:1.50]
m 3 1
board 0x241c1c0c00080c08 0x60f07e760000 col 1
¡¤¡¤¡¤¡ð¡¤¡¤¡¤¡¤
¡¤¡¤¡ð¡ð¡¤¡¤¡¤¡¤
¡¤¡ñ¡ñ¡ð¡ñ¡ñ¡ñ¡¤
¡¤¡ñ¡ñ¡ñ¡ñ¡ñ¡ñ¡¤
¡¤¡¤¡ð¡ð¡ñ¡ñ¡ñ¡ñ
¡¤¡¤¡ð¡ð¡ð¡ñ¡ñ¡¤
¡¤¡¤¡ð¡ð¡ð¡¤¡¤¡¤
¡¤¡¤¡ð¡¤¡¤¡ð¡¤¡¤
step: 27  col: 1  B: 14 W: 17
19 dep:4, cnt:2175, tl:1, pv:[<1,4>:1.74,<4,1>:2.62]
30 dep:5, cnt:4971, tl:0, pv:[<1,4>:3.20]
270 dep:6, cnt:20784, tl:3, pv:[<4,1>:0.12]
562 dep:7, cnt:49249, tl:8, pv:[<4,1>:-1.50]
1117 dep:8, cnt:157175, tl:23, pv:[<4,1>:-3.05]
m 4 1
board 0x60f07a760000 0x241c1c0e04080c08 col 0
¡¤¡¤¡¤¡ð¡¤¡¤¡¤¡¤
¡¤¡¤¡ð¡ð¡¤¡¤¡¤¡¤
¡¤¡ñ¡ñ¡ð¡ñ¡ñ¡ñ¡¤
¡¤¡ñ¡ð¡ñ¡ñ¡ñ¡ñ¡¤
¡¤¡ð¡ð¡ð¡ñ¡ñ¡ñ¡ñ
¡¤¡¤¡ð¡ð¡ð¡ñ¡ñ¡¤
¡¤¡¤¡ð¡ð¡ð¡¤¡¤¡¤
¡¤¡¤¡ð¡¤¡¤¡ð¡¤¡¤
step: 28  col: 0  B: 16 W: 16
11 dep:4, cnt:2055, tl:0, pv:[<6,5>:-2.11]
35 dep:5, cnt:4011, tl:1, pv:[<6,5>:-0.12,<4,0>:-0.96]
105 dep:6, cnt:15011, tl:2, pv:[<6,5>:1.50]
386 dep:7, cnt:38467, tl:6, pv:[<6,5>:2.23,<4,0>:3.05]
1448 dep:8, cnt:192296, tl:28, pv:[<6,5>:1.80]
m 6 5
board 0x241c0c0600080c08 0x2070f87e760000 col 1
¡¤¡¤¡¤¡ð¡¤¡¤¡¤¡¤
¡¤¡¤¡ð¡ð¡¤¡¤¡¤¡¤
¡¤¡ñ¡ñ¡ð¡ñ¡ñ¡ñ¡¤
¡¤¡ñ¡ñ¡ñ¡ñ¡ñ¡ñ¡¤
¡¤¡ð¡ð¡ñ¡ñ¡ñ¡ñ¡ñ
¡¤¡¤¡ð¡ð¡ñ¡ñ¡ñ¡¤
¡¤¡¤¡ð¡ð¡ð¡ñ¡¤¡¤
¡¤¡¤¡ð¡¤¡¤¡ð¡¤¡¤
step: 29  col: 1  B: 13 W: 20
27 dep:4, cnt:2435, tl:0, pv:[<3,0>:0.12]
51 dep:5, cnt:5447, tl:1, pv:[<3,0>:-1.50]
181 dep:6, cnt:11956, tl:2, pv:[<3,0>:-2.23]
713 dep:7, cnt:51779, tl:8, pv:[<3,0>:-1.80]
1317 dep:8, cnt:155628, tl:23, pv:[<3,0>:-3.92]
m 3 0
board 0x2070f87e740000 0x241c0c06010a0c08 col 0
¡¤¡¤¡¤¡ð¡¤¡¤¡¤¡¤
¡¤¡¤¡ð¡ð¡¤¡¤¡¤¡¤
¡¤¡ð¡ñ¡ð¡ñ¡ñ¡ñ¡¤
¡ð¡ñ¡ñ¡ñ¡ñ¡ñ¡ñ¡¤
¡¤¡ð¡ð¡ñ¡ñ¡ñ¡ñ¡ñ
¡¤¡¤¡ð¡ð¡ñ¡ñ¡ñ¡¤
¡¤¡¤¡ð¡ð¡ð¡ñ¡¤¡¤
¡¤¡¤¡ð¡¤¡¤¡ð¡¤¡¤
step: 30  col: 0  B: 19 W: 15
19 dep:4, cnt:2641, tl:0, pv:[<0,4>:1.23,<1,4>:0.93,<2,0>:1.50]
48 dep:5, cnt:3742, tl:1, pv:[<1,4>:2.23]
202 dep:6, cnt:14056, tl:2, pv:[<1,4>:1.80]
729 dep:7, cnt:46291, tl:7, pv:[<1,4>:3.92]
1604 dep:8, cnt:177964, tl:27, pv:[<1,4>:2.57]
m 1 4
board 0x241c0c0601020c08 0x2070f87e7c1000 col 1
¡¤¡¤¡¤¡ð¡¤¡¤¡¤¡¤
¡¤¡¤¡ð¡ð¡ñ¡¤¡¤¡¤
¡¤¡ð¡ñ¡ñ¡ñ¡ñ¡ñ¡¤
¡ð¡ñ¡ñ¡ñ¡ñ¡ñ¡ñ¡¤
¡¤¡ð¡ð¡ñ¡ñ¡ñ¡ñ¡ñ
¡¤¡¤¡ð¡ð¡ñ¡ñ¡ñ¡¤
¡¤¡¤¡ð¡ð¡ð¡ñ¡¤¡¤
¡¤¡¤¡ð¡¤¡¤¡ð¡¤¡¤
step: 31  col: 1  B: 14 W: 21
23 dep:4, cnt:2004, tl:1, pv:[<2,0>:-2.23,<4,0>:-2.32]
77 dep:5, cnt:5687, tl:1, pv:[<4,0>:-1.80]
226 dep:6, cnt:11468, tl:1, pv:[<4,0>:-3.92]
543 dep:7, cnt:35362, tl:5, pv:[<4,0>:-2.57]
1610 dep:8, cnt:182775, tl:48, pv:[<4,0>:-3.41,<2,0>:-3.92]
m 4 0
board 0x2070f87c781000 0x241c0c0703060c08 col 0
¡¤¡¤¡¤¡ð¡¤¡¤¡¤¡¤
¡¤¡¤¡ð¡ð¡ñ¡¤¡¤¡¤
¡¤¡ð¡ð¡ñ¡ñ¡ñ¡ñ¡¤
¡ð¡ð¡ñ¡ñ¡ñ¡ñ¡ñ¡¤
¡ð¡ð¡ð¡ñ¡ñ¡ñ¡ñ¡ñ
¡¤¡¤¡ð¡ð¡ñ¡ñ¡ñ¡¤
¡¤¡¤¡ð¡ð¡ð¡ñ¡¤¡¤
¡¤¡¤¡ð¡¤¡¤¡ð¡¤¡¤
step: 32  col: 0  B: 19 W: 17
9 dep:4, cnt:1936, tl:1, pv:[<5,1>:1.80]
38 dep:5, cnt:3362, tl:0, pv:[<5,1>:3.92]
144 dep:6, cnt:10172, tl:2, pv:[<5,1>:2.57]
602 dep:7, cnt:48777, tl:13, pv:[<5,1>:3.41,<2,0>:2.50]
840 dep:8, cnt:90584, tl:26, pv:[<5,1>:0.43]
m 5 1
board 0x241c000303060c08 0x207efc7c781000 col 1
¡¤¡¤¡¤¡ð¡¤¡¤¡¤¡¤
¡¤¡¤¡ð¡ð¡ñ¡¤¡¤¡¤
¡¤¡ð¡ð¡ñ¡ñ¡ñ¡ñ¡¤
¡ð¡ð¡ñ¡ñ¡ñ¡ñ¡ñ¡¤
¡ð¡ð¡ñ¡ñ¡ñ¡ñ¡ñ¡ñ
¡¤¡ñ¡ñ¡ñ¡ñ¡ñ¡ñ¡¤
¡¤¡¤¡ð¡ð¡ð¡ñ¡¤¡¤
¡¤¡¤¡ð¡¤¡¤¡ð¡¤¡¤
step: 33  col: 1  B: 14 W: 23
19 dep:4, cnt:2242, tl:0, pv:[<7,6>:-3.92]
45 dep:5, cnt:5586, tl:1, pv:[<7,6>:-2.93,<0,5>:-3.26,<5,7>:-2.57]
222 dep:6, cnt:20888, tl:3, pv:[<7,6>:-3.41]
264 dep:7, cnt:27872, tl:4, pv:[<7,6>:-0.43]
1155 dep:8, cnt:146458, tl:23, pv:[<0,5>:-2.10]
m 0 5
board 0x207efc78700000 0x241c0003070e1c28 col 0
¡¤¡¤¡¤¡ð¡¤¡ð¡¤¡¤
¡¤¡¤¡ð¡ð¡ð¡¤¡¤¡¤
¡¤¡ð¡ð¡ð¡ñ¡ñ¡ñ¡¤
¡ð¡ð¡ð¡ñ¡ñ¡ñ¡ñ¡¤
¡ð¡ð¡ñ¡ñ¡ñ¡ñ¡ñ¡ñ
¡¤¡ñ¡ñ¡ñ¡ñ¡ñ¡ñ¡¤
¡¤¡¤¡ð¡ð¡ð¡ñ¡¤¡¤
¡¤¡¤¡ð¡¤¡¤¡ð¡¤¡¤
step: 34  col: 0  B: 20 W: 18
18 dep:4, cnt:1419, tl:0, pv:[<0,4>:3.26]
38 dep:5, cnt:3032, tl:1, pv:[<0,4>:5.51]
114 dep:6, cnt:9285, tl:2, pv:[<0,4>:2.84]
578 dep:7, cnt:39268, tl:5, pv:[<0,4>:2.10,<2,0>:1.83]
840 dep:8, cnt:82405, tl:13, pv:[<0,4>:0.36]
m 0 4
board 0x241c0003070e0c28 0x207efc78701010 col 1
¡¤¡¤¡¤¡ð¡ñ¡ð¡¤¡¤
¡¤¡¤¡ð¡ð¡ñ¡¤¡¤¡¤
¡¤¡ð¡ð¡ð¡ñ¡ñ¡ñ¡¤
¡ð¡ð¡ð¡ñ¡ñ¡ñ¡ñ¡¤
¡ð¡ð¡ñ¡ñ¡ñ¡ñ¡ñ¡ñ
¡¤¡ñ¡ñ¡ñ¡ñ¡ñ¡ñ¡¤
¡¤¡¤¡ð¡ð¡ð¡ñ¡¤¡¤
¡¤¡¤¡ð¡¤¡¤¡ð¡¤¡¤
step: 35  col: 1  B: 17 W: 22
42 dep:4, cnt:3571, tl:1, pv:[<7,6>:-5.51]
20 dep:5, cnt:2445, tl:0, pv:[<7,6>:-2.84]
104 dep:6, cnt:9800, tl:2, pv:[<7,6>:-2.10]
330 dep:7, cnt:28406, tl:5, pv:[<7,6>:-0.36]
723 dep:8, cnt:86781, tl:13, pv:[<7,6>:-2.27]
m 7 6
board 0x6ef478701010 0x643c100b070e0c28 col 0
¡¤¡¤¡¤¡ð¡ñ¡ð¡¤¡¤
¡¤¡¤¡ð¡ð¡ñ¡¤¡¤¡¤
¡¤¡ð¡ð¡ð¡ñ¡ñ¡ñ¡¤
¡ð¡ð¡ð¡ñ¡ñ¡ñ¡ñ¡¤
¡ð¡ð¡ñ¡ð¡ñ¡ñ¡ñ¡ñ
¡¤¡ñ¡ñ¡ñ¡ð¡ñ¡ñ¡¤
¡¤¡¤¡ð¡ð¡ð¡ð¡¤¡¤
¡¤¡¤¡ð¡¤¡¤¡ð¡ð¡¤
step: 36  col: 0  B: 19 W: 21
11 dep:4, cnt:2024, tl:0, pv:[<5,0>:2.84]
41 dep:5, cnt:4482, tl:1, pv:[<5,0>:1.73,<2,0>:1.83,<7,3>:2.10]
126 dep:6, cnt:10846, tl:2, pv:[<2,0>:0.36]
545 dep:7, cnt:34108, tl:5, pv:[<0,2>:2.27,<5,0>:1.82]
1141 dep:8, cnt:106132, tl:19, pv:[<5,0>:1.46]
m 5 0
board 0x643c100903060c28 0x6ff67c781010 col 1
¡¤¡¤¡¤¡ð¡ñ¡ð¡¤¡¤
¡¤¡¤¡ð¡ð¡ñ¡¤¡¤¡¤
¡¤¡ð¡ð¡ñ¡ñ¡ñ¡ñ¡¤
¡ð¡ð¡ñ¡ñ¡ñ¡ñ¡ñ¡¤
¡ð¡ñ¡ñ¡ð¡ñ¡ñ¡ñ¡ñ
¡ñ¡ñ¡ñ¡ñ¡ð¡ñ¡ñ¡¤
¡¤¡¤¡ð¡ð¡ð¡ð¡¤¡¤
¡¤¡¤¡ð¡¤¡¤¡ð¡ð¡¤
step: 37  col: 1  B: 18 W: 23
7 dep:4, cnt:997, tl:0, pv:[<6,0>:-1.73]
31 dep:5, cnt:2546, tl:1, pv:[<6,0>:1.10]
146 dep:6, cnt:7262, tl:2, pv:[<6,0>:-1.82]
485 dep:7, cnt:27673, tl:4, pv:[<6,0>:-1.46,<1,5>:-2.44]
989 dep:8, cnt:78634, tl:12, pv:[<6,0>:-1.25,<1,5>:-1.58]
m 1 5
board 0x4fd65c580010 0x643c302923263c28 col 0
¡¤¡¤¡¤¡ð¡ñ¡ð¡¤¡¤
¡¤¡¤¡ð¡ð¡ð¡ð¡¤¡¤
¡¤¡ð¡ð¡ñ¡ñ¡ð¡ñ¡¤
¡ð¡ð¡ñ¡ñ¡ñ¡ð¡ñ¡¤
¡ð¡ñ¡ñ¡ð¡ñ¡ð¡ñ¡ñ
¡ñ¡ñ¡ñ¡ñ¡ð¡ð¡ñ¡¤
¡¤¡¤¡ð¡ð¡ð¡ð¡¤¡¤
¡¤¡¤¡ð¡¤¡¤¡ð¡ð¡¤
step: 38  col: 0  B: 18 W: 24
15 dep:4, cnt:1898, tl:0, pv:[<0,2>:3.94]
34 dep:5, cnt:2534, tl:1, pv:[<0,2>:3.93]
155 dep:6, cnt:8307, tl:1, pv:[<0,2>:2.44]
531 dep:7, cnt:30615, tl:5, pv:[<0,2>:1.58,<1,6>:0.97,<2,0>:0.88]
803 dep:8, cnt:70675, tl:10, pv:[<0,2>:1.41]
m 0 2
board 0x643c302923223020 0x4fd65c5c0c1c col 1
¡¤¡¤¡ñ¡ñ¡ñ¡ð¡¤¡¤
¡¤¡¤¡ñ¡ñ¡ð¡ð¡¤¡¤
¡¤¡ð¡ñ¡ñ¡ñ¡ð¡ñ¡¤
¡ð¡ð¡ñ¡ñ¡ñ¡ð¡ñ¡¤
¡ð¡ñ¡ñ¡ð¡ñ¡ð¡ñ¡ñ
¡ñ¡ñ¡ñ¡ñ¡ð¡ð¡ñ¡¤
¡¤¡¤¡ð¡ð¡ð¡ð¡¤¡¤
¡¤¡¤¡ð¡¤¡¤¡ð¡ð¡¤
step: 39  col: 1  B: 20 W: 23
5 dep:4, cnt:802, tl:0, pv:[<0,1>:-3.93]
63 dep:5, cnt:3645, tl:1, pv:[<0,1>:-2.44]
92 dep:6, cnt:4881, tl:0, pv:[<0,1>:-1.58]
447 dep:7, cnt:23693, tl:4, pv:[<0,1>:-1.41]
747 dep:8, cnt:54001, tl:9, pv:[<0,1>:1.16]
m 0 1
board 0x4fd64c540800 0x643c3029332a343e col 0
¡¤¡ð¡ð¡ð¡ð¡ð¡¤¡¤
¡¤¡¤¡ð¡ñ¡ð¡ð¡¤¡¤
¡¤¡ð¡ñ¡ð¡ñ¡ð¡ñ¡¤
¡ð¡ð¡ñ¡ñ¡ð¡ð¡ñ¡¤
¡ð¡ñ¡ñ¡ð¡ñ¡ð¡ñ¡ñ
¡ñ¡ñ¡ñ¡ñ¡ð¡ð¡ñ¡¤
¡¤¡¤¡ð¡ð¡ð¡ð¡¤¡¤
¡¤¡¤¡ð¡¤¡¤¡ð¡ð¡¤
step: 40  col: 0  B: 17 W: 27
22 dep:4, cnt:1831, tl:1, pv:[<2,0>:2.44]
43 dep:5, cnt:2167, tl:0, pv:[<2,0>:1.58]
142 dep:6, cnt:6931, tl:1, pv:[<2,0>:1.41]
388 dep:7, cnt:20718, tl:3, pv:[<1,6>:-1.16]
771 dep:8, cnt:56987, tl:9, pv:[<1,6>:9.07]
m 1 6
board 0x643c3021230a043e 0x4fde5c747800 col 1
¡¤¡ð¡ð¡ð¡ð¡ð¡¤¡¤
¡¤¡¤¡ð¡ñ¡ñ¡ñ¡ñ¡¤
¡¤¡ð¡ñ¡ð¡ñ¡ñ¡ñ¡¤
¡ð¡ð¡ñ¡ñ¡ñ¡ð¡ñ¡¤
¡ð¡ñ¡ñ¡ñ¡ñ¡ð¡ñ¡ñ
¡ñ¡ñ¡ñ¡ñ¡ð¡ð¡ñ¡¤
¡¤¡¤¡ð¡ð¡ð¡ð¡¤¡¤
¡¤¡¤¡ð¡¤¡¤¡ð¡ð¡¤
step: 41  col: 1  B: 22 W: 23
11 dep:4, cnt:605, tl:0, pv:[<1,1>:-0.11]
51 dep:5, cnt:2846, tl:0, pv:[<6,0>:1.80]
136 dep:6, cnt:6205, tl:1, pv:[<6,0>:1.16]
332 dep:7, cnt:16275, tl:3, pv:[<6,0>:-9.07,<6,1>:-9.81]
471 dep:8, cnt:32169, tl:5, pv:[<6,0>:-1.70]
m 6 0
board 0x4ede5c747800 0x643d3121230a043e col 0
¡¤¡ð¡ð¡ð¡ð¡ð¡¤¡¤
¡¤¡¤¡ð¡ñ¡ñ¡ñ¡ñ¡¤
¡¤¡ð¡ñ¡ð¡ñ¡ñ¡ñ¡¤
¡ð¡ð¡ñ¡ñ¡ñ¡ð¡ñ¡¤
¡ð¡ñ¡ñ¡ñ¡ñ¡ð¡ñ¡ñ
¡ð¡ñ¡ñ¡ñ¡ð¡ð¡ñ¡¤
¡ð¡¤¡ð¡ð¡ð¡ð¡¤¡¤
¡¤¡¤¡ð¡¤¡¤¡ð¡ð¡¤
step: 42  col: 0  B: 22 W: 24
4 dep:4, cnt:862, tl:0, pv:[<6,6>:-1.80]
37 dep:5, cnt:3186, tl:1, pv:[<6,6>:-1.27,<1,0>:-1.16,<2,0>:-1.27]
86 dep:6, cnt:5043, tl:1, pv:[<6,6>:9.07]
229 dep:7, cnt:10940, tl:1, pv:[<6,6>:1.70]
644 dep:8, cnt:34186, tl:6, pv:[<6,6>:6.47]
m 6 6
board 0x643d1121230a043e 0x406ede5c747800 col 1
¡¤¡ð¡ð¡ð¡ð¡ð¡¤¡¤
¡¤¡¤¡ð¡ñ¡ñ¡ñ¡ñ¡¤
¡¤¡ð¡ñ¡ð¡ñ¡ñ¡ñ¡¤
¡ð¡ð¡ñ¡ñ¡ñ¡ð¡ñ¡¤
¡ð¡ñ¡ñ¡ñ¡ñ¡ð¡ñ¡ñ
¡ð¡ñ¡ñ¡ñ¡ð¡ñ¡ñ¡¤
¡ð¡¤¡ð¡ð¡ð¡ð¡ñ¡¤
¡¤¡¤¡ð¡¤¡¤¡ð¡ð¡¤
step: 43  col: 1  B: 23 W: 24
14 dep:4, cnt:872, tl:0, pv:[<3,7>:1.27]
41 dep:5, cnt:2593, tl:1, pv:[<3,7>:-9.07,<6,1>:-9.81]
67 dep:6, cnt:3199, tl:0, pv:[<3,7>:-1.70]
476 dep:7, cnt:19192, tl:3, pv:[<6,1>:-6.47]
850 dep:8, cnt:48517, tl:8, pv:[<6,1>:-3.77,<3,7>:-3.66]
m 3 7
board 0x404e9e1c345800 0x643d3161e34a243e col 0
¡¤¡ð¡ð¡ð¡ð¡ð¡¤¡¤
¡¤¡¤¡ð¡ñ¡ñ¡ð¡ñ¡¤
¡¤¡ð¡ñ¡ð¡ñ¡ñ¡ð¡¤
¡ð¡ð¡ñ¡ñ¡ñ¡ð¡ð¡ð
¡ð¡ñ¡ñ¡ñ¡ñ¡ð¡ð¡ñ
¡ð¡ñ¡ñ¡ñ¡ð¡ð¡ñ¡¤
¡ð¡¤¡ð¡ð¡ð¡ð¡ñ¡¤
¡¤¡¤¡ð¡¤¡¤¡ð¡ð¡¤
step: 44  col: 0  B: 19 W: 29
27 dep:4, cnt:2380, tl:0, pv:[<1,7>:9.07]
36 dep:5, cnt:2215, tl:0, pv:[<1,7>:1.70]
119 dep:6, cnt:6620, tl:1, pv:[<1,7>:9.29,<1,0>:9.29,<7,4>:10.02]
282 dep:7, cnt:15234, tl:2, pv:[<7,4>:3.66]
962 dep:8, cnt:62240, tl:10, pv:[<1,0>:9.66,<1,7>:9.66]
m 1 7
board 0x643d3161c30a243e 0x404e9e3c74d800 col 1
¡¤¡ð¡ð¡ð¡ð¡ð¡¤¡¤
¡¤¡¤¡ð¡ñ¡ñ¡ð¡ñ¡ñ
¡¤¡ð¡ñ¡ð¡ñ¡ñ¡ñ¡¤
¡ð¡ð¡ñ¡ñ¡ñ¡ñ¡ð¡ð
¡ð¡ñ¡ñ¡ñ¡ñ¡ð¡ð¡ñ
¡ð¡ñ¡ñ¡ñ¡ð¡ð¡ñ¡¤
¡ð¡¤¡ð¡ð¡ð¡ð¡ñ¡¤
¡¤¡¤¡ð¡¤¡¤¡ð¡ð¡¤
step: 45  col: 1  B: 27 W: 22
15 dep:4, cnt:937, tl:0, pv:[<7,7>:-1.70]
26 dep:5, cnt:851, tl:0, pv:[<7,7>:-9.29]
59 dep:6, cnt:2649, tl:1, pv:[<7,7>:-2.14]
200 dep:7, cnt:8120, tl:1, pv:[<7,7>:-9.66]
391 dep:8, cnt:19671, tl:4, pv:[<7,7>:-2.12]
m 7 7
board 0x4e9e3c74d800 0xe47d3161c30a243e col 0
¡¤¡ð¡ð¡ð¡ð¡ð¡¤¡¤
¡¤¡¤¡ð¡ñ¡ñ¡ð¡ñ¡ñ
¡¤¡ð¡ñ¡ð¡ñ¡ñ¡ñ¡¤
¡ð¡ð¡ñ¡ñ¡ñ¡ñ¡ð¡ð
¡ð¡ñ¡ñ¡ñ¡ñ¡ð¡ð¡ñ
¡ð¡ñ¡ñ¡ñ¡ð¡ð¡ñ¡¤
¡ð¡¤¡ð¡ð¡ð¡ð¡ð¡¤
¡¤¡¤¡ð¡¤¡¤¡ð¡ð¡ð
step: 46  col: 0  B: 21 W: 29
13 dep:4, cnt:926, tl:0, pv:[<1,0>:9.29]
37 dep:5, cnt:1634, tl:1, pv:[<2,7>:2.14]
96 dep:6, cnt:3677, tl:0, pv:[<1,0>:9.66]
196 dep:7, cnt:8885, tl:2, pv:[<1,0>:2.12,<2,7>:2.12]
530 dep:8, cnt:27936, tl:4, pv:[<1,0>:7.48,<2,7>:7.48]
m 1 0
board 0xe47d3161c308243e 0x4e9e3c76d900 col 1
¡¤¡ð¡ð¡ð¡ð¡ð¡¤¡¤
¡ñ¡¤¡ð¡ñ¡ñ¡ð¡ñ¡ñ
¡¤¡ñ¡ñ¡ð¡ñ¡ñ¡ñ¡¤
¡ð¡ð¡ñ¡ñ¡ñ¡ñ¡ð¡ð
¡ð¡ñ¡ñ¡ñ¡ñ¡ð¡ð¡ñ
¡ð¡ñ¡ñ¡ñ¡ð¡ð¡ñ¡¤
¡ð¡¤¡ð¡ð¡ð¡ð¡ð¡¤
¡¤¡¤¡ð¡¤¡¤¡ð¡ð¡ð
step: 47  col: 1  B: 28 W: 23
11 dep:4, cnt:590, tl:0, pv:[<5,7>:-0.45]
24 dep:5, cnt:1366, tl:0, pv:[<5,7>:-10.44,<6,1>:-9.66]
50 dep:6, cnt:2030, tl:1, pv:[<6,1>:-2.12]
164 dep:7, cnt:5239, tl:1, pv:[<6,1>:-7.48]
468 dep:8, cnt:40373, tl:6, pv:[<6,1>:-2.00]
m 6 1
board 0x4c9c3c76d900 0xe47f3363c308243e col 0
¡¤¡ð¡ð¡ð¡ð¡ð¡¤¡¤
¡ñ¡¤¡ð¡ñ¡ñ¡ð¡ñ¡ñ
¡¤¡ñ¡ñ¡ð¡ñ¡ñ¡ñ¡¤
¡ð¡ð¡ñ¡ñ¡ñ¡ñ¡ð¡ð
¡ð¡ð¡ñ¡ñ¡ñ¡ð¡ð¡ñ
¡ð¡ð¡ñ¡ñ¡ð¡ð¡ñ¡¤
¡ð¡ð¡ð¡ð¡ð¡ð¡ð¡¤
¡¤¡¤¡ð¡¤¡¤¡ð¡ð¡ð
step: 48  col: 0  B: 21 W: 31
dep:12, cnt:112106, tl:17, pv:[<7,0>:2.00]
m 7 0
board 0xe47d3363c308243e 0x1024c9c3c76d900 col 1
¡¤¡ð¡ð¡ð¡ð¡ð¡¤¡¤
¡ñ¡¤¡ð¡ñ¡ñ¡ð¡ñ¡ñ
¡¤¡ñ¡ñ¡ð¡ñ¡ñ¡ñ¡¤
¡ð¡ð¡ñ¡ñ¡ñ¡ñ¡ð¡ð
¡ð¡ð¡ñ¡ñ¡ñ¡ð¡ð¡ñ
¡ð¡ð¡ñ¡ñ¡ð¡ð¡ñ¡¤
¡ð¡ñ¡ð¡ð¡ð¡ð¡ð¡¤
¡ñ¡¤¡ð¡¤¡¤¡ð¡ð¡ð
step: 49  col: 1  B: 30 W: 23
dep:11, cnt:34399, tl:10, pv:[<7,1>:-2.00]
m 7 1
board 0x1004c9c3c76d900 0xe67f3363c308243e col 0
¡¤¡ð¡ð¡ð¡ð¡ð¡¤¡¤
¡ñ¡¤¡ð¡ñ¡ñ¡ð¡ñ¡ñ
¡¤¡ñ¡ñ¡ð¡ñ¡ñ¡ñ¡¤
¡ð¡ð¡ñ¡ñ¡ñ¡ñ¡ð¡ð
¡ð¡ð¡ñ¡ñ¡ñ¡ð¡ð¡ñ
¡ð¡ð¡ñ¡ñ¡ð¡ð¡ñ¡¤
¡ð¡ð¡ð¡ð¡ð¡ð¡ð¡¤
¡ñ¡ð¡ð¡¤¡¤¡ð¡ð¡ð
step: 50  col: 0  B: 22 W: 32
dep:10, cnt:14089, tl:2, pv:[<2,0>:2.00,<7,3>:2.00]
m 7 3
board 0xe0773363c308243e 0xf084c9c3c76d900 col 1
¡¤¡ð¡ð¡ð¡ð¡ð¡¤¡¤
¡ñ¡¤¡ð¡ñ¡ñ¡ð¡ñ¡ñ
¡¤¡ñ¡ñ¡ð¡ñ¡ñ¡ñ¡¤
¡ð¡ð¡ñ¡ñ¡ñ¡ñ¡ð¡ð
¡ð¡ð¡ñ¡ñ¡ñ¡ð¡ð¡ñ
¡ð¡ð¡ñ¡ñ¡ð¡ð¡ñ¡¤
¡ð¡ð¡ð¡ñ¡ð¡ð¡ð¡¤
¡ñ¡ñ¡ñ¡ñ¡¤¡ð¡ð¡ð
step: 51  col: 1  B: 29 W: 26
dep:9, cnt:4722, tl:1, pv:[<7,4>:-2.00]
m 7 4
board 0xf00489c3c76d900 0xf07f3763c308243e col 0
¡¤¡ð¡ð¡ð¡ð¡ð¡¤¡¤
¡ñ¡¤¡ð¡ñ¡ñ¡ð¡ñ¡ñ
¡¤¡ñ¡ñ¡ð¡ñ¡ñ¡ñ¡¤
¡ð¡ð¡ñ¡ñ¡ñ¡ñ¡ð¡ð
¡ð¡ð¡ñ¡ñ¡ñ¡ð¡ð¡ñ
¡ð¡ð¡ð¡ñ¡ð¡ð¡ñ¡¤
¡ð¡ð¡ð¡ð¡ð¡ð¡ð¡¤
¡ñ¡ñ¡ñ¡ñ¡ð¡ð¡ð¡ð
step: 52  col: 0  B: 24 W: 32
dep:8, cnt:817, tl:0, pv:[<2,0>:2.00]
m 2 0
board 0xf07e3662c008243e 0xf01499d3f77d900 col 1
¡¤¡ð¡ð¡ð¡ð¡ð¡¤¡¤
¡ñ¡¤¡ð¡ñ¡ñ¡ð¡ñ¡ñ
¡ñ¡ñ¡ñ¡ð¡ñ¡ñ¡ñ¡¤
¡ñ¡ñ¡ñ¡ñ¡ñ¡ñ¡ð¡ð
¡ñ¡ð¡ñ¡ñ¡ñ¡ð¡ð¡ñ
¡ñ¡ð¡ð¡ñ¡ð¡ð¡ñ¡¤
¡ñ¡ð¡ð¡ð¡ð¡ð¡ð¡¤
¡ñ¡ñ¡ñ¡ñ¡ð¡ð¡ð¡ð
step: 53  col: 1  B: 27 W: 30
dep:7, cnt:262, tl:0, pv:[<2,7>:-2.00]
m 2 7
board 0xf01499d3f079900 0xf07e3662c0f8643e col 0
¡¤¡ð¡ð¡ð¡ð¡ð¡¤¡¤
¡ñ¡¤¡ð¡ñ¡ñ¡ð¡ð¡ñ
¡ñ¡ñ¡ñ¡ð¡ð¡ð¡ð¡ð
¡ñ¡ñ¡ñ¡ñ¡ñ¡ñ¡ð¡ð
¡ñ¡ð¡ñ¡ñ¡ñ¡ð¡ð¡ñ
¡ñ¡ð¡ð¡ñ¡ð¡ð¡ñ¡¤
¡ñ¡ð¡ð¡ð¡ð¡ð¡ð¡¤
¡ñ¡ñ¡ñ¡ñ¡ð¡ð¡ð¡ð
step: 54  col: 0  B: 26 W: 32
dep:6, cnt:63, tl:0, pv:[<0,7>:2.00,<6,7>:2.00]
m 0 7
board 0xf07e3662c0d8243e 0xf01499d3f27d980 col 1
¡¤¡ð¡ð¡ð¡ð¡ð¡¤¡ñ
¡ñ¡¤¡ð¡ñ¡ñ¡ð¡ñ¡ñ
¡ñ¡ñ¡ñ¡ð¡ð¡ñ¡ð¡ð
¡ñ¡ñ¡ñ¡ñ¡ñ¡ñ¡ð¡ð
¡ñ¡ð¡ñ¡ñ¡ñ¡ð¡ð¡ñ
¡ñ¡ð¡ð¡ñ¡ð¡ð¡ñ¡¤
¡ñ¡ð¡ð¡ð¡ð¡ð¡ð¡¤
¡ñ¡ñ¡ñ¡ñ¡ð¡ð¡ð¡ð
step: 55  col: 1  B: 30 W: 29
dep:5, cnt:26, tl:0, pv:[<0,6>:-2.00,<6,7>:-2.00]
m 6 7
board 0xf01099d3f27d980 0xf0fe7662c0d8243e col 0
¡¤¡ð¡ð¡ð¡ð¡ð¡¤¡ñ
¡ñ¡¤¡ð¡ñ¡ñ¡ð¡ñ¡ñ
¡ñ¡ñ¡ñ¡ð¡ð¡ñ¡ð¡ð
¡ñ¡ñ¡ñ¡ñ¡ñ¡ñ¡ð¡ð
¡ñ¡ð¡ñ¡ñ¡ñ¡ð¡ð¡ñ
¡ñ¡ð¡ð¡ñ¡ð¡ð¡ð¡¤
¡ñ¡ð¡ð¡ð¡ð¡ð¡ð¡ð
¡ñ¡ñ¡ñ¡ñ¡ð¡ð¡ð¡ð
step: 56  col: 0  B: 28 W: 32
dep:4, cnt:9, tl:0, pv:[<5,7>:2.00]
m 5 7
board 0xf0fe0622c0d8243e 0xf01f9dd3f27d980 col 1
¡¤¡ð¡ð¡ð¡ð¡ð¡¤¡ñ
¡ñ¡¤¡ð¡ñ¡ñ¡ð¡ñ¡ñ
¡ñ¡ñ¡ñ¡ð¡ð¡ñ¡ð¡ð
¡ñ¡ñ¡ñ¡ñ¡ñ¡ñ¡ð¡ð
¡ñ¡ð¡ñ¡ñ¡ñ¡ð¡ñ¡ñ
¡ñ¡ð¡ð¡ñ¡ñ¡ñ¡ñ¡ñ
¡ñ¡ð¡ð¡ð¡ð¡ð¡ð¡ð
¡ñ¡ñ¡ñ¡ñ¡ð¡ð¡ð¡ð
step: 57  col: 1  B: 28 W: 33
dep:3, cnt:3, tl:0, pv:[<0,6>:-2.00]
m 0 6
board 0xf01f9dd3f279980 0xf0fe0622c0d8647e col 0
¡¤¡ð¡ð¡ð¡ð¡ð¡ð¡ñ
¡ñ¡¤¡ð¡ñ¡ñ¡ð¡ð¡ñ
¡ñ¡ñ¡ñ¡ð¡ð¡ñ¡ð¡ð
¡ñ¡ñ¡ñ¡ñ¡ñ¡ñ¡ð¡ð
¡ñ¡ð¡ñ¡ñ¡ñ¡ð¡ñ¡ñ
¡ñ¡ð¡ð¡ñ¡ñ¡ñ¡ñ¡ñ
¡ñ¡ð¡ð¡ð¡ð¡ð¡ð¡ð
¡ñ¡ñ¡ñ¡ñ¡ð¡ð¡ð¡ð
step: 58  col: 0  B: 32 W: 30
dep:2, cnt:2, tl:0, pv:[<0,0>:2.00]
m 0 0
board 0xf0fe0622c0d86400 0xf01f9dd3f2799ff col 1
¡ñ¡ñ¡ñ¡ñ¡ñ¡ñ¡ñ¡ñ
¡ñ¡¤¡ð¡ñ¡ñ¡ð¡ð¡ñ
¡ñ¡ñ¡ñ¡ð¡ð¡ñ¡ð¡ð
¡ñ¡ñ¡ñ¡ñ¡ñ¡ñ¡ð¡ð
¡ñ¡ð¡ñ¡ñ¡ñ¡ð¡ñ¡ñ
¡ñ¡ð¡ð¡ñ¡ñ¡ñ¡ñ¡ñ
¡ñ¡ð¡ð¡ð¡ð¡ð¡ð¡ð
¡ñ¡ñ¡ñ¡ñ¡ð¡ð¡ð¡ð
step: 59  col: 1  B: 24 W: 39
dep:1, cnt:1, tl:0, pv:[<1,1>:-2.00]
m 1 1
board 0xf0fe2632cade6600 0xf01d9cd352199ff col 1
¡ñ¡ñ¡ñ¡ñ¡ñ¡ñ¡ñ¡ñ
¡ñ¡ð¡ð¡ñ¡ñ¡ð¡ð¡ñ
¡ñ¡ð¡ð¡ð¡ð¡ñ¡ð¡ð
¡ñ¡ð¡ñ¡ð¡ñ¡ñ¡ð¡ð
¡ñ¡ð¡ñ¡ñ¡ð¡ð¡ñ¡ñ
¡ñ¡ð¡ð¡ñ¡ñ¡ð¡ñ¡ñ
¡ñ¡ð¡ð¡ð¡ð¡ð¡ð¡ð
¡ñ¡ñ¡ñ¡ñ¡ð¡ð¡ð¡ð
step: 60  col: 1  B: 31 W: 33
black win
