Program start at  Mon Feb 15 15:02:23 2021
Game start at Mon Feb 15 15:02:27 2021
black mode: 3 , white mode: 1
dep:4, cnt:160, tl:0, pv:[<2,3>:-0.28,<3,2>:-0.28,<4,5>:-0.28,<5,4>:-0.28]
dep:5, cnt:402, tl:0, pv:[<2,3>:-2.03,<4,5>:-2.03,<5,4>:-2.03]
dep:6, cnt:1463, tl:0, pv:[<2,3>:0.81,<3,2>:0.81,<4,5>:0.81,<5,4>:0.81]
dep:7, cnt:7216, tl:2, pv:[<2,3>:-0.83,<3,2>:-0.83,<4,5>:-0.83,<5,4>:-0.83]
dep:8, cnt:19482, tl:3, pv:[<2,3>:1.74,<3,2>:1.74,<4,5>:1.74,<5,4>:1.74]
m 3 2
board 0x81c000000 0x1000000000 col 1
¡¤¡¤¡¤¡¤¡¤¡¤¡¤¡¤
¡¤¡¤¡¤¡¤¡¤¡¤¡¤¡¤
¡¤¡¤¡¤¡¤¡¤¡¤¡¤¡¤
¡¤¡¤¡ñ¡ñ¡ñ¡¤¡¤¡¤
¡¤¡¤¡¤¡ñ¡ð¡¤¡¤¡¤
¡¤¡¤¡¤¡¤¡¤¡¤¡¤¡¤
¡¤¡¤¡¤¡¤¡¤¡¤¡¤¡¤
¡¤¡¤¡¤¡¤¡¤¡¤¡¤¡¤
step: 1  col: 1  B: 4 W: 1
dep:4, cnt:234, tl:0, pv:[<2,4>:2.03]
dep:5, cnt:752, tl:1, pv:[<2,4>:-0.81]
dep:6, cnt:3140, tl:1, pv:[<2,4>:0.83]
dep:7, cnt:14924, tl:5, pv:[<2,4>:-1.74]
dep:8, cnt:49776, tl:18, pv:[<2,4>:-0.32]
m 2 4
board 0x80c000000 0x1010100000 col 0
¡¤¡¤¡¤¡¤¡¤¡¤¡¤¡¤
¡¤¡¤¡¤¡¤¡¤¡¤¡¤¡¤
¡¤¡¤¡¤¡¤¡ð¡¤¡¤¡¤
¡¤¡¤¡ñ¡ñ¡ð¡¤¡¤¡¤
¡¤¡¤¡¤¡ñ¡ð¡¤¡¤¡¤
¡¤¡¤¡¤¡¤¡¤¡¤¡¤¡¤
¡¤¡¤¡¤¡¤¡¤¡¤¡¤¡¤
¡¤¡¤¡¤¡¤¡¤¡¤¡¤¡¤
step: 2  col: 0  B: 3 W: 3
dep:4, cnt:472, tl:0, pv:[<5,5>:0.81]
dep:5, cnt:1664, tl:0, pv:[<4,5>:-0.83]
dep:6, cnt:7796, tl:3, pv:[<5,5>:1.74]
dep:7, cnt:22267, tl:6, pv:[<5,5>:0.32]
dep:8, cnt:103751, tl:23, pv:[<5,5>:1.49]
m 5 5
board 0x20180c000000 0x10100000 col 1
¡¤¡¤¡¤¡¤¡¤¡¤¡¤¡¤
¡¤¡¤¡¤¡¤¡¤¡¤¡¤¡¤
¡¤¡¤¡¤¡¤¡ð¡¤¡¤¡¤
¡¤¡¤¡ñ¡ñ¡ð¡¤¡¤¡¤
¡¤¡¤¡¤¡ñ¡ñ¡¤¡¤¡¤
¡¤¡¤¡¤¡¤¡¤¡ñ¡¤¡¤
¡¤¡¤¡¤¡¤¡¤¡¤¡¤¡¤
¡¤¡¤¡¤¡¤¡¤¡¤¡¤¡¤
step: 3  col: 1  B: 5 W: 2
dep:4, cnt:594, tl:0, pv:[<4,2>:0.85]
dep:5, cnt:2224, tl:0, pv:[<4,2>:-1.74]
dep:6, cnt:10105, tl:5, pv:[<5,4>:-0.32]
dep:7, cnt:28828, tl:15, pv:[<5,4>:-1.49]
dep:8, cnt:129036, tl:33, pv:[<5,4>:0.44]
m 5 4
board 0x20080c000000 0x101010100000 col 0
¡¤¡¤¡¤¡¤¡¤¡¤¡¤¡¤
¡¤¡¤¡¤¡¤¡¤¡¤¡¤¡¤
¡¤¡¤¡¤¡¤¡ð¡¤¡¤¡¤
¡¤¡¤¡ñ¡ñ¡ð¡¤¡¤¡¤
¡¤¡¤¡¤¡ñ¡ð¡¤¡¤¡¤
¡¤¡¤¡¤¡¤¡ð¡ñ¡¤¡¤
¡¤¡¤¡¤¡¤¡¤¡¤¡¤¡¤
¡¤¡¤¡¤¡¤¡¤¡¤¡¤¡¤
step: 4  col: 0  B: 4 W: 4
dep:4, cnt:783, tl:1, pv:[<4,5>:3.10]
dep:5, cnt:2838, tl:1, pv:[<4,5>:0.32]
dep:6, cnt:10872, tl:4, pv:[<4,5>:1.49]
dep:7, cnt:46145, tl:19, pv:[<4,5>:-0.44]
dep:8, cnt:185348, tl:31, pv:[<4,5>:-0.41]
m 4 5
board 0x20380c000000 0x100010100000 col 1
¡¤¡¤¡¤¡¤¡¤¡¤¡¤¡¤
¡¤¡¤¡¤¡¤¡¤¡¤¡¤¡¤
¡¤¡¤¡¤¡¤¡ð¡¤¡¤¡¤
¡¤¡¤¡ñ¡ñ¡ð¡¤¡¤¡¤
¡¤¡¤¡¤¡ñ¡ñ¡ñ¡¤¡¤
¡¤¡¤¡¤¡¤¡ð¡ñ¡¤¡¤
¡¤¡¤¡¤¡¤¡¤¡¤¡¤¡¤
¡¤¡¤¡¤¡¤¡¤¡¤¡¤¡¤
step: 5  col: 1  B: 6 W: 3
dep:4, cnt:1384, tl:1, pv:[<4,2>:-0.32]
dep:5, cnt:5286, tl:2, pv:[<4,2>:-1.49]
dep:6, cnt:20294, tl:7, pv:[<4,2>:0.44]
dep:7, cnt:79348, tl:30, pv:[<4,2>:0.41]
dep:8, cnt:377758, tl:87, pv:[<4,2>:-1.45]
m 4 2
board 0x203804000000 0x100418100000 col 0
¡¤¡¤¡¤¡¤¡¤¡¤¡¤¡¤
¡¤¡¤¡¤¡¤¡¤¡¤¡¤¡¤
¡¤¡¤¡¤¡¤¡ð¡¤¡¤¡¤
¡¤¡¤¡ñ¡ð¡ð¡¤¡¤¡¤
¡¤¡¤¡ð¡ñ¡ñ¡ñ¡¤¡¤
¡¤¡¤¡¤¡¤¡ð¡ñ¡¤¡¤
¡¤¡¤¡¤¡¤¡¤¡¤¡¤¡¤
¡¤¡¤¡¤¡¤¡¤¡¤¡¤¡¤
step: 6  col: 0  B: 5 W: 5
dep:4, cnt:1255, tl:1, pv:[<2,2>:1.49]
dep:5, cnt:6077, tl:3, pv:[<2,3>:-0.44]
dep:6, cnt:28504, tl:13, pv:[<3,5>:-0.41]
dep:7, cnt:136703, tl:42, pv:[<3,5>:1.45]
dep:8, cnt:402899, tl:66, pv:[<2,2>:-0.02]
m 2 2
board 0x20380c040000 0x100410100000 col 1
¡¤¡¤¡¤¡¤¡¤¡¤¡¤¡¤
¡¤¡¤¡¤¡¤¡¤¡¤¡¤¡¤
¡¤¡¤¡ñ¡¤¡ð¡¤¡¤¡¤
¡¤¡¤¡ñ¡ñ¡ð¡¤¡¤¡¤
¡¤¡¤¡ð¡ñ¡ñ¡ñ¡¤¡¤
¡¤¡¤¡¤¡¤¡ð¡ñ¡¤¡¤
¡¤¡¤¡¤¡¤¡¤¡¤¡¤¡¤
¡¤¡¤¡¤¡¤¡¤¡¤¡¤¡¤
step: 7  col: 1  B: 7 W: 4
dep:4, cnt:2047, tl:0, pv:[<5,2>:0.66]
dep:5, cnt:5552, tl:1, pv:[<3,1>:0.49]
dep:6, cnt:34806, tl:8, pv:[<5,2>:-0.90]
dep:7, cnt:113415, tl:23, pv:[<3,1>:0.02]
dep:8, cnt:501161, tl:78, pv:[<3,1>:-1.72]
m 3 1
board 0x203800040000 0x10041e100000 col 0
¡¤¡¤¡¤¡¤¡¤¡¤¡¤¡¤
¡¤¡¤¡¤¡¤¡¤¡¤¡¤¡¤
¡¤¡¤¡ñ¡¤¡ð¡¤¡¤¡¤
¡¤¡ð¡ð¡ð¡ð¡¤¡¤¡¤
¡¤¡¤¡ð¡ñ¡ñ¡ñ¡¤¡¤
¡¤¡¤¡¤¡¤¡ð¡ñ¡¤¡¤
¡¤¡¤¡¤¡¤¡¤¡¤¡¤¡¤
¡¤¡¤¡¤¡¤¡¤¡¤¡¤¡¤
step: 8  col: 0  B: 5 W: 7
dep:4, cnt:3046, tl:2, pv:[<5,3>:-0.49]
dep:5, cnt:12220, tl:5, pv:[<2,3>:1.31]
dep:6, cnt:51501, tl:22, pv:[<2,3>:-0.02]
dep:7, cnt:225436, tl:39, pv:[<2,3>:1.72]
dep:8, cnt:766299, tl:122, pv:[<2,3>:0.27]
m 2 3
board 0x2038180c0000 0x100406100000 col 1
¡¤¡¤¡¤¡¤¡¤¡¤¡¤¡¤
¡¤¡¤¡¤¡¤¡¤¡¤¡¤¡¤
¡¤¡¤¡ñ¡ñ¡ð¡¤¡¤¡¤
¡¤¡ð¡ð¡ñ¡ñ¡¤¡¤¡¤
¡¤¡¤¡ð¡ñ¡ñ¡ñ¡¤¡¤
¡¤¡¤¡¤¡¤¡ð¡ñ¡¤¡¤
¡¤¡¤¡¤¡¤¡¤¡¤¡¤¡¤
¡¤¡¤¡¤¡¤¡¤¡¤¡¤¡¤
step: 9  col: 1  B: 8 W: 5
dep:4, cnt:1921, tl:0, pv:[<3,5>:-1.31]
dep:5, cnt:4813, tl:1, pv:[<1,4>:0.02]
dep:6, cnt:29528, tl:6, pv:[<1,4>:-1.72]
dep:7, cnt:124178, tl:28, pv:[<1,2>:-0.27]
dep:8, cnt:366334, tl:59, pv:[<1,2>:0.27]
m 1 2
board 0x203818080000 0x100406140400 col 0
¡¤¡¤¡¤¡¤¡¤¡¤¡¤¡¤
¡¤¡¤¡ð¡¤¡¤¡¤¡¤¡¤
¡¤¡¤¡ð¡ñ¡ð¡¤¡¤¡¤
¡¤¡ð¡ð¡ñ¡ñ¡¤¡¤¡¤
¡¤¡¤¡ð¡ñ¡ñ¡ñ¡¤¡¤
¡¤¡¤¡¤¡¤¡ð¡ñ¡¤¡¤
¡¤¡¤¡¤¡¤¡¤¡¤¡¤¡¤
¡¤¡¤¡¤¡¤¡¤¡¤¡¤¡¤
step: 10  col: 0  B: 7 W: 7
dep:4, cnt:1731, tl:0, pv:[<2,5>:1.41]
dep:5, cnt:5968, tl:1, pv:[<2,5>:3.00]
dep:6, cnt:34670, tl:18, pv:[<2,5>:0.27]
dep:7, cnt:205907, tl:56, pv:[<5,3>:-0.27]
dep:8, cnt:676160, tl:112, pv:[<2,5>:-1.58]
m 2 5
board 0x203818380000 0x100406040400 col 1
¡¤¡¤¡¤¡¤¡¤¡¤¡¤¡¤
¡¤¡¤¡ð¡¤¡¤¡¤¡¤¡¤
¡¤¡¤¡ð¡ñ¡ñ¡ñ¡¤¡¤
¡¤¡ð¡ð¡ñ¡ñ¡¤¡¤¡¤
¡¤¡¤¡ð¡ñ¡ñ¡ñ¡¤¡¤
¡¤¡¤¡¤¡¤¡ð¡ñ¡¤¡¤
¡¤¡¤¡¤¡¤¡¤¡¤¡¤¡¤
¡¤¡¤¡¤¡¤¡¤¡¤¡¤¡¤
step: 11  col: 1  B: 9 W: 6
dep:4, cnt:1926, tl:1, pv:[<3,5>:-3.00]
dep:5, cnt:7038, tl:4, pv:[<3,5>:-0.27]
dep:6, cnt:40444, tl:20, pv:[<3,5>:1.56]
dep:7, cnt:156901, tl:40, pv:[<3,5>:1.58]
dep:8, cnt:630069, tl:99, pv:[<3,5>:0.29]
m 3 5
board 0x203800380000 0x10043e040400 col 0
¡¤¡¤¡¤¡¤¡¤¡¤¡¤¡¤
¡¤¡¤¡ð¡¤¡¤¡¤¡¤¡¤
¡¤¡¤¡ð¡ñ¡ñ¡ñ¡¤¡¤
¡¤¡ð¡ð¡ð¡ð¡ð¡¤¡¤
¡¤¡¤¡ð¡ñ¡ñ¡ñ¡¤¡¤
¡¤¡¤¡¤¡¤¡ð¡ñ¡¤¡¤
¡¤¡¤¡¤¡¤¡¤¡¤¡¤¡¤
¡¤¡¤¡¤¡¤¡¤¡¤¡¤¡¤
step: 12  col: 0  B: 7 W: 9
dep:4, cnt:2866, tl:1, pv:[<5,3>:0.27]
dep:5, cnt:11496, tl:4, pv:[<6,4>:-1.56]
dep:6, cnt:54520, tl:18, pv:[<5,3>:-1.58]
dep:7, cnt:212151, tl:51, pv:[<6,4>:-0.29]
dep:8, cnt:1002467, tl:162, pv:[<6,4>:-2.18]
m 6 4
board 0x10303800380000 0x43e040400 col 1
¡¤¡¤¡¤¡¤¡¤¡¤¡¤¡¤
¡¤¡¤¡ð¡¤¡¤¡¤¡¤¡¤
¡¤¡¤¡ð¡ñ¡ñ¡ñ¡¤¡¤
¡¤¡ð¡ð¡ð¡ð¡ð¡¤¡¤
¡¤¡¤¡ð¡ñ¡ñ¡ñ¡¤¡¤
¡¤¡¤¡¤¡¤¡ñ¡ñ¡¤¡¤
¡¤¡¤¡¤¡¤¡ñ¡¤¡¤¡¤
¡¤¡¤¡¤¡¤¡¤¡¤¡¤¡¤
step: 13  col: 1  B: 9 W: 8
dep:4, cnt:2503, tl:1, pv:[<5,3>:1.56]
dep:5, cnt:12022, tl:4, pv:[<1,4>:2.25]
dep:6, cnt:51498, tl:18, pv:[<5,3>:0.29]
dep:7, cnt:273008, tl:52, pv:[<5,3>:2.18]
dep:8, cnt:710691, tl:114, pv:[<1,3>:0.92,<5,3>:0.92]
m 5 3
board 0x10302000380000 0x81c3e040400 col 0
¡¤¡¤¡¤¡¤¡¤¡¤¡¤¡¤
¡¤¡¤¡ð¡¤¡¤¡¤¡¤¡¤
¡¤¡¤¡ð¡ñ¡ñ¡ñ¡¤¡¤
¡¤¡ð¡ð¡ð¡ð¡ð¡¤¡¤
¡¤¡¤¡ð¡ð¡ð¡ñ¡¤¡¤
¡¤¡¤¡¤¡ð¡ñ¡ñ¡¤¡¤
¡¤¡¤¡¤¡¤¡ñ¡¤¡¤¡¤
¡¤¡¤¡¤¡¤¡¤¡¤¡¤¡¤
step: 14  col: 0  B: 7 W: 11
dep:4, cnt:2449, tl:1, pv:[<5,2>:-1.62]
dep:5, cnt:10965, tl:3, pv:[<5,2>:-0.29]
dep:6, cnt:56310, tl:16, pv:[<5,2>:-2.18]
dep:7, cnt:216266, tl:35, pv:[<5,2>:-0.92]
dep:8, cnt:1030576, tl:177, pv:[<5,2>:-2.95]
m 5 2
board 0x103c2810380000 0x142e040400 col 1
¡¤¡¤¡¤¡¤¡¤¡¤¡¤¡¤
¡¤¡¤¡ð¡¤¡¤¡¤¡¤¡¤
¡¤¡¤¡ð¡ñ¡ñ¡ñ¡¤¡¤
¡¤¡ð¡ð¡ð¡ñ¡ð¡¤¡¤
¡¤¡¤¡ð¡ñ¡ð¡ñ¡¤¡¤
¡¤¡¤¡ñ¡ñ¡ñ¡ñ¡¤¡¤
¡¤¡¤¡¤¡¤¡ñ¡¤¡¤¡¤
¡¤¡¤¡¤¡¤¡¤¡¤¡¤¡¤
step: 15  col: 1  B: 11 W: 8
dep:4, cnt:4658, tl:1, pv:[<6,3>:0.29]
dep:5, cnt:16993, tl:3, pv:[<4,6>:2.18]
dep:6, cnt:86416, tl:17, pv:[<4,6>:0.92]
dep:7, cnt:434978, tl:71, pv:[<6,3>:2.95]
dep:8, cnt:2161726, tl:350, pv:[<6,3>:1.21]
m 6 3
board 0x10342010380000 0x8081c2e040400 col 0
¡¤¡¤¡¤¡¤¡¤¡¤¡¤¡¤
¡¤¡¤¡ð¡¤¡¤¡¤¡¤¡¤
¡¤¡¤¡ð¡ñ¡ñ¡ñ¡¤¡¤
¡¤¡ð¡ð¡ð¡ñ¡ð¡¤¡¤
¡¤¡¤¡ð¡ð¡ð¡ñ¡¤¡¤
¡¤¡¤¡ñ¡ð¡ñ¡ñ¡¤¡¤
¡¤¡¤¡¤¡ð¡ñ¡¤¡¤¡¤
¡¤¡¤¡¤¡¤¡¤¡¤¡¤¡¤
step: 16  col: 0  B: 9 W: 11
dep:4, cnt:4022, tl:3, pv:[<4,1>:-1.36]
dep:5, cnt:12205, tl:7, pv:[<4,1>:-0.52]
dep:6, cnt:100784, tl:34, pv:[<5,1>:-2.95]
dep:7, cnt:409473, tl:62, pv:[<4,1>:-1.21]
dep:8, cnt:1951495, tl:302, pv:[<5,1>:-3.31]
m 5 1
board 0x10362418380000 0x8081826040400 col 1
¡¤¡¤¡¤¡¤¡¤¡¤¡¤¡¤
¡¤¡¤¡ð¡¤¡¤¡¤¡¤¡¤
¡¤¡¤¡ð¡ñ¡ñ¡ñ¡¤¡¤
¡¤¡ð¡ð¡ñ¡ñ¡ð¡¤¡¤
¡¤¡¤¡ñ¡ð¡ð¡ñ¡¤¡¤
¡¤¡ñ¡ñ¡ð¡ñ¡ñ¡¤¡¤
¡¤¡¤¡¤¡ð¡ñ¡¤¡¤¡¤
¡¤¡¤¡¤¡¤¡¤¡¤¡¤¡¤
step: 17  col: 1  B: 12 W: 9
dep:4, cnt:4183, tl:1, pv:[<4,1>:1.61]
dep:5, cnt:20032, tl:7, pv:[<4,1>:2.95]
dep:6, cnt:161961, tl:32, pv:[<7,5>:1.72]
dep:7, cnt:584977, tl:89, pv:[<4,1>:3.31]
dep:8, cnt:2505106, tl:394, pv:[<7,5>:1.00]
m 7 5
board 0x362418380000 0x2018081826040400 col 0
¡¤¡¤¡¤¡¤¡¤¡¤¡¤¡¤
¡¤¡¤¡ð¡¤¡¤¡¤¡¤¡¤
¡¤¡¤¡ð¡ñ¡ñ¡ñ¡¤¡¤
¡¤¡ð¡ð¡ñ¡ñ¡ð¡¤¡¤
¡¤¡¤¡ñ¡ð¡ð¡ñ¡¤¡¤
¡¤¡ñ¡ñ¡ð¡ñ¡ñ¡¤¡¤
¡¤¡¤¡¤¡ð¡ð¡¤¡¤¡¤
¡¤¡¤¡¤¡¤¡¤¡ð¡¤¡¤
step: 18  col: 0  B: 11 W: 11
dep:4, cnt:2787, tl:1, pv:[<2,0>:-2.29]
dep:5, cnt:13799, tl:7, pv:[<3,6>:-1.72]
dep:6, cnt:51752, tl:24, pv:[<2,1>:-2.95]
dep:7, cnt:163923, tl:43, pv:[<2,0>:-1.00]
dep:8, cnt:727451, tl:138, pv:[<2,0>:-2.66]
m 2 0
board 0x36241a390000 0x2018081824040400 col 1
¡¤¡¤¡¤¡¤¡¤¡¤¡¤¡¤
¡¤¡¤¡ð¡¤¡¤¡¤¡¤¡¤
¡ñ¡¤¡ð¡ñ¡ñ¡ñ¡¤¡¤
¡¤¡ñ¡ð¡ñ¡ñ¡ð¡¤¡¤
¡¤¡¤¡ñ¡ð¡ð¡ñ¡¤¡¤
¡¤¡ñ¡ñ¡ð¡ñ¡ñ¡¤¡¤
¡¤¡¤¡¤¡ð¡ð¡¤¡¤¡¤
¡¤¡¤¡¤¡¤¡¤¡ð¡¤¡¤
step: 19  col: 1  B: 13 W: 10
dep:4, cnt:3109, tl:1, pv:[<1,3>:2.39]
dep:5, cnt:15500, tl:6, pv:[<1,3>:3.05]
dep:6, cnt:56862, tl:23, pv:[<1,3>:1.00]
dep:7, cnt:224192, tl:41, pv:[<1,3>:2.66]
dep:8, cnt:1007287, tl:166, pv:[<1,3>:-1.07]
m 1 3
board 0x362412210000 0x201808182c1c0c00 col 0
¡¤¡¤¡¤¡¤¡¤¡¤¡¤¡¤
¡¤¡¤¡ð¡ð¡¤¡¤¡¤¡¤
¡ñ¡¤¡ð¡ð¡ð¡ñ¡¤¡¤
¡¤¡ñ¡ð¡ð¡ñ¡ð¡¤¡¤
¡¤¡¤¡ñ¡ð¡ð¡ñ¡¤¡¤
¡¤¡ñ¡ñ¡ð¡ñ¡ñ¡¤¡¤
¡¤¡¤¡¤¡ð¡ð¡¤¡¤¡¤
¡¤¡¤¡¤¡¤¡¤¡ð¡¤¡¤
step: 20  col: 0  B: 10 W: 14
dep:4, cnt:3815, tl:1, pv:[<7,3>:-3.05]
dep:5, cnt:10941, tl:2, pv:[<3,6>:-1.00]
dep:6, cnt:54548, tl:9, pv:[<1,4>:-2.66]
dep:7, cnt:197660, tl:30, pv:[<1,4>:1.07]
dep:8, cnt:1039643, tl:170, pv:[<1,4>:-2.28]
m 1 4
board 0x362412311000 0x201808182c0c0c00 col 1
¡¤¡¤¡¤¡¤¡¤¡¤¡¤¡¤
¡¤¡¤¡ð¡ð¡ñ¡¤¡¤¡¤
¡ñ¡¤¡ð¡ð¡ñ¡ñ¡¤¡¤
¡¤¡ñ¡ð¡ð¡ñ¡ð¡¤¡¤
¡¤¡¤¡ñ¡ð¡ð¡ñ¡¤¡¤
¡¤¡ñ¡ñ¡ð¡ñ¡ñ¡¤¡¤
¡¤¡¤¡¤¡ð¡ð¡¤¡¤¡¤
¡¤¡¤¡¤¡¤¡¤¡ð¡¤¡¤
step: 21  col: 1  B: 12 W: 13
dep:4, cnt:3013, tl:2, pv:[<0,5>:1.21]
dep:5, cnt:12987, tl:4, pv:[<0,5>:2.66]
dep:6, cnt:49595, tl:18, pv:[<0,5>:-1.07]
dep:7, cnt:189304, tl:32, pv:[<0,5>:2.28]
dep:8, cnt:1274609, tl:205, pv:[<4,1>:0.88]
m 4 1
board 0x322012311000 0x20180c1e2c0c0c00 col 0
¡¤¡¤¡¤¡¤¡¤¡¤¡¤¡¤
¡¤¡¤¡ð¡ð¡ñ¡¤¡¤¡¤
¡ñ¡¤¡ð¡ð¡ñ¡ñ¡¤¡¤
¡¤¡ñ¡ð¡ð¡ñ¡ð¡¤¡¤
¡¤¡ð¡ð¡ð¡ð¡ñ¡¤¡¤
¡¤¡ñ¡ð¡ð¡ñ¡ñ¡¤¡¤
¡¤¡¤¡¤¡ð¡ð¡¤¡¤¡¤
¡¤¡¤¡¤¡¤¡¤¡ð¡¤¡¤
step: 22  col: 0  B: 10 W: 16
dep:4, cnt:1887, tl:2, pv:[<0,2>:0.86]
dep:5, cnt:8062, tl:3, pv:[<2,1>:3.35]
dep:6, cnt:60508, tl:19, pv:[<5,0>:-0.16]
dep:7, cnt:459126, tl:72, pv:[<2,1>:-0.88]
dep:8, cnt:1550902, tl:247, pv:[<7,3>:-0.85]
m 7 3
board 0x810322012311000 0x20080c1e2c0c0c00 col 1
¡¤¡¤¡¤¡¤¡¤¡¤¡¤¡¤
¡¤¡¤¡ð¡ð¡ñ¡¤¡¤¡¤
¡ñ¡¤¡ð¡ð¡ñ¡ñ¡¤¡¤
¡¤¡ñ¡ð¡ð¡ñ¡ð¡¤¡¤
¡¤¡ð¡ð¡ð¡ð¡ñ¡¤¡¤
¡¤¡ñ¡ð¡ð¡ñ¡ñ¡¤¡¤
¡¤¡¤¡¤¡ð¡ñ¡¤¡¤¡¤
¡¤¡¤¡¤¡ñ¡¤¡ð¡¤¡¤
step: 23  col: 1  B: 12 W: 15
dep:4, cnt:5622, tl:2, pv:[<7,4>:2.35]
dep:5, cnt:26335, tl:9, pv:[<7,4>:3.41]
dep:6, cnt:206948, tl:40, pv:[<7,4>:4.95]
dep:7, cnt:996994, tl:146, pv:[<7,4>:0.85]
dep:8, cnt:4671259, tl:752, pv:[<3,6>:1.44]
m 3 6
board 0x810220012311000 0x20081c3e6c0c0c00 col 0
¡¤¡¤¡¤¡¤¡¤¡¤¡¤¡¤
¡¤¡¤¡ð¡ð¡ñ¡¤¡¤¡¤
¡ñ¡¤¡ð¡ð¡ñ¡ñ¡¤¡¤
¡¤¡ñ¡ð¡ð¡ñ¡ð¡ð¡¤
¡¤¡ð¡ð¡ð¡ð¡ð¡¤¡¤
¡¤¡ñ¡ð¡ð¡ð¡ñ¡¤¡¤
¡¤¡¤¡¤¡ð¡ñ¡¤¡¤¡¤
¡¤¡¤¡¤¡ñ¡¤¡ð¡¤¡¤
step: 24  col: 0  B: 10 W: 18
dep:4, cnt:3370, tl:2, pv:[<4,6>:-2.32]
dep:5, cnt:27012, tl:10, pv:[<2,1>:-2.47]
dep:6, cnt:98273, tl:30, pv:[<4,6>:0.68]
dep:7, cnt:742873, tl:114, pv:[<2,1>:-1.44]
dep:8, cnt:3856285, tl:605, pv:[<6,2>:-3.30]
m 6 2
board 0x81c220012311000 0x20001c3e6c0c0c00 col 1
¡¤¡¤¡¤¡¤¡¤¡¤¡¤¡¤
¡¤¡¤¡ð¡ð¡ñ¡¤¡¤¡¤
¡ñ¡¤¡ð¡ð¡ñ¡ñ¡¤¡¤
¡¤¡ñ¡ð¡ð¡ñ¡ð¡ð¡¤
¡¤¡ð¡ð¡ð¡ð¡ð¡¤¡¤
¡¤¡ñ¡ð¡ð¡ð¡ñ¡¤¡¤
¡¤¡¤¡ñ¡ñ¡ñ¡¤¡¤¡¤
¡¤¡¤¡¤¡ñ¡¤¡ð¡¤¡¤
step: 25  col: 1  B: 12 W: 17
dep:4, cnt:6819, tl:3, pv:[<5,6>:2.88]
dep:5, cnt:39027, tl:13, pv:[<5,6>:3.14]
dep:6, cnt:171071, tl:37, pv:[<3,0>:2.25]
dep:7, cnt:1169912, tl:178, pv:[<6,5>:3.30]
dep:8, cnt:3839146, tl:606, pv:[<3,0>:2.20]
m 3 0
board 0x81c220010311000 0x20001c3e6f0c0c00 col 0
¡¤¡¤¡¤¡¤¡¤¡¤¡¤¡¤
¡¤¡¤¡ð¡ð¡ñ¡¤¡¤¡¤
¡ñ¡¤¡ð¡ð¡ñ¡ñ¡¤¡¤
¡ð¡ð¡ð¡ð¡ñ¡ð¡ð¡¤
¡¤¡ð¡ð¡ð¡ð¡ð¡¤¡¤
¡¤¡ñ¡ð¡ð¡ð¡ñ¡¤¡¤
¡¤¡¤¡ñ¡ñ¡ñ¡¤¡¤¡¤
¡¤¡¤¡¤¡ñ¡¤¡ð¡¤¡¤
step: 26  col: 0  B: 11 W: 19
dep:4, cnt:4425, tl:1, pv:[<4,6>:-0.46]
dep:5, cnt:25311, tl:8, pv:[<4,0>:-2.25]
dep:6, cnt:96433, tl:29, pv:[<4,6>:-1.58]
dep:7, cnt:598450, tl:93, pv:[<4,6>:-2.20]
dep:8, cnt:1415475, tl:225, pv:[<4,6>:0.10]
m 4 6
board 0x81c224030311000 0x20001c3e4f0c0c00 col 1
¡¤¡¤¡¤¡¤¡¤¡¤¡¤¡¤
¡¤¡¤¡ð¡ð¡ñ¡¤¡¤¡¤
¡ñ¡¤¡ð¡ð¡ñ¡ñ¡¤¡¤
¡ð¡ð¡ð¡ð¡ñ¡ñ¡ð¡¤
¡¤¡ð¡ð¡ð¡ð¡ð¡ñ¡¤
¡¤¡ñ¡ð¡ð¡ð¡ñ¡¤¡¤
¡¤¡¤¡ñ¡ñ¡ñ¡¤¡¤¡¤
¡¤¡¤¡¤¡ñ¡¤¡ð¡¤¡¤
step: 27  col: 1  B: 13 W: 18
dep:4, cnt:8547, tl:4, pv:[<6,5>:3.32]
dep:5, cnt:46449, tl:17, pv:[<6,5>:1.58]
dep:6, cnt:239467, tl:48, pv:[<7,2>:2.20]
dep:7, cnt:818352, tl:126, pv:[<6,5>:-0.10]
dep:8, cnt:4061584, tl:646, pv:[<6,5>:0.54]
m 6 5
board 0x81c024030311000 0x20203c3e4f0c0c00 col 0
¡¤¡¤¡¤¡¤¡¤¡¤¡¤¡¤
¡¤¡¤¡ð¡ð¡ñ¡¤¡¤¡¤
¡ñ¡¤¡ð¡ð¡ñ¡ñ¡¤¡¤
¡ð¡ð¡ð¡ð¡ñ¡ñ¡ð¡¤
¡¤¡ð¡ð¡ð¡ð¡ð¡ñ¡¤
¡¤¡ñ¡ð¡ð¡ð¡ð¡¤¡¤
¡¤¡¤¡ñ¡ñ¡ñ¡ð¡¤¡¤
¡¤¡¤¡¤¡ñ¡¤¡ð¡¤¡¤
step: 28  col: 0  B: 12 W: 20
dep:4, cnt:4464, tl:1, pv:[<5,6>:-1.58]
dep:5, cnt:32327, tl:7, pv:[<5,6>:-0.28]
dep:6, cnt:94254, tl:28, pv:[<5,6>:0.10]
dep:7, cnt:662299, tl:102, pv:[<5,6>:-0.54]
dep:8, cnt:2670560, tl:418, pv:[<5,6>:-0.20]
m 5 6
board 0x81c7e6030311000 0x2020001e4f0c0c00 col 1
¡¤¡¤¡¤¡¤¡¤¡¤¡¤¡¤
¡¤¡¤¡ð¡ð¡ñ¡¤¡¤¡¤
¡ñ¡¤¡ð¡ð¡ñ¡ñ¡¤¡¤
¡ð¡ð¡ð¡ð¡ñ¡ñ¡ð¡¤
¡¤¡ð¡ð¡ð¡ð¡ñ¡ñ¡¤
¡¤¡ñ¡ñ¡ñ¡ñ¡ñ¡ñ¡¤
¡¤¡¤¡ñ¡ñ¡ñ¡ð¡¤¡¤
¡¤¡¤¡¤¡ñ¡¤¡ð¡¤¡¤
step: 29  col: 1  B: 18 W: 15
dep:4, cnt:6143, tl:1, pv:[<0,5>:0.28]
dep:5, cnt:27498, tl:5, pv:[<0,3>:-0.10]
dep:6, cnt:112287, tl:21, pv:[<0,3>:0.54]
dep:7, cnt:728801, tl:111, pv:[<0,3>:0.20]
dep:8, cnt:4302818, tl:705, pv:[<0,5>:-4.36,<1,0>:-4.36]
m 1 0
board 0x81c7e6030301000 0x2020001e4f0d0d00 col 0
¡¤¡¤¡¤¡¤¡¤¡¤¡¤¡¤
¡ð¡¤¡ð¡ð¡ñ¡¤¡¤¡¤
¡ð¡¤¡ð¡ð¡ñ¡ñ¡¤¡¤
¡ð¡ð¡ð¡ð¡ñ¡ñ¡ð¡¤
¡¤¡ð¡ð¡ð¡ð¡ñ¡ñ¡¤
¡¤¡ñ¡ñ¡ñ¡ñ¡ñ¡ñ¡¤
¡¤¡¤¡ñ¡ñ¡ñ¡ð¡¤¡¤
¡¤¡¤¡¤¡ñ¡¤¡ð¡¤¡¤
step: 30  col: 0  B: 17 W: 17
dep:4, cnt:2055, tl:0, pv:[<7,4>:1.29]
dep:5, cnt:11700, tl:2, pv:[<7,4>:1.76]
dep:6, cnt:45665, tl:7, pv:[<3,7>:1.21]
dep:7, cnt:231321, tl:37, pv:[<7,4>:4.36]
dep:8, cnt:1516258, tl:234, pv:[<7,4>:2.54]
m 7 4
board 0x183c7e6030301000 0x2000001e4f0d0d00 col 1
¡¤¡¤¡¤¡¤¡¤¡¤¡¤¡¤
¡ð¡¤¡ð¡ð¡ñ¡¤¡¤¡¤
¡ð¡¤¡ð¡ð¡ñ¡ñ¡¤¡¤
¡ð¡ð¡ð¡ð¡ñ¡ñ¡ð¡¤
¡¤¡ð¡ð¡ð¡ð¡ñ¡ñ¡¤
¡¤¡ñ¡ñ¡ñ¡ñ¡ñ¡ñ¡¤
¡¤¡¤¡ñ¡ñ¡ñ¡ñ¡¤¡¤
¡¤¡¤¡¤¡ñ¡ñ¡ð¡¤¡¤
step: 31  col: 1  B: 19 W: 16
dep:4, cnt:3379, tl:2, pv:[<4,7>:-1.76]
dep:5, cnt:11235, tl:4, pv:[<2,6>:-0.15]
dep:6, cnt:91274, tl:36, pv:[<0,5>:-4.36]
dep:7, cnt:624774, tl:95, pv:[<0,5>:-2.54]
dep:8, cnt:2950985, tl:495, pv:[<0,5>:-2.38]
m 0 5
board 0x183c7e6030300000 0x2000001e4f0d1d20 col 0
¡¤¡¤¡¤¡¤¡¤¡ð¡¤¡¤
¡ð¡¤¡ð¡ð¡ð¡¤¡¤¡¤
¡ð¡¤¡ð¡ð¡ñ¡ñ¡¤¡¤
¡ð¡ð¡ð¡ð¡ñ¡ñ¡ð¡¤
¡¤¡ð¡ð¡ð¡ð¡ñ¡ñ¡¤
¡¤¡ñ¡ñ¡ñ¡ñ¡ñ¡ñ¡¤
¡¤¡¤¡ñ¡ñ¡ñ¡ñ¡¤¡¤
¡¤¡¤¡¤¡ñ¡ñ¡ð¡¤¡¤
step: 32  col: 0  B: 18 W: 18
dep:4, cnt:2609, tl:2, pv:[<3,7>:3.05]
dep:5, cnt:11060, tl:6, pv:[<3,7>:4.36]
dep:6, cnt:69582, tl:28, pv:[<3,7>:2.54]
dep:7, cnt:295580, tl:109, pv:[<4,7>:2.38]
dep:8, cnt:1488465, tl:247, pv:[<4,7>:-0.27]
m 4 7
board 0x183c7ee070300000 0x2000001e0f0d1d20 col 1
¡¤¡¤¡¤¡¤¡¤¡ð¡¤¡¤
¡ð¡¤¡ð¡ð¡ð¡¤¡¤¡¤
¡ð¡¤¡ð¡ð¡ñ¡ñ¡¤¡¤
¡ð¡ð¡ð¡ð¡ñ¡ñ¡ñ¡¤
¡¤¡ð¡ð¡ð¡ð¡ñ¡ñ¡ñ
¡¤¡ñ¡ñ¡ñ¡ñ¡ñ¡ñ¡¤
¡¤¡¤¡ñ¡ñ¡ñ¡ñ¡¤¡¤
¡¤¡¤¡¤¡ñ¡ñ¡ð¡¤¡¤
step: 33  col: 1  B: 20 W: 17
dep:4, cnt:2605, tl:0, pv:[<2,6>:-2.42]
dep:5, cnt:20484, tl:3, pv:[<7,2>:-2.14]
dep:6, cnt:86982, tl:15, pv:[<7,2>:-2.38]
dep:7, cnt:513740, tl:79, pv:[<6,0>:0.27]
dep:8, cnt:1692861, tl:280, pv:[<6,0>:-3.16]
m 6 0
board 0x183c7ce070300000 0x2001021e0f0d1d20 col 0
¡¤¡¤¡¤¡¤¡¤¡ð¡¤¡¤
¡ð¡¤¡ð¡ð¡ð¡¤¡¤¡¤
¡ð¡¤¡ð¡ð¡ñ¡ñ¡¤¡¤
¡ð¡ð¡ð¡ð¡ñ¡ñ¡ñ¡¤
¡¤¡ð¡ð¡ð¡ð¡ñ¡ñ¡ñ
¡¤¡ð¡ñ¡ñ¡ñ¡ñ¡ñ¡¤
¡ð¡¤¡ñ¡ñ¡ñ¡ñ¡¤¡¤
¡¤¡¤¡¤¡ñ¡ñ¡ð¡¤¡¤
step: 34  col: 0  B: 19 W: 19
dep:4, cnt:1772, tl:0, pv:[<0,4>:4.48]
dep:5, cnt:4901, tl:3, pv:[<2,1>:7.12]
dep:6, cnt:32797, tl:17, pv:[<2,1>:-0.27]
dep:7, cnt:119418, tl:34, pv:[<7,6>:3.16]
dep:8, cnt:463468, tl:74, pv:[<0,4>:-4.50]
m 0 4
board 0x183c7ce070301010 0x2001021e0f0d0d20 col 1
¡¤¡¤¡¤¡¤¡ñ¡ð¡¤¡¤
¡ð¡¤¡ð¡ð¡ñ¡¤¡¤¡¤
¡ð¡¤¡ð¡ð¡ñ¡ñ¡¤¡¤
¡ð¡ð¡ð¡ð¡ñ¡ñ¡ñ¡¤
¡¤¡ð¡ð¡ð¡ð¡ñ¡ñ¡ñ
¡¤¡ð¡ñ¡ñ¡ñ¡ñ¡ñ¡¤
¡ð¡¤¡ñ¡ñ¡ñ¡ñ¡¤¡¤
¡¤¡¤¡¤¡ñ¡ñ¡ð¡¤¡¤
step: 35  col: 1  B: 21 W: 18
dep:4, cnt:654, tl:0, pv:[<0,3>:1.08]
dep:5, cnt:3497, tl:1, pv:[<0,3>:4.81]
dep:6, cnt:9056, tl:2, pv:[<0,3>:-0.20]
dep:7, cnt:44142, tl:10, pv:[<0,3>:4.50]
dep:8, cnt:119270, tl:27, pv:[<0,3>:2.75]
m 0 3
board 0x183c7ce070301000 0x2001021e0f0d0d38 col 0
¡¤¡¤¡¤¡ð¡ð¡ð¡¤¡¤
¡ð¡¤¡ð¡ð¡ñ¡¤¡¤¡¤
¡ð¡¤¡ð¡ð¡ñ¡ñ¡¤¡¤
¡ð¡ð¡ð¡ð¡ñ¡ñ¡ñ¡¤
¡¤¡ð¡ð¡ð¡ð¡ñ¡ñ¡ñ
¡¤¡ð¡ñ¡ñ¡ñ¡ñ¡ñ¡¤
¡ð¡¤¡ñ¡ñ¡ñ¡ñ¡¤¡¤
¡¤¡¤¡¤¡ñ¡ñ¡ð¡¤¡¤
step: 36  col: 0  B: 20 W: 20
dep:4, cnt:1153, tl:0, pv:[<7,6>:-4.81]
dep:5, cnt:2461, tl:1, pv:[<2,1>:0.20]
dep:6, cnt:19659, tl:3, pv:[<7,6>:-4.50]
dep:7, cnt:50578, tl:9, pv:[<7,6>:-2.75]
dep:8, cnt:255484, tl:45, pv:[<2,1>:-5.46]
m 2 1
board 0x183c7ce8743e1000 0x200102160b010d38 col 1
¡¤¡¤¡¤¡ð¡ð¡ð¡¤¡¤
¡ð¡¤¡ð¡ð¡ñ¡¤¡¤¡¤
¡ð¡ñ¡ñ¡ñ¡ñ¡ñ¡¤¡¤
¡ð¡ð¡ñ¡ð¡ñ¡ñ¡ñ¡¤
¡¤¡ð¡ð¡ñ¡ð¡ñ¡ñ¡ñ
¡¤¡ð¡ñ¡ñ¡ñ¡ñ¡ñ¡¤
¡ð¡¤¡ñ¡ñ¡ñ¡ñ¡¤¡¤
¡¤¡¤¡¤¡ñ¡ñ¡ð¡¤¡¤
step: 37  col: 1  B: 25 W: 16
dep:4, cnt:966, tl:1, pv:[<7,2>:-0.20]
dep:5, cnt:6338, tl:2, pv:[<7,2>:7.59]
dep:6, cnt:12950, tl:5, pv:[<7,2>:7.49]
dep:7, cnt:78663, tl:28, pv:[<7,2>:5.46]
dep:8, cnt:150711, tl:39, pv:[<7,2>:15.55]
m 7 2
board 0x3878e8743e1000 0x3c0506160b010d38 col 0
¡¤¡¤¡¤¡ð¡ð¡ð¡¤¡¤
¡ð¡¤¡ð¡ð¡ñ¡¤¡¤¡¤
¡ð¡ñ¡ñ¡ñ¡ñ¡ñ¡¤¡¤
¡ð¡ð¡ñ¡ð¡ñ¡ñ¡ñ¡¤
¡¤¡ð¡ð¡ñ¡ð¡ñ¡ñ¡ñ
¡¤¡ð¡ð¡ñ¡ñ¡ñ¡ñ¡¤
¡ð¡¤¡ð¡ñ¡ñ¡ñ¡¤¡¤
¡¤¡¤¡ð¡ð¡ð¡ð¡¤¡¤
step: 38  col: 0  B: 21 W: 21
dep:4, cnt:1097, tl:1, pv:[<4,0>:-7.59]
dep:5, cnt:3682, tl:0, pv:[<0,1>:-7.49]
dep:6, cnt:18447, tl:5, pv:[<4,0>:-5.46]
dep:7, cnt:86304, tl:19, pv:[<0,1>:-15.55]
dep:8, cnt:392083, tl:63, pv:[<0,1>:-16.42]
m 0 1
board 0x3878e8743e1402 0x3c0506160b010938 col 1
¡¤¡ñ¡¤¡ð¡ð¡ð¡¤¡¤
¡ð¡¤¡ñ¡ð¡ñ¡¤¡¤¡¤
¡ð¡ñ¡ñ¡ñ¡ñ¡ñ¡¤¡¤
¡ð¡ð¡ñ¡ð¡ñ¡ñ¡ñ¡¤
¡¤¡ð¡ð¡ñ¡ð¡ñ¡ñ¡ñ
¡¤¡ð¡ð¡ñ¡ñ¡ñ¡ñ¡¤
¡ð¡¤¡ð¡ñ¡ñ¡ñ¡¤¡¤
¡¤¡¤¡ð¡ð¡ð¡ð¡¤¡¤
step: 39  col: 1  B: 23 W: 20
dep:4, cnt:507, tl:0, pv:[<7,6>:7.49]
dep:5, cnt:2333, tl:1, pv:[<7,6>:8.96]
dep:6, cnt:4053, tl:4, pv:[<0,2>:15.55]
dep:7, cnt:18436, tl:9, pv:[<0,2>:16.42]
dep:8, cnt:65428, tl:31, pv:[<1,6>:13.98]
m 1 6
board 0x3878e0641e1402 0x3c05061e1b214938 col 0
¡¤¡ñ¡¤¡ð¡ð¡ð¡¤¡¤
¡ð¡¤¡ñ¡ð¡ñ¡¤¡ð¡¤
¡ð¡ñ¡ñ¡ñ¡ñ¡ð¡¤¡¤
¡ð¡ð¡ñ¡ð¡ð¡ñ¡ñ¡¤
¡¤¡ð¡ð¡ð¡ð¡ñ¡ñ¡ñ
¡¤¡ð¡ð¡ñ¡ñ¡ñ¡ñ¡¤
¡ð¡¤¡ð¡ñ¡ñ¡ñ¡¤¡¤
¡¤¡¤¡ð¡ð¡ð¡ð¡¤¡¤
step: 40  col: 0  B: 20 W: 24
dep:4, cnt:331, tl:0, pv:[<1,5>:-0.85]
dep:5, cnt:1500, tl:1, pv:[<4,0>:-6.72]
dep:6, cnt:5723, tl:3, pv:[<4,0>:-6.33]
dep:7, cnt:20112, tl:14, pv:[<4,0>:-13.98]
dep:8, cnt:103898, tl:49, pv:[<4,0>:-5.31]
m 4 0
board 0x3878ff661e1402 0x3c05060019214938 col 1
¡¤¡ñ¡¤¡ð¡ð¡ð¡¤¡¤
¡ð¡¤¡ñ¡ð¡ñ¡¤¡ð¡¤
¡ð¡ñ¡ñ¡ñ¡ñ¡ð¡¤¡¤
¡ð¡ñ¡ñ¡ð¡ð¡ñ¡ñ¡¤
¡ñ¡ñ¡ñ¡ñ¡ñ¡ñ¡ñ¡ñ
¡¤¡ð¡ð¡ñ¡ñ¡ñ¡ñ¡¤
¡ð¡¤¡ð¡ñ¡ñ¡ñ¡¤¡¤
¡¤¡¤¡ð¡ð¡ð¡ð¡¤¡¤
step: 41  col: 1  B: 26 W: 19
dep:4, cnt:459, tl:0, pv:[<5,0>:6.72]
dep:5, cnt:1013, tl:1, pv:[<5,0>:6.33]
dep:6, cnt:2149, tl:1, pv:[<5,0>:13.98]
dep:7, cnt:9089, tl:5, pv:[<5,0>:5.31]
dep:8, cnt:13429, tl:10, pv:[<5,0>:11.14]
m 5 0
board 0x3878fc62160402 0x3c0507031d295938 col 0
¡¤¡ñ¡¤¡ð¡ð¡ð¡¤¡¤
¡ð¡¤¡ñ¡ð¡ð¡¤¡ð¡¤
¡ð¡ñ¡ñ¡ð¡ñ¡ð¡¤¡¤
¡ð¡ñ¡ð¡ð¡ð¡ñ¡ñ¡¤
¡ð¡ð¡ñ¡ñ¡ñ¡ñ¡ñ¡ñ
¡ð¡ð¡ð¡ñ¡ñ¡ñ¡ñ¡¤
¡ð¡¤¡ð¡ñ¡ñ¡ñ¡¤¡¤
¡¤¡¤¡ð¡ð¡ð¡ð¡¤¡¤
step: 42  col: 0  B: 21 W: 25
dep:4, cnt:252, tl:0, pv:[<0,7>:-6.33]
dep:5, cnt:594, tl:0, pv:[<0,7>:-13.98]
dep:6, cnt:2333, tl:2, pv:[<0,7>:-5.31]
dep:7, cnt:4406, tl:2, pv:[<0,7>:-11.14]
dep:8, cnt:17024, tl:10, pv:[<0,7>:-0.86]
m 0 7
board 0x3878fc72364482 0x3c0507030d091938 col 1
¡¤¡ñ¡¤¡ð¡ð¡ð¡¤¡ñ
¡ð¡¤¡ñ¡ð¡ð¡¤¡ñ¡¤
¡ð¡ñ¡ñ¡ð¡ñ¡ñ¡¤¡¤
¡ð¡ñ¡ð¡ð¡ñ¡ñ¡ñ¡¤
¡ð¡ð¡ñ¡ñ¡ñ¡ñ¡ñ¡ñ
¡ð¡ð¡ð¡ñ¡ñ¡ñ¡ñ¡¤
¡ð¡¤¡ð¡ñ¡ñ¡ñ¡¤¡¤
¡¤¡¤¡ð¡ð¡ð¡ð¡¤¡¤
step: 43  col: 1  B: 25 W: 22
dep:4, cnt:307, tl:0, pv:[<2,6>:13.98]
dep:5, cnt:1640, tl:1, pv:[<7,6>:5.31]
dep:6, cnt:3165, tl:1, pv:[<7,6>:11.14]
dep:7, cnt:14794, tl:5, pv:[<7,6>:0.86]
dep:8, cnt:19637, tl:8, pv:[<0,2>:10.61]
m 0 2
board 0x3878fc72324082 0x3c0507030d0d1d3c col 0
¡¤¡ñ¡ð¡ð¡ð¡ð¡¤¡ñ
¡ð¡¤¡ð¡ð¡ð¡¤¡ñ¡¤
¡ð¡ñ¡ð¡ð¡ñ¡ñ¡¤¡¤
¡ð¡ñ¡ð¡ð¡ñ¡ñ¡ñ¡¤
¡ð¡ð¡ñ¡ñ¡ñ¡ñ¡ñ¡ñ
¡ð¡ð¡ð¡ñ¡ñ¡ñ¡ñ¡¤
¡ð¡¤¡ð¡ñ¡ñ¡ñ¡¤¡¤
¡¤¡¤¡ð¡ð¡ð¡ð¡¤¡¤
step: 44  col: 0  B: 23 W: 25
dep:4, cnt:182, tl:0, pv:[<0,6>:1.55]
dep:5, cnt:133, tl:0, pv:[<0,6>:-8.97]
dep:6, cnt:1591, tl:1, pv:[<0,6>:3.29]
dep:7, cnt:1267, tl:1, pv:[<0,6>:-10.61]
dep:8, cnt:26540, tl:9, pv:[<0,6>:-0.55]
m 0 6
board 0x3878fc723240fe 0x3c0507030d0d1d00 col 1
¡¤¡ñ¡ñ¡ñ¡ñ¡ñ¡ñ¡ñ
¡ð¡¤¡ð¡ð¡ð¡¤¡ñ¡¤
¡ð¡ñ¡ð¡ð¡ñ¡ñ¡¤¡¤
¡ð¡ñ¡ð¡ð¡ñ¡ñ¡ñ¡¤
¡ð¡ð¡ñ¡ñ¡ñ¡ñ¡ñ¡ñ
¡ð¡ð¡ð¡ñ¡ñ¡ñ¡ñ¡¤
¡ð¡¤¡ð¡ñ¡ñ¡ñ¡¤¡¤
¡¤¡¤¡ð¡ð¡ð¡ð¡¤¡¤
step: 45  col: 1  B: 28 W: 21
dep:4, cnt:471, tl:0, pv:[<7,6>:8.97]
dep:5, cnt:1861, tl:1, pv:[<7,6>:-3.29]
dep:6, cnt:3838, tl:1, pv:[<7,6>:10.61]
dep:7, cnt:17733, tl:7, pv:[<7,6>:0.55]
dep:8, cnt:40653, tl:12, pv:[<7,6>:8.44]
m 7 6
board 0x1868f4723240fe 0x7c25170b0d0d1d00 col 0
¡¤¡ñ¡ñ¡ñ¡ñ¡ñ¡ñ¡ñ
¡ð¡¤¡ð¡ð¡ð¡¤¡ñ¡¤
¡ð¡ñ¡ð¡ð¡ñ¡ñ¡¤¡¤
¡ð¡ñ¡ð¡ð¡ñ¡ñ¡ñ¡¤
¡ð¡ð¡ñ¡ð¡ñ¡ñ¡ñ¡ñ
¡ð¡ð¡ð¡ñ¡ð¡ñ¡ñ¡¤
¡ð¡¤¡ð¡ñ¡ñ¡ð¡¤¡¤
¡¤¡¤¡ð¡ð¡ð¡ð¡ð¡¤
step: 46  col: 0  B: 25 W: 25
dep:4, cnt:392, tl:0, pv:[<6,6>:3.29]
dep:5, cnt:1362, tl:1, pv:[<6,6>:-10.61]
dep:6, cnt:4463, tl:3, pv:[<6,6>:-0.55]
dep:7, cnt:17660, tl:10, pv:[<6,6>:-8.44]
dep:8, cnt:54892, tl:20, pv:[<6,6>:-4.23]
m 6 6
board 0x7868f4723240fe 0x7c05170b0d0d1d00 col 1
¡¤¡ñ¡ñ¡ñ¡ñ¡ñ¡ñ¡ñ
¡ð¡¤¡ð¡ð¡ð¡¤¡ñ¡¤
¡ð¡ñ¡ð¡ð¡ñ¡ñ¡¤¡¤
¡ð¡ñ¡ð¡ð¡ñ¡ñ¡ñ¡¤
¡ð¡ð¡ñ¡ð¡ñ¡ñ¡ñ¡ñ
¡ð¡ð¡ð¡ñ¡ð¡ñ¡ñ¡¤
¡ð¡¤¡ð¡ñ¡ñ¡ñ¡ñ¡¤
¡¤¡¤¡ð¡ð¡ð¡ð¡ð¡¤
step: 47  col: 1  B: 27 W: 24
dep:4, cnt:188, tl:0, pv:[<1,5>:10.61,<7,7>:10.61]
dep:5, cnt:1060, tl:0, pv:[<7,7>:0.55]
dep:6, cnt:3003, tl:2, pv:[<7,7>:8.44]
dep:7, cnt:7489, tl:2, pv:[<7,7>:4.23]
dep:8, cnt:87730, tl:28, pv:[<7,7>:-6.00]
m 7 7
board 0x3848e4723240fe 0xfc45371b0d0d1d00 col 0
¡¤¡ñ¡ñ¡ñ¡ñ¡ñ¡ñ¡ñ
¡ð¡¤¡ð¡ð¡ð¡¤¡ñ¡¤
¡ð¡ñ¡ð¡ð¡ñ¡ñ¡¤¡¤
¡ð¡ñ¡ð¡ð¡ñ¡ñ¡ñ¡¤
¡ð¡ð¡ñ¡ð¡ð¡ñ¡ñ¡ñ
¡ð¡ð¡ð¡ñ¡ð¡ð¡ñ¡¤
¡ð¡¤¡ð¡ñ¡ñ¡ñ¡ð¡¤
¡¤¡¤¡ð¡ð¡ð¡ð¡ð¡ð
step: 48  col: 0  B: 24 W: 28
dep:4, cnt:118, tl:0, pv:[<6,7>:-0.55]
dep:5, cnt:309, tl:0, pv:[<6,7>:-8.44]
dep:6, cnt:715, tl:0, pv:[<6,7>:-4.23]
dep:7, cnt:7208, tl:3, pv:[<6,7>:6.00]
dep:8, cnt:7008, tl:2, pv:[<6,7>:6.00]
m 6 7
board 0xf848e4723240fe 0xfc05371b0d0d1d00 col 1
¡¤¡ñ¡ñ¡ñ¡ñ¡ñ¡ñ¡ñ
¡ð¡¤¡ð¡ð¡ð¡¤¡ñ¡¤
¡ð¡ñ¡ð¡ð¡ñ¡ñ¡¤¡¤
¡ð¡ñ¡ð¡ð¡ñ¡ñ¡ñ¡¤
¡ð¡ð¡ñ¡ð¡ð¡ñ¡ñ¡ñ
¡ð¡ð¡ð¡ñ¡ð¡ð¡ñ¡¤
¡ð¡¤¡ð¡ñ¡ñ¡ñ¡ñ¡ñ
¡¤¡¤¡ð¡ð¡ð¡ð¡ð¡ð
step: 49  col: 1  B: 26 W: 27
dep:4, cnt:159, tl:0, pv:[<2,7>:8.44]
dep:5, cnt:309, tl:1, pv:[<2,7>:4.23]
dep:6, cnt:3924, tl:1, pv:[<2,7>:-6.00]
dep:7, cnt:3542, tl:1, pv:[<2,7>:-6.00]
dep:8, cnt:3542, tl:1, pv:[<2,7>:-6.00]
m 2 7
board 0xf848c4323240fe 0xfc05373b4d8d1d00 col 0
¡¤¡ñ¡ñ¡ñ¡ñ¡ñ¡ñ¡ñ
¡ð¡¤¡ð¡ð¡ð¡¤¡ñ¡¤
¡ð¡ñ¡ð¡ð¡ñ¡ñ¡¤¡ð
¡ð¡ñ¡ð¡ð¡ñ¡ñ¡ð¡¤
¡ð¡ð¡ñ¡ð¡ð¡ð¡ñ¡ñ
¡ð¡ð¡ð¡ñ¡ð¡ð¡ñ¡¤
¡ð¡¤¡ð¡ñ¡ñ¡ñ¡ñ¡ñ
¡¤¡¤¡ð¡ð¡ð¡ð¡ð¡ð
step: 50  col: 0  B: 24 W: 30
dep:10, cnt:1225, tl:1, pv:[<3,7>:6.00]
dep:10, cnt:1225, tl:1, pv:[<3,7>:6.00]
m 3 7
board 0xf848c4f23240fe 0xfc05373b0d8d1d00 col 1
¡¤¡ñ¡ñ¡ñ¡ñ¡ñ¡ñ¡ñ
¡ð¡¤¡ð¡ð¡ð¡¤¡ñ¡¤
¡ð¡ñ¡ð¡ð¡ñ¡ñ¡¤¡ð
¡ð¡ñ¡ð¡ð¡ñ¡ñ¡ñ¡ñ
¡ð¡ð¡ñ¡ð¡ð¡ð¡ñ¡ñ
¡ð¡ð¡ð¡ñ¡ð¡ð¡ñ¡¤
¡ð¡¤¡ð¡ñ¡ñ¡ñ¡ñ¡ñ
¡¤¡¤¡ð¡ð¡ð¡ð¡ð¡ð
step: 51  col: 1  B: 26 W: 29
dep:9, cnt:287, tl:0, pv:[<5,7>:-6.00]
dep:9, cnt:287, tl:0, pv:[<5,7>:-6.00]
m 5 7
board 0x380804522240fe 0xfcc5f7fbad9d1d00 col 0
¡¤¡ñ¡ñ¡ñ¡ñ¡ñ¡ñ¡ñ
¡ð¡¤¡ð¡ð¡ð¡¤¡ñ¡¤
¡ð¡ñ¡ð¡ð¡ð¡ñ¡¤¡ð
¡ð¡ñ¡ð¡ð¡ñ¡ð¡ñ¡ð
¡ð¡ð¡ñ¡ð¡ð¡ð¡ð¡ð
¡ð¡ð¡ð¡ñ¡ð¡ð¡ð¡ð
¡ð¡¤¡ð¡ñ¡ñ¡ñ¡ð¡ð
¡¤¡¤¡ð¡ð¡ð¡ð¡ð¡ð
step: 52  col: 0  B: 18 W: 38
dep:8, cnt:71, tl:0, pv:[<1,5>:6.00,<2,6>:6.00]
dep:8, cnt:71, tl:0, pv:[<1,5>:6.00,<2,6>:6.00]
m 1 5
board 0x3808045a3260fe 0xfcc5f7fba58d1d00 col 1
¡¤¡ñ¡ñ¡ñ¡ñ¡ñ¡ñ¡ñ
¡ð¡¤¡ð¡ð¡ð¡ñ¡ñ¡¤
¡ð¡ñ¡ð¡ð¡ñ¡ñ¡¤¡ð
¡ð¡ñ¡ð¡ñ¡ñ¡ð¡ñ¡ð
¡ð¡ð¡ñ¡ð¡ð¡ð¡ð¡ð
¡ð¡ð¡ð¡ñ¡ð¡ð¡ð¡ð
¡ð¡¤¡ð¡ñ¡ñ¡ñ¡ð¡ð
¡¤¡¤¡ð¡ð¡ð¡ð¡ð¡ð
step: 53  col: 1  B: 21 W: 36
dep:7, cnt:42, tl:0, pv:[<1,1>:-6.00,<1,7>:-6.00]
dep:7, cnt:42, tl:0, pv:[<1,1>:-6.00,<1,7>:-6.00]
m 1 7
board 0x3808045a3200fe 0xfcc5f7fba58dfd00 col 0
¡¤¡ñ¡ñ¡ñ¡ñ¡ñ¡ñ¡ñ
¡ð¡¤¡ð¡ð¡ð¡ð¡ð¡ð
¡ð¡ñ¡ð¡ð¡ñ¡ñ¡¤¡ð
¡ð¡ñ¡ð¡ñ¡ñ¡ð¡ñ¡ð
¡ð¡ð¡ñ¡ð¡ð¡ð¡ð¡ð
¡ð¡ð¡ð¡ñ¡ð¡ð¡ð¡ð
¡ð¡¤¡ð¡ñ¡ñ¡ñ¡ð¡ð
¡¤¡¤¡ð¡ð¡ð¡ð¡ð¡ð
step: 54  col: 0  B: 19 W: 39
dep:6, cnt:19, tl:0, pv:[<2,6>:6.00]
dep:6, cnt:19, tl:0, pv:[<2,6>:6.00]
m 2 6
board 0x3808147a7260fe 0xfcc5f7eb858d9d00 col 1
¡¤¡ñ¡ñ¡ñ¡ñ¡ñ¡ñ¡ñ
¡ð¡¤¡ð¡ð¡ð¡ñ¡ñ¡ð
¡ð¡ñ¡ð¡ð¡ñ¡ñ¡ñ¡ð
¡ð¡ñ¡ð¡ñ¡ñ¡ñ¡ñ¡ð
¡ð¡ð¡ñ¡ð¡ñ¡ð¡ð¡ð
¡ð¡ð¡ð¡ñ¡ð¡ð¡ð¡ð
¡ð¡¤¡ð¡ñ¡ñ¡ñ¡ð¡ð
¡¤¡¤¡ð¡ð¡ð¡ð¡ð¡ð
step: 55  col: 1  B: 24 W: 35
dep:5, cnt:0, tl:0, pv:[<1,1>:-6.00]
dep:5, cnt:0, tl:0, pv:[<1,1>:-6.00]
m 1 1
board 0x380814787060fe 0xfcc5f7eb878f9f00 col 0
¡¤¡ñ¡ñ¡ñ¡ñ¡ñ¡ñ¡ñ
¡ð¡ð¡ð¡ð¡ð¡ñ¡ñ¡ð
¡ð¡ð¡ð¡ð¡ñ¡ñ¡ñ¡ð
¡ð¡ð¡ð¡ñ¡ñ¡ñ¡ñ¡ð
¡ð¡ð¡ñ¡ð¡ñ¡ð¡ð¡ð
¡ð¡ð¡ð¡ñ¡ð¡ð¡ð¡ð
¡ð¡¤¡ð¡ñ¡ñ¡ñ¡ð¡ð
¡¤¡¤¡ð¡ð¡ð¡ð¡ð¡ð
step: 56  col: 0  B: 22 W: 38
dep:4, cnt:0, tl:0, pv:[<0,0>:6.00]
dep:4, cnt:0, tl:0, pv:[<0,0>:6.00]
m 0 0
board 0x380814787462ff 0xfcc5f7eb878b9d00 col 0
¡ñ¡ñ¡ñ¡ñ¡ñ¡ñ¡ñ¡ñ
¡ð¡ñ¡ð¡ð¡ð¡ñ¡ñ¡ð
¡ð¡ð¡ñ¡ð¡ñ¡ñ¡ñ¡ð
¡ð¡ð¡ð¡ñ¡ñ¡ñ¡ñ¡ð
¡ð¡ð¡ñ¡ð¡ñ¡ð¡ð¡ð
¡ð¡ð¡ð¡ñ¡ð¡ð¡ð¡ð
¡ð¡¤¡ð¡ñ¡ñ¡ñ¡ð¡ð
¡¤¡¤¡ð¡ð¡ð¡ð¡ð¡ð
step: 57  col: 0  B: 25 W: 36
dep:3, cnt:0, tl:0, pv:[<6,1>:6.00,<7,0>:6.00]
dep:3, cnt:0, tl:0, pv:[<6,1>:6.00,<7,0>:6.00]
m 7 0
board 0x1390915797563ff 0xfcc4f6ea868a9c00 col 0
¡ñ¡ñ¡ñ¡ñ¡ñ¡ñ¡ñ¡ñ
¡ñ¡ñ¡ð¡ð¡ð¡ñ¡ñ¡ð
¡ñ¡ð¡ñ¡ð¡ñ¡ñ¡ñ¡ð
¡ñ¡ð¡ð¡ñ¡ñ¡ñ¡ñ¡ð
¡ñ¡ð¡ñ¡ð¡ñ¡ð¡ð¡ð
¡ñ¡ð¡ð¡ñ¡ð¡ð¡ð¡ð
¡ñ¡¤¡ð¡ñ¡ñ¡ñ¡ð¡ð
¡ñ¡¤¡ð¡ð¡ð¡ð¡ð¡ð
step: 58  col: 0  B: 32 W: 30
dep:2, cnt:0, tl:0, pv:[<6,1>:6.00]
dep:2, cnt:0, tl:0, pv:[<6,1>:6.00]
m 6 1
board 0x13f0f1f7b7763ff 0xfcc0f0e084889c00 col 1
¡ñ¡ñ¡ñ¡ñ¡ñ¡ñ¡ñ¡ñ
¡ñ¡ñ¡ð¡ð¡ð¡ñ¡ñ¡ð
¡ñ¡ñ¡ñ¡ð¡ñ¡ñ¡ñ¡ð
¡ñ¡ñ¡ð¡ñ¡ñ¡ñ¡ñ¡ð
¡ñ¡ñ¡ñ¡ñ¡ñ¡ð¡ð¡ð
¡ñ¡ñ¡ñ¡ñ¡ð¡ð¡ð¡ð
¡ñ¡ñ¡ñ¡ñ¡ñ¡ñ¡ð¡ð
¡ñ¡¤¡ð¡ð¡ð¡ð¡ð¡ð
step: 59  col: 1  B: 40 W: 23
dep:1, cnt:0, tl:0, pv:[<7,1>:-6.00]
dep:1, cnt:0, tl:0, pv:[<7,1>:-6.00]
m 7 1
board 0x13b070f5b3763ff 0xfec4f8f0a4c89c00 col 1
¡ñ¡ñ¡ñ¡ñ¡ñ¡ñ¡ñ¡ñ
¡ñ¡ñ¡ð¡ð¡ð¡ñ¡ñ¡ð
¡ñ¡ñ¡ñ¡ð¡ñ¡ñ¡ð¡ð
¡ñ¡ñ¡ð¡ñ¡ñ¡ð¡ñ¡ð
¡ñ¡ñ¡ñ¡ñ¡ð¡ð¡ð¡ð
¡ñ¡ñ¡ñ¡ð¡ð¡ð¡ð¡ð
¡ñ¡ñ¡ð¡ñ¡ñ¡ñ¡ð¡ð
¡ñ¡ð¡ð¡ð¡ð¡ð¡ð¡ð
step: 60  col: 1  B: 35 W: 29
black win
