Program start at  Mon Feb 15 20:49:56 2021
Game start at Mon Feb 15 20:49:59 2021
black mode: 2 , white mode: 1
4 dep:4, cnt:160, tl:0, pv:[<2,3>:-0.28,<3,2>:-0.28,<4,5>:-0.28,<5,4>:-0.28]
19 dep:5, cnt:609, tl:0, pv:[<2,3>:-2.03,<4,5>:-2.03,<5,4>:-2.03]
16 dep:6, cnt:1184, tl:0, pv:[<2,3>:0.81,<3,2>:0.81,<4,5>:0.81,<5,4>:0.81]
37 dep:7, cnt:3963, tl:1, pv:[<2,3>:-0.83,<3,2>:-0.83,<4,5>:-0.83,<5,4>:-0.83]
137 dep:8, cnt:15369, tl:2, pv:[<2,3>:1.74,<3,2>:1.74,<4,5>:1.74,<5,4>:1.74]
m 3 2
board 0x81c000000 0x1000000000 col 1
¡¤¡¤¡¤¡¤¡¤¡¤¡¤¡¤
¡¤¡¤¡¤¡¤¡¤¡¤¡¤¡¤
¡¤¡¤¡¤¡¤¡¤¡¤¡¤¡¤
¡¤¡¤¡ñ¡ñ¡ñ¡¤¡¤¡¤
¡¤¡¤¡¤¡ñ¡ð¡¤¡¤¡¤
¡¤¡¤¡¤¡¤¡¤¡¤¡¤¡¤
¡¤¡¤¡¤¡¤¡¤¡¤¡¤¡¤
¡¤¡¤¡¤¡¤¡¤¡¤¡¤¡¤
step: 1  col: 1  B: 4 W: 1
7 dep:4, cnt:194, tl:0, pv:[<2,4>:2.03]
10 dep:5, cnt:519, tl:0, pv:[<2,4>:-0.81]
15 dep:6, cnt:1342, tl:0, pv:[<2,4>:0.83]
59 dep:7, cnt:4604, tl:1, pv:[<2,4>:-1.74]
75 dep:8, cnt:9047, tl:1, pv:[<2,4>:-0.32]
m 2 4
board 0x80c000000 0x1010100000 col 0
¡¤¡¤¡¤¡¤¡¤¡¤¡¤¡¤
¡¤¡¤¡¤¡¤¡¤¡¤¡¤¡¤
¡¤¡¤¡¤¡¤¡ð¡¤¡¤¡¤
¡¤¡¤¡ñ¡ñ¡ð¡¤¡¤¡¤
¡¤¡¤¡¤¡ñ¡ð¡¤¡¤¡¤
¡¤¡¤¡¤¡¤¡¤¡¤¡¤¡¤
¡¤¡¤¡¤¡¤¡¤¡¤¡¤¡¤
¡¤¡¤¡¤¡¤¡¤¡¤¡¤¡¤
step: 2  col: 0  B: 3 W: 3
9 dep:4, cnt:448, tl:0, pv:[<5,5>:0.81]
8 dep:5, cnt:865, tl:0, pv:[<4,5>:-0.83]
51 dep:6, cnt:3271, tl:1, pv:[<5,5>:1.74]
85 dep:7, cnt:8034, tl:2, pv:[<5,5>:0.32]
155 dep:8, cnt:17590, tl:3, pv:[<5,5>:1.49]
m 5 5
board 0x20180c000000 0x10100000 col 1
¡¤¡¤¡¤¡¤¡¤¡¤¡¤¡¤
¡¤¡¤¡¤¡¤¡¤¡¤¡¤¡¤
¡¤¡¤¡¤¡¤¡ð¡¤¡¤¡¤
¡¤¡¤¡ñ¡ñ¡ð¡¤¡¤¡¤
¡¤¡¤¡¤¡ñ¡ñ¡¤¡¤¡¤
¡¤¡¤¡¤¡¤¡¤¡ñ¡¤¡¤
¡¤¡¤¡¤¡¤¡¤¡¤¡¤¡¤
¡¤¡¤¡¤¡¤¡¤¡¤¡¤¡¤
step: 3  col: 1  B: 5 W: 2
9 dep:4, cnt:594, tl:0, pv:[<4,2>:0.85]
9 dep:5, cnt:808, tl:0, pv:[<4,2>:-1.74]
27 dep:6, cnt:3009, tl:1, pv:[<5,4>:-0.32]
70 dep:7, cnt:5916, tl:1, pv:[<5,4>:-1.49]
203 dep:8, cnt:27713, tl:4, pv:[<5,4>:0.44]
m 5 4
board 0x20080c000000 0x101010100000 col 0
¡¤¡¤¡¤¡¤¡¤¡¤¡¤¡¤
¡¤¡¤¡¤¡¤¡¤¡¤¡¤¡¤
¡¤¡¤¡¤¡¤¡ð¡¤¡¤¡¤
¡¤¡¤¡ñ¡ñ¡ð¡¤¡¤¡¤
¡¤¡¤¡¤¡ñ¡ð¡¤¡¤¡¤
¡¤¡¤¡¤¡¤¡ð¡ñ¡¤¡¤
¡¤¡¤¡¤¡¤¡¤¡¤¡¤¡¤
¡¤¡¤¡¤¡¤¡¤¡¤¡¤¡¤
step: 4  col: 0  B: 4 W: 4
10 dep:4, cnt:783, tl:0, pv:[<4,5>:3.10]
10 dep:5, cnt:1185, tl:1, pv:[<4,5>:0.32]
18 dep:6, cnt:2096, tl:0, pv:[<4,5>:1.49]
76 dep:7, cnt:11616, tl:2, pv:[<4,5>:-0.44]
122 dep:8, cnt:23682, tl:3, pv:[<4,5>:-0.41]
m 4 5
board 0x20380c000000 0x100010100000 col 1
¡¤¡¤¡¤¡¤¡¤¡¤¡¤¡¤
¡¤¡¤¡¤¡¤¡¤¡¤¡¤¡¤
¡¤¡¤¡¤¡¤¡ð¡¤¡¤¡¤
¡¤¡¤¡ñ¡ñ¡ð¡¤¡¤¡¤
¡¤¡¤¡¤¡ñ¡ñ¡ñ¡¤¡¤
¡¤¡¤¡¤¡¤¡ð¡ñ¡¤¡¤
¡¤¡¤¡¤¡¤¡¤¡¤¡¤¡¤
¡¤¡¤¡¤¡¤¡¤¡¤¡¤¡¤
step: 5  col: 1  B: 6 W: 3
17 dep:4, cnt:1384, tl:0, pv:[<4,2>:-0.32]
23 dep:5, cnt:1653, tl:1, pv:[<4,2>:-1.49]
49 dep:6, cnt:4161, tl:0, pv:[<4,2>:0.44]
36 dep:7, cnt:12270, tl:2, pv:[<4,2>:0.41]
142 dep:8, cnt:38354, tl:12, pv:[<4,2>:-1.45]
m 4 2
board 0x203804000000 0x100418100000 col 0
¡¤¡¤¡¤¡¤¡¤¡¤¡¤¡¤
¡¤¡¤¡¤¡¤¡¤¡¤¡¤¡¤
¡¤¡¤¡¤¡¤¡ð¡¤¡¤¡¤
¡¤¡¤¡ñ¡ð¡ð¡¤¡¤¡¤
¡¤¡¤¡ð¡ñ¡ñ¡ñ¡¤¡¤
¡¤¡¤¡¤¡¤¡ð¡ñ¡¤¡¤
¡¤¡¤¡¤¡¤¡¤¡¤¡¤¡¤
¡¤¡¤¡¤¡¤¡¤¡¤¡¤¡¤
step: 6  col: 0  B: 5 W: 5
14 dep:4, cnt:1255, tl:1, pv:[<2,2>:1.49]
18 dep:5, cnt:2226, tl:0, pv:[<2,3>:-0.44]
43 dep:6, cnt:7625, tl:1, pv:[<3,5>:-0.41]
52 dep:7, cnt:19070, tl:3, pv:[<3,5>:1.45]
336 dep:8, cnt:70561, tl:11, pv:[<2,2>:-0.02]
m 2 2
board 0x20380c040000 0x100410100000 col 1
¡¤¡¤¡¤¡¤¡¤¡¤¡¤¡¤
¡¤¡¤¡¤¡¤¡¤¡¤¡¤¡¤
¡¤¡¤¡ñ¡¤¡ð¡¤¡¤¡¤
¡¤¡¤¡ñ¡ñ¡ð¡¤¡¤¡¤
¡¤¡¤¡ð¡ñ¡ñ¡ñ¡¤¡¤
¡¤¡¤¡¤¡¤¡ð¡ñ¡¤¡¤
¡¤¡¤¡¤¡¤¡¤¡¤¡¤¡¤
¡¤¡¤¡¤¡¤¡¤¡¤¡¤¡¤
step: 7  col: 1  B: 7 W: 4
19 dep:4, cnt:2047, tl:0, pv:[<5,2>:0.66]
11 dep:5, cnt:2585, tl:0, pv:[<3,1>:0.49]
33 dep:6, cnt:7504, tl:1, pv:[<5,2>:-0.90]
121 dep:7, cnt:23259, tl:5, pv:[<3,1>:-0.61]
328 dep:8, cnt:68506, tl:13, pv:[<3,1>:-1.72]
m 3 1
board 0x203800040000 0x10041e100000 col 0
¡¤¡¤¡¤¡¤¡¤¡¤¡¤¡¤
¡¤¡¤¡¤¡¤¡¤¡¤¡¤¡¤
¡¤¡¤¡ñ¡¤¡ð¡¤¡¤¡¤
¡¤¡ð¡ð¡ð¡ð¡¤¡¤¡¤
¡¤¡¤¡ð¡ñ¡ñ¡ñ¡¤¡¤
¡¤¡¤¡¤¡¤¡ð¡ñ¡¤¡¤
¡¤¡¤¡¤¡¤¡¤¡¤¡¤¡¤
¡¤¡¤¡¤¡¤¡¤¡¤¡¤¡¤
step: 8  col: 0  B: 5 W: 7
27 dep:4, cnt:2978, tl:1, pv:[<5,3>:-0.49]
8 dep:5, cnt:2470, tl:0, pv:[<2,3>:1.31]
65 dep:6, cnt:8937, tl:2, pv:[<2,3>:-0.02]
129 dep:7, cnt:32298, tl:4, pv:[<2,3>:1.72]
346 dep:8, cnt:84365, tl:14, pv:[<2,3>:0.27]
m 2 3
board 0x2038180c0000 0x100406100000 col 1
¡¤¡¤¡¤¡¤¡¤¡¤¡¤¡¤
¡¤¡¤¡¤¡¤¡¤¡¤¡¤¡¤
¡¤¡¤¡ñ¡ñ¡ð¡¤¡¤¡¤
¡¤¡ð¡ð¡ñ¡ñ¡¤¡¤¡¤
¡¤¡¤¡ð¡ñ¡ñ¡ñ¡¤¡¤
¡¤¡¤¡¤¡¤¡ð¡ñ¡¤¡¤
¡¤¡¤¡¤¡¤¡¤¡¤¡¤¡¤
¡¤¡¤¡¤¡¤¡¤¡¤¡¤¡¤
step: 9  col: 1  B: 8 W: 5
17 dep:4, cnt:1846, tl:0, pv:[<3,5>:-1.31]
31 dep:5, cnt:4050, tl:0, pv:[<1,4>:0.02]
92 dep:6, cnt:11033, tl:3, pv:[<1,4>:-1.72]
229 dep:7, cnt:33197, tl:5, pv:[<1,2>:-0.27]
650 dep:8, cnt:135376, tl:21, pv:[<1,2>:0.27]
m 1 2
board 0x203818080000 0x100406140400 col 0
¡¤¡¤¡¤¡¤¡¤¡¤¡¤¡¤
¡¤¡¤¡ð¡¤¡¤¡¤¡¤¡¤
¡¤¡¤¡ð¡ñ¡ð¡¤¡¤¡¤
¡¤¡ð¡ð¡ñ¡ñ¡¤¡¤¡¤
¡¤¡¤¡ð¡ñ¡ñ¡ñ¡¤¡¤
¡¤¡¤¡¤¡¤¡ð¡ñ¡¤¡¤
¡¤¡¤¡¤¡¤¡¤¡¤¡¤¡¤
¡¤¡¤¡¤¡¤¡¤¡¤¡¤¡¤
step: 10  col: 0  B: 7 W: 7
14 dep:4, cnt:1721, tl:0, pv:[<2,5>:1.41]
17 dep:5, cnt:3204, tl:1, pv:[<2,5>:3.00]
103 dep:6, cnt:10308, tl:1, pv:[<2,5>:0.27]
538 dep:7, cnt:70352, tl:13, pv:[<5,3>:-0.27]
572 dep:8, cnt:133313, tl:21, pv:[<2,5>:-1.58]
m 2 5
board 0x203818380000 0x100406040400 col 1
¡¤¡¤¡¤¡¤¡¤¡¤¡¤¡¤
¡¤¡¤¡ð¡¤¡¤¡¤¡¤¡¤
¡¤¡¤¡ð¡ñ¡ñ¡ñ¡¤¡¤
¡¤¡ð¡ð¡ñ¡ñ¡¤¡¤¡¤
¡¤¡¤¡ð¡ñ¡ñ¡ñ¡¤¡¤
¡¤¡¤¡¤¡¤¡ð¡ñ¡¤¡¤
¡¤¡¤¡¤¡¤¡¤¡¤¡¤¡¤
¡¤¡¤¡¤¡¤¡¤¡¤¡¤¡¤
step: 11  col: 1  B: 9 W: 6
15 dep:4, cnt:1883, tl:0, pv:[<3,5>:-3.00]
3 dep:5, cnt:1665, tl:0, pv:[<3,5>:-0.27]
146 dep:6, cnt:13096, tl:2, pv:[<3,5>:1.56]
59 dep:7, cnt:19916, tl:5, pv:[<3,5>:1.58]
533 dep:8, cnt:131259, tl:20, pv:[<3,5>:0.29]
m 3 5
board 0x203800380000 0x10043e040400 col 0
¡¤¡¤¡¤¡¤¡¤¡¤¡¤¡¤
¡¤¡¤¡ð¡¤¡¤¡¤¡¤¡¤
¡¤¡¤¡ð¡ñ¡ñ¡ñ¡¤¡¤
¡¤¡ð¡ð¡ð¡ð¡ð¡¤¡¤
¡¤¡¤¡ð¡ñ¡ñ¡ñ¡¤¡¤
¡¤¡¤¡¤¡¤¡ð¡ñ¡¤¡¤
¡¤¡¤¡¤¡¤¡¤¡¤¡¤¡¤
¡¤¡¤¡¤¡¤¡¤¡¤¡¤¡¤
step: 12  col: 0  B: 7 W: 9
16 dep:4, cnt:2866, tl:1, pv:[<5,3>:0.27]
94 dep:5, cnt:10155, tl:2, pv:[<6,4>:-1.56]
150 dep:6, cnt:18051, tl:4, pv:[<5,3>:-1.58]
359 dep:7, cnt:82299, tl:12, pv:[<6,4>:-0.29]
479 dep:8, cnt:121969, tl:19, pv:[<6,4>:-2.18]
m 6 4
board 0x10303800380000 0x43e040400 col 1
¡¤¡¤¡¤¡¤¡¤¡¤¡¤¡¤
¡¤¡¤¡ð¡¤¡¤¡¤¡¤¡¤
¡¤¡¤¡ð¡ñ¡ñ¡ñ¡¤¡¤
¡¤¡ð¡ð¡ð¡ð¡ð¡¤¡¤
¡¤¡¤¡ð¡ñ¡ñ¡ñ¡¤¡¤
¡¤¡¤¡¤¡¤¡ñ¡ñ¡¤¡¤
¡¤¡¤¡¤¡¤¡ñ¡¤¡¤¡¤
¡¤¡¤¡¤¡¤¡¤¡¤¡¤¡¤
step: 13  col: 1  B: 9 W: 8
20 dep:4, cnt:2503, tl:0, pv:[<5,3>:1.56]
32 dep:5, cnt:5229, tl:1, pv:[<1,4>:2.25]
123 dep:6, cnt:18528, tl:4, pv:[<5,3>:0.29]
103 dep:7, cnt:32553, tl:6, pv:[<5,3>:2.18]
456 dep:8, cnt:139303, tl:25, pv:[<5,3>:0.92,<1,3>:0.92]
m 1 3
board 0x10303800200000 0x43e1c0c00 col 0
¡¤¡¤¡¤¡¤¡¤¡¤¡¤¡¤
¡¤¡¤¡ð¡ð¡¤¡¤¡¤¡¤
¡¤¡¤¡ð¡ð¡ð¡ñ¡¤¡¤
¡¤¡ð¡ð¡ð¡ð¡ð¡¤¡¤
¡¤¡¤¡ð¡ñ¡ñ¡ñ¡¤¡¤
¡¤¡¤¡¤¡¤¡ñ¡ñ¡¤¡¤
¡¤¡¤¡¤¡¤¡ñ¡¤¡¤¡¤
¡¤¡¤¡¤¡¤¡¤¡¤¡¤¡¤
step: 14  col: 0  B: 7 W: 11
11 dep:4, cnt:865, tl:0, pv:[<1,4>:-1.15]
20 dep:5, cnt:1619, tl:0, pv:[<1,4>:-0.25]
64 dep:6, cnt:5127, tl:1, pv:[<1,4>:-1.01]
274 dep:7, cnt:21289, tl:3, pv:[<1,4>:-0.92]
636 dep:8, cnt:71723, tl:12, pv:[<1,4>:-2.02]
m 1 4
board 0x10303810301000 0x42e0c0c00 col 1
¡¤¡¤¡¤¡¤¡¤¡¤¡¤¡¤
¡¤¡¤¡ð¡ð¡ñ¡¤¡¤¡¤
¡¤¡¤¡ð¡ð¡ñ¡ñ¡¤¡¤
¡¤¡ð¡ð¡ð¡ñ¡ð¡¤¡¤
¡¤¡¤¡ð¡ñ¡ñ¡ñ¡¤¡¤
¡¤¡¤¡¤¡¤¡ñ¡ñ¡¤¡¤
¡¤¡¤¡¤¡¤¡ñ¡¤¡¤¡¤
¡¤¡¤¡¤¡¤¡¤¡¤¡¤¡¤
step: 15  col: 1  B: 10 W: 9
9 dep:4, cnt:987, tl:0, pv:[<0,5>:0.25]
20 dep:5, cnt:3033, tl:1, pv:[<0,5>:1.01]
94 dep:6, cnt:7536, tl:1, pv:[<0,5>:0.92]
390 dep:7, cnt:43709, tl:7, pv:[<2,6>:2.02]
968 dep:8, cnt:145358, tl:23, pv:[<2,6>:0.04]
m 2 6
board 0x10303810001000 0x42e7c0c00 col 0
¡¤¡¤¡¤¡¤¡¤¡¤¡¤¡¤
¡¤¡¤¡ð¡ð¡ñ¡¤¡¤¡¤
¡¤¡¤¡ð¡ð¡ð¡ð¡ð¡¤
¡¤¡ð¡ð¡ð¡ñ¡ð¡¤¡¤
¡¤¡¤¡ð¡ñ¡ñ¡ñ¡¤¡¤
¡¤¡¤¡¤¡¤¡ñ¡ñ¡¤¡¤
¡¤¡¤¡¤¡¤¡ñ¡¤¡¤¡¤
¡¤¡¤¡¤¡¤¡¤¡¤¡¤¡¤
step: 16  col: 0  B: 8 W: 12
4 dep:4, cnt:1720, tl:0, pv:[<3,6>:-0.97]
36 dep:5, cnt:4206, tl:1, pv:[<0,3>:-0.00]
213 dep:6, cnt:17333, tl:3, pv:[<3,6>:-2.02]
1061 dep:7, cnt:68951, tl:11, pv:[<4,1>:-0.04]
975 dep:8, cnt:153785, tl:24, pv:[<4,1>:-2.76]
m 4 1
board 0x10303e14081000 0x2a740c00 col 1
¡¤¡¤¡¤¡¤¡¤¡¤¡¤¡¤
¡¤¡¤¡ð¡ð¡ñ¡¤¡¤¡¤
¡¤¡¤¡ð¡ñ¡ð¡ð¡ð¡¤
¡¤¡ð¡ñ¡ð¡ñ¡ð¡¤¡¤
¡¤¡ñ¡ñ¡ñ¡ñ¡ñ¡¤¡¤
¡¤¡¤¡¤¡¤¡ñ¡ñ¡¤¡¤
¡¤¡¤¡¤¡¤¡ñ¡¤¡¤¡¤
¡¤¡¤¡¤¡¤¡¤¡¤¡¤¡¤
step: 17  col: 1  B: 12 W: 9
17 dep:4, cnt:2518, tl:1, pv:[<5,3>:0.04]
28 dep:5, cnt:4727, tl:1, pv:[<5,3>:2.15]
141 dep:6, cnt:13582, tl:2, pv:[<1,5>:0.04]
469 dep:7, cnt:91784, tl:15, pv:[<5,3>:2.76]
518 dep:8, cnt:160913, tl:29, pv:[<5,3>:-0.50]
m 5 3
board 0x10302214081000 0x81c2a740c00 col 0
¡¤¡¤¡¤¡¤¡¤¡¤¡¤¡¤
¡¤¡¤¡ð¡ð¡ñ¡¤¡¤¡¤
¡¤¡¤¡ð¡ñ¡ð¡ð¡ð¡¤
¡¤¡ð¡ñ¡ð¡ñ¡ð¡¤¡¤
¡¤¡ñ¡ð¡ð¡ð¡ñ¡¤¡¤
¡¤¡¤¡¤¡ð¡ñ¡ñ¡¤¡¤
¡¤¡¤¡¤¡¤¡ñ¡¤¡¤¡¤
¡¤¡¤¡¤¡¤¡¤¡¤¡¤¡¤
step: 18  col: 0  B: 9 W: 13
10 dep:4, cnt:2832, tl:0, pv:[<5,2>:-2.15]
56 dep:5, cnt:4597, tl:1, pv:[<5,2>:0.04]
134 dep:6, cnt:14720, tl:2, pv:[<5,2>:-2.76]
798 dep:7, cnt:66761, tl:13, pv:[<5,2>:0.50]
1348 dep:8, cnt:229859, tl:37, pv:[<5,2>:-2.60]
m 5 2
board 0x103c2e14081000 0x102a740c00 col 1
¡¤¡¤¡¤¡¤¡¤¡¤¡¤¡¤
¡¤¡¤¡ð¡ð¡ñ¡¤¡¤¡¤
¡¤¡¤¡ð¡ñ¡ð¡ð¡ð¡¤
¡¤¡ð¡ñ¡ð¡ñ¡ð¡¤¡¤
¡¤¡ñ¡ñ¡ñ¡ð¡ñ¡¤¡¤
¡¤¡¤¡ñ¡ñ¡ñ¡ñ¡¤¡¤
¡¤¡¤¡¤¡¤¡ñ¡¤¡¤¡¤
¡¤¡¤¡¤¡¤¡¤¡¤¡¤¡¤
step: 19  col: 1  B: 13 W: 10
21 dep:4, cnt:3451, tl:1, pv:[<4,6>:-0.04]
56 dep:5, cnt:10806, tl:3, pv:[<6,3>:2.76]
111 dep:6, cnt:28863, tl:9, pv:[<4,6>:-0.50]
625 dep:7, cnt:108109, tl:26, pv:[<1,5>:2.60]
2011 dep:8, cnt:449134, tl:69, pv:[<6,3>:-1.23]
m 6 3
board 0x10342614081000 0x808182a740c00 col 0
¡¤¡¤¡¤¡¤¡¤¡¤¡¤¡¤
¡¤¡¤¡ð¡ð¡ñ¡¤¡¤¡¤
¡¤¡¤¡ð¡ñ¡ð¡ð¡ð¡¤
¡¤¡ð¡ñ¡ð¡ñ¡ð¡¤¡¤
¡¤¡ñ¡ñ¡ð¡ð¡ñ¡¤¡¤
¡¤¡¤¡ñ¡ð¡ñ¡ñ¡¤¡¤
¡¤¡¤¡¤¡ð¡ñ¡¤¡¤¡¤
¡¤¡¤¡¤¡¤¡¤¡¤¡¤¡¤
step: 20  col: 0  B: 11 W: 13
9 dep:4, cnt:2070, tl:1, pv:[<0,2>:-2.76]
46 dep:5, cnt:6198, tl:1, pv:[<2,0>:0.65]
177 dep:6, cnt:22558, tl:4, pv:[<0,2>:-2.14]
913 dep:7, cnt:78262, tl:12, pv:[<2,0>:1.23]
880 dep:8, cnt:185046, tl:30, pv:[<2,0>:-2.49]
m 2 0
board 0x10342616091000 0x8081828740c00 col 1
¡¤¡¤¡¤¡¤¡¤¡¤¡¤¡¤
¡¤¡¤¡ð¡ð¡ñ¡¤¡¤¡¤
¡ñ¡¤¡ð¡ñ¡ð¡ð¡ð¡¤
¡¤¡ñ¡ñ¡ð¡ñ¡ð¡¤¡¤
¡¤¡ñ¡ñ¡ð¡ð¡ñ¡¤¡¤
¡¤¡¤¡ñ¡ð¡ñ¡ñ¡¤¡¤
¡¤¡¤¡¤¡ð¡ñ¡¤¡¤¡¤
¡¤¡¤¡¤¡¤¡¤¡¤¡¤¡¤
step: 21  col: 1  B: 13 W: 12
21 dep:4, cnt:2858, tl:0, pv:[<4,6>:-0.65]
83 dep:5, cnt:10493, tl:2, pv:[<2,1>:2.31]
162 dep:6, cnt:19241, tl:4, pv:[<2,1>:-1.23]
213 dep:7, cnt:60419, tl:11, pv:[<2,1>:2.49]
606 dep:8, cnt:179459, tl:33, pv:[<2,1>:2.72]
m 2 1
board 0x10342612091000 0x808182c760c00 col 0
¡¤¡¤¡¤¡¤¡¤¡¤¡¤¡¤
¡¤¡¤¡ð¡ð¡ñ¡¤¡¤¡¤
¡ñ¡ð¡ð¡ñ¡ð¡ð¡ð¡¤
¡¤¡ñ¡ð¡ð¡ñ¡ð¡¤¡¤
¡¤¡ñ¡ñ¡ð¡ð¡ñ¡¤¡¤
¡¤¡¤¡ñ¡ð¡ñ¡ñ¡¤¡¤
¡¤¡¤¡¤¡ð¡ñ¡¤¡¤¡¤
¡¤¡¤¡¤¡¤¡¤¡¤¡¤¡¤
step: 22  col: 0  B: 12 W: 14
7 dep:4, cnt:1107, tl:0, pv:[<0,2>:-2.31]
37 dep:5, cnt:4304, tl:1, pv:[<0,2>:1.23]
87 dep:6, cnt:10909, tl:2, pv:[<0,2>:-2.49]
414 dep:7, cnt:55705, tl:7, pv:[<0,2>:-2.72]
626 dep:8, cnt:171160, tl:30, pv:[<0,2>:-1.08]
m 0 2
board 0x103426160d1404 0x8081828720800 col 1
¡¤¡¤¡ñ¡¤¡¤¡¤¡¤¡¤
¡¤¡¤¡ñ¡ð¡ñ¡¤¡¤¡¤
¡ñ¡ð¡ñ¡ñ¡ð¡ð¡ð¡¤
¡¤¡ñ¡ñ¡ð¡ñ¡ð¡¤¡¤
¡¤¡ñ¡ñ¡ð¡ð¡ñ¡¤¡¤
¡¤¡¤¡ñ¡ð¡ñ¡ñ¡¤¡¤
¡¤¡¤¡¤¡ð¡ñ¡¤¡¤¡¤
¡¤¡¤¡¤¡¤¡¤¡¤¡¤¡¤
step: 23  col: 1  B: 16 W: 11
8 dep:4, cnt:1667, tl:1, pv:[<4,6>:-1.23]
35 dep:5, cnt:5373, tl:0, pv:[<0,4>:2.49]
301 dep:6, cnt:38247, tl:6, pv:[<4,6>:2.72]
284 dep:7, cnt:77081, tl:11, pv:[<0,3>:1.08]
1445 dep:8, cnt:406049, tl:65, pv:[<4,6>:1.62]
m 4 6
board 0x103406160d1404 0x8087828720800 col 0
¡¤¡¤¡ñ¡¤¡¤¡¤¡¤¡¤
¡¤¡¤¡ñ¡ð¡ñ¡¤¡¤¡¤
¡ñ¡ð¡ñ¡ñ¡ð¡ð¡ð¡¤
¡¤¡ñ¡ñ¡ð¡ñ¡ð¡¤¡¤
¡¤¡ñ¡ñ¡ð¡ð¡ð¡ð¡¤
¡¤¡¤¡ñ¡ð¡ñ¡ñ¡¤¡¤
¡¤¡¤¡¤¡ð¡ñ¡¤¡¤¡¤
¡¤¡¤¡¤¡¤¡¤¡¤¡¤¡¤
step: 24  col: 0  B: 15 W: 13
16 dep:4, cnt:1777, tl:0, pv:[<0,3>:-0.92]
76 dep:5, cnt:9373, tl:2, pv:[<5,6>:-2.72]
81 dep:6, cnt:17014, tl:3, pv:[<0,3>:-1.03]
350 dep:7, cnt:66318, tl:9, pv:[<0,3>:-1.62]
754 dep:8, cnt:232018, tl:39, pv:[<0,3>:-2.67]
m 0 3
board 0x103406160d1c0c 0x8087828720000 col 1
¡¤¡¤¡ñ¡ñ¡¤¡¤¡¤¡¤
¡¤¡¤¡ñ¡ñ¡ñ¡¤¡¤¡¤
¡ñ¡ð¡ñ¡ñ¡ð¡ð¡ð¡¤
¡¤¡ñ¡ñ¡ð¡ñ¡ð¡¤¡¤
¡¤¡ñ¡ñ¡ð¡ð¡ð¡ð¡¤
¡¤¡¤¡ñ¡ð¡ñ¡ñ¡¤¡¤
¡¤¡¤¡¤¡ð¡ñ¡¤¡¤¡¤
¡¤¡¤¡¤¡¤¡¤¡¤¡¤¡¤
step: 25  col: 1  B: 17 W: 12
23 dep:4, cnt:3612, tl:0, pv:[<5,6>:3.69]
13 dep:5, cnt:6008, tl:1, pv:[<7,5>:1.03]
92 dep:6, cnt:17866, tl:3, pv:[<7,5>:1.62]
90 dep:7, cnt:46428, tl:7, pv:[<7,5>:2.67]
610 dep:8, cnt:210013, tl:35, pv:[<7,5>:-0.82]
m 7 5
board 0x3406160d1c0c 0x2018087828720000 col 0
¡¤¡¤¡ñ¡ñ¡¤¡¤¡¤¡¤
¡¤¡¤¡ñ¡ñ¡ñ¡¤¡¤¡¤
¡ñ¡ð¡ñ¡ñ¡ð¡ð¡ð¡¤
¡¤¡ñ¡ñ¡ð¡ñ¡ð¡¤¡¤
¡¤¡ñ¡ñ¡ð¡ð¡ð¡ð¡¤
¡¤¡¤¡ñ¡ð¡ñ¡ñ¡¤¡¤
¡¤¡¤¡¤¡ð¡ð¡¤¡¤¡¤
¡¤¡¤¡¤¡¤¡¤¡ð¡¤¡¤
step: 26  col: 0  B: 16 W: 14
28 dep:4, cnt:3064, tl:1, pv:[<5,6>:-1.03]
27 dep:5, cnt:5504, tl:1, pv:[<5,6>:-1.62]
56 dep:6, cnt:12259, tl:2, pv:[<5,6>:-2.67]
131 dep:7, cnt:60133, tl:8, pv:[<5,6>:0.82]
853 dep:8, cnt:300567, tl:47, pv:[<5,6>:-0.68]
m 5 6
board 0x7426160d1c0c 0x2018085828720000 col 1
¡¤¡¤¡ñ¡ñ¡¤¡¤¡¤¡¤
¡¤¡¤¡ñ¡ñ¡ñ¡¤¡¤¡¤
¡ñ¡ð¡ñ¡ñ¡ð¡ð¡ð¡¤
¡¤¡ñ¡ñ¡ð¡ñ¡ð¡¤¡¤
¡¤¡ñ¡ñ¡ð¡ð¡ñ¡ð¡¤
¡¤¡¤¡ñ¡ð¡ñ¡ñ¡ñ¡¤
¡¤¡¤¡¤¡ð¡ð¡¤¡¤¡¤
¡¤¡¤¡¤¡¤¡¤¡ð¡¤¡¤
step: 27  col: 1  B: 18 W: 13
8 dep:4, cnt:2126, tl:1, pv:[<6,5>:1.62]
34 dep:5, cnt:5224, tl:1, pv:[<3,6>:2.67]
76 dep:6, cnt:11008, tl:1, pv:[<3,6>:-0.82]
103 dep:7, cnt:36565, tl:6, pv:[<3,6>:0.68]
537 dep:8, cnt:159620, tl:26, pv:[<6,5>:0.35]
m 6 5
board 0x4406160d1c0c 0x2038387828720000 col 0
¡¤¡¤¡ñ¡ñ¡¤¡¤¡¤¡¤
¡¤¡¤¡ñ¡ñ¡ñ¡¤¡¤¡¤
¡ñ¡ð¡ñ¡ñ¡ð¡ð¡ð¡¤
¡¤¡ñ¡ñ¡ð¡ñ¡ð¡¤¡¤
¡¤¡ñ¡ñ¡ð¡ð¡ð¡ð¡¤
¡¤¡¤¡ñ¡ð¡ð¡ð¡ñ¡¤
¡¤¡¤¡¤¡ð¡ð¡ð¡¤¡¤
¡¤¡¤¡¤¡¤¡¤¡ð¡¤¡¤
step: 28  col: 0  B: 15 W: 17
16 dep:4, cnt:1542, tl:0, pv:[<1,5>:1.70]
19 dep:5, cnt:3759, tl:1, pv:[<1,5>:1.68]
94 dep:6, cnt:12626, tl:2, pv:[<1,5>:2.92]
225 dep:7, cnt:51658, tl:9, pv:[<3,0>:-0.35]
501 dep:8, cnt:136143, tl:23, pv:[<3,0>:2.29]
m 3 0
board 0x4406170f1c0c 0x2038387828700000 col 1
¡¤¡¤¡ñ¡ñ¡¤¡¤¡¤¡¤
¡¤¡¤¡ñ¡ñ¡ñ¡¤¡¤¡¤
¡ñ¡ñ¡ñ¡ñ¡ð¡ð¡ð¡¤
¡ñ¡ñ¡ñ¡ð¡ñ¡ð¡¤¡¤
¡¤¡ñ¡ñ¡ð¡ð¡ð¡ð¡¤
¡¤¡¤¡ñ¡ð¡ð¡ð¡ñ¡¤
¡¤¡¤¡¤¡ð¡ð¡ð¡¤¡¤
¡¤¡¤¡¤¡¤¡¤¡ð¡¤¡¤
step: 29  col: 1  B: 17 W: 16
10 dep:4, cnt:1571, tl:1, pv:[<4,7>:2.98]
26 dep:5, cnt:4349, tl:1, pv:[<5,7>:-0.73]
39 dep:6, cnt:5104, tl:1, pv:[<5,7>:0.35]
229 dep:7, cnt:40878, tl:8, pv:[<4,0>:-2.29]
444 dep:8, cnt:134867, tl:22, pv:[<5,7>:-3.16]
m 5 7
board 0x406170f1c0c 0x2038f87828700000 col 0
¡¤¡¤¡ñ¡ñ¡¤¡¤¡¤¡¤
¡¤¡¤¡ñ¡ñ¡ñ¡¤¡¤¡¤
¡ñ¡ñ¡ñ¡ñ¡ð¡ð¡ð¡¤
¡ñ¡ñ¡ñ¡ð¡ñ¡ð¡¤¡¤
¡¤¡ñ¡ñ¡ð¡ð¡ð¡ð¡¤
¡¤¡¤¡ñ¡ð¡ð¡ð¡ð¡ð
¡¤¡¤¡¤¡ð¡ð¡ð¡¤¡¤
¡¤¡¤¡¤¡¤¡¤¡ð¡¤¡¤
step: 30  col: 0  B: 16 W: 18
13 dep:4, cnt:1142, tl:0, pv:[<1,5>:0.73]
15 dep:5, cnt:2673, tl:1, pv:[<1,5>:-0.35]
46 dep:6, cnt:7334, tl:1, pv:[<7,3>:3.51]
89 dep:7, cnt:23477, tl:4, pv:[<7,3>:3.16]
184 dep:8, cnt:56794, tl:9, pv:[<7,3>:4.71]
m 7 3
board 0x8080c0e1f0f1c0c 0x2030f07020700000 col 1
¡¤¡¤¡ñ¡ñ¡¤¡¤¡¤¡¤
¡¤¡¤¡ñ¡ñ¡ñ¡¤¡¤¡¤
¡ñ¡ñ¡ñ¡ñ¡ð¡ð¡ð¡¤
¡ñ¡ñ¡ñ¡ñ¡ñ¡ð¡¤¡¤
¡¤¡ñ¡ñ¡ñ¡ð¡ð¡ð¡¤
¡¤¡¤¡ñ¡ñ¡ð¡ð¡ð¡ð
¡¤¡¤¡¤¡ñ¡ð¡ð¡¤¡¤
¡¤¡¤¡¤¡ñ¡¤¡ð¡¤¡¤
step: 31  col: 1  B: 21 W: 14
9 dep:4, cnt:1638, tl:0, pv:[<7,2>:1.17]
27 dep:5, cnt:3685, tl:1, pv:[<7,2>:-3.51]
69 dep:6, cnt:8881, tl:3, pv:[<7,2>:-3.16]
133 dep:7, cnt:18270, tl:6, pv:[<7,2>:-4.71]
298 dep:8, cnt:55999, tl:17, pv:[<7,2>:-0.41]
m 7 2
board 0x8000c0e1f0f1c0c 0x2438f07020700000 col 0
¡¤¡¤¡ñ¡ñ¡¤¡¤¡¤¡¤
¡¤¡¤¡ñ¡ñ¡ñ¡¤¡¤¡¤
¡ñ¡ñ¡ñ¡ñ¡ð¡ð¡ð¡¤
¡ñ¡ñ¡ñ¡ñ¡ñ¡ð¡¤¡¤
¡¤¡ñ¡ñ¡ñ¡ð¡ð¡ð¡¤
¡¤¡¤¡ñ¡ñ¡ð¡ð¡ð¡ð
¡¤¡¤¡¤¡ð¡ð¡ð¡¤¡¤
¡¤¡¤¡ð¡ñ¡¤¡ð¡¤¡¤
step: 32  col: 0  B: 20 W: 16
27 dep:4, cnt:3733, tl:1, pv:[<7,4>:3.51]
19 dep:5, cnt:2780, tl:1, pv:[<7,1>:3.16]
41 dep:6, cnt:5573, tl:1, pv:[<7,4>:4.71]
59 dep:7, cnt:19011, tl:2, pv:[<7,1>:0.41]
572 dep:8, cnt:81203, tl:14, pv:[<7,4>:2.15]
m 7 4
board 0x18181c1e1f0f1c0c 0x2420e06020700000 col 1
¡¤¡¤¡ñ¡ñ¡¤¡¤¡¤¡¤
¡¤¡¤¡ñ¡ñ¡ñ¡¤¡¤¡¤
¡ñ¡ñ¡ñ¡ñ¡ð¡ð¡ð¡¤
¡ñ¡ñ¡ñ¡ñ¡ñ¡ð¡¤¡¤
¡¤¡ñ¡ñ¡ñ¡ñ¡ð¡ð¡¤
¡¤¡¤¡ñ¡ñ¡ñ¡ð¡ð¡ð
¡¤¡¤¡¤¡ñ¡ñ¡ð¡¤¡¤
¡¤¡¤¡ð¡ñ¡ñ¡ð¡¤¡¤
step: 33  col: 1  B: 25 W: 12
4 dep:4, cnt:1281, tl:0, pv:[<6,2>:-2.08]
28 dep:5, cnt:2463, tl:0, pv:[<1,1>:-4.71]
70 dep:6, cnt:7538, tl:2, pv:[<6,2>:1.17]
196 dep:7, cnt:20228, tl:3, pv:[<1,1>:-2.15]
402 dep:8, cnt:53771, tl:8, pv:[<1,1>:-2.58]
m 1 1
board 0x18181c0e170b1c0c 0x2420e07028740200 col 0
¡¤¡¤¡ñ¡ñ¡¤¡¤¡¤¡¤
¡¤¡ð¡ñ¡ñ¡ñ¡¤¡¤¡¤
¡ñ¡ñ¡ð¡ñ¡ð¡ð¡ð¡¤
¡ñ¡ñ¡ñ¡ð¡ñ¡ð¡¤¡¤
¡¤¡ñ¡ñ¡ñ¡ð¡ð¡ð¡¤
¡¤¡¤¡ñ¡ñ¡ñ¡ð¡ð¡ð
¡¤¡¤¡¤¡ñ¡ñ¡ð¡¤¡¤
¡¤¡¤¡ð¡ñ¡ñ¡ð¡¤¡¤
step: 34  col: 0  B: 22 W: 16
7 dep:4, cnt:1417, tl:1, pv:[<3,6>:4.71]
39 dep:5, cnt:4405, tl:1, pv:[<1,5>:2.51]
72 dep:6, cnt:5966, tl:1, pv:[<1,5>:2.15]
445 dep:7, cnt:36077, tl:8, pv:[<1,5>:2.58]
419 dep:8, cnt:71348, tl:14, pv:[<1,5>:2.46]
m 1 5
board 0x18181c0e1f1b3c0c 0x2420e07020640200 col 1
¡¤¡¤¡ñ¡ñ¡¤¡¤¡¤¡¤
¡¤¡ð¡ñ¡ñ¡ñ¡ñ¡¤¡¤
¡ñ¡ñ¡ð¡ñ¡ñ¡ð¡ð¡¤
¡ñ¡ñ¡ñ¡ñ¡ñ¡ð¡¤¡¤
¡¤¡ñ¡ñ¡ñ¡ð¡ð¡ð¡¤
¡¤¡¤¡ñ¡ñ¡ñ¡ð¡ð¡ð
¡¤¡¤¡¤¡ñ¡ñ¡ð¡¤¡¤
¡¤¡¤¡ð¡ñ¡ñ¡ð¡¤¡¤
step: 35  col: 1  B: 25 W: 14
5 dep:4, cnt:897, tl:0, pv:[<0,5>:-2.51]
14 dep:5, cnt:1579, tl:1, pv:[<0,5>:-2.15]
80 dep:6, cnt:4350, tl:0, pv:[<0,5>:-2.58]
182 dep:7, cnt:14358, tl:2, pv:[<0,5>:-2.46]
340 dep:8, cnt:52867, tl:11, pv:[<0,5>:2.64]
m 0 5
board 0x18181c0e1f1b1c0c 0x2420e07020642220 col 0
¡¤¡¤¡ñ¡ñ¡¤¡ð¡¤¡¤
¡¤¡ð¡ñ¡ñ¡ñ¡ð¡¤¡¤
¡ñ¡ñ¡ð¡ñ¡ñ¡ð¡ð¡¤
¡ñ¡ñ¡ñ¡ñ¡ñ¡ð¡¤¡¤
¡¤¡ñ¡ñ¡ñ¡ð¡ð¡ð¡¤
¡¤¡¤¡ñ¡ñ¡ñ¡ð¡ð¡ð
¡¤¡¤¡¤¡ñ¡ñ¡ð¡¤¡¤
¡¤¡¤¡ð¡ñ¡ñ¡ð¡¤¡¤
step: 36  col: 0  B: 24 W: 16
7 dep:4, cnt:1206, tl:0, pv:[<3,6>:2.15]
13 dep:5, cnt:3647, tl:2, pv:[<3,7>:2.58]
102 dep:6, cnt:11004, tl:6, pv:[<3,6>:2.46]
245 dep:7, cnt:27456, tl:13, pv:[<3,7>:-2.64]
722 dep:8, cnt:104299, tl:32, pv:[<0,0>:-2.49]
m 0 0
board 0x18181c0e1f1f1e0d 0x2420e07020602020 col 1
¡ñ¡¤¡ñ¡ñ¡¤¡ð¡¤¡¤
¡¤¡ñ¡ñ¡ñ¡ñ¡ð¡¤¡¤
¡ñ¡ñ¡ñ¡ñ¡ñ¡ð¡ð¡¤
¡ñ¡ñ¡ñ¡ñ¡ñ¡ð¡¤¡¤
¡¤¡ñ¡ñ¡ñ¡ð¡ð¡ð¡¤
¡¤¡¤¡ñ¡ñ¡ñ¡ð¡ð¡ð
¡¤¡¤¡¤¡ñ¡ñ¡ð¡¤¡¤
¡¤¡¤¡ð¡ñ¡ñ¡ð¡¤¡¤
step: 37  col: 1  B: 27 W: 14
20 dep:4, cnt:1419, tl:1, pv:[<6,2>:-0.09]
21 dep:5, cnt:2545, tl:1, pv:[<6,2>:2.40,<0,4>:2.40]
37 dep:6, cnt:3999, tl:0, pv:[<6,2>:5.67]
151 dep:7, cnt:15690, tl:3, pv:[<0,1>:2.49]
272 dep:8, cnt:44853, tl:8, pv:[<0,4>:2.82]
m 0 4
board 0x18181c0e0f0f0e0d 0x2420e07030703030 col 0
¡ñ¡¤¡ñ¡ñ¡ð¡ð¡¤¡¤
¡¤¡ñ¡ñ¡ñ¡ð¡ð¡¤¡¤
¡ñ¡ñ¡ñ¡ñ¡ð¡ð¡ð¡¤
¡ñ¡ñ¡ñ¡ñ¡ð¡ð¡¤¡¤
¡¤¡ñ¡ñ¡ñ¡ð¡ð¡ð¡¤
¡¤¡¤¡ñ¡ñ¡ñ¡ð¡ð¡ð
¡¤¡¤¡¤¡ñ¡ñ¡ð¡¤¡¤
¡¤¡¤¡ð¡ñ¡ñ¡ð¡¤¡¤
step: 38  col: 0  B: 24 W: 18
17 dep:4, cnt:1325, tl:0, pv:[<3,6>:-2.40]
6 dep:5, cnt:1465, tl:0, pv:[<3,6>:-3.57]
58 dep:6, cnt:3473, tl:1, pv:[<3,6>:-0.20]
57 dep:7, cnt:13423, tl:2, pv:[<3,6>:-2.82]
371 dep:8, cnt:61596, tl:11, pv:[<3,6>:-4.22]
m 3 6
board 0x18181c2e7f2f1e0d 0x2420e05000502030 col 1
¡ñ¡¤¡ñ¡ñ¡ð¡ð¡¤¡¤
¡¤¡ñ¡ñ¡ñ¡ñ¡ð¡¤¡¤
¡ñ¡ñ¡ñ¡ñ¡ð¡ñ¡ð¡¤
¡ñ¡ñ¡ñ¡ñ¡ñ¡ñ¡ñ¡¤
¡¤¡ñ¡ñ¡ñ¡ð¡ñ¡ð¡¤
¡¤¡¤¡ñ¡ñ¡ñ¡ð¡ð¡ð
¡¤¡¤¡¤¡ñ¡ñ¡ð¡¤¡¤
¡¤¡¤¡ð¡ñ¡ñ¡ð¡¤¡¤
step: 39  col: 1  B: 30 W: 13
13 dep:4, cnt:1028, tl:0, pv:[<0,1>:3.57]
47 dep:5, cnt:1956, tl:1, pv:[<0,1>:0.20]
51 dep:6, cnt:4206, tl:0, pv:[<6,2>:2.82]
76 dep:7, cnt:12104, tl:2, pv:[<6,2>:4.22]
254 dep:8, cnt:31003, tl:5, pv:[<6,2>:3.58]
m 6 2
board 0x1800142e7f2f1e0d 0x243ce85000502030 col 0
¡ñ¡¤¡ñ¡ñ¡ð¡ð¡¤¡¤
¡¤¡ñ¡ñ¡ñ¡ñ¡ð¡¤¡¤
¡ñ¡ñ¡ñ¡ñ¡ð¡ñ¡ð¡¤
¡ñ¡ñ¡ñ¡ñ¡ñ¡ñ¡ñ¡¤
¡¤¡ñ¡ñ¡ñ¡ð¡ñ¡ð¡¤
¡¤¡¤¡ñ¡ð¡ñ¡ð¡ð¡ð
¡¤¡¤¡ð¡ð¡ð¡ð¡¤¡¤
¡¤¡¤¡ð¡ñ¡ñ¡ð¡¤¡¤
step: 40  col: 0  B: 27 W: 17
7 dep:4, cnt:705, tl:0, pv:[<2,7>:1.10]
26 dep:5, cnt:2811, tl:1, pv:[<5,1>:-2.82]
18 dep:6, cnt:4418, tl:1, pv:[<5,1>:-4.22]
55 dep:7, cnt:12646, tl:2, pv:[<5,1>:-3.58]
275 dep:8, cnt:43192, tl:7, pv:[<2,7>:4.11]
m 2 7
board 0x1800142e7fef1e0d 0x243ce85000102030 col 1
¡ñ¡¤¡ñ¡ñ¡ð¡ð¡¤¡¤
¡¤¡ñ¡ñ¡ñ¡ñ¡ð¡¤¡¤
¡ñ¡ñ¡ñ¡ñ¡ð¡ñ¡ñ¡ñ
¡ñ¡ñ¡ñ¡ñ¡ñ¡ñ¡ñ¡¤
¡¤¡ñ¡ñ¡ñ¡ð¡ñ¡ð¡¤
¡¤¡¤¡ñ¡ð¡ñ¡ð¡ð¡ð
¡¤¡¤¡ð¡ð¡ð¡ð¡¤¡¤
¡¤¡¤¡ð¡ñ¡ñ¡ð¡¤¡¤
step: 41  col: 1  B: 29 W: 16
7 dep:4, cnt:770, tl:0, pv:[<5,1>:3.75]
15 dep:5, cnt:1747, tl:0, pv:[<5,1>:5.30]
22 dep:6, cnt:2290, tl:1, pv:[<5,1>:4.91]
104 dep:7, cnt:8649, tl:1, pv:[<5,1>:-4.11]
247 dep:8, cnt:25507, tl:4, pv:[<5,1>:6.20]
m 5 1
board 0x1800102a77ef1e0d 0x243cee5408102030 col 0
¡ñ¡¤¡ñ¡ñ¡ð¡ð¡¤¡¤
¡¤¡ñ¡ñ¡ñ¡ñ¡ð¡¤¡¤
¡ñ¡ñ¡ñ¡ñ¡ð¡ñ¡ñ¡ñ
¡ñ¡ñ¡ñ¡ð¡ñ¡ñ¡ñ¡¤
¡¤¡ñ¡ð¡ñ¡ð¡ñ¡ð¡¤
¡¤¡ð¡ð¡ð¡ñ¡ð¡ð¡ð
¡¤¡¤¡ð¡ð¡ð¡ð¡¤¡¤
¡¤¡¤¡ð¡ñ¡ñ¡ð¡¤¡¤
step: 42  col: 0  B: 26 W: 20
24 dep:4, cnt:2106, tl:0, pv:[<0,6>:-5.30]
10 dep:5, cnt:1503, tl:1, pv:[<0,6>:-4.91]
39 dep:6, cnt:3666, tl:0, pv:[<0,6>:4.11]
120 dep:7, cnt:14792, tl:3, pv:[<0,6>:-6.20]
282 dep:8, cnt:35922, tl:6, pv:[<3,7>:3.94]
m 3 7
board 0x1810306af7ef1e0d 0x242cce1408102030 col 1
¡ñ¡¤¡ñ¡ñ¡ð¡ð¡¤¡¤
¡¤¡ñ¡ñ¡ñ¡ñ¡ð¡¤¡¤
¡ñ¡ñ¡ñ¡ñ¡ð¡ñ¡ñ¡ñ
¡ñ¡ñ¡ñ¡ð¡ñ¡ñ¡ñ¡ñ
¡¤¡ñ¡ð¡ñ¡ð¡ñ¡ñ¡¤
¡¤¡ð¡ð¡ð¡ñ¡ñ¡ð¡ð
¡¤¡¤¡ð¡ð¡ñ¡ð¡¤¡¤
¡¤¡¤¡ð¡ñ¡ñ¡ð¡¤¡¤
step: 43  col: 1  B: 30 W: 17
3 dep:4, cnt:793, tl:0, pv:[<4,7>:8.45]
10 dep:5, cnt:1027, tl:0, pv:[<4,7>:-0.27]
40 dep:6, cnt:2144, tl:0, pv:[<4,7>:8.63]
154 dep:7, cnt:8736, tl:2, pv:[<4,7>:-3.94]
289 dep:8, cnt:17978, tl:3, pv:[<4,7>:5.64]
m 4 7
board 0x1810300af7ef1e0d 0x242ccef408102030 col 0
¡ñ¡¤¡ñ¡ñ¡ð¡ð¡¤¡¤
¡¤¡ñ¡ñ¡ñ¡ñ¡ð¡¤¡¤
¡ñ¡ñ¡ñ¡ñ¡ð¡ñ¡ñ¡ñ
¡ñ¡ñ¡ñ¡ð¡ñ¡ñ¡ñ¡ñ
¡¤¡ñ¡ð¡ñ¡ð¡ð¡ð¡ð
¡¤¡ð¡ð¡ð¡ñ¡ñ¡ð¡ð
¡¤¡¤¡ð¡ð¡ñ¡ð¡¤¡¤
¡¤¡¤¡ð¡ñ¡ñ¡ð¡¤¡¤
step: 44  col: 0  B: 28 W: 20
14 dep:4, cnt:1189, tl:0, pv:[<6,7>:0.27]
16 dep:5, cnt:1540, tl:0, pv:[<4,0>:-8.63]
39 dep:6, cnt:2810, tl:1, pv:[<4,0>:3.94]
49 dep:7, cnt:6075, tl:1, pv:[<4,0>:-5.64]
154 dep:8, cnt:17023, tl:4, pv:[<4,0>:-0.11]
m 4 0
board 0x1814320bf7ef1e0d 0x2428ccf408102030 col 1
¡ñ¡¤¡ñ¡ñ¡ð¡ð¡¤¡¤
¡¤¡ñ¡ñ¡ñ¡ñ¡ð¡¤¡¤
¡ñ¡ñ¡ñ¡ñ¡ð¡ñ¡ñ¡ñ
¡ñ¡ñ¡ñ¡ð¡ñ¡ñ¡ñ¡ñ
¡ñ¡ñ¡ð¡ñ¡ð¡ð¡ð¡ð
¡¤¡ñ¡ð¡ð¡ñ¡ñ¡ð¡ð
¡¤¡¤¡ñ¡ð¡ñ¡ð¡¤¡¤
¡¤¡¤¡ð¡ñ¡ñ¡ð¡¤¡¤
step: 45  col: 1  B: 31 W: 18
8 dep:4, cnt:559, tl:0, pv:[<1,7>:8.63]
25 dep:5, cnt:1308, tl:0, pv:[<1,6>:-3.94]
59 dep:6, cnt:2684, tl:1, pv:[<1,7>:5.64]
76 dep:7, cnt:4351, tl:1, pv:[<1,7>:0.11]
212 dep:8, cnt:11484, tl:4, pv:[<1,7>:4.48]
m 1 7
board 0x1814320b572f1e0d 0x2428ccf4a8d0a030 col 0
¡ñ¡¤¡ñ¡ñ¡ð¡ð¡¤¡¤
¡¤¡ñ¡ñ¡ñ¡ñ¡ð¡¤¡ð
¡ñ¡ñ¡ñ¡ñ¡ð¡ñ¡ð¡ð
¡ñ¡ñ¡ñ¡ð¡ñ¡ð¡ñ¡ð
¡ñ¡ñ¡ð¡ñ¡ð¡ð¡ð¡ð
¡¤¡ñ¡ð¡ð¡ñ¡ñ¡ð¡ð
¡¤¡¤¡ñ¡ð¡ñ¡ð¡¤¡¤
¡¤¡¤¡ð¡ñ¡ñ¡ð¡¤¡¤
step: 46  col: 0  B: 27 W: 23
5 dep:4, cnt:289, tl:0, pv:[<6,1>:5.28]
2 dep:5, cnt:320, tl:0, pv:[<6,1>:-5.64]
17 dep:6, cnt:673, tl:0, pv:[<6,1>:-0.11]
44 dep:7, cnt:2387, tl:1, pv:[<6,1>:-4.48]
102 dep:8, cnt:5912, tl:2, pv:[<6,1>:3.68]
m 6 1
board 0x1816360b572f1e0d 0x2428c8f4a8d0a030 col 1
¡ñ¡¤¡ñ¡ñ¡ð¡ð¡¤¡¤
¡¤¡ñ¡ñ¡ñ¡ñ¡ð¡¤¡ð
¡ñ¡ñ¡ñ¡ñ¡ð¡ñ¡ð¡ð
¡ñ¡ñ¡ñ¡ð¡ñ¡ð¡ñ¡ð
¡ñ¡ñ¡ð¡ñ¡ð¡ð¡ð¡ð
¡¤¡ñ¡ñ¡ð¡ñ¡ñ¡ð¡ð
¡¤¡ñ¡ñ¡ð¡ñ¡ð¡¤¡¤
¡¤¡¤¡ð¡ñ¡ñ¡ð¡¤¡¤
step: 47  col: 1  B: 29 W: 22
1 dep:4, cnt:152, tl:0, pv:[<0,1>:5.64]
6 dep:5, cnt:302, tl:0, pv:[<0,1>:0.11]
20 dep:6, cnt:778, tl:0, pv:[<0,1>:4.48]
40 dep:7, cnt:2326, tl:0, pv:[<0,1>:-3.68]
102 dep:8, cnt:14125, tl:3, pv:[<0,1>:10.00]
m 0 1
board 0x1816360b47271a01 0x2428c8f4b8d8a43e col 0
¡ñ¡ð¡ð¡ð¡ð¡ð¡¤¡¤
¡¤¡ñ¡ð¡ñ¡ñ¡ð¡¤¡ð
¡ñ¡ñ¡ñ¡ð¡ð¡ñ¡ð¡ð
¡ñ¡ñ¡ñ¡ð¡ð¡ð¡ñ¡ð
¡ñ¡ñ¡ð¡ñ¡ð¡ð¡ð¡ð
¡¤¡ñ¡ñ¡ð¡ñ¡ñ¡ð¡ð
¡¤¡ñ¡ñ¡ð¡ñ¡ð¡¤¡¤
¡¤¡¤¡ð¡ñ¡ñ¡ð¡¤¡¤
step: 48  col: 0  B: 24 W: 28
5 dep:4, cnt:213, tl:0, pv:[<0,6>:-0.11]
11 dep:5, cnt:451, tl:0, pv:[<0,6>:-4.48]
14 dep:6, cnt:805, tl:0, pv:[<0,6>:3.68]
46 dep:7, cnt:9567, tl:2, pv:[<0,6>:-10.00]
68 dep:8, cnt:7394, tl:1, pv:[<0,6>:-10.00]
m 0 6
board 0x1816360f4f373a7f 0x2428c8f0b0c88400 col 1
¡ñ¡ñ¡ñ¡ñ¡ñ¡ñ¡ñ¡¤
¡¤¡ñ¡ð¡ñ¡ñ¡ñ¡¤¡ð
¡ñ¡ñ¡ñ¡ð¡ñ¡ñ¡ð¡ð
¡ñ¡ñ¡ñ¡ñ¡ð¡ð¡ñ¡ð
¡ñ¡ñ¡ñ¡ñ¡ð¡ð¡ð¡ð
¡¤¡ñ¡ñ¡ð¡ñ¡ñ¡ð¡ð
¡¤¡ñ¡ñ¡ð¡ñ¡ð¡¤¡¤
¡¤¡¤¡ð¡ñ¡ñ¡ð¡¤¡¤
step: 49  col: 1  B: 34 W: 19
7 dep:4, cnt:322, tl:0, pv:[<1,0>:4.48]
6 dep:5, cnt:400, tl:0, pv:[<1,0>:-3.68]
11 dep:6, cnt:4664, tl:3, pv:[<1,0>:10.00]
21 dep:7, cnt:4505, tl:2, pv:[<1,0>:10.00]
84 dep:8, cnt:6453, tl:3, pv:[<1,0>:10.00]
m 1 0
board 0x181626074b35387f 0x2428d8f8b4ca8700 col 0
¡ñ¡ñ¡ñ¡ñ¡ñ¡ñ¡ñ¡¤
¡ð¡ð¡ð¡ñ¡ñ¡ñ¡¤¡ð
¡ñ¡ð¡ñ¡ð¡ñ¡ñ¡ð¡ð
¡ñ¡ñ¡ð¡ñ¡ð¡ð¡ñ¡ð
¡ñ¡ñ¡ñ¡ð¡ð¡ð¡ð¡ð
¡¤¡ñ¡ñ¡ð¡ð¡ñ¡ð¡ð
¡¤¡ñ¡ñ¡ð¡ñ¡ð¡¤¡¤
¡¤¡¤¡ð¡ñ¡ñ¡ð¡¤¡¤
step: 50  col: 0  B: 29 W: 25
dep:10, cnt:7530, tl:4, pv:[<1,6>:-10.00,<7,6>:-10.00]
dep:10, cnt:7530, tl:4, pv:[<1,6>:-10.00,<7,6>:-10.00]
m 7 6
board 0x781626074b35387f 0x428d8f8b4ca8700 col 1
¡ñ¡ñ¡ñ¡ñ¡ñ¡ñ¡ñ¡¤
¡ð¡ð¡ð¡ñ¡ñ¡ñ¡¤¡ð
¡ñ¡ð¡ñ¡ð¡ñ¡ñ¡ð¡ð
¡ñ¡ñ¡ð¡ñ¡ð¡ð¡ñ¡ð
¡ñ¡ñ¡ñ¡ð¡ð¡ð¡ð¡ð
¡¤¡ñ¡ñ¡ð¡ð¡ñ¡ð¡ð
¡¤¡ñ¡ñ¡ð¡ñ¡ð¡¤¡¤
¡¤¡¤¡ð¡ñ¡ñ¡ñ¡ñ¡¤
step: 51  col: 1  B: 31 W: 24
dep:9, cnt:2257, tl:1, pv:[<7,0>:10.00]
dep:9, cnt:2257, tl:1, pv:[<7,0>:10.00]
m 7 0
board 0x781422074b35387f 0x52adcf8b4ca8700 col 0
¡ñ¡ñ¡ñ¡ñ¡ñ¡ñ¡ñ¡¤
¡ð¡ð¡ð¡ñ¡ñ¡ñ¡¤¡ð
¡ñ¡ð¡ñ¡ð¡ñ¡ñ¡ð¡ð
¡ñ¡ñ¡ð¡ñ¡ð¡ð¡ñ¡ð
¡ñ¡ñ¡ñ¡ð¡ð¡ð¡ð¡ð
¡¤¡ñ¡ð¡ð¡ð¡ñ¡ð¡ð
¡¤¡ð¡ñ¡ð¡ñ¡ð¡¤¡¤
¡ð¡¤¡ð¡ñ¡ñ¡ñ¡ñ¡¤
step: 52  col: 0  B: 29 W: 27
dep:8, cnt:664, tl:0, pv:[<6,0>:-10.00,<6,7>:-10.00,<7,1>:-10.00]
dep:8, cnt:664, tl:0, pv:[<6,0>:-10.00,<6,7>:-10.00,<7,1>:-10.00]
m 6 7
board 0x789462275b3d3c7f 0x52a9cd8a4c28300 col 1
¡ñ¡ñ¡ñ¡ñ¡ñ¡ñ¡ñ¡¤
¡ð¡ð¡ñ¡ñ¡ñ¡ñ¡¤¡ð
¡ñ¡ð¡ñ¡ñ¡ñ¡ñ¡ð¡ð
¡ñ¡ñ¡ð¡ñ¡ñ¡ð¡ñ¡ð
¡ñ¡ñ¡ñ¡ð¡ð¡ñ¡ð¡ð
¡¤¡ñ¡ð¡ð¡ð¡ñ¡ñ¡ð
¡¤¡ð¡ñ¡ð¡ñ¡ð¡¤¡ñ
¡ð¡¤¡ð¡ñ¡ñ¡ñ¡ñ¡¤
step: 53  col: 1  B: 35 W: 22
dep:7, cnt:187, tl:0, pv:[<7,1>:10.00,<7,7>:10.00]
dep:7, cnt:187, tl:0, pv:[<7,1>:10.00,<7,7>:10.00]
m 7 7
board 0x1462275b3d3c7f 0xfdaa9cd8a4c28300 col 0
¡ñ¡ñ¡ñ¡ñ¡ñ¡ñ¡ñ¡¤
¡ð¡ð¡ñ¡ñ¡ñ¡ñ¡¤¡ð
¡ñ¡ð¡ñ¡ñ¡ñ¡ñ¡ð¡ð
¡ñ¡ñ¡ð¡ñ¡ñ¡ð¡ñ¡ð
¡ñ¡ñ¡ñ¡ð¡ð¡ñ¡ð¡ð
¡¤¡ñ¡ð¡ð¡ð¡ñ¡ñ¡ð
¡¤¡ð¡ñ¡ð¡ñ¡ð¡¤¡ð
¡ð¡¤¡ð¡ð¡ð¡ð¡ð¡ð
step: 54  col: 0  B: 30 W: 28
dep:6, cnt:62, tl:0, pv:[<6,6>:-10.00]
dep:6, cnt:62, tl:0, pv:[<6,6>:-10.00]
m 6 6
board 0x7462275b3d3c7f 0xfd8a9cd8a4c28300 col 1
¡ñ¡ñ¡ñ¡ñ¡ñ¡ñ¡ñ¡¤
¡ð¡ð¡ñ¡ñ¡ñ¡ñ¡¤¡ð
¡ñ¡ð¡ñ¡ñ¡ñ¡ñ¡ð¡ð
¡ñ¡ñ¡ð¡ñ¡ñ¡ð¡ñ¡ð
¡ñ¡ñ¡ñ¡ð¡ð¡ñ¡ð¡ð
¡¤¡ñ¡ð¡ð¡ð¡ñ¡ñ¡ð
¡¤¡ð¡ñ¡ð¡ñ¡ñ¡ñ¡ð
¡ð¡¤¡ð¡ð¡ð¡ð¡ð¡ð
step: 55  col: 1  B: 32 W: 27
dep:5, cnt:15, tl:0, pv:[<7,1>:10.00]
dep:5, cnt:15, tl:0, pv:[<7,1>:10.00]
m 7 1
board 0x7062275b3d3c7f 0xff8e9cd8a4c28300 col 0
¡ñ¡ñ¡ñ¡ñ¡ñ¡ñ¡ñ¡¤
¡ð¡ð¡ñ¡ñ¡ñ¡ñ¡¤¡ð
¡ñ¡ð¡ñ¡ñ¡ñ¡ñ¡ð¡ð
¡ñ¡ñ¡ð¡ñ¡ñ¡ð¡ñ¡ð
¡ñ¡ñ¡ñ¡ð¡ð¡ñ¡ð¡ð
¡¤¡ñ¡ð¡ð¡ð¡ñ¡ñ¡ð
¡¤¡ð¡ð¡ð¡ñ¡ñ¡ñ¡ð
¡ð¡ð¡ð¡ð¡ð¡ð¡ð¡ð
step: 56  col: 0  B: 31 W: 29
dep:4, cnt:4, tl:0, pv:[<1,6>:-10.00,<6,0>:-10.00]
dep:4, cnt:4, tl:0, pv:[<1,6>:-10.00,<6,0>:-10.00]
m 6 0
board 0x7f62275b3d3c7f 0xff809cd8a4c28300 col 1
¡ñ¡ñ¡ñ¡ñ¡ñ¡ñ¡ñ¡¤
¡ð¡ð¡ñ¡ñ¡ñ¡ñ¡¤¡ð
¡ñ¡ð¡ñ¡ñ¡ñ¡ñ¡ð¡ð
¡ñ¡ñ¡ð¡ñ¡ñ¡ð¡ñ¡ð
¡ñ¡ñ¡ñ¡ð¡ð¡ñ¡ð¡ð
¡¤¡ñ¡ð¡ð¡ð¡ñ¡ñ¡ð
¡ñ¡ñ¡ñ¡ñ¡ñ¡ñ¡ñ¡ð
¡ð¡ð¡ð¡ð¡ð¡ð¡ð¡ð
step: 57  col: 1  B: 35 W: 26
dep:3, cnt:2, tl:0, pv:[<1,6>:10.00,<5,0>:10.00]
dep:3, cnt:2, tl:0, pv:[<1,6>:10.00,<5,0>:10.00]
m 5 0
board 0x7c60245a3c3c7f 0xff839fdba5c38300 col 0
¡ñ¡ñ¡ñ¡ñ¡ñ¡ñ¡ñ¡¤
¡ð¡ð¡ñ¡ñ¡ñ¡ñ¡¤¡ð
¡ð¡ð¡ñ¡ñ¡ñ¡ñ¡ð¡ð
¡ð¡ñ¡ð¡ñ¡ñ¡ð¡ñ¡ð
¡ð¡ð¡ñ¡ð¡ð¡ñ¡ð¡ð
¡ð¡ð¡ð¡ð¡ð¡ñ¡ñ¡ð
¡ð¡ð¡ñ¡ñ¡ñ¡ñ¡ñ¡ð
¡ð¡ð¡ð¡ð¡ð¡ð¡ð¡ð
step: 58  col: 0  B: 28 W: 34
dep:2, cnt:1, tl:0, pv:[<1,6>:-10.00]
dep:2, cnt:1, tl:0, pv:[<1,6>:-10.00]
m 1 6
board 0x7c60245a7c7c7f 0xff839fdba5838300 col 1
¡ñ¡ñ¡ñ¡ñ¡ñ¡ñ¡ñ¡¤
¡ð¡ð¡ñ¡ñ¡ñ¡ñ¡ñ¡ð
¡ð¡ð¡ñ¡ñ¡ñ¡ñ¡ñ¡ð
¡ð¡ñ¡ð¡ñ¡ñ¡ð¡ñ¡ð
¡ð¡ð¡ñ¡ð¡ð¡ñ¡ð¡ð
¡ð¡ð¡ð¡ð¡ð¡ñ¡ñ¡ð
¡ð¡ð¡ñ¡ñ¡ñ¡ñ¡ñ¡ð
¡ð¡ð¡ð¡ð¡ð¡ð¡ð¡ð
step: 59  col: 1  B: 30 W: 33
dep:1, cnt:1, tl:0, pv:[<0,7>:10.00]
dep:1, cnt:1, tl:0, pv:[<0,7>:10.00]
m 0 7
board 0x7c60244a5c3c7f 0xff839fdbb5a3c380 col 1
¡ñ¡ñ¡ñ¡ñ¡ñ¡ñ¡ñ¡ð
¡ð¡ð¡ñ¡ñ¡ñ¡ñ¡ð¡ð
¡ð¡ð¡ñ¡ñ¡ñ¡ð¡ñ¡ð
¡ð¡ñ¡ð¡ñ¡ð¡ð¡ñ¡ð
¡ð¡ð¡ñ¡ð¡ð¡ñ¡ð¡ð
¡ð¡ð¡ð¡ð¡ð¡ñ¡ñ¡ð
¡ð¡ð¡ñ¡ñ¡ñ¡ñ¡ñ¡ð
¡ð¡ð¡ð¡ð¡ð¡ð¡ð¡ð
step: 60  col: 1  B: 27 W: 37
white win
