Program start at  Sat Feb 20 22:54:25 2021
Game start at Sat Feb 20 22:54:27 2021
black mode: 1 , white mode: 1
4 dep:4, cnt:160, tl:0, pv:[<2,3>:-0.28,<3,2>:-0.28,<4,5>:-0.28,<5,4>:-0.28]
19 dep:5, cnt:609, tl:0, pv:[<2,3>:-2.03,<4,5>:-2.03,<5,4>:-2.03]
21 dep:6, cnt:1394, tl:0, pv:[<2,3>:0.81,<3,2>:0.81,<4,5>:0.81,<5,4>:0.81]
41 dep:7, cnt:4222, tl:0, pv:[<2,3>:-0.83,<3,2>:-0.83,<4,5>:-0.83,<5,4>:-0.83]
155 dep:8, cnt:16039, tl:3, pv:[<2,3>:1.74,<3,2>:1.74,<4,5>:1.74,<5,4>:1.74]
258 dep:9, cnt:34535, tl:5, pv:[<2,3>:0.32,<3,2>:0.32,<4,5>:0.32,<5,4>:0.32]
926 dep:10, cnt:129474, tl:19, pv:[<2,3>:1.49,<3,2>:1.49,<4,5>:1.49,<5,4>:1.49]
3218 dep:11, cnt:405408, tl:59, pv:[<2,3>:-0.44,<3,2>:-0.44,<4,5>:-0.44,<5,4>:-0.44]
7272 dep:12, cnt:988104, tl:142, pv:[<2,3>:-0.41,<3,2>:-0.41,<4,5>:-0.41,<5,4>:-0.41]
22230 dep:13, cnt:3082167, tl:435, pv:[<2,3>:1.45,<3,2>:1.45,<4,5>:1.45,<5,4>:1.45]
final tl:664
m 3 2
board 0x1000000000 0x81c000000 col 1
¡¤¡¤¡¤¡¤¡¤¡¤¡¤¡¤
¡¤¡¤¡¤¡¤¡¤¡¤¡¤¡¤
¡¤¡¤¡¤¡¤¡¤¡¤¡¤¡¤
¡¤¡¤¡ñ¡ñ¡ñ¡¤¡¤¡¤
¡¤¡¤¡¤¡ñ¡ð¡¤¡¤¡¤
¡¤¡¤¡¤¡¤¡¤¡¤¡¤¡¤
¡¤¡¤¡¤¡¤¡¤¡¤¡¤¡¤
¡¤¡¤¡¤¡¤¡¤¡¤¡¤¡¤
step: 1  col: 1  B: 1 W: 4
5 dep:4, cnt:250, tl:0, pv:[<2,4>:2.03]
10 dep:5, cnt:519, tl:0, pv:[<2,4>:-0.81]
13 dep:6, cnt:1554, tl:0, pv:[<2,4>:0.83]
56 dep:7, cnt:5460, tl:1, pv:[<2,4>:-1.74,<2,2>:-2.43]
73 dep:8, cnt:9105, tl:1, pv:[<2,4>:-0.32]
273 dep:9, cnt:33239, tl:4, pv:[<2,4>:-1.49]
870 dep:10, cnt:103618, tl:14, pv:[<2,4>:0.44]
2229 dep:11, cnt:270251, tl:40, pv:[<2,4>:0.41]
6873 dep:12, cnt:782074, tl:112, pv:[<2,4>:-1.45]
29704 dep:13, cnt:3742223, tl:543, pv:[<2,4>:0.02,<2,2>:0.12]
final tl:716
m 2 2
board 0x814000000 0x1008040000 col 0
¡¤¡¤¡¤¡¤¡¤¡¤¡¤¡¤
¡¤¡¤¡¤¡¤¡¤¡¤¡¤¡¤
¡¤¡¤¡ð¡¤¡¤¡¤¡¤¡¤
¡¤¡¤¡ñ¡ð¡ñ¡¤¡¤¡¤
¡¤¡¤¡¤¡ñ¡ð¡¤¡¤¡¤
¡¤¡¤¡¤¡¤¡¤¡¤¡¤¡¤
¡¤¡¤¡¤¡¤¡¤¡¤¡¤¡¤
¡¤¡¤¡¤¡¤¡¤¡¤¡¤¡¤
step: 2  col: 0  B: 3 W: 3
4 dep:4, cnt:250, tl:0, pv:[<2,3>:2.73]
6 dep:5, cnt:578, tl:0, pv:[<2,3>:0.04]
11 dep:6, cnt:1063, tl:1, pv:[<2,3>:2.43]
17 dep:7, cnt:3186, tl:0, pv:[<2,3>:1.17]
83 dep:8, cnt:9060, tl:1, pv:[<2,3>:2.34]
196 dep:9, cnt:24953, tl:4, pv:[<2,3>:1.21]
1035 dep:10, cnt:100248, tl:14, pv:[<2,3>:0.98]
3666 dep:11, cnt:420840, tl:59, pv:[<2,3>:2.05]
9038 dep:12, cnt:893089, tl:127, pv:[<2,3>:-0.12]
25358 dep:13, cnt:2952729, tl:405, pv:[<2,3>:2.87]
final tl:612
m 2 3
board 0x1000040000 0x81c080000 col 1
¡¤¡¤¡¤¡¤¡¤¡¤¡¤¡¤
¡¤¡¤¡¤¡¤¡¤¡¤¡¤¡¤
¡¤¡¤¡ð¡ñ¡¤¡¤¡¤¡¤
¡¤¡¤¡ñ¡ñ¡ñ¡¤¡¤¡¤
¡¤¡¤¡¤¡ñ¡ð¡¤¡¤¡¤
¡¤¡¤¡¤¡¤¡¤¡¤¡¤¡¤
¡¤¡¤¡¤¡¤¡¤¡¤¡¤¡¤
¡¤¡¤¡¤¡¤¡¤¡¤¡¤¡¤
step: 3  col: 1  B: 2 W: 5
6 dep:4, cnt:560, tl:0, pv:[<2,4>:-0.04,<4,2>:-0.04]
14 dep:5, cnt:998, tl:0, pv:[<2,4>:-2.43,<4,2>:-2.43]
9 dep:6, cnt:2806, tl:1, pv:[<2,4>:-1.17,<4,2>:-1.17]
51 dep:7, cnt:7543, tl:1, pv:[<2,4>:-2.34,<4,2>:-2.34]
86 dep:8, cnt:25360, tl:6, pv:[<2,4>:-1.21,<4,2>:-1.21]
760 dep:9, cnt:97592, tl:20, pv:[<2,4>:-0.98,<4,2>:-0.98]
3346 dep:10, cnt:453422, tl:62, pv:[<2,4>:-2.32,<4,2>:-2.32]
7238 dep:11, cnt:834275, tl:121, pv:[<2,4>:-0.20,<4,2>:0.12]
24471 dep:12, cnt:3057185, tl:427, pv:[<4,2>:-2.87,<2,4>:-2.87]
final tl:639
m 4 2
board 0x18080000 0x1c04040000 col 0
¡¤¡¤¡¤¡¤¡¤¡¤¡¤¡¤
¡¤¡¤¡¤¡¤¡¤¡¤¡¤¡¤
¡¤¡¤¡ð¡ñ¡¤¡¤¡¤¡¤
¡¤¡¤¡ð¡ñ¡ñ¡¤¡¤¡¤
¡¤¡¤¡ð¡ð¡ð¡¤¡¤¡¤
¡¤¡¤¡¤¡¤¡¤¡¤¡¤¡¤
¡¤¡¤¡¤¡¤¡¤¡¤¡¤¡¤
¡¤¡¤¡¤¡¤¡¤¡¤¡¤¡¤
step: 4  col: 0  B: 3 W: 5
10 dep:4, cnt:1119, tl:0, pv:[<5,3>:2.43]
27 dep:5, cnt:2567, tl:1, pv:[<5,3>:0.76,<3,1>:1.17]
45 dep:6, cnt:5484, tl:2, pv:[<5,3>:2.34]
46 dep:7, cnt:13212, tl:5, pv:[<5,3>:1.21]
218 dep:8, cnt:31207, tl:11, pv:[<5,3>:0.98]
1100 dep:9, cnt:209402, tl:43, pv:[<3,1>:2.32]
4848 dep:10, cnt:642970, tl:91, pv:[<3,1>:-0.39,<5,3>:-0.12]
14679 dep:11, cnt:1985261, tl:307, pv:[<5,3>:2.87,<3,1>:2.63]
final tl:461
m 3 1
board 0x1c00040000 0x1e080000 col 1
¡¤¡¤¡¤¡¤¡¤¡¤¡¤¡¤
¡¤¡¤¡¤¡¤¡¤¡¤¡¤¡¤
¡¤¡¤¡ð¡ñ¡¤¡¤¡¤¡¤
¡¤¡ñ¡ñ¡ñ¡ñ¡¤¡¤¡¤
¡¤¡¤¡ð¡ð¡ð¡¤¡¤¡¤
¡¤¡¤¡¤¡¤¡¤¡¤¡¤¡¤
¡¤¡¤¡¤¡¤¡¤¡¤¡¤¡¤
¡¤¡¤¡¤¡¤¡¤¡¤¡¤¡¤
step: 5  col: 1  B: 4 W: 5
16 dep:4, cnt:1084, tl:0, pv:[<1,3>:-1.17,<2,1>:-1.32]
30 dep:5, cnt:2014, tl:0, pv:[<1,3>:0.23]
82 dep:6, cnt:5491, tl:1, pv:[<1,3>:-0.39]
74 dep:7, cnt:10958, tl:1, pv:[<1,3>:0.61]
344 dep:8, cnt:44235, tl:6, pv:[<1,3>:-2.32,<2,1>:-2.80]
1904 dep:9, cnt:179139, tl:25, pv:[<1,3>:0.39]
7070 dep:10, cnt:726321, tl:109, pv:[<1,3>:-3.05,<2,1>:-2.63,<2,4>:-2.84]
18007 dep:11, cnt:2088731, tl:312, pv:[<1,3>:-0.29,<2,4>:0.12]
final tl:455
m 1 3
board 0x16000000 0x1c080c0800 col 0
¡¤¡¤¡¤¡¤¡¤¡¤¡¤¡¤
¡¤¡¤¡¤¡ð¡¤¡¤¡¤¡¤
¡¤¡¤¡ð¡ð¡¤¡¤¡¤¡¤
¡¤¡ñ¡ñ¡ð¡ñ¡¤¡¤¡¤
¡¤¡¤¡ð¡ð¡ð¡¤¡¤¡¤
¡¤¡¤¡¤¡¤¡¤¡¤¡¤¡¤
¡¤¡¤¡¤¡¤¡¤¡¤¡¤¡¤
¡¤¡¤¡¤¡¤¡¤¡¤¡¤¡¤
step: 6  col: 0  B: 3 W: 7
9 dep:4, cnt:1112, tl:0, pv:[<1,2>:-0.23]
57 dep:5, cnt:3422, tl:0, pv:[<1,4>:0.39]
72 dep:6, cnt:6593, tl:1, pv:[<1,4>:-0.61,<5,2>:-1.16]
169 dep:7, cnt:19964, tl:4, pv:[<1,4>:2.05,<1,2>:2.32]
529 dep:8, cnt:56810, tl:8, pv:[<1,2>:-0.39,<1,4>:-0.43]
2665 dep:9, cnt:264442, tl:37, pv:[<1,2>:3.05,<1,4>:2.71]
3998 dep:10, cnt:374040, tl:55, pv:[<1,2>:0.29]
23893 dep:11, cnt:2880405, tl:413, pv:[<1,2>:0.23,<1,4>:0.87]
final tl:518
m 1 2
board 0x1c08000800 0x160c0400 col 1
¡¤¡¤¡¤¡¤¡¤¡¤¡¤¡¤
¡¤¡¤¡ñ¡ð¡¤¡¤¡¤¡¤
¡¤¡¤¡ñ¡ñ¡¤¡¤¡¤¡¤
¡¤¡ñ¡ñ¡ð¡ñ¡¤¡¤¡¤
¡¤¡¤¡ð¡ð¡ð¡¤¡¤¡¤
¡¤¡¤¡¤¡¤¡¤¡¤¡¤¡¤
¡¤¡¤¡¤¡¤¡¤¡¤¡¤¡¤
¡¤¡¤¡¤¡¤¡¤¡¤¡¤¡¤
step: 7  col: 1  B: 5 W: 6
6 dep:4, cnt:656, tl:0, pv:[<2,0>:0.61]
79 dep:5, cnt:4297, tl:1, pv:[<2,4>:1.67]
99 dep:6, cnt:9108, tl:1, pv:[<2,0>:-2.32,<2,1>:-3.00]
264 dep:7, cnt:36351, tl:5, pv:[<2,0>:0.39,<2,1>:-0.19,<2,4>:0.38]
957 dep:8, cnt:96366, tl:13, pv:[<2,0>:-3.64,<2,1>:-3.05]
2951 dep:9, cnt:314057, tl:46, pv:[<2,0>:-0.29,<3,0>:-0.90]
12636 dep:10, cnt:1437369, tl:205, pv:[<3,0>:-0.23]
32798 dep:11, cnt:3452453, tl:548, pv:[<3,0>:1.17]
final tl:819
m 3 0
board 0x100c0400 0x1c0f000800 col 0
¡¤¡¤¡¤¡¤¡¤¡¤¡¤¡¤
¡¤¡¤¡ñ¡ð¡¤¡¤¡¤¡¤
¡¤¡¤¡ñ¡ñ¡¤¡¤¡¤¡¤
¡ð¡ð¡ð¡ð¡ñ¡¤¡¤¡¤
¡¤¡¤¡ð¡ð¡ð¡¤¡¤¡¤
¡¤¡¤¡¤¡¤¡¤¡¤¡¤¡¤
¡¤¡¤¡¤¡¤¡¤¡¤¡¤¡¤
¡¤¡¤¡¤¡¤¡¤¡¤¡¤¡¤
step: 8  col: 0  B: 4 W: 8
17 dep:4, cnt:1995, tl:0, pv:[<5,4>:3.32]
29 dep:5, cnt:3228, tl:0, pv:[<0,3>:4.70,<4,1>:4.61]
86 dep:6, cnt:13315, tl:2, pv:[<5,4>:2.21]
187 dep:7, cnt:22015, tl:3, pv:[<0,3>:4.59]
363 dep:8, cnt:56563, tl:8, pv:[<0,3>:0.90]
2908 dep:9, cnt:427449, tl:61, pv:[<0,3>:0.23,<4,1>:-0.31,<5,3>:-0.05,<5,4>:-0.17]
6944 dep:10, cnt:872990, tl:126, pv:[<0,3>:-1.62,<4,1>:-1.59,<5,3>:-1.17]
24811 dep:11, cnt:3153557, tl:451, pv:[<5,3>:0.47,<0,3>:0.70,<5,4>:0.58]
final tl:652
m 0 3
board 0x1c0f000000 0x100c0c08 col 1
¡¤¡¤¡¤¡ñ¡¤¡¤¡¤¡¤
¡¤¡¤¡ñ¡ñ¡¤¡¤¡¤¡¤
¡¤¡¤¡ñ¡ñ¡¤¡¤¡¤¡¤
¡ð¡ð¡ð¡ð¡ñ¡¤¡¤¡¤
¡¤¡¤¡ð¡ð¡ð¡¤¡¤¡¤
¡¤¡¤¡¤¡¤¡¤¡¤¡¤¡¤
¡¤¡¤¡¤¡¤¡¤¡¤¡¤¡¤
¡¤¡¤¡¤¡¤¡¤¡¤¡¤¡¤
step: 9  col: 1  B: 7 W: 6
6 dep:4, cnt:472, tl:0, pv:[<0,2>:-4.70,<2,5>:-5.43]
37 dep:5, cnt:2078, tl:1, pv:[<2,5>:-0.40]
74 dep:6, cnt:5014, tl:0, pv:[<3,5>:-4.59]
79 dep:7, cnt:9904, tl:2, pv:[<3,5>:-0.90]
251 dep:8, cnt:30869, tl:5, pv:[<3,5>:-0.23]
1192 dep:9, cnt:140634, tl:21, pv:[<3,5>:1.50,<2,5>:1.62]
4826 dep:10, cnt:479612, tl:68, pv:[<3,5>:-0.70]
16056 dep:11, cnt:1812957, tl:258, pv:[<3,5>:1.73,<2,5>:1.96]
final tl:355
m 3 5
board 0xc0c08 0x1c3f000000 col 0
¡¤¡¤¡¤¡ñ¡¤¡¤¡¤¡¤
¡¤¡¤¡ñ¡ñ¡¤¡¤¡¤¡¤
¡¤¡¤¡ñ¡ñ¡¤¡¤¡¤¡¤
¡ð¡ð¡ð¡ð¡ð¡ð¡¤¡¤
¡¤¡¤¡ð¡ð¡ð¡¤¡¤¡¤
¡¤¡¤¡¤¡¤¡¤¡¤¡¤¡¤
¡¤¡¤¡¤¡¤¡¤¡¤¡¤¡¤
¡¤¡¤¡¤¡¤¡¤¡¤¡¤¡¤
step: 10  col: 0  B: 5 W: 9
14 dep:4, cnt:1244, tl:0, pv:[<4,1>:1.64]
5 dep:5, cnt:1356, tl:1, pv:[<4,1>:4.59]
37 dep:6, cnt:5077, tl:2, pv:[<4,1>:0.90]
45 dep:7, cnt:13917, tl:7, pv:[<4,1>:0.23]
322 dep:8, cnt:52856, tl:19, pv:[<4,1>:-1.50]
1058 dep:9, cnt:153805, tl:33, pv:[<4,1>:0.70]
3918 dep:10, cnt:579935, tl:85, pv:[<4,1>:-1.73]
13667 dep:11, cnt:1656669, tl:254, pv:[<4,1>:-0.00]
final tl:402
m 4 1
board 0x1c3b000000 0x2040c0c08 col 1
¡¤¡¤¡¤¡ñ¡¤¡¤¡¤¡¤
¡¤¡¤¡ñ¡ñ¡¤¡¤¡¤¡¤
¡¤¡¤¡ñ¡ñ¡¤¡¤¡¤¡¤
¡ð¡ð¡ñ¡ð¡ð¡ð¡¤¡¤
¡¤¡ñ¡ð¡ð¡ð¡¤¡¤¡¤
¡¤¡¤¡¤¡¤¡¤¡¤¡¤¡¤
¡¤¡¤¡¤¡¤¡¤¡¤¡¤¡¤
¡¤¡¤¡¤¡¤¡¤¡¤¡¤¡¤
step: 11  col: 1  B: 8 W: 7
12 dep:4, cnt:1057, tl:0, pv:[<4,0>:-4.59]
39 dep:5, cnt:1923, tl:0, pv:[<2,1>:-0.90]
73 dep:6, cnt:8081, tl:1, pv:[<4,0>:-0.23]
353 dep:7, cnt:34529, tl:5, pv:[<2,1>:1.50]
629 dep:8, cnt:78610, tl:12, pv:[<4,0>:-0.70]
2554 dep:9, cnt:357928, tl:48, pv:[<4,0>:1.65,<2,1>:1.59,<5,2>:1.73]
8013 dep:10, cnt:841513, tl:126, pv:[<4,0>:0.00]
17065 dep:11, cnt:2050342, tl:293, pv:[<4,0>:3.65]
final tl:487
m 4 0
board 0x40c0c08 0x1f3b000000 col 0
¡¤¡¤¡¤¡ñ¡¤¡¤¡¤¡¤
¡¤¡¤¡ñ¡ñ¡¤¡¤¡¤¡¤
¡¤¡¤¡ñ¡ñ¡¤¡¤¡¤¡¤
¡ð¡ð¡ñ¡ð¡ð¡ð¡¤¡¤
¡ð¡ð¡ð¡ð¡ð¡¤¡¤¡¤
¡¤¡¤¡¤¡¤¡¤¡¤¡¤¡¤
¡¤¡¤¡¤¡¤¡¤¡¤¡¤¡¤
¡¤¡¤¡¤¡¤¡¤¡¤¡¤¡¤
step: 12  col: 0  B: 6 W: 10
12 dep:4, cnt:1178, tl:1, pv:[<5,3>:3.74]
31 dep:5, cnt:4455, tl:0, pv:[<5,4>:0.23]
62 dep:6, cnt:11506, tl:2, pv:[<5,4>:-1.04,<5,2>:-0.46,<5,3>:-0.46]
261 dep:7, cnt:35438, tl:5, pv:[<5,3>:0.70]
507 dep:8, cnt:70570, tl:10, pv:[<5,3>:-1.65]
1697 dep:9, cnt:214276, tl:31, pv:[<5,3>:-0.00,<5,4>:-0.50]
8020 dep:10, cnt:966684, tl:150, pv:[<5,3>:-3.65]
11183 dep:11, cnt:1405673, tl:248, pv:[<5,3>:-0.22]
final tl:447
m 5 3
board 0x1733000000 0x8080c0c0c08 col 1
¡¤¡¤¡¤¡ñ¡¤¡¤¡¤¡¤
¡¤¡¤¡ñ¡ñ¡¤¡¤¡¤¡¤
¡¤¡¤¡ñ¡ñ¡¤¡¤¡¤¡¤
¡ð¡ð¡ñ¡ñ¡ð¡ð¡¤¡¤
¡ð¡ð¡ð¡ñ¡ð¡¤¡¤¡¤
¡¤¡¤¡¤¡ñ¡¤¡¤¡¤¡¤
¡¤¡¤¡¤¡¤¡¤¡¤¡¤¡¤
¡¤¡¤¡¤¡¤¡¤¡¤¡¤¡¤
step: 13  col: 1  B: 8 W: 9
9 dep:4, cnt:1708, tl:1, pv:[<2,4>:0.56,<5,2>:0.01]
10 dep:5, cnt:1985, tl:0, pv:[<2,4>:0.46,<5,2>:0.13]
48 dep:6, cnt:6812, tl:1, pv:[<2,4>:-1.00,<5,2>:-0.70]
275 dep:7, cnt:32031, tl:17, pv:[<2,4>:1.65]
512 dep:8, cnt:71354, tl:18, pv:[<2,4>:0.00,<5,2>:-0.62]
2140 dep:9, cnt:257858, tl:61, pv:[<2,4>:3.65]
8496 dep:10, cnt:893089, tl:161, pv:[<2,4>:0.22,<5,2>:-0.05]
20389 dep:11, cnt:2381620, tl:340, pv:[<2,4>:2.16]
final tl:600
m 2 4
board 0x808040c0c08 0x173b100000 col 0
¡¤¡¤¡¤¡ñ¡¤¡¤¡¤¡¤
¡¤¡¤¡ñ¡ñ¡¤¡¤¡¤¡¤
¡¤¡¤¡ñ¡ñ¡ð¡¤¡¤¡¤
¡ð¡ð¡ñ¡ð¡ð¡ð¡¤¡¤
¡ð¡ð¡ð¡ñ¡ð¡¤¡¤¡¤
¡¤¡¤¡¤¡ñ¡¤¡¤¡¤¡¤
¡¤¡¤¡¤¡¤¡¤¡¤¡¤¡¤
¡¤¡¤¡¤¡¤¡¤¡¤¡¤¡¤
step: 14  col: 0  B: 8 W: 10
17 dep:4, cnt:1638, tl:0, pv:[<5,2>:-0.46]
30 dep:5, cnt:3345, tl:1, pv:[<5,2>:1.00]
51 dep:6, cnt:6837, tl:1, pv:[<5,2>:-1.65,<5,0>:-2.33]
96 dep:7, cnt:19207, tl:3, pv:[<2,5>:-0.00]
487 dep:8, cnt:68685, tl:9, pv:[<5,0>:-3.65]
1888 dep:9, cnt:213141, tl:44, pv:[<5,0>:-0.22]
4968 dep:10, cnt:474594, tl:86, pv:[<5,0>:-2.16]
36326 dep:11, cnt:4083398, tl:630, pv:[<5,2>:-2.22,<5,5>:-1.61]
final tl:774
m 5 5
board 0x733100000 0x28180c0c0c08 col 1
¡¤¡¤¡¤¡ñ¡¤¡¤¡¤¡¤
¡¤¡¤¡ñ¡ñ¡¤¡¤¡¤¡¤
¡¤¡¤¡ñ¡ñ¡ð¡¤¡¤¡¤
¡ð¡ð¡ñ¡ñ¡ð¡ð¡¤¡¤
¡ð¡ð¡ð¡ñ¡ñ¡¤¡¤¡¤
¡¤¡¤¡¤¡ñ¡¤¡ñ¡¤¡¤
¡¤¡¤¡¤¡¤¡¤¡¤¡¤¡¤
¡¤¡¤¡¤¡¤¡¤¡¤¡¤¡¤
step: 15  col: 1  B: 8 W: 11
14 dep:4, cnt:2384, tl:0, pv:[<1,4>:1.70,<5,2>:1.50]
25 dep:5, cnt:2965, tl:0, pv:[<1,4>:5.01,<5,2>:4.99]
112 dep:6, cnt:10490, tl:2, pv:[<5,2>:3.52]
399 dep:7, cnt:62491, tl:9, pv:[<5,2>:4.79,<1,4>:5.14,<4,5>:4.79]
888 dep:8, cnt:176412, tl:26, pv:[<1,4>:2.16,<5,2>:2.79]
2457 dep:9, cnt:446381, tl:64, pv:[<5,2>:5.75]
9796 dep:10, cnt:1273789, tl:188, pv:[<5,2>:1.61,<4,5>:1.61]
19276 dep:11, cnt:2901225, tl:410, pv:[<5,2>:7.04]
final tl:699
m 5 2
board 0x28100c0c0c08 0x40f33100000 col 0
¡¤¡¤¡¤¡ñ¡¤¡¤¡¤¡¤
¡¤¡¤¡ñ¡ñ¡¤¡¤¡¤¡¤
¡¤¡¤¡ñ¡ñ¡ð¡¤¡¤¡¤
¡ð¡ð¡ñ¡ñ¡ð¡ð¡¤¡¤
¡ð¡ð¡ð¡ð¡ñ¡¤¡¤¡¤
¡¤¡¤¡ð¡ñ¡¤¡ñ¡¤¡¤
¡¤¡¤¡¤¡¤¡¤¡¤¡¤¡¤
¡¤¡¤¡¤¡¤¡¤¡¤¡¤¡¤
step: 16  col: 0  B: 10 W: 10
26 dep:4, cnt:3374, tl:0, pv:[<5,4>:-4.99]
40 dep:5, cnt:4091, tl:1, pv:[<5,4>:-3.52]
53 dep:6, cnt:9460, tl:1, pv:[<5,4>:-4.79]
88 dep:7, cnt:28027, tl:4, pv:[<5,4>:-2.79]
586 dep:8, cnt:118266, tl:17, pv:[<5,4>:-5.75,<5,0>:-5.99]
1507 dep:9, cnt:231038, tl:32, pv:[<5,4>:-1.61]
5703 dep:10, cnt:816860, tl:120, pv:[<5,4>:-7.04]
21263 dep:11, cnt:2960146, tl:435, pv:[<5,4>:-3.76]
final tl:610
m 5 4
board 0x40733100000 0x38180c0c0c08 col 1
¡¤¡¤¡¤¡ñ¡¤¡¤¡¤¡¤
¡¤¡¤¡ñ¡ñ¡¤¡¤¡¤¡¤
¡¤¡¤¡ñ¡ñ¡ð¡¤¡¤¡¤
¡ð¡ð¡ñ¡ñ¡ð¡ð¡¤¡¤
¡ð¡ð¡ð¡ñ¡ñ¡¤¡¤¡¤
¡¤¡¤¡ð¡ñ¡ñ¡ñ¡¤¡¤
¡¤¡¤¡¤¡¤¡¤¡¤¡¤¡¤
¡¤¡¤¡¤¡¤¡¤¡¤¡¤¡¤
step: 17  col: 1  B: 9 W: 12
9 dep:4, cnt:1747, tl:1, pv:[<1,4>:3.52,<4,5>:3.45]
23 dep:5, cnt:2952, tl:2, pv:[<1,4>:4.59,<4,5>:4.79]
77 dep:6, cnt:9976, tl:5, pv:[<4,5>:2.79,<1,4>:2.16]
82 dep:7, cnt:22652, tl:10, pv:[<4,5>:5.75]
623 dep:8, cnt:88551, tl:33, pv:[<4,5>:1.61]
1504 dep:9, cnt:251788, tl:37, pv:[<4,5>:7.04]
6277 dep:10, cnt:665678, tl:97, pv:[<4,5>:3.76]
24735 dep:11, cnt:3745760, tl:529, pv:[<4,5>:5.87]
final tl:715
m 4 5
board 0x38000c0c0c08 0x43f33100000 col 0
¡¤¡¤¡¤¡ñ¡¤¡¤¡¤¡¤
¡¤¡¤¡ñ¡ñ¡¤¡¤¡¤¡¤
¡¤¡¤¡ñ¡ñ¡ð¡¤¡¤¡¤
¡ð¡ð¡ñ¡ñ¡ð¡ð¡¤¡¤
¡ð¡ð¡ð¡ð¡ð¡ð¡¤¡¤
¡¤¡¤¡ð¡ñ¡ñ¡ñ¡¤¡¤
¡¤¡¤¡¤¡¤¡¤¡¤¡¤¡¤
¡¤¡¤¡¤¡¤¡¤¡¤¡¤¡¤
step: 18  col: 0  B: 10 W: 12
26 dep:4, cnt:2844, tl:0, pv:[<5,0>:-4.79]
14 dep:5, cnt:3053, tl:1, pv:[<5,0>:-2.79,<5,1>:-2.84]
32 dep:6, cnt:7530, tl:1, pv:[<5,0>:-5.75]
87 dep:7, cnt:24896, tl:4, pv:[<5,0>:-1.61]
526 dep:8, cnt:118625, tl:17, pv:[<5,0>:-7.04]
1926 dep:9, cnt:281337, tl:42, pv:[<5,0>:-3.76]
7354 dep:10, cnt:995091, tl:153, pv:[<5,0>:-5.87]
final tl:929
m 5 0
board 0x43d33100000 0x39020c0c0c08 col 1
¡¤¡¤¡¤¡ñ¡¤¡¤¡¤¡¤
¡¤¡¤¡ñ¡ñ¡¤¡¤¡¤¡¤
¡¤¡¤¡ñ¡ñ¡ð¡¤¡¤¡¤
¡ð¡ð¡ñ¡ñ¡ð¡ð¡¤¡¤
¡ð¡ñ¡ð¡ð¡ð¡ð¡¤¡¤
¡ñ¡¤¡ð¡ñ¡ñ¡ñ¡¤¡¤
¡¤¡¤¡¤¡¤¡¤¡¤¡¤¡¤
¡¤¡¤¡¤¡¤¡¤¡¤¡¤¡¤
step: 19  col: 1  B: 11 W: 12
12 dep:4, cnt:2398, tl:0, pv:[<6,0>:2.79]
14 dep:5, cnt:2878, tl:0, pv:[<6,0>:5.75]
44 dep:6, cnt:8091, tl:2, pv:[<5,1>:1.61]
157 dep:7, cnt:37501, tl:5, pv:[<6,0>:7.04]
667 dep:8, cnt:89267, tl:13, pv:[<6,0>:3.76]
1844 dep:9, cnt:327576, tl:46, pv:[<6,0>:5.87]
7742 dep:10, cnt:930804, tl:142, pv:[<6,0>:5.11]
22914 dep:11, cnt:3471129, tl:515, pv:[<6,0>:5.15]
final tl:724
m 6 0
board 0x38020c0c0c08 0x1053d33100000 col 0
¡¤¡¤¡¤¡ñ¡¤¡¤¡¤¡¤
¡¤¡¤¡ñ¡ñ¡¤¡¤¡¤¡¤
¡¤¡¤¡ñ¡ñ¡ð¡¤¡¤¡¤
¡ð¡ð¡ñ¡ñ¡ð¡ð¡¤¡¤
¡ð¡ñ¡ð¡ð¡ð¡ð¡¤¡¤
¡ð¡¤¡ð¡ñ¡ñ¡ñ¡¤¡¤
¡ð¡¤¡¤¡¤¡¤¡¤¡¤¡¤
¡¤¡¤¡¤¡¤¡¤¡¤¡¤¡¤
step: 20  col: 0  B: 11 W: 13
32 dep:4, cnt:3607, tl:1, pv:[<2,1>:-5.75]
30 dep:5, cnt:4474, tl:0, pv:[<5,1>:-0.61]
65 dep:6, cnt:8973, tl:2, pv:[<5,1>:-7.04]
176 dep:7, cnt:27880, tl:3, pv:[<5,1>:-3.76]
528 dep:8, cnt:100851, tl:15, pv:[<5,1>:-5.87]
2649 dep:9, cnt:370870, tl:53, pv:[<5,1>:-5.11]
10326 dep:10, cnt:1349982, tl:195, pv:[<5,1>:-5.15]
29854 dep:11, cnt:4094216, tl:587, pv:[<5,1>:-4.21]
final tl:857
m 5 1
board 0x1013933100000 0x3e060c0c0c08 col 1
¡¤¡¤¡¤¡ñ¡¤¡¤¡¤¡¤
¡¤¡¤¡ñ¡ñ¡¤¡¤¡¤¡¤
¡¤¡¤¡ñ¡ñ¡ð¡¤¡¤¡¤
¡ð¡ð¡ñ¡ñ¡ð¡ð¡¤¡¤
¡ð¡ñ¡ñ¡ð¡ð¡ð¡¤¡¤
¡ð¡ñ¡ñ¡ñ¡ñ¡ñ¡¤¡¤
¡ð¡¤¡¤¡¤¡¤¡¤¡¤¡¤
¡¤¡¤¡¤¡¤¡¤¡¤¡¤¡¤
step: 21  col: 1  B: 11 W: 14
6 dep:4, cnt:1682, tl:1, pv:[<2,1>:-0.11,<6,4>:0.61]
31 dep:5, cnt:4819, tl:0, pv:[<1,4>:7.04]
94 dep:6, cnt:8239, tl:2, pv:[<1,4>:3.76]
231 dep:7, cnt:43639, tl:7, pv:[<1,4>:5.87,<2,1>:5.72]
813 dep:8, cnt:99713, tl:15, pv:[<1,4>:5.11,<2,1>:5.60]
4421 dep:9, cnt:621335, tl:86, pv:[<2,1>:5.15]
15025 dep:10, cnt:1649103, tl:267, pv:[<2,1>:4.21,<1,4>:3.51]
final tl:378
m 2 1
board 0x3e0608000c08 0x10139371e0000 col 0
¡¤¡¤¡¤¡ñ¡¤¡¤¡¤¡¤
¡¤¡¤¡ñ¡ñ¡¤¡¤¡¤¡¤
¡¤¡ð¡ð¡ð¡ð¡¤¡¤¡¤
¡ð¡ð¡ð¡ñ¡ð¡ð¡¤¡¤
¡ð¡ñ¡ñ¡ð¡ð¡ð¡¤¡¤
¡ð¡ñ¡ñ¡ñ¡ñ¡ñ¡¤¡¤
¡ð¡¤¡¤¡¤¡¤¡¤¡¤¡¤
¡¤¡¤¡¤¡¤¡¤¡¤¡¤¡¤
step: 22  col: 0  B: 11 W: 15
15 dep:4, cnt:1716, tl:1, pv:[<1,5>:-3.15]
53 dep:5, cnt:2797, tl:1, pv:[<1,5>:-0.54]
194 dep:6, cnt:15685, tl:7, pv:[<1,5>:-6.29,<2,5>:-5.72]
442 dep:7, cnt:64106, tl:30, pv:[<2,5>:-5.04,<1,5>:-5.60]
1172 dep:8, cnt:170980, tl:38, pv:[<2,5>:-5.15,<1,0>:-5.52]
4312 dep:9, cnt:582338, tl:111, pv:[<1,0>:-4.89,<1,5>:-4.21]
10440 dep:10, cnt:1347161, tl:198, pv:[<1,5>:-6.52]
final tl:387
m 1 5
board 0x10139370e0000 0x3e0608102c08 col 1
¡¤¡¤¡¤¡ñ¡¤¡¤¡¤¡¤
¡¤¡¤¡ñ¡ñ¡¤¡ñ¡¤¡¤
¡¤¡ð¡ð¡ð¡ñ¡¤¡¤¡¤
¡ð¡ð¡ð¡ñ¡ð¡ð¡¤¡¤
¡ð¡ñ¡ñ¡ð¡ð¡ð¡¤¡¤
¡ð¡ñ¡ñ¡ñ¡ñ¡ñ¡¤¡¤
¡ð¡¤¡¤¡¤¡¤¡¤¡¤¡¤
¡¤¡¤¡¤¡¤¡¤¡¤¡¤¡¤
step: 23  col: 1  B: 14 W: 13
10 dep:4, cnt:1820, tl:1, pv:[<1,4>:0.54,<6,3>:0.27]
43 dep:5, cnt:4483, tl:0, pv:[<1,4>:6.29]
46 dep:6, cnt:6013, tl:1, pv:[<1,4>:5.60]
141 dep:7, cnt:35239, tl:5, pv:[<1,4>:6.22]
629 dep:8, cnt:92361, tl:16, pv:[<1,4>:4.21]
2822 dep:9, cnt:426742, tl:59, pv:[<1,4>:6.52]
9398 dep:10, cnt:1459193, tl:246, pv:[<1,4>:3.87]
final tl:942
m 1 4
board 0x3e0608002c08 0x10139371e1000 col 0
¡¤¡¤¡¤¡ñ¡¤¡¤¡¤¡¤
¡¤¡¤¡ñ¡ñ¡ð¡ñ¡¤¡¤
¡¤¡ð¡ð¡ð¡ð¡¤¡¤¡¤
¡ð¡ð¡ð¡ñ¡ð¡ð¡¤¡¤
¡ð¡ñ¡ñ¡ð¡ð¡ð¡¤¡¤
¡ð¡ñ¡ñ¡ñ¡ñ¡ñ¡¤¡¤
¡ð¡¤¡¤¡¤¡¤¡¤¡¤¡¤
¡¤¡¤¡¤¡¤¡¤¡¤¡¤¡¤
step: 24  col: 0  B: 12 W: 16
17 dep:4, cnt:2079, tl:1, pv:[<0,5>:-6.56,<2,6>:-6.29]
31 dep:5, cnt:2692, tl:1, pv:[<0,5>:-5.60]
65 dep:6, cnt:13032, tl:2, pv:[<0,5>:-6.67,<5,6>:-6.22]
248 dep:7, cnt:24810, tl:4, pv:[<0,5>:-4.21]
924 dep:8, cnt:177025, tl:24, pv:[<0,5>:-6.52,<2,6>:-7.14]
3064 dep:9, cnt:444014, tl:63, pv:[<0,5>:-3.87]
7552 dep:10, cnt:1031163, tl:171, pv:[<0,5>:-1.36]
final tl:934
m 0 5
board 0x1013933160000 0x3e060c083c28 col 1
¡¤¡¤¡¤¡ñ¡¤¡ñ¡¤¡¤
¡¤¡¤¡ñ¡ñ¡ñ¡ñ¡¤¡¤
¡¤¡ð¡ð¡ñ¡ð¡¤¡¤¡¤
¡ð¡ð¡ñ¡ñ¡ð¡ð¡¤¡¤
¡ð¡ñ¡ñ¡ð¡ð¡ð¡¤¡¤
¡ð¡ñ¡ñ¡ñ¡ñ¡ñ¡¤¡¤
¡ð¡¤¡¤¡¤¡¤¡¤¡¤¡¤
¡¤¡¤¡¤¡¤¡¤¡¤¡¤¡¤
step: 25  col: 1  B: 13 W: 16
13 dep:4, cnt:1955, tl:1, pv:[<0,4>:5.60,<6,4>:5.38,<6,5>:4.96]
24 dep:5, cnt:3167, tl:0, pv:[<0,4>:6.67]
39 dep:6, cnt:9206, tl:3, pv:[<0,4>:4.21,<6,3>:3.55]
324 dep:7, cnt:68803, tl:9, pv:[<6,4>:6.52]
849 dep:8, cnt:190730, tl:27, pv:[<6,4>:3.87,<6,3>:3.71,<6,5>:3.87]
2351 dep:9, cnt:578707, tl:102, pv:[<6,4>:0.76,<6,2>:0.91,<6,3>:1.36]
8191 dep:10, cnt:1499123, tl:241, pv:[<6,3>:2.98]
final tl:383
m 6 3
board 0x22040c083c28 0x91d3b33160000 col 0
¡¤¡¤¡¤¡ñ¡¤¡ñ¡¤¡¤
¡¤¡¤¡ñ¡ñ¡ñ¡ñ¡¤¡¤
¡¤¡ð¡ð¡ñ¡ð¡¤¡¤¡¤
¡ð¡ð¡ñ¡ñ¡ð¡ð¡¤¡¤
¡ð¡ð¡ñ¡ð¡ð¡ð¡¤¡¤
¡ð¡ñ¡ð¡ð¡ð¡ñ¡¤¡¤
¡ð¡¤¡¤¡ð¡¤¡¤¡¤¡¤
¡¤¡¤¡¤¡¤¡¤¡¤¡¤¡¤
step: 26  col: 0  B: 12 W: 18
31 dep:4, cnt:4021, tl:1, pv:[<6,2>:-1.89]
54 dep:5, cnt:8631, tl:2, pv:[<6,2>:-3.55]
49 dep:6, cnt:10117, tl:3, pv:[<6,2>:-4.58]
99 dep:7, cnt:45734, tl:7, pv:[<1,0>:-3.71]
792 dep:8, cnt:261561, tl:49, pv:[<6,2>:-1.36]
4087 dep:9, cnt:1274942, tl:194, pv:[<1,0>:-2.98,<3,6>:-3.64]
9458 dep:10, cnt:2262751, tl:325, pv:[<1,0>:-4.09,<6,2>:-3.35]
final tl:581
m 6 2
board 0x9193b33160000 0x426040c083c28 col 1
¡¤¡¤¡¤¡ñ¡¤¡ñ¡¤¡¤
¡¤¡¤¡ñ¡ñ¡ñ¡ñ¡¤¡¤
¡¤¡ð¡ð¡ñ¡ð¡¤¡¤¡¤
¡ð¡ð¡ñ¡ñ¡ð¡ð¡¤¡¤
¡ð¡ð¡ñ¡ð¡ð¡ð¡¤¡¤
¡ð¡ñ¡ñ¡ð¡ð¡ñ¡¤¡¤
¡ð¡¤¡ñ¡ð¡¤¡¤¡¤¡¤
¡¤¡¤¡¤¡¤¡¤¡¤¡¤¡¤
step: 27  col: 1  B: 17 W: 14
19 dep:4, cnt:3051, tl:0, pv:[<7,2>:3.55]
27 dep:5, cnt:3061, tl:1, pv:[<7,2>:4.58]
30 dep:6, cnt:6215, tl:1, pv:[<7,2>:5.50]
69 dep:7, cnt:27662, tl:4, pv:[<7,2>:1.36]
371 dep:8, cnt:68267, tl:11, pv:[<7,2>:4.60]
1871 dep:9, cnt:296201, tl:43, pv:[<7,2>:3.35]
5769 dep:10, cnt:971232, tl:169, pv:[<7,2>:4.39]
22079 dep:11, cnt:3916703, tl:570, pv:[<7,2>:2.79]
final tl:799
m 7 2
board 0x220008083c28 0x40d1d3f37160000 col 0
¡¤¡¤¡¤¡ñ¡¤¡ñ¡¤¡¤
¡¤¡¤¡ñ¡ñ¡ñ¡ñ¡¤¡¤
¡¤¡ð¡ð¡ñ¡ð¡¤¡¤¡¤
¡ð¡ð¡ð¡ñ¡ð¡ð¡¤¡¤
¡ð¡ð¡ð¡ð¡ð¡ð¡¤¡¤
¡ð¡ñ¡ð¡ð¡ð¡ñ¡¤¡¤
¡ð¡¤¡ð¡ð¡¤¡¤¡¤¡¤
¡¤¡¤¡ð¡¤¡¤¡¤¡¤¡¤
step: 28  col: 0  B: 10 W: 22
12 dep:4, cnt:1614, tl:1, pv:[<3,6>:-4.58]
23 dep:5, cnt:3879, tl:0, pv:[<3,6>:-5.50,<5,6>:-6.17]
35 dep:6, cnt:10286, tl:2, pv:[<3,6>:-1.36]
87 dep:7, cnt:33179, tl:4, pv:[<3,6>:-4.60,<5,6>:-4.97]
251 dep:8, cnt:82718, tl:13, pv:[<3,6>:-3.35]
1856 dep:9, cnt:422146, tl:64, pv:[<3,6>:-4.39]
4078 dep:10, cnt:791821, tl:122, pv:[<3,6>:-2.79]
19490 dep:11, cnt:3668372, tl:541, pv:[<3,6>:-5.20]
final tl:747
m 3 6
board 0x40d1d3f07160000 0x220078083c28 col 1
¡¤¡¤¡¤¡ñ¡¤¡ñ¡¤¡¤
¡¤¡¤¡ñ¡ñ¡ñ¡ñ¡¤¡¤
¡¤¡ð¡ð¡ñ¡ð¡¤¡¤¡¤
¡ð¡ð¡ð¡ñ¡ñ¡ñ¡ñ¡¤
¡ð¡ð¡ð¡ð¡ð¡ð¡¤¡¤
¡ð¡ñ¡ð¡ð¡ð¡ñ¡¤¡¤
¡ð¡¤¡ð¡ð¡¤¡¤¡¤¡¤
¡¤¡¤¡ð¡¤¡¤¡¤¡¤¡¤
step: 29  col: 1  B: 20 W: 13
19 dep:4, cnt:1922, tl:0, pv:[<2,5>:4.84,<4,6>:5.50]
22 dep:5, cnt:5903, tl:1, pv:[<2,5>:1.23,<2,6>:1.36]
76 dep:6, cnt:14651, tl:1, pv:[<4,6>:4.60]
94 dep:7, cnt:42331, tl:6, pv:[<2,5>:3.35]
491 dep:8, cnt:124778, tl:20, pv:[<4,6>:4.39]
2574 dep:9, cnt:610110, tl:90, pv:[<4,6>:2.79,<2,5>:2.61,<2,6>:2.69]
8262 dep:10, cnt:1491395, tl:231, pv:[<2,5>:5.20]
final tl:933
m 2 5
board 0x220048083c28 0x40d1d3f37360000 col 0
¡¤¡¤¡¤¡ñ¡¤¡ñ¡¤¡¤
¡¤¡¤¡ñ¡ñ¡ñ¡ñ¡¤¡¤
¡¤¡ð¡ð¡ñ¡ð¡ð¡¤¡¤
¡ð¡ð¡ð¡ñ¡ð¡ð¡ñ¡¤
¡ð¡ð¡ð¡ð¡ð¡ð¡¤¡¤
¡ð¡ñ¡ð¡ð¡ð¡ñ¡¤¡¤
¡ð¡¤¡ð¡ð¡¤¡¤¡¤¡¤
¡¤¡¤¡ð¡¤¡¤¡¤¡¤¡¤
step: 30  col: 0  B: 11 W: 23
19 dep:4, cnt:2681, tl:0, pv:[<5,6>:-1.23]
5 dep:5, cnt:2191, tl:0, pv:[<5,6>:-3.21]
82 dep:6, cnt:20562, tl:3, pv:[<5,6>:-3.35,<2,6>:-3.93,<4,6>:-3.76]
131 dep:7, cnt:44268, tl:7, pv:[<5,6>:-2.24,<4,6>:-2.61]
340 dep:8, cnt:92903, tl:12, pv:[<5,6>:-2.61]
2890 dep:9, cnt:734153, tl:105, pv:[<5,6>:-5.20,<2,6>:-5.77,<6,4>:-5.93]
7872 dep:10, cnt:1705099, tl:281, pv:[<2,6>:-3.97]
final tl:408
m 2 6
board 0x40d1d3f37060000 0x220048783c28 col 1
¡¤¡¤¡¤¡ñ¡¤¡ñ¡¤¡¤
¡¤¡¤¡ñ¡ñ¡ñ¡ñ¡¤¡¤
¡¤¡ð¡ð¡ñ¡ñ¡ñ¡ñ¡¤
¡ð¡ð¡ð¡ñ¡ð¡ð¡ñ¡¤
¡ð¡ð¡ð¡ð¡ð¡ð¡¤¡¤
¡ð¡ñ¡ð¡ð¡ð¡ñ¡¤¡¤
¡ð¡¤¡ð¡ð¡¤¡¤¡¤¡¤
¡¤¡¤¡ð¡¤¡¤¡¤¡¤¡¤
step: 31  col: 1  B: 21 W: 14
19 dep:4, cnt:2429, tl:1, pv:[<6,5>:5.61]
37 dep:5, cnt:5328, tl:1, pv:[<5,6>:3.93]
55 dep:6, cnt:7242, tl:1, pv:[<5,6>:5.43]
121 dep:7, cnt:40802, tl:7, pv:[<5,6>:5.37]
686 dep:8, cnt:113653, tl:18, pv:[<5,6>:5.77]
2604 dep:9, cnt:457331, tl:64, pv:[<5,6>:3.97]
10704 dep:10, cnt:1823245, tl:284, pv:[<0,4>:2.25,<3,7>:2.04]
final tl:378
m 0 4
board 0x220048682428 0x40d1d3f37161810 col 0
¡¤¡¤¡¤¡ñ¡ð¡ñ¡¤¡¤
¡¤¡¤¡ñ¡ð¡ð¡ñ¡¤¡¤
¡¤¡ð¡ð¡ñ¡ð¡ñ¡ñ¡¤
¡ð¡ð¡ð¡ñ¡ð¡ð¡ñ¡¤
¡ð¡ð¡ð¡ð¡ð¡ð¡¤¡¤
¡ð¡ñ¡ð¡ð¡ð¡ñ¡¤¡¤
¡ð¡¤¡ð¡ð¡¤¡¤¡¤¡¤
¡¤¡¤¡ð¡¤¡¤¡¤¡¤¡¤
step: 32  col: 0  B: 11 W: 25
7 dep:4, cnt:1096, tl:0, pv:[<5,6>:0.82]
28 dep:5, cnt:1944, tl:0, pv:[<5,6>:-2.15]
23 dep:6, cnt:4875, tl:1, pv:[<5,6>:-0.29]
98 dep:7, cnt:18832, tl:3, pv:[<5,6>:-4.43]
370 dep:8, cnt:61075, tl:10, pv:[<5,6>:-2.14]
1820 dep:9, cnt:296379, tl:43, pv:[<5,6>:-2.25]
3836 dep:10, cnt:674385, tl:99, pv:[<5,6>:-6.79]
18741 dep:11, cnt:2805490, tl:443, pv:[<5,6>:-3.24]
final tl:600
m 5 6
board 0x40d1d1f27161810 0x622058682428 col 1
¡¤¡¤¡¤¡ñ¡ð¡ñ¡¤¡¤
¡¤¡¤¡ñ¡ð¡ð¡ñ¡¤¡¤
¡¤¡ð¡ð¡ñ¡ð¡ñ¡ñ¡¤
¡ð¡ð¡ð¡ñ¡ñ¡ð¡ñ¡¤
¡ð¡ð¡ð¡ð¡ð¡ñ¡¤¡¤
¡ð¡ñ¡ð¡ð¡ð¡ñ¡ñ¡¤
¡ð¡¤¡ð¡ð¡¤¡¤¡¤¡¤
¡¤¡¤¡ð¡¤¡¤¡¤¡¤¡¤
step: 33  col: 1  B: 23 W: 14
11 dep:4, cnt:1128, tl:0, pv:[<1,6>:2.15]
50 dep:5, cnt:6049, tl:1, pv:[<0,2>:0.29,<4,6>:0.29]
97 dep:6, cnt:10887, tl:2, pv:[<1,6>:4.43]
222 dep:7, cnt:45982, tl:6, pv:[<0,2>:2.14,<4,6>:2.14]
816 dep:8, cnt:140525, tl:23, pv:[<1,6>:1.59,<4,6>:2.25]
2770 dep:9, cnt:495261, tl:80, pv:[<1,6>:6.79]
8552 dep:10, cnt:1086956, tl:170, pv:[<1,6>:3.24]
final tl:948
m 1 6
board 0x622048480428 0x40d1d1f37367810 col 0
¡¤¡¤¡¤¡ñ¡ð¡ñ¡¤¡¤
¡¤¡¤¡ñ¡ð¡ð¡ð¡ð¡¤
¡¤¡ð¡ð¡ñ¡ð¡ð¡ñ¡¤
¡ð¡ð¡ð¡ñ¡ð¡ð¡ñ¡¤
¡ð¡ð¡ð¡ð¡ð¡ñ¡¤¡¤
¡ð¡ñ¡ð¡ð¡ð¡ñ¡ñ¡¤
¡ð¡¤¡ð¡ð¡¤¡¤¡¤¡¤
¡¤¡¤¡ð¡¤¡¤¡¤¡¤¡¤
step: 34  col: 0  B: 11 W: 27
14 dep:4, cnt:2770, tl:1, pv:[<7,3>:1.66]
20 dep:5, cnt:1728, tl:0, pv:[<7,3>:-4.43]
59 dep:6, cnt:9672, tl:2, pv:[<7,3>:-0.99]
131 dep:7, cnt:17309, tl:5, pv:[<7,3>:-1.59]
380 dep:8, cnt:70937, tl:15, pv:[<7,3>:-6.79]
1556 dep:9, cnt:229310, tl:37, pv:[<7,3>:-3.24]
5500 dep:10, cnt:719190, tl:101, pv:[<7,3>:-5.73]
17370 dep:11, cnt:2434211, tl:374, pv:[<7,3>:-4.57]
final tl:535
m 7 3
board 0x401151737367810 0x80c6a2848480428 col 1
¡¤¡¤¡¤¡ñ¡ð¡ñ¡¤¡¤
¡¤¡¤¡ñ¡ð¡ð¡ð¡ð¡¤
¡¤¡ð¡ð¡ñ¡ð¡ð¡ñ¡¤
¡ð¡ð¡ð¡ñ¡ð¡ð¡ñ¡¤
¡ð¡ð¡ð¡ñ¡ð¡ñ¡¤¡¤
¡ð¡ñ¡ð¡ñ¡ð¡ñ¡ñ¡¤
¡ð¡¤¡ñ¡ñ¡¤¡¤¡¤¡¤
¡¤¡¤¡ð¡ñ¡¤¡¤¡¤¡¤
step: 35  col: 1  B: 23 W: 16
18 dep:4, cnt:3463, tl:0, pv:[<7,4>:4.43]
32 dep:5, cnt:7206, tl:1, pv:[<7,4>:0.99]
44 dep:6, cnt:10210, tl:2, pv:[<7,4>:1.59,<6,4>:1.39]
137 dep:7, cnt:52196, tl:8, pv:[<7,4>:6.79]
747 dep:8, cnt:125159, tl:19, pv:[<7,4>:3.24]
3098 dep:9, cnt:562114, tl:79, pv:[<7,4>:5.73]
10668 dep:10, cnt:1515419, tl:257, pv:[<7,4>:4.57]
final tl:367
m 7 4
board 0x46a2848480428 0x1c09151737367810 col 0
¡¤¡¤¡¤¡ñ¡ð¡ñ¡¤¡¤
¡¤¡¤¡ñ¡ð¡ð¡ð¡ð¡¤
¡¤¡ð¡ð¡ñ¡ð¡ð¡ñ¡¤
¡ð¡ð¡ð¡ñ¡ð¡ð¡ñ¡¤
¡ð¡ð¡ð¡ñ¡ð¡ñ¡¤¡¤
¡ð¡ñ¡ð¡ñ¡ð¡ñ¡ñ¡¤
¡ð¡¤¡ñ¡ð¡¤¡¤¡¤¡¤
¡¤¡¤¡ð¡ð¡ð¡¤¡¤¡¤
step: 36  col: 0  B: 14 W: 26
18 dep:4, cnt:2597, tl:0, pv:[<6,4>:-0.99]
17 dep:5, cnt:1479, tl:1, pv:[<6,4>:-1.59]
188 dep:6, cnt:19081, tl:3, pv:[<6,4>:-6.79,<6,5>:-7.35]
288 dep:7, cnt:24359, tl:4, pv:[<6,4>:-3.24]
589 dep:8, cnt:63658, tl:12, pv:[<6,4>:-5.73]
2026 dep:9, cnt:195002, tl:29, pv:[<6,4>:-4.57]
6030 dep:10, cnt:620204, tl:97, pv:[<6,4>:-7.89]
19695 dep:11, cnt:2093089, tl:337, pv:[<6,4>:-4.90]
final tl:484
m 6 4
board 0x1c01151737367810 0x1c6a2848480428 col 1
¡¤¡¤¡¤¡ñ¡ð¡ñ¡¤¡¤
¡¤¡¤¡ñ¡ð¡ð¡ð¡ð¡¤
¡¤¡ð¡ð¡ñ¡ð¡ð¡ñ¡¤
¡ð¡ð¡ð¡ñ¡ð¡ð¡ñ¡¤
¡ð¡ð¡ð¡ñ¡ð¡ñ¡¤¡¤
¡ð¡ñ¡ð¡ñ¡ð¡ñ¡ñ¡¤
¡ð¡¤¡ñ¡ñ¡ñ¡¤¡¤¡¤
¡¤¡¤¡ð¡ð¡ð¡¤¡¤¡¤
step: 37  col: 1  B: 25 W: 16
17 dep:4, cnt:2516, tl:0, pv:[<7,5>:1.59]
14 dep:5, cnt:3456, tl:1, pv:[<7,5>:6.79]
57 dep:6, cnt:6408, tl:1, pv:[<7,5>:3.24]
186 dep:7, cnt:38356, tl:5, pv:[<7,5>:5.73]
654 dep:8, cnt:78735, tl:13, pv:[<7,5>:4.57]
2758 dep:9, cnt:392681, tl:56, pv:[<7,5>:7.89]
11344 dep:10, cnt:1100893, tl:175, pv:[<7,5>:4.90]
39150 dep:11, cnt:4098502, tl:650, pv:[<7,5>:3.26]
final tl:901
m 7 5
board 0xc622848480428 0x3c111d1737367810 col 0
¡¤¡¤¡¤¡ñ¡ð¡ñ¡¤¡¤
¡¤¡¤¡ñ¡ð¡ð¡ð¡ð¡¤
¡¤¡ð¡ð¡ñ¡ð¡ð¡ñ¡¤
¡ð¡ð¡ð¡ñ¡ð¡ð¡ñ¡¤
¡ð¡ð¡ð¡ñ¡ð¡ñ¡¤¡¤
¡ð¡ñ¡ð¡ð¡ð¡ñ¡ñ¡¤
¡ð¡¤¡ñ¡ñ¡ð¡¤¡¤¡¤
¡¤¡¤¡ð¡ð¡ð¡ð¡¤¡¤
step: 38  col: 0  B: 14 W: 28
11 dep:4, cnt:1523, tl:1, pv:[<0,7>:-6.79]
28 dep:5, cnt:1469, tl:1, pv:[<1,0>:-3.24]
70 dep:6, cnt:6778, tl:4, pv:[<1,0>:-5.73]
199 dep:7, cnt:13240, tl:8, pv:[<1,0>:-4.57]
414 dep:8, cnt:59709, tl:25, pv:[<1,0>:-7.95,<0,7>:-7.89]
2606 dep:9, cnt:197347, tl:56, pv:[<1,0>:-4.90]
7923 dep:10, cnt:675785, tl:119, pv:[<1,0>:-3.26,<0,7>:-3.75]
19526 dep:11, cnt:1638307, tl:248, pv:[<1,0>:-4.66]
final tl:462
m 1 0
board 0x3c111d1733347810 0xc62284c4a0528 col 1
¡¤¡¤¡¤¡ñ¡ð¡ñ¡¤¡¤
¡ñ¡¤¡ñ¡ð¡ð¡ð¡ð¡¤
¡¤¡ñ¡ð¡ñ¡ð¡ð¡ñ¡¤
¡ð¡ð¡ñ¡ñ¡ð¡ð¡ñ¡¤
¡ð¡ð¡ð¡ñ¡ð¡ñ¡¤¡¤
¡ð¡ñ¡ð¡ð¡ð¡ñ¡ñ¡¤
¡ð¡¤¡ñ¡ñ¡ð¡¤¡¤¡¤
¡¤¡¤¡ð¡ð¡ð¡ð¡¤¡¤
step: 39  col: 1  B: 26 W: 17
18 dep:4, cnt:1566, tl:1, pv:[<0,6>:3.02,<5,7>:3.24,<7,1>:3.02]
46 dep:5, cnt:4934, tl:2, pv:[<0,6>:5.73,<7,1>:5.73]
99 dep:6, cnt:7141, tl:2, pv:[<0,6>:4.57,<6,5>:3.95,<7,1>:4.26]
257 dep:7, cnt:41222, tl:13, pv:[<5,7>:7.95]
669 dep:8, cnt:80851, tl:23, pv:[<5,7>:4.90]
3408 dep:9, cnt:380229, tl:62, pv:[<5,7>:2.85,<1,7>:3.26]
9598 dep:10, cnt:759598, tl:120, pv:[<1,7>:4.66,<7,1>:3.93]
47787 dep:11, cnt:3837910, tl:575, pv:[<1,7>:4.18]
final tl:799
m 1 7
board 0xc62284c0a0528 0x3c111d173374f810 col 0
¡¤¡¤¡¤¡ñ¡ð¡ñ¡¤¡¤
¡ñ¡¤¡ñ¡ð¡ð¡ð¡ð¡ð
¡¤¡ñ¡ð¡ñ¡ð¡ð¡ð¡¤
¡ð¡ð¡ñ¡ñ¡ð¡ð¡ñ¡¤
¡ð¡ð¡ð¡ñ¡ð¡ñ¡¤¡¤
¡ð¡ñ¡ð¡ð¡ð¡ñ¡ñ¡¤
¡ð¡¤¡ñ¡ñ¡ð¡¤¡¤¡¤
¡¤¡¤¡ð¡ð¡ð¡ð¡¤¡¤
step: 40  col: 0  B: 16 W: 28
10 dep:4, cnt:1140, tl:1, pv:[<6,5>:-3.17]
26 dep:5, cnt:1060, tl:0, pv:[<6,5>:-2.61]
84 dep:6, cnt:4882, tl:1, pv:[<6,5>:-6.42]
105 dep:7, cnt:9544, tl:1, pv:[<6,5>:-3.28,<0,7>:-3.28]
537 dep:8, cnt:56658, tl:10, pv:[<6,5>:-3.87,<0,7>:-3.26]
1299 dep:9, cnt:103343, tl:18, pv:[<6,5>:-4.66]
5750 dep:10, cnt:384758, tl:62, pv:[<6,5>:-4.18]
14660 dep:11, cnt:1181387, tl:183, pv:[<0,7>:-7.11]
45639 dep:12, cnt:3021763, tl:472, pv:[<0,7>:-2.22]
final tl:748
m 0 7
board 0x3c111d172354b810 0xc62285c2a45a8 col 1
¡¤¡¤¡¤¡ñ¡ð¡ñ¡¤¡ñ
¡ñ¡¤¡ñ¡ð¡ð¡ð¡ñ¡ð
¡¤¡ñ¡ð¡ñ¡ð¡ñ¡ð¡¤
¡ð¡ð¡ñ¡ñ¡ñ¡ð¡ñ¡¤
¡ð¡ð¡ð¡ñ¡ð¡ñ¡¤¡¤
¡ð¡ñ¡ð¡ð¡ð¡ñ¡ñ¡¤
¡ð¡¤¡ñ¡ñ¡ð¡¤¡¤¡¤
¡¤¡¤¡ð¡ð¡ð¡ð¡¤¡¤
step: 41  col: 1  B: 25 W: 20
3 dep:4, cnt:386, tl:0, pv:[<0,6>:3.62]
13 dep:5, cnt:1743, tl:0, pv:[<0,6>:8.32]
50 dep:6, cnt:2997, tl:1, pv:[<0,6>:3.28]
101 dep:7, cnt:14303, tl:2, pv:[<0,6>:3.26]
249 dep:8, cnt:25208, tl:4, pv:[<0,6>:6.48]
1062 dep:9, cnt:119099, tl:17, pv:[<0,6>:5.85]
3567 dep:10, cnt:266982, tl:41, pv:[<0,6>:7.11]
13889 dep:11, cnt:1064194, tl:162, pv:[<0,6>:2.22]
43022 dep:12, cnt:2853370, tl:463, pv:[<0,6>:7.04]
final tl:690
m 0 6
board 0xc62285c2a0588 0x3c111d172354f870 col 0
¡¤¡¤¡¤¡ñ¡ð¡ð¡ð¡ñ
¡ñ¡¤¡ñ¡ð¡ð¡ð¡ð¡ð
¡¤¡ñ¡ð¡ñ¡ð¡ñ¡ð¡¤
¡ð¡ð¡ñ¡ñ¡ñ¡ð¡ñ¡¤
¡ð¡ð¡ð¡ñ¡ð¡ñ¡¤¡¤
¡ð¡ñ¡ð¡ð¡ð¡ñ¡ñ¡¤
¡ð¡¤¡ñ¡ñ¡ð¡¤¡¤¡¤
¡¤¡¤¡ð¡ð¡ð¡ð¡¤¡¤
step: 42  col: 0  B: 18 W: 28
6 dep:4, cnt:850, tl:0, pv:[<6,5>:-8.32]
33 dep:5, cnt:973, tl:0, pv:[<6,5>:-3.28]
38 dep:6, cnt:3483, tl:1, pv:[<6,5>:-3.87,<2,7>:-3.26]
82 dep:7, cnt:7498, tl:1, pv:[<2,7>:-6.48,<6,5>:-6.48]
258 dep:8, cnt:25352, tl:4, pv:[<2,7>:-5.90,<6,5>:-5.85]
593 dep:9, cnt:59222, tl:10, pv:[<2,7>:-7.11]
1505 dep:10, cnt:123159, tl:20, pv:[<2,7>:-2.22]
5396 dep:11, cnt:416678, tl:64, pv:[<2,7>:-7.04]
17419 dep:12, cnt:1158640, tl:199, pv:[<2,7>:-5.72]
41172 dep:13, cnt:3327480, tl:554, pv:[<2,7>:-8.00]
final tl:854
m 2 7
board 0x3c111d1723147870 0xc62285cea8588 col 1
¡¤¡¤¡¤¡ñ¡ð¡ð¡ð¡ñ
¡ñ¡¤¡ñ¡ð¡ð¡ð¡ð¡ñ
¡¤¡ñ¡ð¡ñ¡ð¡ñ¡ñ¡ñ
¡ð¡ð¡ñ¡ñ¡ñ¡ð¡ñ¡¤
¡ð¡ð¡ð¡ñ¡ð¡ñ¡¤¡¤
¡ð¡ñ¡ð¡ð¡ð¡ñ¡ñ¡¤
¡ð¡¤¡ñ¡ñ¡ð¡¤¡¤¡¤
¡¤¡¤¡ð¡ð¡ð¡ð¡¤¡¤
step: 43  col: 1  B: 26 W: 21
9 dep:4, cnt:736, tl:0, pv:[<5,7>:4.43,<6,5>:3.99]
11 dep:5, cnt:1497, tl:0, pv:[<5,7>:3.26,<7,1>:2.52]
34 dep:6, cnt:2830, tl:1, pv:[<3,7>:6.48,<7,1>:6.48]
74 dep:7, cnt:9869, tl:1, pv:[<3,7>:5.90,<7,1>:5.90]
263 dep:8, cnt:28355, tl:5, pv:[<3,7>:6.42,<5,7>:7.11,<6,6>:6.49]
952 dep:9, cnt:87265, tl:15, pv:[<5,7>:2.22,<6,5>:1.59,<6,6>:1.80]
3470 dep:10, cnt:258750, tl:43, pv:[<5,7>:6.95,<3,7>:6.38,<6,5>:6.35,<6,6>:7.04,<7,1>:6.38]
9748 dep:11, cnt:686600, tl:110, pv:[<6,6>:5.72]
28879 dep:12, cnt:2317939, tl:375, pv:[<3,7>:8.00,<7,1>:8.00]
final tl:550
m 7 1
board 0x862285cea8588 0x3e151d1723147870 col 0
¡¤¡¤¡¤¡ñ¡ð¡ð¡ð¡ñ
¡ñ¡¤¡ñ¡ð¡ð¡ð¡ð¡ñ
¡¤¡ñ¡ð¡ñ¡ð¡ñ¡ñ¡ñ
¡ð¡ð¡ñ¡ñ¡ñ¡ð¡ñ¡¤
¡ð¡ð¡ð¡ñ¡ð¡ñ¡¤¡¤
¡ð¡ñ¡ð¡ð¡ð¡ñ¡ñ¡¤
¡ð¡¤¡ð¡ñ¡ð¡¤¡¤¡¤
¡¤¡ð¡ð¡ð¡ð¡ð¡¤¡¤
step: 44  col: 0  B: 20 W: 28
4 dep:4, cnt:258, tl:0, pv:[<6,5>:-2.52]
15 dep:5, cnt:363, tl:0, pv:[<6,5>:-6.48]
21 dep:6, cnt:1091, tl:0, pv:[<6,5>:-5.90]
44 dep:7, cnt:2346, tl:1, pv:[<6,5>:-4.50]
68 dep:8, cnt:6135, tl:1, pv:[<6,5>:0.47]
302 dep:9, cnt:18659, tl:5, pv:[<6,5>:-6.38]
910 dep:10, cnt:46522, tl:11, pv:[<6,5>:-0.39]
2318 dep:11, cnt:173551, tl:29, pv:[<6,5>:-8.00]
6099 dep:12, cnt:338529, tl:53, pv:[<6,5>:-8.00]
18881 dep:13, cnt:829762, tl:130, pv:[<6,5>:-8.00]
final tl:947
m 6 5
board 0x3e050d1723147870 0x3872285cea8588 col 1
¡¤¡¤¡¤¡ñ¡ð¡ð¡ð¡ñ
¡ñ¡¤¡ñ¡ð¡ð¡ð¡ð¡ñ
¡¤¡ñ¡ð¡ñ¡ð¡ñ¡ñ¡ñ
¡ð¡ð¡ñ¡ñ¡ñ¡ð¡ñ¡¤
¡ð¡ð¡ð¡ñ¡ð¡ñ¡¤¡¤
¡ð¡ñ¡ð¡ð¡ñ¡ñ¡ñ¡¤
¡ð¡¤¡ð¡ñ¡ñ¡ñ¡¤¡¤
¡¤¡ð¡ð¡ð¡ð¡ð¡¤¡¤
step: 45  col: 1  B: 26 W: 23
5 dep:4, cnt:392, tl:0, pv:[<3,7>:6.48]
15 dep:5, cnt:931, tl:0, pv:[<3,7>:5.90]
29 dep:6, cnt:1611, tl:0, pv:[<3,7>:4.50]
42 dep:7, cnt:5389, tl:1, pv:[<3,7>:-0.47,<6,1>:-0.47]
164 dep:8, cnt:13525, tl:3, pv:[<3,7>:6.38]
754 dep:9, cnt:42325, tl:7, pv:[<3,7>:0.39,<6,1>:0.39,<6,6>:0.17]
1790 dep:10, cnt:148935, tl:24, pv:[<3,7>:8.00,<6,1>:8.00]
5708 dep:11, cnt:322032, tl:51, pv:[<3,7>:8.00,<6,1>:8.00]
16121 dep:12, cnt:654261, tl:135, pv:[<3,7>:8.00,<6,1>:8.00]
final tl:943
m 3 7
board 0x3872281caa8588 0x3e050d17e3547870 col 0
¡¤¡¤¡¤¡ñ¡ð¡ð¡ð¡ñ
¡ñ¡¤¡ñ¡ð¡ð¡ð¡ð¡ñ
¡¤¡ñ¡ð¡ñ¡ð¡ñ¡ð¡ñ
¡ð¡ð¡ñ¡ñ¡ñ¡ð¡ð¡ð
¡ð¡ð¡ð¡ñ¡ð¡ñ¡¤¡¤
¡ð¡ñ¡ð¡ð¡ñ¡ñ¡ñ¡¤
¡ð¡¤¡ð¡ñ¡ñ¡ñ¡¤¡¤
¡¤¡ð¡ð¡ð¡ð¡ð¡¤¡¤
step: 46  col: 0  B: 21 W: 29
6 dep:4, cnt:275, tl:0, pv:[<1,1>:-5.90,<4,7>:-6.06]
13 dep:5, cnt:352, tl:0, pv:[<4,7>:-4.50]
9 dep:6, cnt:570, tl:0, pv:[<4,7>:0.47]
25 dep:7, cnt:2662, tl:1, pv:[<4,7>:-6.38,<1,1>:-6.98]
180 dep:8, cnt:8263, tl:2, pv:[<4,7>:-0.39,<1,1>:-1.01]
442 dep:9, cnt:40597, tl:7, pv:[<4,7>:-8.00,<1,1>:-8.00]
1033 dep:10, cnt:51767, tl:8, pv:[<4,7>:-8.00,<1,1>:-8.00]
3311 dep:11, cnt:115403, tl:20, pv:[<4,7>:-8.00,<1,1>:-8.00]
7101 dep:12, cnt:878745, tl:135, pv:[<4,7>:-8.00,<1,1>:-8.00]
9410 dep:13, cnt:950943, tl:161, pv:[<4,7>:-8.00,<1,1>:-8.00]
22096 dep:14, cnt:1256853, tl:209, pv:[<4,7>:-8.00,<1,1>:-8.00]
final tl:545
m 1 1
board 0x3e050d17e3507870 0x3872281cae8788 col 1
¡¤¡¤¡¤¡ñ¡ð¡ð¡ð¡ñ
¡ñ¡ñ¡ñ¡ð¡ð¡ð¡ð¡ñ
¡¤¡ñ¡ñ¡ñ¡ð¡ñ¡ð¡ñ
¡ð¡ð¡ñ¡ñ¡ñ¡ð¡ð¡ð
¡ð¡ð¡ð¡ñ¡ð¡ñ¡¤¡¤
¡ð¡ñ¡ð¡ð¡ñ¡ñ¡ñ¡¤
¡ð¡¤¡ð¡ñ¡ñ¡ñ¡¤¡¤
¡¤¡ð¡ð¡ð¡ð¡ð¡¤¡¤
step: 47  col: 1  B: 28 W: 23
5 dep:4, cnt:308, tl:0, pv:[<4,6>:5.90]
25 dep:5, cnt:1128, tl:0, pv:[<4,6>:4.13]
23 dep:6, cnt:1523, tl:1, pv:[<6,6>:6.98]
45 dep:7, cnt:3712, tl:1, pv:[<6,6>:1.01,<6,1>:0.39]
196 dep:8, cnt:27595, tl:6, pv:[<6,6>:8.00,<4,6>:8.00,<5,7>:8.00]
537 dep:9, cnt:38506, tl:8, pv:[<6,6>:8.00,<4,6>:8.00,<5,7>:8.00]
1540 dep:10, cnt:65790, tl:11, pv:[<6,6>:8.00,<4,6>:8.00,<5,7>:8.00]
3896 dep:11, cnt:557140, tl:79, pv:[<6,6>:8.00,<4,6>:8.00,<5,7>:8.00]
4111 dep:12, cnt:580437, tl:81, pv:[<6,6>:8.00,<4,6>:8.00,<5,7>:8.00]
9481 dep:13, cnt:720579, tl:104, pv:[<6,6>:8.00,<4,6>:8.00,<5,7>:8.00]
final tl:340
m 4 6
board 0x2852081cae8788 0x3e152d77e3507870 col 0
¡¤¡¤¡¤¡ñ¡ð¡ð¡ð¡ñ
¡ñ¡ñ¡ñ¡ð¡ð¡ð¡ð¡ñ
¡¤¡ñ¡ñ¡ñ¡ð¡ñ¡ð¡ñ
¡ð¡ð¡ñ¡ñ¡ñ¡ð¡ð¡ð
¡ð¡ð¡ð¡ñ¡ð¡ð¡ð¡¤
¡ð¡ñ¡ð¡ð¡ñ¡ð¡ñ¡¤
¡ð¡¤¡ð¡ñ¡ð¡ñ¡¤¡¤
¡¤¡ð¡ð¡ð¡ð¡ð¡¤¡¤
step: 48  col: 0  B: 20 W: 32
dep:12, cnt:16797, tl:8, pv:[<6,6>:-8.00]
m 6 6
board 0x3e150d67e3507870 0x6872181cae8788 col 1
¡¤¡¤¡¤¡ñ¡ð¡ð¡ð¡ñ
¡ñ¡ñ¡ñ¡ð¡ð¡ð¡ð¡ñ
¡¤¡ñ¡ñ¡ñ¡ð¡ñ¡ð¡ñ
¡ð¡ð¡ñ¡ñ¡ñ¡ð¡ð¡ð
¡ð¡ð¡ð¡ñ¡ñ¡ð¡ð¡¤
¡ð¡ñ¡ð¡ð¡ñ¡ñ¡ñ¡¤
¡ð¡¤¡ð¡ñ¡ð¡ñ¡ñ¡¤
¡¤¡ð¡ð¡ð¡ð¡ð¡¤¡¤
step: 49  col: 1  B: 30 W: 23
dep:11, cnt:11750, tl:5, pv:[<4,7>:8.00]
m 4 7
board 0x4832181cae8788 0x3e354de7e3507870 col 0
¡¤¡¤¡¤¡ñ¡ð¡ð¡ð¡ñ
¡ñ¡ñ¡ñ¡ð¡ð¡ð¡ð¡ñ
¡¤¡ñ¡ñ¡ñ¡ð¡ñ¡ð¡ñ
¡ð¡ð¡ñ¡ñ¡ñ¡ð¡ð¡ð
¡ð¡ð¡ð¡ñ¡ñ¡ð¡ð¡ð
¡ð¡ñ¡ð¡ð¡ñ¡ñ¡ð¡¤
¡ð¡¤¡ð¡ñ¡ð¡ð¡ñ¡¤
¡¤¡ð¡ð¡ð¡ð¡ð¡¤¡¤
step: 50  col: 0  B: 21 W: 33
dep:10, cnt:4562, tl:1, pv:[<5,7>:-8.00,<6,7>:-8.00]
m 6 7
board 0x3e350dc7e3507870 0xc872381cae8788 col 1
¡¤¡¤¡¤¡ñ¡ð¡ð¡ð¡ñ
¡ñ¡ñ¡ñ¡ð¡ð¡ð¡ð¡ñ
¡¤¡ñ¡ñ¡ñ¡ð¡ñ¡ð¡ñ
¡ð¡ð¡ñ¡ñ¡ñ¡ð¡ð¡ð
¡ð¡ð¡ð¡ñ¡ñ¡ñ¡ð¡ð
¡ð¡ñ¡ð¡ð¡ñ¡ñ¡ñ¡¤
¡ð¡¤¡ð¡ñ¡ð¡ð¡ñ¡ñ
¡¤¡ð¡ð¡ð¡ð¡ð¡¤¡¤
step: 51  col: 1  B: 31 W: 24
dep:9, cnt:1185, tl:1, pv:[<5,7>:8.00]
m 5 7
board 0x8802381cae8788 0x3e75fdc7e3507870 col 0
¡¤¡¤¡¤¡ñ¡ð¡ð¡ð¡ñ
¡ñ¡ñ¡ñ¡ð¡ð¡ð¡ð¡ñ
¡¤¡ñ¡ñ¡ñ¡ð¡ñ¡ð¡ñ
¡ð¡ð¡ñ¡ñ¡ñ¡ð¡ð¡ð
¡ð¡ð¡ð¡ñ¡ñ¡ñ¡ð¡ð
¡ð¡ñ¡ð¡ð¡ð¡ð¡ð¡ð
¡ð¡¤¡ð¡ñ¡ð¡ð¡ð¡ñ
¡¤¡ð¡ð¡ð¡ð¡ð¡¤¡¤
step: 52  col: 0  B: 20 W: 36
dep:8, cnt:466, tl:0, pv:[<7,7>:-8.00]
m 7 7
board 0x3e35ddc7e3507870 0x80c822381cae8788 col 1
¡¤¡¤¡¤¡ñ¡ð¡ð¡ð¡ñ
¡ñ¡ñ¡ñ¡ð¡ð¡ð¡ð¡ñ
¡¤¡ñ¡ñ¡ñ¡ð¡ñ¡ð¡ñ
¡ð¡ð¡ñ¡ñ¡ñ¡ð¡ð¡ð
¡ð¡ð¡ð¡ñ¡ñ¡ñ¡ð¡ð
¡ð¡ñ¡ð¡ð¡ð¡ñ¡ð¡ð
¡ð¡¤¡ð¡ñ¡ð¡ð¡ñ¡ñ
¡¤¡ð¡ð¡ð¡ð¡ð¡¤¡ñ
step: 53  col: 1  B: 34 W: 23
dep:7, cnt:190, tl:0, pv:[<2,0>:8.00,<7,6>:8.00]
m 7 6
board 0x808822381cae8788 0x7e75ddc7e3507870 col 0
¡¤¡¤¡¤¡ñ¡ð¡ð¡ð¡ñ
¡ñ¡ñ¡ñ¡ð¡ð¡ð¡ð¡ñ
¡¤¡ñ¡ñ¡ñ¡ð¡ñ¡ð¡ñ
¡ð¡ð¡ñ¡ñ¡ñ¡ð¡ð¡ð
¡ð¡ð¡ð¡ñ¡ñ¡ñ¡ð¡ð
¡ð¡ñ¡ð¡ð¡ð¡ñ¡ð¡ð
¡ð¡¤¡ð¡ñ¡ð¡ð¡ð¡ñ
¡¤¡ð¡ð¡ð¡ð¡ð¡ð¡ñ
step: 54  col: 0  B: 22 W: 36
dep:6, cnt:46, tl:0, pv:[<7,0>:-8.00]
m 7 0
board 0x75ddc7e3507870 0xff8822381cae8788 col 1
¡¤¡¤¡¤¡ñ¡ð¡ð¡ð¡ñ
¡ñ¡ñ¡ñ¡ð¡ð¡ð¡ð¡ñ
¡¤¡ñ¡ñ¡ñ¡ð¡ñ¡ð¡ñ
¡ð¡ð¡ñ¡ñ¡ñ¡ð¡ð¡ð
¡ð¡ð¡ð¡ñ¡ñ¡ñ¡ð¡ð
¡ð¡ñ¡ð¡ð¡ð¡ñ¡ð¡ð
¡ð¡¤¡ð¡ñ¡ð¡ð¡ð¡ñ
¡ñ¡ñ¡ñ¡ñ¡ñ¡ñ¡ñ¡ñ
step: 55  col: 1  B: 30 W: 29
dep:5, cnt:22, tl:0, pv:[<2,0>:8.00]
m 2 0
board 0xff8822381ca08788 0x75ddc7e35f7870 col 0
¡¤¡¤¡¤¡ñ¡ð¡ð¡ð¡ñ
¡ñ¡ñ¡ñ¡ð¡ð¡ð¡ð¡ñ
¡ð¡ð¡ð¡ð¡ð¡ñ¡ð¡ñ
¡ð¡ð¡ñ¡ñ¡ñ¡ð¡ð¡ð
¡ð¡ð¡ð¡ñ¡ñ¡ñ¡ð¡ð
¡ð¡ñ¡ð¡ð¡ð¡ñ¡ð¡ð
¡ð¡¤¡ð¡ñ¡ð¡ð¡ð¡ñ
¡ñ¡ñ¡ñ¡ñ¡ñ¡ñ¡ñ¡ñ
step: 56  col: 0  B: 26 W: 34
dep:4, cnt:3, tl:0, pv:[<6,1>:-8.00]
m 6 1
board 0x71d9c7e35f7870 0xff8e26381ca08788 col 1
¡¤¡¤¡¤¡ñ¡ð¡ð¡ð¡ñ
¡ñ¡ñ¡ñ¡ð¡ð¡ð¡ð¡ñ
¡ð¡ð¡ð¡ð¡ð¡ñ¡ð¡ñ
¡ð¡ð¡ñ¡ñ¡ñ¡ð¡ð¡ð
¡ð¡ð¡ð¡ñ¡ñ¡ñ¡ð¡ð
¡ð¡ñ¡ñ¡ð¡ð¡ñ¡ð¡ð
¡ð¡ñ¡ñ¡ñ¡ð¡ð¡ð¡ñ
¡ñ¡ñ¡ñ¡ñ¡ñ¡ñ¡ñ¡ñ
step: 57  col: 1  B: 32 W: 29
dep:3, cnt:5, tl:0, pv:[<0,0>:8.00]
m 0 0
board 0xff8e26381ca08488 0x71d9c7e35f7b71 col 0
¡ð¡¤¡¤¡ñ¡ð¡ð¡ð¡ñ
¡ð¡ð¡ñ¡ð¡ð¡ð¡ð¡ñ
¡ð¡ð¡ð¡ð¡ð¡ñ¡ð¡ñ
¡ð¡ð¡ñ¡ñ¡ñ¡ð¡ð¡ð
¡ð¡ð¡ð¡ñ¡ñ¡ñ¡ð¡ð
¡ð¡ñ¡ñ¡ð¡ð¡ñ¡ð¡ð
¡ð¡ñ¡ñ¡ñ¡ð¡ð¡ð¡ñ
¡ñ¡ñ¡ñ¡ñ¡ñ¡ñ¡ñ¡ñ
step: 58  col: 0  B: 27 W: 35
dep:2, cnt:1, tl:0, pv:[<0,1>:-8.00]
m 0 1
board 0x71d9c5e15d7971 0xff8e263a1ea2868a col 1
¡ð¡ñ¡¤¡ñ¡ð¡ð¡ð¡ñ
¡ð¡ñ¡ñ¡ð¡ð¡ð¡ð¡ñ
¡ð¡ñ¡ð¡ð¡ð¡ñ¡ð¡ñ
¡ð¡ñ¡ñ¡ñ¡ñ¡ð¡ð¡ð
¡ð¡ñ¡ð¡ñ¡ñ¡ñ¡ð¡ð
¡ð¡ñ¡ñ¡ð¡ð¡ñ¡ð¡ð
¡ð¡ñ¡ñ¡ñ¡ð¡ð¡ð¡ñ
¡ñ¡ñ¡ñ¡ñ¡ñ¡ñ¡ñ¡ñ
step: 59  col: 1  B: 31 W: 32
dep:1, cnt:1, tl:0, pv:[<0,2>:8.00]
m 0 2
board 0x71d9c5e15d7f7f 0xff8e263a1ea28080 col 1
¡ð¡ð¡ð¡ð¡ð¡ð¡ð¡ñ
¡ð¡ð¡ð¡ð¡ð¡ð¡ð¡ñ
¡ð¡ñ¡ð¡ð¡ð¡ñ¡ð¡ñ
¡ð¡ñ¡ñ¡ñ¡ñ¡ð¡ð¡ð
¡ð¡ñ¡ð¡ñ¡ñ¡ñ¡ð¡ð
¡ð¡ñ¡ñ¡ð¡ð¡ñ¡ð¡ð
¡ð¡ñ¡ñ¡ñ¡ð¡ð¡ð¡ñ
¡ñ¡ñ¡ñ¡ñ¡ñ¡ñ¡ñ¡ñ
step: 60  col: 1  B: 36 W: 28
white win
