Program start at  Mon Feb 15 15:47:43 2021
Game start at Mon Feb 15 15:47:47 2021
black mode: 2 , white mode: 1
dep:4, cnt:174, tl:0, pv:[<2,3>:-0.28,<3,2>:-0.28,<4,5>:-0.28,<5,4>:-0.28]
dep:5, cnt:805, tl:0, pv:[<2,3>:-2.03,<3,2>:-2.03,<4,5>:-2.03,<5,4>:-2.03]
dep:6, cnt:1965, tl:1, pv:[<2,3>:0.81,<3,2>:0.81,<4,5>:0.81,<5,4>:0.81]
dep:7, cnt:9723, tl:5, pv:[<2,3>:-0.83,<3,2>:-0.83,<4,5>:-0.83,<5,4>:-0.83]
dep:8, cnt:26579, tl:15, pv:[<2,3>:1.74,<3,2>:1.74,<4,5>:1.74,<5,4>:1.74]
m 3 2
board 0x81c000000 0x1000000000 col 1
¡¤¡¤¡¤¡¤¡¤¡¤¡¤¡¤
¡¤¡¤¡¤¡¤¡¤¡¤¡¤¡¤
¡¤¡¤¡¤¡¤¡¤¡¤¡¤¡¤
¡¤¡¤¡ñ¡ñ¡ñ¡¤¡¤¡¤
¡¤¡¤¡¤¡ñ¡ð¡¤¡¤¡¤
¡¤¡¤¡¤¡¤¡¤¡¤¡¤¡¤
¡¤¡¤¡¤¡¤¡¤¡¤¡¤¡¤
¡¤¡¤¡¤¡¤¡¤¡¤¡¤¡¤
step: 1  col: 1  B: 4 W: 1
dep:4, cnt:240, tl:0, pv:[<2,4>:2.03]
dep:5, cnt:1116, tl:1, pv:[<2,4>:-0.81]
dep:6, cnt:4028, tl:2, pv:[<2,4>:0.83]
dep:7, cnt:18335, tl:9, pv:[<2,4>:-1.74]
dep:8, cnt:57035, tl:32, pv:[<2,4>:-0.32]
m 2 4
board 0x80c000000 0x1010100000 col 0
¡¤¡¤¡¤¡¤¡¤¡¤¡¤¡¤
¡¤¡¤¡¤¡¤¡¤¡¤¡¤¡¤
¡¤¡¤¡¤¡¤¡ð¡¤¡¤¡¤
¡¤¡¤¡ñ¡ñ¡ð¡¤¡¤¡¤
¡¤¡¤¡¤¡ñ¡ð¡¤¡¤¡¤
¡¤¡¤¡¤¡¤¡¤¡¤¡¤¡¤
¡¤¡¤¡¤¡¤¡¤¡¤¡¤¡¤
¡¤¡¤¡¤¡¤¡¤¡¤¡¤¡¤
step: 2  col: 0  B: 3 W: 3
dep:4, cnt:525, tl:0, pv:[<5,5>:0.81]
dep:5, cnt:2280, tl:1, pv:[<4,5>:-0.83]
dep:6, cnt:9307, tl:2, pv:[<5,5>:1.74]
dep:7, cnt:29198, tl:6, pv:[<5,5>:0.32]
dep:8, cnt:119119, tl:24, pv:[<5,5>:1.49]
m 5 5
board 0x20180c000000 0x10100000 col 1
¡¤¡¤¡¤¡¤¡¤¡¤¡¤¡¤
¡¤¡¤¡¤¡¤¡¤¡¤¡¤¡¤
¡¤¡¤¡¤¡¤¡ð¡¤¡¤¡¤
¡¤¡¤¡ñ¡ñ¡ð¡¤¡¤¡¤
¡¤¡¤¡¤¡ñ¡ñ¡¤¡¤¡¤
¡¤¡¤¡¤¡¤¡¤¡ñ¡¤¡¤
¡¤¡¤¡¤¡¤¡¤¡¤¡¤¡¤
¡¤¡¤¡¤¡¤¡¤¡¤¡¤¡¤
step: 3  col: 1  B: 5 W: 2
dep:4, cnt:689, tl:0, pv:[<4,2>:0.85]
dep:5, cnt:2580, tl:0, pv:[<4,2>:-1.74]
dep:6, cnt:10973, tl:2, pv:[<5,4>:-0.32]
dep:7, cnt:34837, tl:5, pv:[<5,4>:-1.49]
dep:8, cnt:153262, tl:24, pv:[<5,4>:0.44]
m 5 4
board 0x20080c000000 0x101010100000 col 0
¡¤¡¤¡¤¡¤¡¤¡¤¡¤¡¤
¡¤¡¤¡¤¡¤¡¤¡¤¡¤¡¤
¡¤¡¤¡¤¡¤¡ð¡¤¡¤¡¤
¡¤¡¤¡ñ¡ñ¡ð¡¤¡¤¡¤
¡¤¡¤¡¤¡ñ¡ð¡¤¡¤¡¤
¡¤¡¤¡¤¡¤¡ð¡ñ¡¤¡¤
¡¤¡¤¡¤¡¤¡¤¡¤¡¤¡¤
¡¤¡¤¡¤¡¤¡¤¡¤¡¤¡¤
step: 4  col: 0  B: 4 W: 4
dep:4, cnt:872, tl:0, pv:[<4,5>:3.10]
dep:5, cnt:3560, tl:1, pv:[<4,5>:0.32]
dep:6, cnt:13711, tl:3, pv:[<4,5>:1.49]
dep:7, cnt:53912, tl:12, pv:[<4,5>:-0.44]
dep:8, cnt:205691, tl:34, pv:[<4,5>:-0.41]
m 4 5
board 0x20380c000000 0x100010100000 col 1
¡¤¡¤¡¤¡¤¡¤¡¤¡¤¡¤
¡¤¡¤¡¤¡¤¡¤¡¤¡¤¡¤
¡¤¡¤¡¤¡¤¡ð¡¤¡¤¡¤
¡¤¡¤¡ñ¡ñ¡ð¡¤¡¤¡¤
¡¤¡¤¡¤¡ñ¡ñ¡ñ¡¤¡¤
¡¤¡¤¡¤¡¤¡ð¡ñ¡¤¡¤
¡¤¡¤¡¤¡¤¡¤¡¤¡¤¡¤
¡¤¡¤¡¤¡¤¡¤¡¤¡¤¡¤
step: 5  col: 1  B: 6 W: 3
dep:4, cnt:1596, tl:1, pv:[<4,2>:-0.32]
dep:5, cnt:5629, tl:1, pv:[<4,2>:-1.49]
dep:6, cnt:24038, tl:5, pv:[<4,2>:0.44]
dep:7, cnt:95891, tl:19, pv:[<4,2>:0.41]
dep:8, cnt:436099, tl:67, pv:[<4,2>:-1.45]
m 4 2
board 0x203804000000 0x100418100000 col 0
¡¤¡¤¡¤¡¤¡¤¡¤¡¤¡¤
¡¤¡¤¡¤¡¤¡¤¡¤¡¤¡¤
¡¤¡¤¡¤¡¤¡ð¡¤¡¤¡¤
¡¤¡¤¡ñ¡ð¡ð¡¤¡¤¡¤
¡¤¡¤¡ð¡ñ¡ñ¡ñ¡¤¡¤
¡¤¡¤¡¤¡¤¡ð¡ñ¡¤¡¤
¡¤¡¤¡¤¡¤¡¤¡¤¡¤¡¤
¡¤¡¤¡¤¡¤¡¤¡¤¡¤¡¤
step: 6  col: 0  B: 5 W: 5
dep:4, cnt:1327, tl:0, pv:[<2,2>:1.49]
dep:5, cnt:9271, tl:3, pv:[<2,3>:-0.44]
dep:6, cnt:32413, tl:12, pv:[<3,5>:-0.41]
dep:7, cnt:151753, tl:33, pv:[<3,5>:1.45]
dep:8, cnt:453139, tl:72, pv:[<2,2>:-0.02]
m 2 2
board 0x20380c040000 0x100410100000 col 1
¡¤¡¤¡¤¡¤¡¤¡¤¡¤¡¤
¡¤¡¤¡¤¡¤¡¤¡¤¡¤¡¤
¡¤¡¤¡ñ¡¤¡ð¡¤¡¤¡¤
¡¤¡¤¡ñ¡ñ¡ð¡¤¡¤¡¤
¡¤¡¤¡ð¡ñ¡ñ¡ñ¡¤¡¤
¡¤¡¤¡¤¡¤¡ð¡ñ¡¤¡¤
¡¤¡¤¡¤¡¤¡¤¡¤¡¤¡¤
¡¤¡¤¡¤¡¤¡¤¡¤¡¤¡¤
step: 7  col: 1  B: 7 W: 4
dep:4, cnt:2332, tl:1, pv:[<5,2>:0.66]
dep:5, cnt:7405, tl:4, pv:[<3,1>:0.49]
dep:6, cnt:41778, tl:23, pv:[<5,2>:-0.90]
dep:7, cnt:134841, tl:28, pv:[<3,1>:0.02]
dep:8, cnt:586375, tl:92, pv:[<3,1>:-1.72]
m 3 1
board 0x203800040000 0x10041e100000 col 0
¡¤¡¤¡¤¡¤¡¤¡¤¡¤¡¤
¡¤¡¤¡¤¡¤¡¤¡¤¡¤¡¤
¡¤¡¤¡ñ¡¤¡ð¡¤¡¤¡¤
¡¤¡ð¡ð¡ð¡ð¡¤¡¤¡¤
¡¤¡¤¡ð¡ñ¡ñ¡ñ¡¤¡¤
¡¤¡¤¡¤¡¤¡ð¡ñ¡¤¡¤
¡¤¡¤¡¤¡¤¡¤¡¤¡¤¡¤
¡¤¡¤¡¤¡¤¡¤¡¤¡¤¡¤
step: 8  col: 0  B: 5 W: 7
dep:4, cnt:3240, tl:1, pv:[<5,3>:-0.49]
dep:5, cnt:16734, tl:5, pv:[<2,3>:1.31]
dep:6, cnt:56841, tl:16, pv:[<2,3>:-0.02]
dep:7, cnt:249010, tl:38, pv:[<2,3>:1.72]
dep:8, cnt:859602, tl:137, pv:[<2,3>:0.27]
m 2 3
board 0x2038180c0000 0x100406100000 col 1
¡¤¡¤¡¤¡¤¡¤¡¤¡¤¡¤
¡¤¡¤¡¤¡¤¡¤¡¤¡¤¡¤
¡¤¡¤¡ñ¡ñ¡ð¡¤¡¤¡¤
¡¤¡ð¡ð¡ñ¡ñ¡¤¡¤¡¤
¡¤¡¤¡ð¡ñ¡ñ¡ñ¡¤¡¤
¡¤¡¤¡¤¡¤¡ð¡ñ¡¤¡¤
¡¤¡¤¡¤¡¤¡¤¡¤¡¤¡¤
¡¤¡¤¡¤¡¤¡¤¡¤¡¤¡¤
step: 9  col: 1  B: 8 W: 5
dep:4, cnt:2007, tl:1, pv:[<3,5>:-1.31]
dep:5, cnt:8128, tl:1, pv:[<1,4>:0.02]
dep:6, cnt:33685, tl:8, pv:[<1,4>:-1.72]
dep:7, cnt:138091, tl:49, pv:[<1,2>:-0.27]
dep:8, cnt:404384, tl:69, pv:[<1,2>:0.27]
m 1 2
board 0x203818080000 0x100406140400 col 0
¡¤¡¤¡¤¡¤¡¤¡¤¡¤¡¤
¡¤¡¤¡ð¡¤¡¤¡¤¡¤¡¤
¡¤¡¤¡ð¡ñ¡ð¡¤¡¤¡¤
¡¤¡ð¡ð¡ñ¡ñ¡¤¡¤¡¤
¡¤¡¤¡ð¡ñ¡ñ¡ñ¡¤¡¤
¡¤¡¤¡¤¡¤¡ð¡ñ¡¤¡¤
¡¤¡¤¡¤¡¤¡¤¡¤¡¤¡¤
¡¤¡¤¡¤¡¤¡¤¡¤¡¤¡¤
step: 10  col: 0  B: 7 W: 7
dep:4, cnt:1765, tl:0, pv:[<2,5>:1.41]
dep:5, cnt:10878, tl:2, pv:[<2,5>:3.00]
dep:6, cnt:39359, tl:8, pv:[<2,5>:0.27]
dep:7, cnt:224513, tl:40, pv:[<5,3>:-0.27]
dep:8, cnt:706730, tl:131, pv:[<2,5>:-1.58]
m 2 5
board 0x203818380000 0x100406040400 col 1
¡¤¡¤¡¤¡¤¡¤¡¤¡¤¡¤
¡¤¡¤¡ð¡¤¡¤¡¤¡¤¡¤
¡¤¡¤¡ð¡ñ¡ñ¡ñ¡¤¡¤
¡¤¡ð¡ð¡ñ¡ñ¡¤¡¤¡¤
¡¤¡¤¡ð¡ñ¡ñ¡ñ¡¤¡¤
¡¤¡¤¡¤¡¤¡ð¡ñ¡¤¡¤
¡¤¡¤¡¤¡¤¡¤¡¤¡¤¡¤
¡¤¡¤¡¤¡¤¡¤¡¤¡¤¡¤
step: 11  col: 1  B: 9 W: 6
dep:4, cnt:2057, tl:1, pv:[<3,5>:-3.00]
dep:5, cnt:9621, tl:4, pv:[<3,5>:-0.27]
dep:6, cnt:40402, tl:20, pv:[<3,5>:1.56]
dep:7, cnt:173426, tl:41, pv:[<3,5>:1.58]
dep:8, cnt:715451, tl:106, pv:[<3,5>:0.29]
m 3 5
board 0x203800380000 0x10043e040400 col 0
¡¤¡¤¡¤¡¤¡¤¡¤¡¤¡¤
¡¤¡¤¡ð¡¤¡¤¡¤¡¤¡¤
¡¤¡¤¡ð¡ñ¡ñ¡ñ¡¤¡¤
¡¤¡ð¡ð¡ð¡ð¡ð¡¤¡¤
¡¤¡¤¡ð¡ñ¡ñ¡ñ¡¤¡¤
¡¤¡¤¡¤¡¤¡ð¡ñ¡¤¡¤
¡¤¡¤¡¤¡¤¡¤¡¤¡¤¡¤
¡¤¡¤¡¤¡¤¡¤¡¤¡¤¡¤
step: 12  col: 0  B: 7 W: 9
dep:4, cnt:3219, tl:2, pv:[<5,3>:0.27]
dep:5, cnt:12457, tl:4, pv:[<6,4>:-1.56]
dep:6, cnt:62083, tl:25, pv:[<5,3>:-1.58]
dep:7, cnt:223253, tl:64, pv:[<6,4>:-0.29]
dep:8, cnt:1113062, tl:169, pv:[<6,4>:-2.18]
m 6 4
board 0x10303800380000 0x43e040400 col 1
¡¤¡¤¡¤¡¤¡¤¡¤¡¤¡¤
¡¤¡¤¡ð¡¤¡¤¡¤¡¤¡¤
¡¤¡¤¡ð¡ñ¡ñ¡ñ¡¤¡¤
¡¤¡ð¡ð¡ð¡ð¡ð¡¤¡¤
¡¤¡¤¡ð¡ñ¡ñ¡ñ¡¤¡¤
¡¤¡¤¡¤¡¤¡ñ¡ñ¡¤¡¤
¡¤¡¤¡¤¡¤¡ñ¡¤¡¤¡¤
¡¤¡¤¡¤¡¤¡¤¡¤¡¤¡¤
step: 13  col: 1  B: 9 W: 8
dep:4, cnt:2570, tl:1, pv:[<5,3>:1.56]
dep:5, cnt:15964, tl:5, pv:[<1,4>:2.25]
dep:6, cnt:53928, tl:17, pv:[<5,3>:0.29]
dep:7, cnt:275386, tl:55, pv:[<5,3>:2.18]
dep:8, cnt:755939, tl:125, pv:[<1,3>:0.92,<5,3>:0.92]
m 5 3
board 0x10302000380000 0x81c3e040400 col 0
¡¤¡¤¡¤¡¤¡¤¡¤¡¤¡¤
¡¤¡¤¡ð¡¤¡¤¡¤¡¤¡¤
¡¤¡¤¡ð¡ñ¡ñ¡ñ¡¤¡¤
¡¤¡ð¡ð¡ð¡ð¡ð¡¤¡¤
¡¤¡¤¡ð¡ð¡ð¡ñ¡¤¡¤
¡¤¡¤¡¤¡ð¡ñ¡ñ¡¤¡¤
¡¤¡¤¡¤¡¤¡ñ¡¤¡¤¡¤
¡¤¡¤¡¤¡¤¡¤¡¤¡¤¡¤
step: 14  col: 0  B: 7 W: 11
dep:4, cnt:2885, tl:0, pv:[<5,2>:-1.62]
dep:5, cnt:14101, tl:2, pv:[<5,2>:-0.29]
dep:6, cnt:59392, tl:9, pv:[<5,2>:-2.18]
dep:7, cnt:230849, tl:37, pv:[<5,2>:-0.92]
dep:8, cnt:1101949, tl:175, pv:[<5,2>:-2.95]
m 5 2
board 0x103c2810380000 0x142e040400 col 1
¡¤¡¤¡¤¡¤¡¤¡¤¡¤¡¤
¡¤¡¤¡ð¡¤¡¤¡¤¡¤¡¤
¡¤¡¤¡ð¡ñ¡ñ¡ñ¡¤¡¤
¡¤¡ð¡ð¡ð¡ñ¡ð¡¤¡¤
¡¤¡¤¡ð¡ñ¡ð¡ñ¡¤¡¤
¡¤¡¤¡ñ¡ñ¡ñ¡ñ¡¤¡¤
¡¤¡¤¡¤¡¤¡ñ¡¤¡¤¡¤
¡¤¡¤¡¤¡¤¡¤¡¤¡¤¡¤
step: 15  col: 1  B: 11 W: 8
dep:4, cnt:4846, tl:3, pv:[<6,3>:0.29]
dep:5, cnt:23872, tl:8, pv:[<4,6>:2.18]
dep:6, cnt:90223, tl:22, pv:[<4,6>:0.92]
dep:7, cnt:454766, tl:83, pv:[<6,3>:2.95]
dep:8, cnt:2283892, tl:358, pv:[<6,3>:1.21]
m 6 3
board 0x10342010380000 0x8081c2e040400 col 0
¡¤¡¤¡¤¡¤¡¤¡¤¡¤¡¤
¡¤¡¤¡ð¡¤¡¤¡¤¡¤¡¤
¡¤¡¤¡ð¡ñ¡ñ¡ñ¡¤¡¤
¡¤¡ð¡ð¡ð¡ñ¡ð¡¤¡¤
¡¤¡¤¡ð¡ð¡ð¡ñ¡¤¡¤
¡¤¡¤¡ñ¡ð¡ñ¡ñ¡¤¡¤
¡¤¡¤¡¤¡ð¡ñ¡¤¡¤¡¤
¡¤¡¤¡¤¡¤¡¤¡¤¡¤¡¤
step: 16  col: 0  B: 9 W: 11
dep:4, cnt:4157, tl:1, pv:[<4,1>:-1.36]
dep:5, cnt:18598, tl:2, pv:[<4,1>:-0.52]
dep:6, cnt:107550, tl:18, pv:[<5,1>:-2.95]
dep:7, cnt:450162, tl:64, pv:[<4,1>:-1.21]
dep:8, cnt:2057925, tl:304, pv:[<5,1>:-3.31]
m 5 1
board 0x10362418380000 0x8081826040400 col 1
¡¤¡¤¡¤¡¤¡¤¡¤¡¤¡¤
¡¤¡¤¡ð¡¤¡¤¡¤¡¤¡¤
¡¤¡¤¡ð¡ñ¡ñ¡ñ¡¤¡¤
¡¤¡ð¡ð¡ñ¡ñ¡ð¡¤¡¤
¡¤¡¤¡ñ¡ð¡ð¡ñ¡¤¡¤
¡¤¡ñ¡ñ¡ð¡ñ¡ñ¡¤¡¤
¡¤¡¤¡¤¡ð¡ñ¡¤¡¤¡¤
¡¤¡¤¡¤¡¤¡¤¡¤¡¤¡¤
step: 17  col: 1  B: 12 W: 9
dep:4, cnt:4521, tl:1, pv:[<4,1>:1.61]
dep:5, cnt:26993, tl:9, pv:[<4,1>:2.95]
dep:6, cnt:172575, tl:35, pv:[<7,5>:1.72]
dep:7, cnt:655235, tl:116, pv:[<4,1>:3.31]
dep:8, cnt:2737530, tl:413, pv:[<7,5>:1.00]
m 7 5
board 0x362418380000 0x2018081826040400 col 0
¡¤¡¤¡¤¡¤¡¤¡¤¡¤¡¤
¡¤¡¤¡ð¡¤¡¤¡¤¡¤¡¤
¡¤¡¤¡ð¡ñ¡ñ¡ñ¡¤¡¤
¡¤¡ð¡ð¡ñ¡ñ¡ð¡¤¡¤
¡¤¡¤¡ñ¡ð¡ð¡ñ¡¤¡¤
¡¤¡ñ¡ñ¡ð¡ñ¡ñ¡¤¡¤
¡¤¡¤¡¤¡ð¡ð¡¤¡¤¡¤
¡¤¡¤¡¤¡¤¡¤¡ð¡¤¡¤
step: 18  col: 0  B: 11 W: 11
dep:4, cnt:3168, tl:1, pv:[<2,0>:-2.29]
dep:5, cnt:14680, tl:7, pv:[<3,6>:-1.72]
dep:6, cnt:59085, tl:28, pv:[<2,1>:-2.95]
dep:7, cnt:212919, tl:50, pv:[<2,0>:-1.00]
dep:8, cnt:768610, tl:114, pv:[<2,0>:-2.66]
m 2 0
board 0x36241a390000 0x2018081824040400 col 1
¡¤¡¤¡¤¡¤¡¤¡¤¡¤¡¤
¡¤¡¤¡ð¡¤¡¤¡¤¡¤¡¤
¡ñ¡¤¡ð¡ñ¡ñ¡ñ¡¤¡¤
¡¤¡ñ¡ð¡ñ¡ñ¡ð¡¤¡¤
¡¤¡¤¡ñ¡ð¡ð¡ñ¡¤¡¤
¡¤¡ñ¡ñ¡ð¡ñ¡ñ¡¤¡¤
¡¤¡¤¡¤¡ð¡ð¡¤¡¤¡¤
¡¤¡¤¡¤¡¤¡¤¡ð¡¤¡¤
step: 19  col: 1  B: 13 W: 10
dep:4, cnt:3335, tl:1, pv:[<1,3>:2.39]
dep:5, cnt:22277, tl:12, pv:[<1,3>:3.05]
dep:6, cnt:63492, tl:32, pv:[<1,3>:1.00]
dep:7, cnt:289703, tl:64, pv:[<1,3>:2.66]
dep:8, cnt:1028745, tl:161, pv:[<1,3>:-1.07]
m 1 3
board 0x362412210000 0x201808182c1c0c00 col 0
¡¤¡¤¡¤¡¤¡¤¡¤¡¤¡¤
¡¤¡¤¡ð¡ð¡¤¡¤¡¤¡¤
¡ñ¡¤¡ð¡ð¡ð¡ñ¡¤¡¤
¡¤¡ñ¡ð¡ð¡ñ¡ð¡¤¡¤
¡¤¡¤¡ñ¡ð¡ð¡ñ¡¤¡¤
¡¤¡ñ¡ñ¡ð¡ñ¡ñ¡¤¡¤
¡¤¡¤¡¤¡ð¡ð¡¤¡¤¡¤
¡¤¡¤¡¤¡¤¡¤¡ð¡¤¡¤
step: 20  col: 0  B: 10 W: 14
dep:4, cnt:3988, tl:0, pv:[<7,3>:-3.05]
dep:5, cnt:12914, tl:2, pv:[<3,6>:-1.00]
dep:6, cnt:66019, tl:10, pv:[<1,4>:-2.66]
dep:7, cnt:200346, tl:64, pv:[<1,4>:1.07]
dep:8, cnt:1110377, tl:171, pv:[<1,4>:-2.28]
m 1 4
board 0x362412311000 0x201808182c0c0c00 col 1
¡¤¡¤¡¤¡¤¡¤¡¤¡¤¡¤
¡¤¡¤¡ð¡ð¡ñ¡¤¡¤¡¤
¡ñ¡¤¡ð¡ð¡ñ¡ñ¡¤¡¤
¡¤¡ñ¡ð¡ð¡ñ¡ð¡¤¡¤
¡¤¡¤¡ñ¡ð¡ð¡ñ¡¤¡¤
¡¤¡ñ¡ñ¡ð¡ñ¡ñ¡¤¡¤
¡¤¡¤¡¤¡ð¡ð¡¤¡¤¡¤
¡¤¡¤¡¤¡¤¡¤¡ð¡¤¡¤
step: 21  col: 1  B: 12 W: 13
dep:4, cnt:2962, tl:1, pv:[<0,5>:1.21]
dep:5, cnt:15894, tl:4, pv:[<0,5>:2.66]
dep:6, cnt:51682, tl:15, pv:[<0,5>:-1.07]
dep:7, cnt:241049, tl:38, pv:[<0,5>:2.28]
dep:8, cnt:1311962, tl:211, pv:[<4,1>:0.88]
m 4 1
board 0x322012311000 0x20180c1e2c0c0c00 col 0
¡¤¡¤¡¤¡¤¡¤¡¤¡¤¡¤
¡¤¡¤¡ð¡ð¡ñ¡¤¡¤¡¤
¡ñ¡¤¡ð¡ð¡ñ¡ñ¡¤¡¤
¡¤¡ñ¡ð¡ð¡ñ¡ð¡¤¡¤
¡¤¡ð¡ð¡ð¡ð¡ñ¡¤¡¤
¡¤¡ñ¡ð¡ð¡ñ¡ñ¡¤¡¤
¡¤¡¤¡¤¡ð¡ð¡¤¡¤¡¤
¡¤¡¤¡¤¡¤¡¤¡ð¡¤¡¤
step: 22  col: 0  B: 10 W: 16
dep:4, cnt:1910, tl:1, pv:[<0,2>:0.86]
dep:5, cnt:9679, tl:1, pv:[<2,1>:3.35]
dep:6, cnt:65832, tl:10, pv:[<5,0>:-0.16]
dep:7, cnt:480533, tl:72, pv:[<2,1>:-0.88]
dep:8, cnt:1615818, tl:246, pv:[<7,3>:-0.85]
m 7 3
board 0x810322012311000 0x20080c1e2c0c0c00 col 1
¡¤¡¤¡¤¡¤¡¤¡¤¡¤¡¤
¡¤¡¤¡ð¡ð¡ñ¡¤¡¤¡¤
¡ñ¡¤¡ð¡ð¡ñ¡ñ¡¤¡¤
¡¤¡ñ¡ð¡ð¡ñ¡ð¡¤¡¤
¡¤¡ð¡ð¡ð¡ð¡ñ¡¤¡¤
¡¤¡ñ¡ð¡ð¡ñ¡ñ¡¤¡¤
¡¤¡¤¡¤¡ð¡ñ¡¤¡¤¡¤
¡¤¡¤¡¤¡ñ¡¤¡ð¡¤¡¤
step: 23  col: 1  B: 12 W: 15
dep:4, cnt:5840, tl:2, pv:[<7,4>:2.35]
dep:5, cnt:34688, tl:16, pv:[<7,4>:3.41]
dep:6, cnt:219505, tl:50, pv:[<7,4>:4.95]
dep:7, cnt:1056363, tl:170, pv:[<7,4>:0.85]
dep:8, cnt:5087901, tl:803, pv:[<3,6>:1.44]
m 3 6
board 0x810220012311000 0x20081c3e6c0c0c00 col 0
¡¤¡¤¡¤¡¤¡¤¡¤¡¤¡¤
¡¤¡¤¡ð¡ð¡ñ¡¤¡¤¡¤
¡ñ¡¤¡ð¡ð¡ñ¡ñ¡¤¡¤
¡¤¡ñ¡ð¡ð¡ñ¡ð¡ð¡¤
¡¤¡ð¡ð¡ð¡ð¡ð¡¤¡¤
¡¤¡ñ¡ð¡ð¡ð¡ñ¡¤¡¤
¡¤¡¤¡¤¡ð¡ñ¡¤¡¤¡¤
¡¤¡¤¡¤¡ñ¡¤¡ð¡¤¡¤
step: 24  col: 0  B: 10 W: 18
dep:4, cnt:3578, tl:1, pv:[<4,6>:-2.32]
dep:5, cnt:33286, tl:16, pv:[<2,1>:-2.47]
dep:6, cnt:105391, tl:26, pv:[<4,6>:0.68]
dep:7, cnt:755570, tl:118, pv:[<2,1>:-1.44]
dep:8, cnt:3844187, tl:591, pv:[<6,2>:-3.30]
m 6 2
board 0x81c220012311000 0x20001c3e6c0c0c00 col 1
¡¤¡¤¡¤¡¤¡¤¡¤¡¤¡¤
¡¤¡¤¡ð¡ð¡ñ¡¤¡¤¡¤
¡ñ¡¤¡ð¡ð¡ñ¡ñ¡¤¡¤
¡¤¡ñ¡ð¡ð¡ñ¡ð¡ð¡¤
¡¤¡ð¡ð¡ð¡ð¡ð¡¤¡¤
¡¤¡ñ¡ð¡ð¡ð¡ñ¡¤¡¤
¡¤¡¤¡ñ¡ñ¡ñ¡¤¡¤¡¤
¡¤¡¤¡¤¡ñ¡¤¡ð¡¤¡¤
step: 25  col: 1  B: 12 W: 17
dep:4, cnt:6933, tl:1, pv:[<5,6>:2.88]
dep:5, cnt:53650, tl:9, pv:[<5,6>:3.14]
dep:6, cnt:182744, tl:28, pv:[<3,0>:2.25]
dep:7, cnt:1242621, tl:187, pv:[<6,5>:3.30]
dep:8, cnt:3939794, tl:603, pv:[<3,0>:2.20]
m 3 0
board 0x81c220010311000 0x20001c3e6f0c0c00 col 0
¡¤¡¤¡¤¡¤¡¤¡¤¡¤¡¤
¡¤¡¤¡ð¡ð¡ñ¡¤¡¤¡¤
¡ñ¡¤¡ð¡ð¡ñ¡ñ¡¤¡¤
¡ð¡ð¡ð¡ð¡ñ¡ð¡ð¡¤
¡¤¡ð¡ð¡ð¡ð¡ð¡¤¡¤
¡¤¡ñ¡ð¡ð¡ð¡ñ¡¤¡¤
¡¤¡¤¡ñ¡ñ¡ñ¡¤¡¤¡¤
¡¤¡¤¡¤¡ñ¡¤¡ð¡¤¡¤
step: 26  col: 0  B: 11 W: 19
dep:4, cnt:4703, tl:2, pv:[<4,6>:-0.46]
dep:5, cnt:29215, tl:11, pv:[<4,0>:-2.25]
dep:6, cnt:98638, tl:27, pv:[<4,6>:-1.58]
dep:7, cnt:624803, tl:95, pv:[<4,6>:-2.20]
dep:8, cnt:1492457, tl:233, pv:[<4,6>:0.10]
m 4 6
board 0x81c224030311000 0x20001c3e4f0c0c00 col 1
¡¤¡¤¡¤¡¤¡¤¡¤¡¤¡¤
¡¤¡¤¡ð¡ð¡ñ¡¤¡¤¡¤
¡ñ¡¤¡ð¡ð¡ñ¡ñ¡¤¡¤
¡ð¡ð¡ð¡ð¡ñ¡ñ¡ð¡¤
¡¤¡ð¡ð¡ð¡ð¡ð¡ñ¡¤
¡¤¡ñ¡ð¡ð¡ð¡ñ¡¤¡¤
¡¤¡¤¡ñ¡ñ¡ñ¡¤¡¤¡¤
¡¤¡¤¡¤¡ñ¡¤¡ð¡¤¡¤
step: 27  col: 1  B: 13 W: 18
dep:4, cnt:8529, tl:3, pv:[<6,5>:3.32]
dep:5, cnt:61876, tl:26, pv:[<6,5>:1.58]
dep:6, cnt:253605, tl:58, pv:[<7,2>:2.20]
dep:7, cnt:858141, tl:128, pv:[<6,5>:-0.10]
dep:8, cnt:4228761, tl:655, pv:[<6,5>:0.54]
m 6 5
board 0x81c024030311000 0x20203c3e4f0c0c00 col 0
¡¤¡¤¡¤¡¤¡¤¡¤¡¤¡¤
¡¤¡¤¡ð¡ð¡ñ¡¤¡¤¡¤
¡ñ¡¤¡ð¡ð¡ñ¡ñ¡¤¡¤
¡ð¡ð¡ð¡ð¡ñ¡ñ¡ð¡¤
¡¤¡ð¡ð¡ð¡ð¡ð¡ñ¡¤
¡¤¡ñ¡ð¡ð¡ð¡ð¡¤¡¤
¡¤¡¤¡ñ¡ñ¡ñ¡ð¡¤¡¤
¡¤¡¤¡¤¡ñ¡¤¡ð¡¤¡¤
step: 28  col: 0  B: 12 W: 20
dep:4, cnt:4858, tl:2, pv:[<5,6>:-1.58]
dep:5, cnt:34424, tl:16, pv:[<5,6>:-0.28]
dep:6, cnt:103530, tl:41, pv:[<5,6>:0.10]
dep:7, cnt:694480, tl:109, pv:[<5,6>:-0.54]
dep:8, cnt:2764998, tl:423, pv:[<5,6>:-0.20]
m 5 6
board 0x81c7e6030311000 0x2020001e4f0c0c00 col 1
¡¤¡¤¡¤¡¤¡¤¡¤¡¤¡¤
¡¤¡¤¡ð¡ð¡ñ¡¤¡¤¡¤
¡ñ¡¤¡ð¡ð¡ñ¡ñ¡¤¡¤
¡ð¡ð¡ð¡ð¡ñ¡ñ¡ð¡¤
¡¤¡ð¡ð¡ð¡ð¡ñ¡ñ¡¤
¡¤¡ñ¡ñ¡ñ¡ñ¡ñ¡ñ¡¤
¡¤¡¤¡ñ¡ñ¡ñ¡ð¡¤¡¤
¡¤¡¤¡¤¡ñ¡¤¡ð¡¤¡¤
step: 29  col: 1  B: 18 W: 15
dep:4, cnt:6322, tl:2, pv:[<0,5>:0.28]
dep:5, cnt:36504, tl:12, pv:[<0,3>:-0.10]
dep:6, cnt:116934, tl:28, pv:[<0,3>:0.54]
dep:7, cnt:749162, tl:111, pv:[<0,3>:0.20]
dep:8, cnt:4428659, tl:674, pv:[<0,5>:-4.36,<1,0>:-4.36]
m 1 0
board 0x81c7e6030301000 0x2020001e4f0d0d00 col 0
¡¤¡¤¡¤¡¤¡¤¡¤¡¤¡¤
¡ð¡¤¡ð¡ð¡ñ¡¤¡¤¡¤
¡ð¡¤¡ð¡ð¡ñ¡ñ¡¤¡¤
¡ð¡ð¡ð¡ð¡ñ¡ñ¡ð¡¤
¡¤¡ð¡ð¡ð¡ð¡ñ¡ñ¡¤
¡¤¡ñ¡ñ¡ñ¡ñ¡ñ¡ñ¡¤
¡¤¡¤¡ñ¡ñ¡ñ¡ð¡¤¡¤
¡¤¡¤¡¤¡ñ¡¤¡ð¡¤¡¤
step: 30  col: 0  B: 17 W: 17
dep:4, cnt:2077, tl:1, pv:[<7,4>:1.29]
dep:5, cnt:13725, tl:6, pv:[<7,4>:1.76]
dep:6, cnt:46668, tl:24, pv:[<3,7>:1.21]
dep:7, cnt:239200, tl:49, pv:[<7,4>:4.36]
dep:8, cnt:1588770, tl:239, pv:[<7,4>:2.54]
m 7 4
board 0x183c7e6030301000 0x2000001e4f0d0d00 col 1
¡¤¡¤¡¤¡¤¡¤¡¤¡¤¡¤
¡ð¡¤¡ð¡ð¡ñ¡¤¡¤¡¤
¡ð¡¤¡ð¡ð¡ñ¡ñ¡¤¡¤
¡ð¡ð¡ð¡ð¡ñ¡ñ¡ð¡¤
¡¤¡ð¡ð¡ð¡ð¡ñ¡ñ¡¤
¡¤¡ñ¡ñ¡ñ¡ñ¡ñ¡ñ¡¤
¡¤¡¤¡ñ¡ñ¡ñ¡ñ¡¤¡¤
¡¤¡¤¡¤¡ñ¡ñ¡ð¡¤¡¤
step: 31  col: 1  B: 19 W: 16
dep:4, cnt:3310, tl:1, pv:[<4,7>:-1.76]
dep:5, cnt:16789, tl:5, pv:[<2,6>:-0.15]
dep:6, cnt:97204, tl:36, pv:[<0,5>:-4.36]
dep:7, cnt:644386, tl:91, pv:[<0,5>:-2.54]
dep:8, cnt:3090543, tl:496, pv:[<0,5>:-2.38]
m 0 5
board 0x183c7e6030300000 0x2000001e4f0d1d20 col 0
¡¤¡¤¡¤¡¤¡¤¡ð¡¤¡¤
¡ð¡¤¡ð¡ð¡ð¡¤¡¤¡¤
¡ð¡¤¡ð¡ð¡ñ¡ñ¡¤¡¤
¡ð¡ð¡ð¡ð¡ñ¡ñ¡ð¡¤
¡¤¡ð¡ð¡ð¡ð¡ñ¡ñ¡¤
¡¤¡ñ¡ñ¡ñ¡ñ¡ñ¡ñ¡¤
¡¤¡¤¡ñ¡ñ¡ñ¡ñ¡¤¡¤
¡¤¡¤¡¤¡ñ¡ñ¡ð¡¤¡¤
step: 32  col: 0  B: 18 W: 18
dep:4, cnt:2724, tl:2, pv:[<3,7>:3.05]
dep:5, cnt:13550, tl:6, pv:[<3,7>:4.36]
dep:6, cnt:73095, tl:33, pv:[<3,7>:2.54]
dep:7, cnt:304782, tl:46, pv:[<4,7>:2.38]
dep:8, cnt:1523599, tl:231, pv:[<4,7>:-0.27]
m 4 7
board 0x183c7ee070300000 0x2000001e0f0d1d20 col 1
¡¤¡¤¡¤¡¤¡¤¡ð¡¤¡¤
¡ð¡¤¡ð¡ð¡ð¡¤¡¤¡¤
¡ð¡¤¡ð¡ð¡ñ¡ñ¡¤¡¤
¡ð¡ð¡ð¡ð¡ñ¡ñ¡ñ¡¤
¡¤¡ð¡ð¡ð¡ð¡ñ¡ñ¡ñ
¡¤¡ñ¡ñ¡ñ¡ñ¡ñ¡ñ¡¤
¡¤¡¤¡ñ¡ñ¡ñ¡ñ¡¤¡¤
¡¤¡¤¡¤¡ñ¡ñ¡ð¡¤¡¤
step: 33  col: 1  B: 20 W: 17
dep:4, cnt:2632, tl:2, pv:[<2,6>:-2.42]
dep:5, cnt:25527, tl:12, pv:[<7,2>:-2.14]
dep:6, cnt:90882, tl:39, pv:[<7,2>:-2.38]
dep:7, cnt:526666, tl:87, pv:[<6,0>:0.27]
dep:8, cnt:1667127, tl:283, pv:[<6,0>:-3.16]
m 6 0
board 0x183c7ce070300000 0x2001021e0f0d1d20 col 0
¡¤¡¤¡¤¡¤¡¤¡ð¡¤¡¤
¡ð¡¤¡ð¡ð¡ð¡¤¡¤¡¤
¡ð¡¤¡ð¡ð¡ñ¡ñ¡¤¡¤
¡ð¡ð¡ð¡ð¡ñ¡ñ¡ñ¡¤
¡¤¡ð¡ð¡ð¡ð¡ñ¡ñ¡ñ
¡¤¡ð¡ñ¡ñ¡ñ¡ñ¡ñ¡¤
¡ð¡¤¡ñ¡ñ¡ñ¡ñ¡¤¡¤
¡¤¡¤¡¤¡ñ¡ñ¡ð¡¤¡¤
step: 34  col: 0  B: 19 W: 19
dep:4, cnt:1814, tl:1, pv:[<0,4>:4.48]
dep:5, cnt:5912, tl:3, pv:[<2,1>:7.12]
dep:6, cnt:33927, tl:16, pv:[<2,1>:-0.27]
dep:7, cnt:123120, tl:31, pv:[<7,6>:3.16]
dep:8, cnt:518314, tl:81, pv:[<0,4>:-4.50]
m 0 4
board 0x183c7ce070301010 0x2001021e0f0d0d20 col 1
¡¤¡¤¡¤¡¤¡ñ¡ð¡¤¡¤
¡ð¡¤¡ð¡ð¡ñ¡¤¡¤¡¤
¡ð¡¤¡ð¡ð¡ñ¡ñ¡¤¡¤
¡ð¡ð¡ð¡ð¡ñ¡ñ¡ñ¡¤
¡¤¡ð¡ð¡ð¡ð¡ñ¡ñ¡ñ
¡¤¡ð¡ñ¡ñ¡ñ¡ñ¡ñ¡¤
¡ð¡¤¡ñ¡ñ¡ñ¡ñ¡¤¡¤
¡¤¡¤¡¤¡ñ¡ñ¡ð¡¤¡¤
step: 35  col: 1  B: 21 W: 18
dep:4, cnt:682, tl:0, pv:[<0,3>:1.08]
dep:5, cnt:4196, tl:1, pv:[<0,3>:4.81]
dep:6, cnt:10565, tl:4, pv:[<0,3>:-0.20]
dep:7, cnt:52245, tl:13, pv:[<0,3>:4.50]
dep:8, cnt:127871, tl:25, pv:[<0,3>:2.75]
m 0 3
board 0x183c7ce070301000 0x2001021e0f0d0d38 col 0
¡¤¡¤¡¤¡ð¡ð¡ð¡¤¡¤
¡ð¡¤¡ð¡ð¡ñ¡¤¡¤¡¤
¡ð¡¤¡ð¡ð¡ñ¡ñ¡¤¡¤
¡ð¡ð¡ð¡ð¡ñ¡ñ¡ñ¡¤
¡¤¡ð¡ð¡ð¡ð¡ñ¡ñ¡ñ
¡¤¡ð¡ñ¡ñ¡ñ¡ñ¡ñ¡¤
¡ð¡¤¡ñ¡ñ¡ñ¡ñ¡¤¡¤
¡¤¡¤¡¤¡ñ¡ñ¡ð¡¤¡¤
step: 36  col: 0  B: 20 W: 20
dep:4, cnt:1388, tl:1, pv:[<7,6>:-4.81]
dep:5, cnt:2802, tl:1, pv:[<2,1>:0.20]
dep:6, cnt:20932, tl:11, pv:[<7,6>:-4.50]
dep:7, cnt:53619, tl:23, pv:[<7,6>:-2.75]
dep:8, cnt:250025, tl:47, pv:[<2,1>:-5.46]
m 2 1
board 0x183c7ce8743e1000 0x200102160b010d38 col 1
¡¤¡¤¡¤¡ð¡ð¡ð¡¤¡¤
¡ð¡¤¡ð¡ð¡ñ¡¤¡¤¡¤
¡ð¡ñ¡ñ¡ñ¡ñ¡ñ¡¤¡¤
¡ð¡ð¡ñ¡ð¡ñ¡ñ¡ñ¡¤
¡¤¡ð¡ð¡ñ¡ð¡ñ¡ñ¡ñ
¡¤¡ð¡ñ¡ñ¡ñ¡ñ¡ñ¡¤
¡ð¡¤¡ñ¡ñ¡ñ¡ñ¡¤¡¤
¡¤¡¤¡¤¡ñ¡ñ¡ð¡¤¡¤
step: 37  col: 1  B: 25 W: 16
dep:4, cnt:953, tl:1, pv:[<7,2>:-0.20]
dep:5, cnt:6804, tl:3, pv:[<7,2>:7.59]
dep:6, cnt:12972, tl:7, pv:[<7,2>:7.49]
dep:7, cnt:81284, tl:26, pv:[<7,2>:5.46]
dep:8, cnt:156029, tl:45, pv:[<7,2>:15.55]
m 7 2
board 0x3878e8743e1000 0x3c0506160b010d38 col 0
¡¤¡¤¡¤¡ð¡ð¡ð¡¤¡¤
¡ð¡¤¡ð¡ð¡ñ¡¤¡¤¡¤
¡ð¡ñ¡ñ¡ñ¡ñ¡ñ¡¤¡¤
¡ð¡ð¡ñ¡ð¡ñ¡ñ¡ñ¡¤
¡¤¡ð¡ð¡ñ¡ð¡ñ¡ñ¡ñ
¡¤¡ð¡ð¡ñ¡ñ¡ñ¡ñ¡¤
¡ð¡¤¡ð¡ñ¡ñ¡ñ¡¤¡¤
¡¤¡¤¡ð¡ð¡ð¡ð¡¤¡¤
step: 38  col: 0  B: 21 W: 21
dep:4, cnt:1244, tl:1, pv:[<4,0>:-7.59]
dep:5, cnt:3922, tl:1, pv:[<0,1>:-7.49]
dep:6, cnt:20879, tl:8, pv:[<4,0>:-5.46]
dep:7, cnt:93941, tl:36, pv:[<0,1>:-15.55]
dep:8, cnt:391705, tl:58, pv:[<0,1>:-16.42]
m 0 1
board 0x3878e8743e1402 0x3c0506160b010938 col 1
¡¤¡ñ¡¤¡ð¡ð¡ð¡¤¡¤
¡ð¡¤¡ñ¡ð¡ñ¡¤¡¤¡¤
¡ð¡ñ¡ñ¡ñ¡ñ¡ñ¡¤¡¤
¡ð¡ð¡ñ¡ð¡ñ¡ñ¡ñ¡¤
¡¤¡ð¡ð¡ñ¡ð¡ñ¡ñ¡ñ
¡¤¡ð¡ð¡ñ¡ñ¡ñ¡ñ¡¤
¡ð¡¤¡ð¡ñ¡ñ¡ñ¡¤¡¤
¡¤¡¤¡ð¡ð¡ð¡ð¡¤¡¤
step: 39  col: 1  B: 23 W: 20
dep:4, cnt:500, tl:0, pv:[<7,6>:7.49]
dep:5, cnt:2870, tl:1, pv:[<7,6>:8.96]
dep:6, cnt:4116, tl:1, pv:[<0,2>:15.55]
dep:7, cnt:19538, tl:6, pv:[<0,2>:16.42]
dep:8, cnt:67320, tl:17, pv:[<1,6>:13.98]
m 1 6
board 0x3878e0641e1402 0x3c05061e1b214938 col 0
¡¤¡ñ¡¤¡ð¡ð¡ð¡¤¡¤
¡ð¡¤¡ñ¡ð¡ñ¡¤¡ð¡¤
¡ð¡ñ¡ñ¡ñ¡ñ¡ð¡¤¡¤
¡ð¡ð¡ñ¡ð¡ð¡ñ¡ñ¡¤
¡¤¡ð¡ð¡ð¡ð¡ñ¡ñ¡ñ
¡¤¡ð¡ð¡ñ¡ñ¡ñ¡ñ¡¤
¡ð¡¤¡ð¡ñ¡ñ¡ñ¡¤¡¤
¡¤¡¤¡ð¡ð¡ð¡ð¡¤¡¤
step: 40  col: 0  B: 20 W: 24
dep:4, cnt:360, tl:1, pv:[<1,5>:-0.85]
dep:5, cnt:1675, tl:0, pv:[<4,0>:-6.72]
dep:6, cnt:5814, tl:1, pv:[<4,0>:-6.33]
dep:7, cnt:19884, tl:3, pv:[<4,0>:-13.98]
dep:8, cnt:103715, tl:17, pv:[<4,0>:-5.31]
m 4 0
board 0x3878ff661e1402 0x3c05060019214938 col 1
¡¤¡ñ¡¤¡ð¡ð¡ð¡¤¡¤
¡ð¡¤¡ñ¡ð¡ñ¡¤¡ð¡¤
¡ð¡ñ¡ñ¡ñ¡ñ¡ð¡¤¡¤
¡ð¡ñ¡ñ¡ð¡ð¡ñ¡ñ¡¤
¡ñ¡ñ¡ñ¡ñ¡ñ¡ñ¡ñ¡ñ
¡¤¡ð¡ð¡ñ¡ñ¡ñ¡ñ¡¤
¡ð¡¤¡ð¡ñ¡ñ¡ñ¡¤¡¤
¡¤¡¤¡ð¡ð¡ð¡ð¡¤¡¤
step: 41  col: 1  B: 26 W: 19
dep:4, cnt:492, tl:1, pv:[<5,0>:6.72]
dep:5, cnt:1299, tl:0, pv:[<5,0>:6.33]
dep:6, cnt:2278, tl:1, pv:[<5,0>:13.98]
dep:7, cnt:11641, tl:3, pv:[<5,0>:5.31]
dep:8, cnt:14705, tl:5, pv:[<5,0>:11.14]
m 5 0
board 0x3878fc62160402 0x3c0507031d295938 col 0
¡¤¡ñ¡¤¡ð¡ð¡ð¡¤¡¤
¡ð¡¤¡ñ¡ð¡ð¡¤¡ð¡¤
¡ð¡ñ¡ñ¡ð¡ñ¡ð¡¤¡¤
¡ð¡ñ¡ð¡ð¡ð¡ñ¡ñ¡¤
¡ð¡ð¡ñ¡ñ¡ñ¡ñ¡ñ¡ñ
¡ð¡ð¡ð¡ñ¡ñ¡ñ¡ñ¡¤
¡ð¡¤¡ð¡ñ¡ñ¡ñ¡¤¡¤
¡¤¡¤¡ð¡ð¡ð¡ð¡¤¡¤
step: 42  col: 0  B: 21 W: 25
dep:4, cnt:328, tl:0, pv:[<0,7>:-6.33]
dep:5, cnt:581, tl:1, pv:[<0,7>:-13.98]
dep:6, cnt:2941, tl:1, pv:[<0,7>:-5.31]
dep:7, cnt:5207, tl:3, pv:[<0,7>:-11.14]
dep:8, cnt:25350, tl:13, pv:[<0,7>:-0.86]
m 0 7
board 0x3878fc72364482 0x3c0507030d091938 col 1
¡¤¡ñ¡¤¡ð¡ð¡ð¡¤¡ñ
¡ð¡¤¡ñ¡ð¡ð¡¤¡ñ¡¤
¡ð¡ñ¡ñ¡ð¡ñ¡ñ¡¤¡¤
¡ð¡ñ¡ð¡ð¡ñ¡ñ¡ñ¡¤
¡ð¡ð¡ñ¡ñ¡ñ¡ñ¡ñ¡ñ
¡ð¡ð¡ð¡ñ¡ñ¡ñ¡ñ¡¤
¡ð¡¤¡ð¡ñ¡ñ¡ñ¡¤¡¤
¡¤¡¤¡ð¡ð¡ð¡ð¡¤¡¤
step: 43  col: 1  B: 25 W: 22
dep:4, cnt:312, tl:0, pv:[<2,6>:13.98]
dep:5, cnt:2041, tl:1, pv:[<7,6>:5.31]
dep:6, cnt:3168, tl:2, pv:[<7,6>:11.14]
dep:7, cnt:14103, tl:8, pv:[<7,6>:0.86]
dep:8, cnt:17857, tl:11, pv:[<0,2>:10.61]
m 0 2
board 0x3878fc72324082 0x3c0507030d0d1d3c col 0
¡¤¡ñ¡ð¡ð¡ð¡ð¡¤¡ñ
¡ð¡¤¡ð¡ð¡ð¡¤¡ñ¡¤
¡ð¡ñ¡ð¡ð¡ñ¡ñ¡¤¡¤
¡ð¡ñ¡ð¡ð¡ñ¡ñ¡ñ¡¤
¡ð¡ð¡ñ¡ñ¡ñ¡ñ¡ñ¡ñ
¡ð¡ð¡ð¡ñ¡ñ¡ñ¡ñ¡¤
¡ð¡¤¡ð¡ñ¡ñ¡ñ¡¤¡¤
¡¤¡¤¡ð¡ð¡ð¡ð¡¤¡¤
step: 44  col: 0  B: 23 W: 25
dep:4, cnt:164, tl:0, pv:[<0,6>:1.55]
dep:5, cnt:696, tl:0, pv:[<0,6>:-8.97]
dep:6, cnt:1721, tl:1, pv:[<0,6>:3.29]
dep:7, cnt:5101, tl:4, pv:[<0,6>:-10.61]
dep:8, cnt:22298, tl:13, pv:[<0,6>:-0.55]
m 0 6
board 0x3878fc723240fe 0x3c0507030d0d1d00 col 1
¡¤¡ñ¡ñ¡ñ¡ñ¡ñ¡ñ¡ñ
¡ð¡¤¡ð¡ð¡ð¡¤¡ñ¡¤
¡ð¡ñ¡ð¡ð¡ñ¡ñ¡¤¡¤
¡ð¡ñ¡ð¡ð¡ñ¡ñ¡ñ¡¤
¡ð¡ð¡ñ¡ñ¡ñ¡ñ¡ñ¡ñ
¡ð¡ð¡ð¡ñ¡ñ¡ñ¡ñ¡¤
¡ð¡¤¡ð¡ñ¡ñ¡ñ¡¤¡¤
¡¤¡¤¡ð¡ð¡ð¡ð¡¤¡¤
step: 45  col: 1  B: 28 W: 21
dep:4, cnt:529, tl:0, pv:[<7,6>:8.97]
dep:5, cnt:1860, tl:1, pv:[<7,6>:-3.29]
dep:6, cnt:3950, tl:1, pv:[<7,6>:10.61]
dep:7, cnt:18299, tl:6, pv:[<7,6>:0.55]
dep:8, cnt:38382, tl:13, pv:[<7,6>:8.44]
m 7 6
board 0x1868f4723240fe 0x7c25170b0d0d1d00 col 0
¡¤¡ñ¡ñ¡ñ¡ñ¡ñ¡ñ¡ñ
¡ð¡¤¡ð¡ð¡ð¡¤¡ñ¡¤
¡ð¡ñ¡ð¡ð¡ñ¡ñ¡¤¡¤
¡ð¡ñ¡ð¡ð¡ñ¡ñ¡ñ¡¤
¡ð¡ð¡ñ¡ð¡ñ¡ñ¡ñ¡ñ
¡ð¡ð¡ð¡ñ¡ð¡ñ¡ñ¡¤
¡ð¡¤¡ð¡ñ¡ñ¡ð¡¤¡¤
¡¤¡¤¡ð¡ð¡ð¡ð¡ð¡¤
step: 46  col: 0  B: 25 W: 25
dep:4, cnt:424, tl:0, pv:[<6,6>:3.29]
dep:5, cnt:1349, tl:1, pv:[<6,6>:-10.61]
dep:6, cnt:5430, tl:1, pv:[<6,6>:-0.55]
dep:7, cnt:17925, tl:2, pv:[<6,6>:-8.44]
dep:8, cnt:55867, tl:10, pv:[<6,6>:-4.23]
m 6 6
board 0x7868f4723240fe 0x7c05170b0d0d1d00 col 1
¡¤¡ñ¡ñ¡ñ¡ñ¡ñ¡ñ¡ñ
¡ð¡¤¡ð¡ð¡ð¡¤¡ñ¡¤
¡ð¡ñ¡ð¡ð¡ñ¡ñ¡¤¡¤
¡ð¡ñ¡ð¡ð¡ñ¡ñ¡ñ¡¤
¡ð¡ð¡ñ¡ð¡ñ¡ñ¡ñ¡ñ
¡ð¡ð¡ð¡ñ¡ð¡ñ¡ñ¡¤
¡ð¡¤¡ð¡ñ¡ñ¡ñ¡ñ¡¤
¡¤¡¤¡ð¡ð¡ð¡ð¡ð¡¤
step: 47  col: 1  B: 27 W: 24
dep:4, cnt:202, tl:0, pv:[<1,5>:10.61,<7,7>:10.61]
dep:5, cnt:1235, tl:1, pv:[<7,7>:0.55]
dep:6, cnt:3092, tl:2, pv:[<7,7>:8.44]
dep:7, cnt:8520, tl:5, pv:[<7,7>:4.23]
dep:8, cnt:90984, tl:32, pv:[<7,7>:-6.00]
m 7 7
board 0x3848e4723240fe 0xfc45371b0d0d1d00 col 0
¡¤¡ñ¡ñ¡ñ¡ñ¡ñ¡ñ¡ñ
¡ð¡¤¡ð¡ð¡ð¡¤¡ñ¡¤
¡ð¡ñ¡ð¡ð¡ñ¡ñ¡¤¡¤
¡ð¡ñ¡ð¡ð¡ñ¡ñ¡ñ¡¤
¡ð¡ð¡ñ¡ð¡ð¡ñ¡ñ¡ñ
¡ð¡ð¡ð¡ñ¡ð¡ð¡ñ¡¤
¡ð¡¤¡ð¡ñ¡ñ¡ñ¡ð¡¤
¡¤¡¤¡ð¡ð¡ð¡ð¡ð¡ð
step: 48  col: 0  B: 24 W: 28
dep:4, cnt:137, tl:0, pv:[<6,7>:-0.55]
dep:5, cnt:349, tl:0, pv:[<6,7>:-8.44]
dep:6, cnt:860, tl:0, pv:[<6,7>:-4.23]
dep:7, cnt:7285, tl:4, pv:[<6,7>:6.00]
dep:8, cnt:7285, tl:4, pv:[<6,7>:6.00]
m 6 7
board 0xf848e4723240fe 0xfc05371b0d0d1d00 col 1
¡¤¡ñ¡ñ¡ñ¡ñ¡ñ¡ñ¡ñ
¡ð¡¤¡ð¡ð¡ð¡¤¡ñ¡¤
¡ð¡ñ¡ð¡ð¡ñ¡ñ¡¤¡¤
¡ð¡ñ¡ð¡ð¡ñ¡ñ¡ñ¡¤
¡ð¡ð¡ñ¡ð¡ð¡ñ¡ñ¡ñ
¡ð¡ð¡ð¡ñ¡ð¡ð¡ñ¡¤
¡ð¡¤¡ð¡ñ¡ñ¡ñ¡ñ¡ñ
¡¤¡¤¡ð¡ð¡ð¡ð¡ð¡ð
step: 49  col: 1  B: 26 W: 27
dep:4, cnt:168, tl:0, pv:[<2,7>:8.44]
dep:5, cnt:363, tl:0, pv:[<2,7>:4.23]
dep:6, cnt:3508, tl:1, pv:[<2,7>:-6.00]
dep:7, cnt:3508, tl:2, pv:[<2,7>:-6.00]
dep:8, cnt:3508, tl:1, pv:[<2,7>:-6.00]
m 2 7
board 0xf848c4323240fe 0xfc05373b4d8d1d00 col 0
¡¤¡ñ¡ñ¡ñ¡ñ¡ñ¡ñ¡ñ
¡ð¡¤¡ð¡ð¡ð¡¤¡ñ¡¤
¡ð¡ñ¡ð¡ð¡ñ¡ñ¡¤¡ð
¡ð¡ñ¡ð¡ð¡ñ¡ñ¡ð¡¤
¡ð¡ð¡ñ¡ð¡ð¡ð¡ñ¡ñ
¡ð¡ð¡ð¡ñ¡ð¡ð¡ñ¡¤
¡ð¡¤¡ð¡ñ¡ñ¡ñ¡ñ¡ñ
¡¤¡¤¡ð¡ð¡ð¡ð¡ð¡ð
step: 50  col: 0  B: 24 W: 30
dep:10, cnt:1225, tl:0, pv:[<3,7>:6.00]
dep:10, cnt:1225, tl:0, pv:[<3,7>:6.00]
m 3 7
board 0xf848c4f23240fe 0xfc05373b0d8d1d00 col 1
¡¤¡ñ¡ñ¡ñ¡ñ¡ñ¡ñ¡ñ
¡ð¡¤¡ð¡ð¡ð¡¤¡ñ¡¤
¡ð¡ñ¡ð¡ð¡ñ¡ñ¡¤¡ð
¡ð¡ñ¡ð¡ð¡ñ¡ñ¡ñ¡ñ
¡ð¡ð¡ñ¡ð¡ð¡ð¡ñ¡ñ
¡ð¡ð¡ð¡ñ¡ð¡ð¡ñ¡¤
¡ð¡¤¡ð¡ñ¡ñ¡ñ¡ñ¡ñ
¡¤¡¤¡ð¡ð¡ð¡ð¡ð¡ð
step: 51  col: 1  B: 26 W: 29
dep:9, cnt:287, tl:0, pv:[<5,7>:-6.00]
dep:9, cnt:287, tl:0, pv:[<5,7>:-6.00]
m 5 7
board 0x380804522240fe 0xfcc5f7fbad9d1d00 col 0
¡¤¡ñ¡ñ¡ñ¡ñ¡ñ¡ñ¡ñ
¡ð¡¤¡ð¡ð¡ð¡¤¡ñ¡¤
¡ð¡ñ¡ð¡ð¡ð¡ñ¡¤¡ð
¡ð¡ñ¡ð¡ð¡ñ¡ð¡ñ¡ð
¡ð¡ð¡ñ¡ð¡ð¡ð¡ð¡ð
¡ð¡ð¡ð¡ñ¡ð¡ð¡ð¡ð
¡ð¡¤¡ð¡ñ¡ñ¡ñ¡ð¡ð
¡¤¡¤¡ð¡ð¡ð¡ð¡ð¡ð
step: 52  col: 0  B: 18 W: 38
dep:8, cnt:71, tl:0, pv:[<1,5>:6.00,<2,6>:6.00]
dep:8, cnt:71, tl:0, pv:[<1,5>:6.00,<2,6>:6.00]
m 1 5
board 0x3808045a3260fe 0xfcc5f7fba58d1d00 col 1
¡¤¡ñ¡ñ¡ñ¡ñ¡ñ¡ñ¡ñ
¡ð¡¤¡ð¡ð¡ð¡ñ¡ñ¡¤
¡ð¡ñ¡ð¡ð¡ñ¡ñ¡¤¡ð
¡ð¡ñ¡ð¡ñ¡ñ¡ð¡ñ¡ð
¡ð¡ð¡ñ¡ð¡ð¡ð¡ð¡ð
¡ð¡ð¡ð¡ñ¡ð¡ð¡ð¡ð
¡ð¡¤¡ð¡ñ¡ñ¡ñ¡ð¡ð
¡¤¡¤¡ð¡ð¡ð¡ð¡ð¡ð
step: 53  col: 1  B: 21 W: 36
dep:7, cnt:42, tl:0, pv:[<1,1>:-6.00,<1,7>:-6.00]
dep:7, cnt:42, tl:0, pv:[<1,1>:-6.00,<1,7>:-6.00]
m 1 7
board 0x3808045a3200fe 0xfcc5f7fba58dfd00 col 0
¡¤¡ñ¡ñ¡ñ¡ñ¡ñ¡ñ¡ñ
¡ð¡¤¡ð¡ð¡ð¡ð¡ð¡ð
¡ð¡ñ¡ð¡ð¡ñ¡ñ¡¤¡ð
¡ð¡ñ¡ð¡ñ¡ñ¡ð¡ñ¡ð
¡ð¡ð¡ñ¡ð¡ð¡ð¡ð¡ð
¡ð¡ð¡ð¡ñ¡ð¡ð¡ð¡ð
¡ð¡¤¡ð¡ñ¡ñ¡ñ¡ð¡ð
¡¤¡¤¡ð¡ð¡ð¡ð¡ð¡ð
step: 54  col: 0  B: 19 W: 39
dep:6, cnt:19, tl:0, pv:[<2,6>:6.00]
dep:6, cnt:19, tl:0, pv:[<2,6>:6.00]
m 2 6
board 0x3808147a7260fe 0xfcc5f7eb858d9d00 col 1
¡¤¡ñ¡ñ¡ñ¡ñ¡ñ¡ñ¡ñ
¡ð¡¤¡ð¡ð¡ð¡ñ¡ñ¡ð
¡ð¡ñ¡ð¡ð¡ñ¡ñ¡ñ¡ð
¡ð¡ñ¡ð¡ñ¡ñ¡ñ¡ñ¡ð
¡ð¡ð¡ñ¡ð¡ñ¡ð¡ð¡ð
¡ð¡ð¡ð¡ñ¡ð¡ð¡ð¡ð
¡ð¡¤¡ð¡ñ¡ñ¡ñ¡ð¡ð
¡¤¡¤¡ð¡ð¡ð¡ð¡ð¡ð
step: 55  col: 1  B: 24 W: 35
dep:5, cnt:7, tl:0, pv:[<1,1>:-6.00]
dep:5, cnt:7, tl:0, pv:[<1,1>:-6.00]
m 1 1
board 0x380814787060fe 0xfcc5f7eb878f9f00 col 0
¡¤¡ñ¡ñ¡ñ¡ñ¡ñ¡ñ¡ñ
¡ð¡ð¡ð¡ð¡ð¡ñ¡ñ¡ð
¡ð¡ð¡ð¡ð¡ñ¡ñ¡ñ¡ð
¡ð¡ð¡ð¡ñ¡ñ¡ñ¡ñ¡ð
¡ð¡ð¡ñ¡ð¡ñ¡ð¡ð¡ð
¡ð¡ð¡ð¡ñ¡ð¡ð¡ð¡ð
¡ð¡¤¡ð¡ñ¡ñ¡ñ¡ð¡ð
¡¤¡¤¡ð¡ð¡ð¡ð¡ð¡ð
step: 56  col: 0  B: 22 W: 38
dep:4, cnt:7, tl:0, pv:[<0,0>:6.00]
dep:4, cnt:7, tl:0, pv:[<0,0>:6.00]
m 0 0
board 0x380814787462ff 0xfcc5f7eb878b9d00 col 0
¡ñ¡ñ¡ñ¡ñ¡ñ¡ñ¡ñ¡ñ
¡ð¡ñ¡ð¡ð¡ð¡ñ¡ñ¡ð
¡ð¡ð¡ñ¡ð¡ñ¡ñ¡ñ¡ð
¡ð¡ð¡ð¡ñ¡ñ¡ñ¡ñ¡ð
¡ð¡ð¡ñ¡ð¡ñ¡ð¡ð¡ð
¡ð¡ð¡ð¡ñ¡ð¡ð¡ð¡ð
¡ð¡¤¡ð¡ñ¡ñ¡ñ¡ð¡ð
¡¤¡¤¡ð¡ð¡ð¡ð¡ð¡ð
step: 57  col: 0  B: 25 W: 36
dep:3, cnt:4, tl:0, pv:[<6,1>:6.00,<7,0>:6.00]
dep:3, cnt:4, tl:0, pv:[<6,1>:6.00,<7,0>:6.00]
m 7 0
board 0x1390915797563ff 0xfcc4f6ea868a9c00 col 0
¡ñ¡ñ¡ñ¡ñ¡ñ¡ñ¡ñ¡ñ
¡ñ¡ñ¡ð¡ð¡ð¡ñ¡ñ¡ð
¡ñ¡ð¡ñ¡ð¡ñ¡ñ¡ñ¡ð
¡ñ¡ð¡ð¡ñ¡ñ¡ñ¡ñ¡ð
¡ñ¡ð¡ñ¡ð¡ñ¡ð¡ð¡ð
¡ñ¡ð¡ð¡ñ¡ð¡ð¡ð¡ð
¡ñ¡¤¡ð¡ñ¡ñ¡ñ¡ð¡ð
¡ñ¡¤¡ð¡ð¡ð¡ð¡ð¡ð
step: 58  col: 0  B: 32 W: 30
dep:2, cnt:2, tl:0, pv:[<6,1>:6.00]
dep:2, cnt:2, tl:0, pv:[<6,1>:6.00]
m 6 1
board 0x13f0f1f7b7763ff 0xfcc0f0e084889c00 col 1
¡ñ¡ñ¡ñ¡ñ¡ñ¡ñ¡ñ¡ñ
¡ñ¡ñ¡ð¡ð¡ð¡ñ¡ñ¡ð
¡ñ¡ñ¡ñ¡ð¡ñ¡ñ¡ñ¡ð
¡ñ¡ñ¡ð¡ñ¡ñ¡ñ¡ñ¡ð
¡ñ¡ñ¡ñ¡ñ¡ñ¡ð¡ð¡ð
¡ñ¡ñ¡ñ¡ñ¡ð¡ð¡ð¡ð
¡ñ¡ñ¡ñ¡ñ¡ñ¡ñ¡ð¡ð
¡ñ¡¤¡ð¡ð¡ð¡ð¡ð¡ð
step: 59  col: 1  B: 40 W: 23
dep:1, cnt:1, tl:0, pv:[<7,1>:-6.00]
dep:1, cnt:1, tl:0, pv:[<7,1>:-6.00]
m 7 1
board 0x13b070f5b3763ff 0xfec4f8f0a4c89c00 col 1
¡ñ¡ñ¡ñ¡ñ¡ñ¡ñ¡ñ¡ñ
¡ñ¡ñ¡ð¡ð¡ð¡ñ¡ñ¡ð
¡ñ¡ñ¡ñ¡ð¡ñ¡ñ¡ð¡ð
¡ñ¡ñ¡ð¡ñ¡ñ¡ð¡ñ¡ð
¡ñ¡ñ¡ñ¡ñ¡ð¡ð¡ð¡ð
¡ñ¡ñ¡ñ¡ð¡ð¡ð¡ð¡ð
¡ñ¡ñ¡ð¡ñ¡ñ¡ñ¡ð¡ð
¡ñ¡ð¡ð¡ð¡ð¡ð¡ð¡ð
step: 60  col: 1  B: 35 W: 29
black win
