Program start at  Sun Feb 21 15:00:23 2021
Game start at Sun Feb 21 15:00:25 2021
black mode: 2 , white mode: 1
4 dep:4, cnt:160, tl:0, pv:[<2,3>:-0.28,<3,2>:-0.28,<4,5>:-0.28,<5,4>:-0.28]
19 dep:5, cnt:609, tl:1, pv:[<2,3>:-2.03,<4,5>:-2.03,<5,4>:-2.03]
16 dep:6, cnt:1184, tl:0, pv:[<2,3>:0.81,<3,2>:0.81,<4,5>:0.81,<5,4>:0.81]
35 dep:7, cnt:3953, tl:0, pv:[<2,3>:-0.83,<3,2>:-0.83,<4,5>:-0.83,<5,4>:-0.83]
144 dep:8, cnt:15403, tl:3, pv:[<2,3>:1.74,<3,2>:1.74,<4,5>:1.74,<5,4>:1.74]
m 4 5
board 0x8000000 0x3810000000 col 1
¡¤¡¤¡¤¡¤¡¤¡¤¡¤¡¤
¡¤¡¤¡¤¡¤¡¤¡¤¡¤¡¤
¡¤¡¤¡¤¡¤¡¤¡¤¡¤¡¤
¡¤¡¤¡¤¡ð¡ñ¡¤¡¤¡¤
¡¤¡¤¡¤¡ñ¡ñ¡ñ¡¤¡¤
¡¤¡¤¡¤¡¤¡¤¡¤¡¤¡¤
¡¤¡¤¡¤¡¤¡¤¡¤¡¤¡¤
¡¤¡¤¡¤¡¤¡¤¡¤¡¤¡¤
step: 1  col: 1  B: 1 W: 4
4 dep:4, cnt:192, tl:0, pv:[<5,3>:2.03]
3 dep:5, cnt:240, tl:1, pv:[<5,3>:-0.81]
15 dep:6, cnt:862, tl:0, pv:[<5,3>:0.83]
40 dep:7, cnt:3847, tl:0, pv:[<5,3>:-1.74]
60 dep:8, cnt:7499, tl:1, pv:[<5,3>:-0.32]
m 5 3
board 0x3010000000 0x80808000000 col 0
¡¤¡¤¡¤¡¤¡¤¡¤¡¤¡¤
¡¤¡¤¡¤¡¤¡¤¡¤¡¤¡¤
¡¤¡¤¡¤¡¤¡¤¡¤¡¤¡¤
¡¤¡¤¡¤¡ð¡ñ¡¤¡¤¡¤
¡¤¡¤¡¤¡ð¡ñ¡ñ¡¤¡¤
¡¤¡¤¡¤¡ð¡¤¡¤¡¤¡¤
¡¤¡¤¡¤¡¤¡¤¡¤¡¤¡¤
¡¤¡¤¡¤¡¤¡¤¡¤¡¤¡¤
step: 2  col: 0  B: 3 W: 3
2 dep:4, cnt:129, tl:0, pv:[<2,2>:0.81]
5 dep:5, cnt:632, tl:1, pv:[<3,2>:-0.83]
22 dep:6, cnt:2521, tl:1, pv:[<2,2>:1.74]
63 dep:7, cnt:8364, tl:3, pv:[<2,2>:0.32]
93 dep:8, cnt:18233, tl:8, pv:[<2,2>:1.49]
m 2 2
board 0x80800000000 0x3018040000 col 1
¡¤¡¤¡¤¡¤¡¤¡¤¡¤¡¤
¡¤¡¤¡¤¡¤¡¤¡¤¡¤¡¤
¡¤¡¤¡ñ¡¤¡¤¡¤¡¤¡¤
¡¤¡¤¡¤¡ñ¡ñ¡¤¡¤¡¤
¡¤¡¤¡¤¡ð¡ñ¡ñ¡¤¡¤
¡¤¡¤¡¤¡ð¡¤¡¤¡¤¡¤
¡¤¡¤¡¤¡¤¡¤¡¤¡¤¡¤
¡¤¡¤¡¤¡¤¡¤¡¤¡¤¡¤
step: 3  col: 1  B: 2 W: 5
2 dep:4, cnt:288, tl:1, pv:[<3,5>:0.85]
3 dep:5, cnt:734, tl:0, pv:[<3,5>:-1.74]
13 dep:6, cnt:2105, tl:0, pv:[<2,3>:-0.32]
66 dep:7, cnt:10151, tl:2, pv:[<2,3>:-1.49]
209 dep:8, cnt:30045, tl:5, pv:[<2,3>:0.44]
m 2 3
board 0x3010040000 0x80808080000 col 0
¡¤¡¤¡¤¡¤¡¤¡¤¡¤¡¤
¡¤¡¤¡¤¡¤¡¤¡¤¡¤¡¤
¡¤¡¤¡ñ¡ð¡¤¡¤¡¤¡¤
¡¤¡¤¡¤¡ð¡ñ¡¤¡¤¡¤
¡¤¡¤¡¤¡ð¡ñ¡ñ¡¤¡¤
¡¤¡¤¡¤¡ð¡¤¡¤¡¤¡¤
¡¤¡¤¡¤¡¤¡¤¡¤¡¤¡¤
¡¤¡¤¡¤¡¤¡¤¡¤¡¤¡¤
step: 4  col: 0  B: 4 W: 4
7 dep:4, cnt:637, tl:0, pv:[<3,2>:3.10]
15 dep:5, cnt:1245, tl:1, pv:[<3,2>:0.32]
26 dep:6, cnt:2596, tl:0, pv:[<3,2>:1.49]
113 dep:7, cnt:12354, tl:2, pv:[<3,2>:-0.44]
116 dep:8, cnt:24127, tl:3, pv:[<3,2>:-0.41]
m 3 2
board 0x80800080000 0x301c040000 col 1
¡¤¡¤¡¤¡¤¡¤¡¤¡¤¡¤
¡¤¡¤¡¤¡¤¡¤¡¤¡¤¡¤
¡¤¡¤¡ñ¡ð¡¤¡¤¡¤¡¤
¡¤¡¤¡ñ¡ñ¡ñ¡¤¡¤¡¤
¡¤¡¤¡¤¡ð¡ñ¡ñ¡¤¡¤
¡¤¡¤¡¤¡ð¡¤¡¤¡¤¡¤
¡¤¡¤¡¤¡¤¡¤¡¤¡¤¡¤
¡¤¡¤¡¤¡¤¡¤¡¤¡¤¡¤
step: 5  col: 1  B: 3 W: 6
9 dep:4, cnt:748, tl:0, pv:[<3,5>:-0.32]
23 dep:5, cnt:2011, tl:1, pv:[<3,5>:-1.49]
47 dep:6, cnt:4533, tl:0, pv:[<3,5>:0.44]
71 dep:7, cnt:11445, tl:2, pv:[<3,5>:0.41]
187 dep:8, cnt:35435, tl:5, pv:[<3,5>:-1.45]
m 3 5
board 0x201c040000 0x81820080000 col 0
¡¤¡¤¡¤¡¤¡¤¡¤¡¤¡¤
¡¤¡¤¡¤¡¤¡¤¡¤¡¤¡¤
¡¤¡¤¡ñ¡ð¡¤¡¤¡¤¡¤
¡¤¡¤¡ñ¡ñ¡ñ¡ð¡¤¡¤
¡¤¡¤¡¤¡ð¡ð¡ñ¡¤¡¤
¡¤¡¤¡¤¡ð¡¤¡¤¡¤¡¤
¡¤¡¤¡¤¡¤¡¤¡¤¡¤¡¤
¡¤¡¤¡¤¡¤¡¤¡¤¡¤¡¤
step: 6  col: 0  B: 5 W: 5
20 dep:4, cnt:2080, tl:1, pv:[<5,5>:1.49]
7 dep:5, cnt:2188, tl:1, pv:[<5,4>:-0.44]
57 dep:6, cnt:8230, tl:1, pv:[<4,2>:-0.41]
61 dep:7, cnt:16212, tl:4, pv:[<4,2>:1.45]
326 dep:8, cnt:93107, tl:21, pv:[<5,5>:-0.02]
m 5 5
board 0x80820080000 0x20301c040000 col 1
¡¤¡¤¡¤¡¤¡¤¡¤¡¤¡¤
¡¤¡¤¡¤¡¤¡¤¡¤¡¤¡¤
¡¤¡¤¡ñ¡ð¡¤¡¤¡¤¡¤
¡¤¡¤¡ñ¡ñ¡ñ¡ð¡¤¡¤
¡¤¡¤¡¤¡ð¡ñ¡ñ¡¤¡¤
¡¤¡¤¡¤¡ð¡¤¡ñ¡¤¡¤
¡¤¡¤¡¤¡¤¡¤¡¤¡¤¡¤
¡¤¡¤¡¤¡¤¡¤¡¤¡¤¡¤
step: 7  col: 1  B: 4 W: 7
7 dep:4, cnt:865, tl:0, pv:[<2,5>:0.66]
10 dep:5, cnt:2329, tl:0, pv:[<4,6>:0.49]
33 dep:6, cnt:6596, tl:2, pv:[<2,5>:-0.90]
153 dep:7, cnt:34152, tl:5, pv:[<4,6>:0.02]
263 dep:8, cnt:71379, tl:11, pv:[<4,6>:-1.72]
m 4 6
board 0x20001c040000 0x87820080000 col 0
¡¤¡¤¡¤¡¤¡¤¡¤¡¤¡¤
¡¤¡¤¡¤¡¤¡¤¡¤¡¤¡¤
¡¤¡¤¡ñ¡ð¡¤¡¤¡¤¡¤
¡¤¡¤¡ñ¡ñ¡ñ¡ð¡¤¡¤
¡¤¡¤¡¤¡ð¡ð¡ð¡ð¡¤
¡¤¡¤¡¤¡ð¡¤¡ñ¡¤¡¤
¡¤¡¤¡¤¡¤¡¤¡¤¡¤¡¤
¡¤¡¤¡¤¡¤¡¤¡¤¡¤¡¤
step: 8  col: 0  B: 5 W: 7
30 dep:4, cnt:3046, tl:0, pv:[<2,4>:-0.49]
15 dep:5, cnt:3279, tl:1, pv:[<5,4>:1.31]
49 dep:6, cnt:11607, tl:1, pv:[<5,4>:-0.02]
64 dep:7, cnt:34011, tl:5, pv:[<5,4>:1.72]
278 dep:8, cnt:140248, tl:20, pv:[<5,4>:0.27]
m 5 4
board 0x86020080000 0x30181c040000 col 1
¡¤¡¤¡¤¡¤¡¤¡¤¡¤¡¤
¡¤¡¤¡¤¡¤¡¤¡¤¡¤¡¤
¡¤¡¤¡ñ¡ð¡¤¡¤¡¤¡¤
¡¤¡¤¡ñ¡ñ¡ñ¡ð¡¤¡¤
¡¤¡¤¡¤¡ñ¡ñ¡ð¡ð¡¤
¡¤¡¤¡¤¡ð¡ñ¡ñ¡¤¡¤
¡¤¡¤¡¤¡¤¡¤¡¤¡¤¡¤
¡¤¡¤¡¤¡¤¡¤¡¤¡¤¡¤
step: 9  col: 1  B: 5 W: 8
22 dep:4, cnt:2105, tl:0, pv:[<4,2>:-1.31]
8 dep:5, cnt:4055, tl:1, pv:[<6,3>:0.02]
14 dep:6, cnt:9568, tl:1, pv:[<6,3>:-1.72]
64 dep:7, cnt:53380, tl:7, pv:[<6,5>:-0.27]
447 dep:8, cnt:163278, tl:24, pv:[<6,5>:0.27]
m 6 5
board 0x10181c040000 0x20286020080000 col 0
¡¤¡¤¡¤¡¤¡¤¡¤¡¤¡¤
¡¤¡¤¡¤¡¤¡¤¡¤¡¤¡¤
¡¤¡¤¡ñ¡ð¡¤¡¤¡¤¡¤
¡¤¡¤¡ñ¡ñ¡ñ¡ð¡¤¡¤
¡¤¡¤¡¤¡ñ¡ñ¡ð¡ð¡¤
¡¤¡¤¡¤¡ð¡ñ¡ð¡¤¡¤
¡¤¡¤¡¤¡¤¡¤¡ð¡¤¡¤
¡¤¡¤¡¤¡¤¡¤¡¤¡¤¡¤
step: 10  col: 0  B: 7 W: 7
33 dep:4, cnt:4288, tl:1, pv:[<5,2>:1.41]
13 dep:5, cnt:5019, tl:0, pv:[<5,2>:3.00]
66 dep:6, cnt:22503, tl:4, pv:[<5,2>:0.27]
206 dep:7, cnt:79118, tl:10, pv:[<2,4>:-0.27]
385 dep:8, cnt:222921, tl:32, pv:[<5,2>:-1.58]
m 5 2
board 0x20206020080000 0x1c181c040000 col 1
¡¤¡¤¡¤¡¤¡¤¡¤¡¤¡¤
¡¤¡¤¡¤¡¤¡¤¡¤¡¤¡¤
¡¤¡¤¡ñ¡ð¡¤¡¤¡¤¡¤
¡¤¡¤¡ñ¡ñ¡ñ¡ð¡¤¡¤
¡¤¡¤¡¤¡ñ¡ñ¡ð¡ð¡¤
¡¤¡¤¡ñ¡ñ¡ñ¡ð¡¤¡¤
¡¤¡¤¡¤¡¤¡¤¡ð¡¤¡¤
¡¤¡¤¡¤¡¤¡¤¡¤¡¤¡¤
step: 11  col: 1  B: 6 W: 9
15 dep:4, cnt:2129, tl:1, pv:[<4,2>:-3.00]
4 dep:5, cnt:2199, tl:1, pv:[<4,2>:-0.27]
56 dep:6, cnt:8175, tl:4, pv:[<4,2>:1.56]
85 dep:7, cnt:28950, tl:12, pv:[<4,2>:1.58]
416 dep:8, cnt:115368, tl:28, pv:[<4,2>:0.29]
m 4 2
board 0x1c001c040000 0x20207c20080000 col 0
¡¤¡¤¡¤¡¤¡¤¡¤¡¤¡¤
¡¤¡¤¡¤¡¤¡¤¡¤¡¤¡¤
¡¤¡¤¡ñ¡ð¡¤¡¤¡¤¡¤
¡¤¡¤¡ñ¡ñ¡ñ¡ð¡¤¡¤
¡¤¡¤¡ð¡ð¡ð¡ð¡ð¡¤
¡¤¡¤¡ñ¡ñ¡ñ¡ð¡¤¡¤
¡¤¡¤¡¤¡¤¡¤¡ð¡¤¡¤
¡¤¡¤¡¤¡¤¡¤¡¤¡¤¡¤
step: 12  col: 0  B: 7 W: 9
33 dep:4, cnt:3658, tl:0, pv:[<2,4>:0.27]
47 dep:5, cnt:8242, tl:1, pv:[<1,3>:-1.56]
161 dep:6, cnt:32221, tl:5, pv:[<2,4>:-1.58]
244 dep:7, cnt:68910, tl:10, pv:[<1,3>:-0.29]
347 dep:8, cnt:160488, tl:27, pv:[<1,3>:-2.18]
m 1 3
board 0x20207c20000000 0x1c001c0c0800 col 1
¡¤¡¤¡¤¡¤¡¤¡¤¡¤¡¤
¡¤¡¤¡¤¡ñ¡¤¡¤¡¤¡¤
¡¤¡¤¡ñ¡ñ¡¤¡¤¡¤¡¤
¡¤¡¤¡ñ¡ñ¡ñ¡ð¡¤¡¤
¡¤¡¤¡ð¡ð¡ð¡ð¡ð¡¤
¡¤¡¤¡ñ¡ñ¡ñ¡ð¡¤¡¤
¡¤¡¤¡¤¡¤¡¤¡ð¡¤¡¤
¡¤¡¤¡¤¡¤¡¤¡¤¡¤¡¤
step: 13  col: 1  B: 8 W: 9
13 dep:4, cnt:1578, tl:0, pv:[<2,4>:1.56]
32 dep:5, cnt:4793, tl:2, pv:[<6,3>:2.25]
83 dep:6, cnt:13052, tl:3, pv:[<2,4>:0.29]
134 dep:7, cnt:34304, tl:8, pv:[<2,4>:2.18]
426 dep:8, cnt:136148, tl:18, pv:[<2,4>:0.92,<6,4>:0.92]
m 6 4
board 0x4001c0c0800 0x30387c20000000 col 0
¡¤¡¤¡¤¡¤¡¤¡¤¡¤¡¤
¡¤¡¤¡¤¡ñ¡¤¡¤¡¤¡¤
¡¤¡¤¡ñ¡ñ¡¤¡¤¡¤¡¤
¡¤¡¤¡ñ¡ñ¡ñ¡ð¡¤¡¤
¡¤¡¤¡ð¡ð¡ð¡ð¡ð¡¤
¡¤¡¤¡ñ¡ð¡ð¡ð¡¤¡¤
¡¤¡¤¡¤¡¤¡ð¡ð¡¤¡¤
¡¤¡¤¡¤¡¤¡¤¡¤¡¤¡¤
step: 14  col: 0  B: 7 W: 11
14 dep:4, cnt:1689, tl:1, pv:[<6,3>:-1.15]
10 dep:5, cnt:3654, tl:1, pv:[<6,3>:-0.25]
22 dep:6, cnt:9482, tl:2, pv:[<6,3>:-1.01]
56 dep:7, cnt:26673, tl:7, pv:[<6,3>:-0.92]
256 dep:8, cnt:129035, tl:24, pv:[<6,3>:-2.02]
m 6 3
board 0x30307420000000 0x80c081c0c0800 col 1
¡¤¡¤¡¤¡¤¡¤¡¤¡¤¡¤
¡¤¡¤¡¤¡ñ¡¤¡¤¡¤¡¤
¡¤¡¤¡ñ¡ñ¡¤¡¤¡¤¡¤
¡¤¡¤¡ñ¡ñ¡ñ¡ð¡¤¡¤
¡¤¡¤¡ð¡ñ¡ð¡ð¡ð¡¤
¡¤¡¤¡ñ¡ñ¡ð¡ð¡¤¡¤
¡¤¡¤¡¤¡ñ¡ð¡ð¡¤¡¤
¡¤¡¤¡¤¡¤¡¤¡¤¡¤¡¤
step: 15  col: 1  B: 9 W: 10
10 dep:4, cnt:2349, tl:1, pv:[<7,2>:0.25]
13 dep:5, cnt:3646, tl:0, pv:[<7,2>:1.01]
42 dep:6, cnt:8383, tl:1, pv:[<7,2>:0.92]
247 dep:7, cnt:82664, tl:12, pv:[<5,1>:2.02]
381 dep:8, cnt:130291, tl:19, pv:[<5,1>:0.04]
m 5 1
board 0x800081c0c0800 0x303e7420000000 col 0
¡¤¡¤¡¤¡¤¡¤¡¤¡¤¡¤
¡¤¡¤¡¤¡ñ¡¤¡¤¡¤¡¤
¡¤¡¤¡ñ¡ñ¡¤¡¤¡¤¡¤
¡¤¡¤¡ñ¡ñ¡ñ¡ð¡¤¡¤
¡¤¡¤¡ð¡ñ¡ð¡ð¡ð¡¤
¡¤¡ð¡ð¡ð¡ð¡ð¡¤¡¤
¡¤¡¤¡¤¡ñ¡ð¡ð¡¤¡¤
¡¤¡¤¡¤¡¤¡¤¡¤¡¤¡¤
step: 16  col: 0  B: 8 W: 12
15 dep:4, cnt:2646, tl:1, pv:[<4,1>:-0.97]
7 dep:5, cnt:5282, tl:0, pv:[<7,4>:-0.00]
63 dep:6, cnt:23313, tl:4, pv:[<4,1>:-2.02]
139 dep:7, cnt:71856, tl:10, pv:[<3,6>:-0.04]
439 dep:8, cnt:192696, tl:39, pv:[<3,6>:-2.76]
m 3 6
board 0x302e5400000000 0x810287c0c0800 col 1
¡¤¡¤¡¤¡¤¡¤¡¤¡¤¡¤
¡¤¡¤¡¤¡ñ¡¤¡¤¡¤¡¤
¡¤¡¤¡ñ¡ñ¡¤¡¤¡¤¡¤
¡¤¡¤¡ñ¡ñ¡ñ¡ñ¡ñ¡¤
¡¤¡¤¡ð¡ñ¡ð¡ñ¡ð¡¤
¡¤¡ð¡ð¡ð¡ñ¡ð¡¤¡¤
¡¤¡¤¡¤¡ñ¡ð¡ð¡¤¡¤
¡¤¡¤¡¤¡¤¡¤¡¤¡¤¡¤
step: 17  col: 1  B: 9 W: 12
10 dep:4, cnt:2337, tl:1, pv:[<2,4>:0.04]
19 dep:5, cnt:4663, tl:0, pv:[<2,4>:2.15]
39 dep:6, cnt:13227, tl:2, pv:[<6,2>:0.04]
310 dep:7, cnt:83563, tl:11, pv:[<2,4>:2.76]
345 dep:8, cnt:151842, tl:21, pv:[<2,4>:-0.50]
m 2 4
board 0x81028440c0800 0x302e5438100000 col 0
¡¤¡¤¡¤¡¤¡¤¡¤¡¤¡¤
¡¤¡¤¡¤¡ñ¡¤¡¤¡¤¡¤
¡¤¡¤¡ñ¡ñ¡ð¡¤¡¤¡¤
¡¤¡¤¡ñ¡ð¡ð¡ð¡ñ¡¤
¡¤¡¤¡ð¡ñ¡ð¡ñ¡ð¡¤
¡¤¡ð¡ð¡ð¡ñ¡ð¡¤¡¤
¡¤¡¤¡¤¡ñ¡ð¡ð¡¤¡¤
¡¤¡¤¡¤¡¤¡¤¡¤¡¤¡¤
step: 18  col: 0  B: 9 W: 13
19 dep:4, cnt:3956, tl:1, pv:[<2,5>:-2.15]
11 dep:5, cnt:5399, tl:1, pv:[<2,5>:0.04]
62 dep:6, cnt:16009, tl:2, pv:[<2,5>:-2.76]
120 dep:7, cnt:72824, tl:10, pv:[<2,5>:0.50]
775 dep:8, cnt:337356, tl:48, pv:[<2,5>:-2.60]
m 2 5
board 0x302e5408000000 0x81028743c0800 col 1
¡¤¡¤¡¤¡¤¡¤¡¤¡¤¡¤
¡¤¡¤¡¤¡ñ¡¤¡¤¡¤¡¤
¡¤¡¤¡ñ¡ñ¡ñ¡ñ¡¤¡¤
¡¤¡¤¡ñ¡ð¡ñ¡ñ¡ñ¡¤
¡¤¡¤¡ð¡ñ¡ð¡ñ¡ð¡¤
¡¤¡ð¡ð¡ð¡ñ¡ð¡¤¡¤
¡¤¡¤¡¤¡ñ¡ð¡ð¡¤¡¤
¡¤¡¤¡¤¡¤¡¤¡¤¡¤¡¤
step: 19  col: 1  B: 10 W: 13
18 dep:4, cnt:3914, tl:1, pv:[<3,1>:-0.04]
38 dep:5, cnt:7718, tl:1, pv:[<1,4>:2.76]
131 dep:6, cnt:24601, tl:4, pv:[<3,1>:-0.50]
716 dep:7, cnt:158483, tl:21, pv:[<6,2>:2.60]
1061 dep:8, cnt:321793, tl:45, pv:[<1,4>:-1.23]
m 1 4
board 0x81028642c0800 0x302e5418101000 col 0
¡¤¡¤¡¤¡¤¡¤¡¤¡¤¡¤
¡¤¡¤¡¤¡ñ¡ð¡¤¡¤¡¤
¡¤¡¤¡ñ¡ñ¡ð¡ñ¡¤¡¤
¡¤¡¤¡ñ¡ð¡ð¡ñ¡ñ¡¤
¡¤¡¤¡ð¡ñ¡ð¡ñ¡ð¡¤
¡¤¡ð¡ð¡ð¡ñ¡ð¡¤¡¤
¡¤¡¤¡¤¡ñ¡ð¡ð¡¤¡¤
¡¤¡¤¡¤¡¤¡¤¡¤¡¤¡¤
step: 20  col: 0  B: 11 W: 13
13 dep:4, cnt:3902, tl:1, pv:[<7,5>:-2.76]
24 dep:5, cnt:7676, tl:1, pv:[<5,7>:0.65]
154 dep:6, cnt:34439, tl:5, pv:[<7,5>:-2.14]
360 dep:7, cnt:108110, tl:14, pv:[<5,7>:1.23]
508 dep:8, cnt:215243, tl:32, pv:[<5,7>:-2.49]
m 5 7
board 0x302e1418101000 0x89068642c0800 col 1
¡¤¡¤¡¤¡¤¡¤¡¤¡¤¡¤
¡¤¡¤¡¤¡ñ¡ð¡¤¡¤¡¤
¡¤¡¤¡ñ¡ñ¡ð¡ñ¡¤¡¤
¡¤¡¤¡ñ¡ð¡ð¡ñ¡ñ¡¤
¡¤¡¤¡ð¡ñ¡ð¡ñ¡ñ¡¤
¡¤¡ð¡ð¡ð¡ñ¡ð¡¤¡ñ
¡¤¡¤¡¤¡ñ¡ð¡ð¡¤¡¤
¡¤¡¤¡¤¡¤¡¤¡¤¡¤¡¤
step: 21  col: 1  B: 12 W: 13
25 dep:4, cnt:3919, tl:1, pv:[<3,1>:-0.65]
91 dep:5, cnt:14054, tl:2, pv:[<5,6>:2.31]
145 dep:6, cnt:21862, tl:3, pv:[<5,6>:-1.23]
288 dep:7, cnt:65358, tl:9, pv:[<5,6>:2.49]
625 dep:8, cnt:196159, tl:28, pv:[<5,6>:2.72]
m 5 6
board 0x89048642c0800 0x306e3418101000 col 0
¡¤¡¤¡¤¡¤¡¤¡¤¡¤¡¤
¡¤¡¤¡¤¡ñ¡ð¡¤¡¤¡¤
¡¤¡¤¡ñ¡ñ¡ð¡ñ¡¤¡¤
¡¤¡¤¡ñ¡ð¡ð¡ñ¡ñ¡¤
¡¤¡¤¡ð¡ñ¡ð¡ð¡ñ¡¤
¡¤¡ð¡ð¡ð¡ñ¡ð¡ð¡ñ
¡¤¡¤¡¤¡ñ¡ð¡ð¡¤¡¤
¡¤¡¤¡¤¡¤¡¤¡¤¡¤¡¤
step: 22  col: 0  B: 12 W: 14
8 dep:4, cnt:2373, tl:0, pv:[<7,5>:-2.31]
30 dep:5, cnt:6647, tl:1, pv:[<7,5>:1.23]
81 dep:6, cnt:18245, tl:3, pv:[<7,5>:-2.49]
226 dep:7, cnt:71325, tl:9, pv:[<7,5>:-2.72]
840 dep:8, cnt:294030, tl:63, pv:[<7,5>:-1.08]
m 7 5
board 0x104e1418101000 0x2028b068642c0800 col 1
¡¤¡¤¡¤¡¤¡¤¡¤¡¤¡¤
¡¤¡¤¡¤¡ñ¡ð¡¤¡¤¡¤
¡¤¡¤¡ñ¡ñ¡ð¡ñ¡¤¡¤
¡¤¡¤¡ñ¡ð¡ð¡ñ¡ñ¡¤
¡¤¡¤¡ð¡ñ¡ð¡ñ¡ñ¡¤
¡¤¡ð¡ð¡ð¡ñ¡ñ¡ð¡ñ
¡¤¡¤¡¤¡ñ¡ð¡ñ¡¤¡¤
¡¤¡¤¡¤¡¤¡¤¡ñ¡¤¡¤
step: 23  col: 1  B: 11 W: 16
17 dep:4, cnt:3554, tl:0, pv:[<3,1>:-1.23]
64 dep:5, cnt:11766, tl:2, pv:[<7,3>:2.49]
201 dep:6, cnt:35717, tl:6, pv:[<3,1>:2.72]
833 dep:7, cnt:171286, tl:23, pv:[<7,4>:1.08]
1467 dep:8, cnt:517136, tl:73, pv:[<3,1>:1.62]
m 3 1
board 0x2028b068602c0800 0x104e141e101000 col 0
¡¤¡¤¡¤¡¤¡¤¡¤¡¤¡¤
¡¤¡¤¡¤¡ñ¡ð¡¤¡¤¡¤
¡¤¡¤¡ñ¡ñ¡ð¡ñ¡¤¡¤
¡¤¡ð¡ð¡ð¡ð¡ñ¡ñ¡¤
¡¤¡¤¡ð¡ñ¡ð¡ñ¡ñ¡¤
¡¤¡ð¡ð¡ð¡ñ¡ñ¡ð¡ñ
¡¤¡¤¡¤¡ñ¡ð¡ñ¡¤¡¤
¡¤¡¤¡¤¡¤¡¤¡ñ¡¤¡¤
step: 24  col: 0  B: 15 W: 13
7 dep:4, cnt:2195, tl:0, pv:[<7,4>:-0.92]
72 dep:5, cnt:9923, tl:1, pv:[<2,1>:-2.72]
168 dep:6, cnt:25240, tl:4, pv:[<7,4>:-1.03]
266 dep:7, cnt:86171, tl:12, pv:[<7,4>:-1.62]
696 dep:8, cnt:217668, tl:33, pv:[<7,4>:-2.67]
m 7 4
board 0x4e141e101000 0x3038b068602c0800 col 1
¡¤¡¤¡¤¡¤¡¤¡¤¡¤¡¤
¡¤¡¤¡¤¡ñ¡ð¡¤¡¤¡¤
¡¤¡¤¡ñ¡ñ¡ð¡ñ¡¤¡¤
¡¤¡ð¡ð¡ð¡ð¡ñ¡ñ¡¤
¡¤¡¤¡ð¡ñ¡ð¡ñ¡ñ¡¤
¡¤¡ð¡ð¡ð¡ñ¡ñ¡ð¡ñ
¡¤¡¤¡¤¡ñ¡ñ¡ñ¡¤¡¤
¡¤¡¤¡¤¡¤¡ñ¡ñ¡¤¡¤
step: 25  col: 1  B: 12 W: 17
6 dep:4, cnt:1158, tl:0, pv:[<2,1>:3.69]
43 dep:5, cnt:5164, tl:1, pv:[<0,2>:1.03]
167 dep:6, cnt:15541, tl:2, pv:[<0,2>:1.62]
310 dep:7, cnt:40464, tl:6, pv:[<0,2>:2.67]
731 dep:8, cnt:179096, tl:27, pv:[<0,2>:-0.82]
m 0 2
board 0x3038b068602c0000 0x4e141e101804 col 0
¡¤¡¤¡ð¡¤¡¤¡¤¡¤¡¤
¡¤¡¤¡¤¡ð¡ð¡¤¡¤¡¤
¡¤¡¤¡ñ¡ñ¡ð¡ñ¡¤¡¤
¡¤¡ð¡ð¡ð¡ð¡ñ¡ñ¡¤
¡¤¡¤¡ð¡ñ¡ð¡ñ¡ñ¡¤
¡¤¡ð¡ð¡ð¡ñ¡ñ¡ð¡ñ
¡¤¡¤¡¤¡ñ¡ñ¡ñ¡¤¡¤
¡¤¡¤¡¤¡¤¡ñ¡ñ¡¤¡¤
step: 26  col: 0  B: 16 W: 14
21 dep:4, cnt:1906, tl:0, pv:[<2,1>:-1.03]
30 dep:5, cnt:4586, tl:1, pv:[<2,1>:-1.62]
98 dep:6, cnt:11508, tl:2, pv:[<2,1>:-2.67]
398 dep:7, cnt:54053, tl:7, pv:[<2,1>:0.82]
1311 dep:8, cnt:247141, tl:36, pv:[<2,1>:-0.68]
m 2 1
board 0x4e141a101804 0x3038b068642e0000 col 1
¡¤¡¤¡ð¡¤¡¤¡¤¡¤¡¤
¡¤¡¤¡¤¡ð¡ð¡¤¡¤¡¤
¡¤¡ñ¡ñ¡ñ¡ð¡ñ¡¤¡¤
¡¤¡ð¡ñ¡ð¡ð¡ñ¡ñ¡¤
¡¤¡¤¡ð¡ñ¡ð¡ñ¡ñ¡¤
¡¤¡ð¡ð¡ð¡ñ¡ñ¡ð¡ñ
¡¤¡¤¡¤¡ñ¡ñ¡ñ¡¤¡¤
¡¤¡¤¡¤¡¤¡ñ¡ñ¡¤¡¤
step: 27  col: 1  B: 13 W: 18
16 dep:4, cnt:1819, tl:0, pv:[<1,2>:1.62]
54 dep:5, cnt:6677, tl:1, pv:[<4,1>:2.67]
115 dep:6, cnt:11411, tl:2, pv:[<4,1>:-0.82]
268 dep:7, cnt:34779, tl:5, pv:[<4,1>:0.68]
755 dep:8, cnt:164632, tl:25, pv:[<1,2>:0.35]
m 1 2
board 0x3038b06860220000 0x4e141e1c1c04 col 0
¡¤¡¤¡ð¡¤¡¤¡¤¡¤¡¤
¡¤¡¤¡ð¡ð¡ð¡¤¡¤¡¤
¡¤¡ñ¡ð¡ð¡ð¡ñ¡¤¡¤
¡¤¡ð¡ð¡ð¡ð¡ñ¡ñ¡¤
¡¤¡¤¡ð¡ñ¡ð¡ñ¡ñ¡¤
¡¤¡ð¡ð¡ð¡ñ¡ñ¡ð¡ñ
¡¤¡¤¡¤¡ñ¡ñ¡ñ¡¤¡¤
¡¤¡¤¡¤¡¤¡ñ¡ñ¡¤¡¤
step: 28  col: 0  B: 15 W: 17
42 dep:4, cnt:3432, tl:0, pv:[<6,2>:1.70]
19 dep:5, cnt:4595, tl:1, pv:[<6,2>:1.68]
186 dep:6, cnt:20696, tl:3, pv:[<6,2>:2.92]
374 dep:7, cnt:71966, tl:11, pv:[<4,7>:-0.35]
1019 dep:8, cnt:159720, tl:24, pv:[<4,7>:2.29]
m 4 7
board 0xe141e1c1c04 0x3038f0e860220000 col 1
¡¤¡¤¡ð¡¤¡¤¡¤¡¤¡¤
¡¤¡¤¡ð¡ð¡ð¡¤¡¤¡¤
¡¤¡ñ¡ð¡ð¡ð¡ñ¡¤¡¤
¡¤¡ð¡ð¡ð¡ð¡ñ¡ñ¡¤
¡¤¡¤¡ð¡ñ¡ð¡ñ¡ñ¡ñ
¡¤¡ð¡ð¡ð¡ñ¡ñ¡ñ¡ñ
¡¤¡¤¡¤¡ñ¡ñ¡ñ¡¤¡¤
¡¤¡¤¡¤¡¤¡ñ¡ñ¡¤¡¤
step: 29  col: 1  B: 16 W: 17
26 dep:4, cnt:2837, tl:1, pv:[<3,0>:2.98]
48 dep:5, cnt:3985, tl:0, pv:[<2,0>:-0.73]
82 dep:6, cnt:7266, tl:1, pv:[<2,0>:0.35]
360 dep:7, cnt:45264, tl:7, pv:[<3,7>:-2.29]
584 dep:8, cnt:139022, tl:21, pv:[<2,0>:-3.16]
m 2 0
board 0x3038f0e860200000 0xe141e1f1c04 col 0
¡¤¡¤¡ð¡¤¡¤¡¤¡¤¡¤
¡¤¡¤¡ð¡ð¡ð¡¤¡¤¡¤
¡ð¡ð¡ð¡ð¡ð¡ñ¡¤¡¤
¡¤¡ð¡ð¡ð¡ð¡ñ¡ñ¡¤
¡¤¡¤¡ð¡ñ¡ð¡ñ¡ñ¡ñ
¡¤¡ð¡ð¡ð¡ñ¡ñ¡ñ¡ñ
¡¤¡¤¡¤¡ñ¡ñ¡ñ¡¤¡¤
¡¤¡¤¡¤¡¤¡ñ¡ñ¡¤¡¤
step: 30  col: 0  B: 16 W: 18
19 dep:4, cnt:1294, tl:0, pv:[<6,2>:0.73]
39 dep:5, cnt:2739, tl:1, pv:[<6,2>:-0.35]
95 dep:6, cnt:6768, tl:1, pv:[<0,4>:3.51]
279 dep:7, cnt:20181, tl:3, pv:[<0,4>:2.08]
481 dep:8, cnt:56838, tl:9, pv:[<0,4>:4.71]
m 0 4
board 0xe040e0f0c04 0x3038f0f870301010 col 1
¡¤¡¤¡ð¡¤¡ñ¡¤¡¤¡¤
¡¤¡¤¡ð¡ð¡ñ¡¤¡¤¡¤
¡ð¡ð¡ð¡ð¡ñ¡ñ¡¤¡¤
¡¤¡ð¡ð¡ð¡ñ¡ñ¡ñ¡¤
¡¤¡¤¡ð¡ñ¡ñ¡ñ¡ñ¡ñ
¡¤¡ð¡ð¡ð¡ñ¡ñ¡ñ¡ñ
¡¤¡¤¡¤¡ñ¡ñ¡ñ¡¤¡¤
¡¤¡¤¡¤¡¤¡ñ¡ñ¡¤¡¤
step: 31  col: 1  B: 14 W: 21
15 dep:4, cnt:961, tl:0, pv:[<0,5>:1.17]
29 dep:5, cnt:2315, tl:0, pv:[<0,5>:-3.51]
157 dep:6, cnt:9379, tl:2, pv:[<0,5>:-3.16]
183 dep:7, cnt:17911, tl:3, pv:[<0,5>:-4.71]
275 dep:8, cnt:60473, tl:9, pv:[<0,5>:-0.41]
m 0 5
board 0x3038f0f870300010 0xe040e0f1c24 col 0
¡¤¡¤¡ð¡¤¡ñ¡ð¡¤¡¤
¡¤¡¤¡ð¡ð¡ð¡¤¡¤¡¤
¡ð¡ð¡ð¡ð¡ñ¡ñ¡¤¡¤
¡¤¡ð¡ð¡ð¡ñ¡ñ¡ñ¡¤
¡¤¡¤¡ð¡ñ¡ñ¡ñ¡ñ¡ñ
¡¤¡ð¡ð¡ð¡ñ¡ñ¡ñ¡ñ
¡¤¡¤¡¤¡ñ¡ñ¡ñ¡¤¡¤
¡¤¡¤¡¤¡¤¡ñ¡ñ¡¤¡¤
step: 32  col: 0  B: 20 W: 16
5 dep:4, cnt:508, tl:0, pv:[<0,3>:3.51]
35 dep:5, cnt:4078, tl:1, pv:[<0,6>:3.16]
118 dep:6, cnt:6099, tl:1, pv:[<0,3>:4.71]
229 dep:7, cnt:19826, tl:4, pv:[<0,6>:0.41]
770 dep:8, cnt:100897, tl:19, pv:[<0,3>:2.15]
m 0 3
board 0xe0406070424 0x3038f0f878381818 col 1
¡¤¡¤¡ð¡ñ¡ñ¡ð¡¤¡¤
¡¤¡¤¡ð¡ñ¡ñ¡¤¡¤¡¤
¡ð¡ð¡ð¡ñ¡ñ¡ñ¡¤¡¤
¡¤¡ð¡ð¡ñ¡ñ¡ñ¡ñ¡¤
¡¤¡¤¡ð¡ñ¡ñ¡ñ¡ñ¡ñ
¡¤¡ð¡ð¡ð¡ñ¡ñ¡ñ¡ñ
¡¤¡¤¡¤¡ñ¡ñ¡ñ¡¤¡¤
¡¤¡¤¡¤¡¤¡ñ¡ñ¡¤¡¤
step: 33  col: 1  B: 12 W: 25
29 dep:4, cnt:2156, tl:0, pv:[<1,5>:-2.08]
22 dep:5, cnt:3059, tl:0, pv:[<6,6>:-4.71]
116 dep:6, cnt:10589, tl:2, pv:[<1,5>:1.17]
172 dep:7, cnt:28714, tl:5, pv:[<6,6>:-2.15]
520 dep:8, cnt:126265, tl:18, pv:[<6,6>:-2.58]
m 6 6
board 0x3038d0e870381818 0x402e140e070424 col 0
¡¤¡¤¡ð¡ñ¡ñ¡ð¡¤¡¤
¡¤¡¤¡ð¡ñ¡ñ¡¤¡¤¡¤
¡ð¡ð¡ð¡ñ¡ñ¡ñ¡¤¡¤
¡¤¡ð¡ð¡ð¡ñ¡ñ¡ñ¡¤
¡¤¡¤¡ð¡ñ¡ð¡ñ¡ñ¡ñ
¡¤¡ð¡ð¡ð¡ñ¡ð¡ñ¡ñ
¡¤¡¤¡¤¡ñ¡ñ¡ñ¡ð¡¤
¡¤¡¤¡¤¡¤¡ñ¡ñ¡¤¡¤
step: 34  col: 0  B: 22 W: 16
19 dep:4, cnt:2427, tl:0, pv:[<4,1>:4.71]
65 dep:5, cnt:6232, tl:1, pv:[<6,2>:2.51]
35 dep:6, cnt:6383, tl:2, pv:[<6,2>:2.15]
299 dep:7, cnt:50618, tl:7, pv:[<6,2>:2.58]
450 dep:8, cnt:74357, tl:12, pv:[<6,2>:2.46]
m 6 2
board 0x4026040e070424 0x303cd8f870381818 col 1
¡¤¡¤¡ð¡ñ¡ñ¡ð¡¤¡¤
¡¤¡¤¡ð¡ñ¡ñ¡¤¡¤¡¤
¡ð¡ð¡ð¡ñ¡ñ¡ñ¡¤¡¤
¡¤¡ð¡ð¡ð¡ñ¡ñ¡ñ¡¤
¡¤¡¤¡ð¡ñ¡ñ¡ñ¡ñ¡ñ
¡¤¡ð¡ð¡ñ¡ñ¡ð¡ñ¡ñ
¡¤¡¤¡ñ¡ñ¡ñ¡ñ¡ð¡¤
¡¤¡¤¡¤¡¤¡ñ¡ñ¡¤¡¤
step: 35  col: 1  B: 14 W: 25
23 dep:4, cnt:2247, tl:1, pv:[<7,2>:-2.51]
5 dep:5, cnt:2746, tl:1, pv:[<7,2>:-2.15]
44 dep:6, cnt:10132, tl:2, pv:[<7,2>:-2.58]
56 dep:7, cnt:17915, tl:3, pv:[<7,2>:-2.46]
251 dep:8, cnt:86179, tl:13, pv:[<7,2>:2.64]
m 7 2
board 0x3038d8f870381818 0x44426040e070424 col 0
¡¤¡¤¡ð¡ñ¡ñ¡ð¡¤¡¤
¡¤¡¤¡ð¡ñ¡ñ¡¤¡¤¡¤
¡ð¡ð¡ð¡ñ¡ñ¡ñ¡¤¡¤
¡¤¡ð¡ð¡ð¡ñ¡ñ¡ñ¡¤
¡¤¡¤¡ð¡ñ¡ñ¡ñ¡ñ¡ñ
¡¤¡ð¡ð¡ñ¡ñ¡ð¡ñ¡ñ
¡¤¡¤¡ð¡ñ¡ñ¡ñ¡ð¡¤
¡¤¡¤¡ð¡¤¡ñ¡ñ¡¤¡¤
step: 36  col: 0  B: 24 W: 16
14 dep:4, cnt:2793, tl:1, pv:[<4,1>:2.15]
14 dep:5, cnt:4824, tl:2, pv:[<4,0>:2.58]
81 dep:6, cnt:10619, tl:2, pv:[<4,1>:2.46]
158 dep:7, cnt:43314, tl:6, pv:[<4,0>:-2.64]
799 dep:8, cnt:167795, tl:26, pv:[<7,7>:-2.49]
m 7 7
board 0x40406040e070424 0xb078f8f870381818 col 1
¡¤¡¤¡ð¡ñ¡ñ¡ð¡¤¡¤
¡¤¡¤¡ð¡ñ¡ñ¡¤¡¤¡¤
¡ð¡ð¡ð¡ñ¡ñ¡ñ¡¤¡¤
¡¤¡ð¡ð¡ð¡ñ¡ñ¡ñ¡¤
¡¤¡¤¡ð¡ñ¡ñ¡ñ¡ñ¡ñ
¡¤¡ð¡ð¡ñ¡ñ¡ñ¡ñ¡ñ
¡¤¡¤¡ð¡ñ¡ñ¡ñ¡ñ¡¤
¡¤¡¤¡ð¡¤¡ñ¡ñ¡¤¡ñ
step: 37  col: 1  B: 14 W: 27
23 dep:4, cnt:1129, tl:0, pv:[<1,5>:-0.09]
18 dep:5, cnt:1931, tl:1, pv:[<1,5>:2.40,<7,3>:2.40]
65 dep:6, cnt:6153, tl:1, pv:[<1,5>:5.67]
210 dep:7, cnt:21645, tl:3, pv:[<7,6>:2.49]
452 dep:8, cnt:76862, tl:11, pv:[<7,3>:2.82]
m 7 3
board 0xb070f0f070381818 0xc0c0e0c0e070424 col 0
¡¤¡¤¡ð¡ñ¡ñ¡ð¡¤¡¤
¡¤¡¤¡ð¡ñ¡ñ¡¤¡¤¡¤
¡ð¡ð¡ð¡ñ¡ñ¡ñ¡¤¡¤
¡¤¡ð¡ð¡ð¡ñ¡ñ¡ñ¡¤
¡¤¡¤¡ð¡ð¡ñ¡ñ¡ñ¡ñ
¡¤¡ð¡ð¡ð¡ñ¡ñ¡ñ¡ñ
¡¤¡¤¡ð¡ð¡ñ¡ñ¡ñ¡¤
¡¤¡¤¡ð¡ð¡ñ¡ñ¡¤¡ñ
step: 38  col: 0  B: 24 W: 18
15 dep:4, cnt:875, tl:0, pv:[<4,1>:-2.40]
8 dep:5, cnt:1541, tl:1, pv:[<4,1>:-3.57]
76 dep:6, cnt:5492, tl:1, pv:[<4,1>:-0.20]
157 dep:7, cnt:14081, tl:3, pv:[<4,1>:-2.82]
429 dep:8, cnt:41969, tl:7, pv:[<4,1>:-4.22]
m 4 1
board 0xc040a000a070424 0xb078f4fe74381818 col 1
¡¤¡¤¡ð¡ñ¡ñ¡ð¡¤¡¤
¡¤¡¤¡ð¡ñ¡ñ¡¤¡¤¡¤
¡ð¡ð¡ð¡ñ¡ñ¡ñ¡¤¡¤
¡¤¡ð¡ñ¡ð¡ñ¡ñ¡ñ¡¤
¡¤¡ñ¡ñ¡ñ¡ñ¡ñ¡ñ¡ñ
¡¤¡ð¡ñ¡ð¡ñ¡ñ¡ñ¡ñ
¡¤¡¤¡ð¡ñ¡ñ¡ñ¡ñ¡¤
¡¤¡¤¡ð¡ð¡ñ¡ñ¡¤¡ñ
step: 39  col: 1  B: 13 W: 30
11 dep:4, cnt:805, tl:0, pv:[<7,6>:3.57]
38 dep:5, cnt:2910, tl:1, pv:[<7,6>:0.20]
56 dep:6, cnt:6068, tl:1, pv:[<1,5>:2.82]
126 dep:7, cnt:13816, tl:2, pv:[<1,5>:4.22]
258 dep:8, cnt:44410, tl:7, pv:[<1,5>:3.58]
m 1 5
board 0xb078f4fe74280018 0xc040a000a173c24 col 0
¡¤¡¤¡ð¡ñ¡ñ¡ð¡¤¡¤
¡¤¡¤¡ð¡ð¡ð¡ð¡¤¡¤
¡ð¡ð¡ð¡ñ¡ð¡ñ¡¤¡¤
¡¤¡ð¡ñ¡ð¡ñ¡ñ¡ñ¡¤
¡¤¡ñ¡ñ¡ñ¡ñ¡ñ¡ñ¡ñ
¡¤¡ð¡ñ¡ð¡ñ¡ñ¡ñ¡ñ
¡¤¡¤¡ð¡ñ¡ñ¡ñ¡ñ¡¤
¡¤¡¤¡ð¡ð¡ñ¡ñ¡¤¡ñ
step: 40  col: 0  B: 27 W: 17
15 dep:4, cnt:1041, tl:0, pv:[<5,0>:1.10]
32 dep:5, cnt:2296, tl:1, pv:[<2,6>:-2.82]
61 dep:6, cnt:3297, tl:1, pv:[<2,6>:-4.22]
159 dep:7, cnt:13857, tl:2, pv:[<2,6>:-3.58]
475 dep:8, cnt:54302, tl:12, pv:[<5,0>:4.11]
m 5 0
board 0xc0408000a173c24 0xb078f7fe74280018 col 1
¡¤¡¤¡ð¡ñ¡ñ¡ð¡¤¡¤
¡¤¡¤¡ð¡ð¡ð¡ð¡¤¡¤
¡ð¡ð¡ð¡ñ¡ð¡ñ¡¤¡¤
¡¤¡ð¡ñ¡ð¡ñ¡ñ¡ñ¡¤
¡¤¡ñ¡ñ¡ñ¡ñ¡ñ¡ñ¡ñ
¡ñ¡ñ¡ñ¡ð¡ñ¡ñ¡ñ¡ñ
¡¤¡¤¡ð¡ñ¡ñ¡ñ¡ñ¡¤
¡¤¡¤¡ð¡ð¡ñ¡ñ¡¤¡ñ
step: 41  col: 1  B: 16 W: 29
15 dep:4, cnt:958, tl:0, pv:[<2,6>:3.75]
12 dep:5, cnt:1836, tl:0, pv:[<2,6>:5.30]
27 dep:6, cnt:3871, tl:1, pv:[<2,6>:4.91]
70 dep:7, cnt:9012, tl:2, pv:[<2,6>:-4.11]
305 dep:8, cnt:34100, tl:5, pv:[<2,6>:6.20]
m 2 6
board 0xb078f7ee54080018 0xc0408102a773c24 col 0
¡¤¡¤¡ð¡ñ¡ñ¡ð¡¤¡¤
¡¤¡¤¡ð¡ð¡ð¡ð¡¤¡¤
¡ð¡ð¡ð¡ñ¡ð¡ð¡ð¡¤
¡¤¡ð¡ñ¡ð¡ñ¡ð¡ñ¡¤
¡¤¡ñ¡ñ¡ñ¡ð¡ñ¡ñ¡ñ
¡ñ¡ñ¡ñ¡ð¡ñ¡ñ¡ñ¡ñ
¡¤¡¤¡ð¡ñ¡ñ¡ñ¡ñ¡¤
¡¤¡¤¡ð¡ð¡ñ¡ñ¡¤¡ñ
step: 42  col: 0  B: 26 W: 20
15 dep:4, cnt:1535, tl:0, pv:[<7,1>:-5.30]
23 dep:5, cnt:1808, tl:0, pv:[<7,1>:-4.91]
80 dep:6, cnt:2851, tl:1, pv:[<7,1>:4.11]
382 dep:7, cnt:15014, tl:2, pv:[<7,1>:-6.20]
494 dep:8, cnt:29451, tl:5, pv:[<4,0>:3.94]
m 4 0
board 0xc04081028733424 0xb078f7ef560c0818 col 1
¡¤¡¤¡ð¡ñ¡ñ¡ð¡¤¡¤
¡¤¡¤¡ð¡ñ¡ð¡ð¡¤¡¤
¡ð¡ð¡ñ¡ñ¡ð¡ð¡ð¡¤
¡¤¡ñ¡ñ¡ð¡ñ¡ð¡ñ¡¤
¡ñ¡ñ¡ñ¡ñ¡ð¡ñ¡ñ¡ñ
¡ñ¡ñ¡ñ¡ð¡ñ¡ñ¡ñ¡ñ
¡¤¡¤¡ð¡ñ¡ñ¡ñ¡ñ¡¤
¡¤¡¤¡ð¡ð¡ñ¡ñ¡¤¡ñ
step: 43  col: 1  B: 17 W: 30
16 dep:4, cnt:714, tl:1, pv:[<3,0>:8.45]
9 dep:5, cnt:759, tl:0, pv:[<3,0>:-0.27]
62 dep:6, cnt:2112, tl:0, pv:[<3,0>:8.63]
207 dep:7, cnt:8754, tl:2, pv:[<3,0>:-3.94]
255 dep:8, cnt:19843, tl:3, pv:[<3,0>:5.64]
m 3 0
board 0xb078f7ef500c0818 0xc0408102f733424 col 0
¡¤¡¤¡ð¡ñ¡ñ¡ð¡¤¡¤
¡¤¡¤¡ð¡ñ¡ð¡ð¡¤¡¤
¡ð¡ð¡ñ¡ñ¡ð¡ð¡ð¡¤
¡ð¡ð¡ð¡ð¡ñ¡ð¡ñ¡¤
¡ñ¡ñ¡ñ¡ñ¡ð¡ñ¡ñ¡ñ
¡ñ¡ñ¡ñ¡ð¡ñ¡ñ¡ñ¡ñ
¡¤¡¤¡ð¡ñ¡ñ¡ñ¡ñ¡¤
¡¤¡¤¡ð¡ð¡ñ¡ñ¡¤¡ñ
step: 44  col: 0  B: 28 W: 20
9 dep:4, cnt:635, tl:0, pv:[<1,0>:0.27]
43 dep:5, cnt:1336, tl:0, pv:[<3,7>:-8.63]
128 dep:6, cnt:2690, tl:1, pv:[<3,7>:3.94]
160 dep:7, cnt:5190, tl:1, pv:[<3,7>:-5.64]
333 dep:8, cnt:13907, tl:2, pv:[<3,7>:-0.11]
m 3 7
board 0xc0408102f331424 0xb078f7efd04c2818 col 1
¡¤¡¤¡ð¡ñ¡ñ¡ð¡¤¡¤
¡¤¡¤¡ð¡ñ¡ð¡ñ¡¤¡¤
¡ð¡ð¡ñ¡ñ¡ð¡ð¡ñ¡¤
¡ð¡ð¡ð¡ð¡ñ¡ð¡ñ¡ñ
¡ñ¡ñ¡ñ¡ñ¡ð¡ñ¡ñ¡ñ
¡ñ¡ñ¡ñ¡ð¡ñ¡ñ¡ñ¡ñ
¡¤¡¤¡ð¡ñ¡ñ¡ñ¡ñ¡¤
¡¤¡¤¡ð¡ð¡ñ¡ñ¡¤¡ñ
step: 45  col: 1  B: 18 W: 31
23 dep:4, cnt:678, tl:1, pv:[<6,0>:8.63]
33 dep:5, cnt:1088, tl:0, pv:[<6,1>:-3.94]
108 dep:6, cnt:2839, tl:0, pv:[<6,0>:5.64]
135 dep:7, cnt:4495, tl:1, pv:[<6,0>:0.11]
284 dep:8, cnt:11804, tl:2, pv:[<6,0>:4.48]
m 6 0
board 0xb078f4ead04c2818 0xc050b152f331424 col 0
¡¤¡¤¡ð¡ñ¡ñ¡ð¡¤¡¤
¡¤¡¤¡ð¡ñ¡ð¡ñ¡¤¡¤
¡ð¡ð¡ñ¡ñ¡ð¡ð¡ñ¡¤
¡ð¡ð¡ð¡ð¡ñ¡ð¡ñ¡ñ
¡ð¡ñ¡ð¡ñ¡ð¡ñ¡ñ¡ñ
¡ð¡ð¡ñ¡ð¡ñ¡ñ¡ñ¡ñ
¡ð¡¤¡ð¡ñ¡ñ¡ñ¡ñ¡¤
¡¤¡¤¡ð¡ð¡ñ¡ñ¡¤¡ñ
step: 46  col: 0  B: 27 W: 23
7 dep:4, cnt:297, tl:0, pv:[<1,6>:5.28]
18 dep:5, cnt:321, tl:0, pv:[<1,6>:-5.64]
43 dep:6, cnt:669, tl:0, pv:[<1,6>:-0.11]
149 dep:7, cnt:2297, tl:1, pv:[<1,6>:-4.48]
235 dep:8, cnt:5065, tl:1, pv:[<1,6>:3.68]
m 1 6
board 0xc050b152f131424 0xb078f4ead06c6818 col 1
¡¤¡¤¡ð¡ñ¡ñ¡ð¡¤¡¤
¡¤¡¤¡ð¡ñ¡ð¡ñ¡ñ¡¤
¡ð¡ð¡ñ¡ñ¡ð¡ñ¡ñ¡¤
¡ð¡ð¡ð¡ð¡ñ¡ð¡ñ¡ñ
¡ð¡ñ¡ð¡ñ¡ð¡ñ¡ñ¡ñ
¡ð¡ð¡ñ¡ð¡ñ¡ñ¡ñ¡ñ
¡ð¡¤¡ð¡ñ¡ñ¡ñ¡ñ¡¤
¡¤¡¤¡ð¡ð¡ñ¡ñ¡¤¡ñ
step: 47  col: 1  B: 22 W: 29
18 dep:4, cnt:390, tl:0, pv:[<7,6>:5.64]
10 dep:5, cnt:277, tl:1, pv:[<7,6>:0.11]
56 dep:6, cnt:699, tl:0, pv:[<7,6>:4.48]
127 dep:7, cnt:1640, tl:0, pv:[<7,6>:-3.68]
236 dep:8, cnt:12066, tl:2, pv:[<7,6>:10.00]
m 7 6
board 0x8058e4e2d06c6818 0x7c251b1d2f131424 col 0
¡¤¡¤¡ð¡ñ¡ñ¡ð¡¤¡¤
¡¤¡¤¡ð¡ñ¡ð¡ñ¡ñ¡¤
¡ð¡ð¡ñ¡ñ¡ð¡ñ¡ñ¡¤
¡ð¡ð¡ð¡ð¡ñ¡ð¡ñ¡ñ
¡ð¡ñ¡ð¡ð¡ð¡ñ¡ñ¡ñ
¡ð¡ð¡ñ¡ð¡ð¡ñ¡ñ¡ñ
¡ð¡¤¡ð¡ñ¡ñ¡ð¡ñ¡¤
¡¤¡¤¡ð¡ð¡ð¡ð¡ð¡ñ
step: 48  col: 0  B: 24 W: 28
dep:12, cnt:27244, tl:4, pv:[<7,1>:-10.00]
m 7 1
board 0x21130d0f131424 0xfe5cecf2f06c6818 col 1
¡¤¡¤¡ð¡ñ¡ñ¡ð¡¤¡¤
¡¤¡¤¡ð¡ñ¡ð¡ñ¡ñ¡¤
¡ð¡ð¡ñ¡ñ¡ð¡ñ¡ñ¡¤
¡ð¡ð¡ð¡ð¡ñ¡ñ¡ñ¡ñ
¡ð¡ñ¡ð¡ð¡ñ¡ñ¡ñ¡ñ
¡ð¡ð¡ñ¡ñ¡ð¡ñ¡ñ¡ñ
¡ð¡¤¡ñ¡ñ¡ñ¡ð¡ñ¡¤
¡¤¡ñ¡ñ¡ñ¡ñ¡ñ¡ñ¡ñ
step: 49  col: 1  B: 19 W: 34
dep:11, cnt:8634, tl:1, pv:[<6,7>:10.00]
m 6 7
board 0xfe1cacd2e0646818 0xe1532d1f1b1424 col 0
¡¤¡¤¡ð¡ñ¡ñ¡ð¡¤¡¤
¡¤¡¤¡ð¡ñ¡ð¡ñ¡ñ¡¤
¡ð¡ð¡ñ¡ð¡ð¡ñ¡ñ¡¤
¡ð¡ð¡ð¡ð¡ð¡ñ¡ñ¡ñ
¡ð¡ñ¡ð¡ð¡ñ¡ð¡ñ¡ñ
¡ð¡ð¡ñ¡ñ¡ð¡ñ¡ð¡ñ
¡ð¡¤¡ñ¡ñ¡ñ¡ð¡ð¡ð
¡¤¡ñ¡ñ¡ñ¡ñ¡ñ¡ñ¡ñ
step: 50  col: 0  B: 29 W: 25
dep:10, cnt:2271, tl:0, pv:[<0,1>:-10.00,<6,1>:-10.00]
m 6 1
board 0xe1512d1f1b1424 0xfe1eaed2e0646818 col 1
¡¤¡¤¡ð¡ñ¡ñ¡ð¡¤¡¤
¡¤¡¤¡ð¡ñ¡ð¡ñ¡ñ¡¤
¡ð¡ð¡ñ¡ð¡ð¡ñ¡ñ¡¤
¡ð¡ð¡ð¡ð¡ð¡ñ¡ñ¡ñ
¡ð¡ñ¡ð¡ð¡ñ¡ð¡ñ¡ñ
¡ð¡ñ¡ñ¡ñ¡ð¡ñ¡ð¡ñ
¡ð¡ñ¡ñ¡ñ¡ñ¡ð¡ð¡ð
¡¤¡ñ¡ñ¡ñ¡ñ¡ñ¡ñ¡ñ
step: 51  col: 1  B: 24 W: 31
dep:9, cnt:1161, tl:0, pv:[<7,0>:10.00]
m 7 0
board 0xfe1caad2e0646818 0x1e3552d1f1b1424 col 0
¡¤¡¤¡ð¡ñ¡ñ¡ð¡¤¡¤
¡¤¡¤¡ð¡ñ¡ð¡ñ¡ñ¡¤
¡ð¡ð¡ñ¡ð¡ð¡ñ¡ñ¡¤
¡ð¡ð¡ð¡ð¡ð¡ñ¡ñ¡ñ
¡ð¡ñ¡ð¡ð¡ñ¡ð¡ñ¡ñ
¡ð¡ñ¡ð¡ñ¡ð¡ñ¡ð¡ñ
¡ð¡ð¡ñ¡ñ¡ñ¡ð¡ð¡ð
¡ð¡ñ¡ñ¡ñ¡ñ¡ñ¡ñ¡ñ
step: 52  col: 0  B: 29 W: 27
dep:8, cnt:163, tl:0, pv:[<0,1>:-10.00]
m 0 1
board 0x1e3552d1f1b1420 0xfe1caad2e064681e col 1
¡¤¡ñ¡ñ¡ñ¡ñ¡ð¡¤¡¤
¡¤¡¤¡ð¡ñ¡ð¡ñ¡ñ¡¤
¡ð¡ð¡ñ¡ð¡ð¡ñ¡ñ¡¤
¡ð¡ð¡ð¡ð¡ð¡ñ¡ñ¡ñ
¡ð¡ñ¡ð¡ð¡ñ¡ð¡ñ¡ñ
¡ð¡ñ¡ð¡ñ¡ð¡ñ¡ð¡ñ
¡ð¡ð¡ñ¡ñ¡ñ¡ð¡ð¡ð
¡ð¡ñ¡ñ¡ñ¡ñ¡ñ¡ñ¡ñ
step: 53  col: 1  B: 26 W: 31
dep:7, cnt:123, tl:0, pv:[<0,7>:10.00]
m 0 7
board 0xfe1caad2e044281e 0x1e3552d1f3b54a0 col 0
¡¤¡ñ¡ñ¡ñ¡ñ¡ð¡¤¡ð
¡¤¡¤¡ð¡ñ¡ð¡ñ¡ð¡¤
¡ð¡ð¡ñ¡ð¡ð¡ð¡ñ¡¤
¡ð¡ð¡ð¡ð¡ð¡ñ¡ñ¡ñ
¡ð¡ñ¡ð¡ð¡ñ¡ð¡ñ¡ñ
¡ð¡ñ¡ð¡ñ¡ð¡ñ¡ð¡ñ
¡ð¡ð¡ñ¡ñ¡ñ¡ð¡ð¡ð
¡ð¡ñ¡ñ¡ñ¡ñ¡ñ¡ñ¡ñ
step: 54  col: 0  B: 29 W: 29
dep:6, cnt:54, tl:0, pv:[<1,7>:-10.00]
m 1 7
board 0x1e3552d1f3b14a0 0xfe1caad2e044e81e col 1
¡¤¡ñ¡ñ¡ñ¡ñ¡ð¡¤¡ð
¡¤¡¤¡ð¡ñ¡ð¡ñ¡ñ¡ñ
¡ð¡ð¡ñ¡ð¡ð¡ð¡ñ¡¤
¡ð¡ð¡ð¡ð¡ð¡ñ¡ñ¡ñ
¡ð¡ñ¡ð¡ð¡ñ¡ð¡ñ¡ñ
¡ð¡ñ¡ð¡ñ¡ð¡ñ¡ð¡ñ
¡ð¡ð¡ñ¡ñ¡ñ¡ð¡ð¡ð
¡ð¡ñ¡ñ¡ñ¡ñ¡ñ¡ñ¡ñ
step: 55  col: 1  B: 28 W: 31
dep:5, cnt:29, tl:0, pv:[<2,7>:10.00]
m 2 7
board 0xfe1c2a522004281e 0x1e3d5addffbd4a0 col 0
¡¤¡ñ¡ñ¡ñ¡ñ¡ð¡¤¡ð
¡¤¡¤¡ð¡ñ¡ð¡ñ¡ð¡ð
¡ð¡ð¡ñ¡ð¡ð¡ð¡ð¡ð
¡ð¡ð¡ð¡ð¡ð¡ñ¡ð¡ð
¡ð¡ñ¡ð¡ð¡ñ¡ð¡ñ¡ð
¡ð¡ñ¡ð¡ñ¡ð¡ñ¡ð¡ð
¡ð¡ð¡ñ¡ñ¡ñ¡ð¡ð¡ð
¡ð¡ñ¡ñ¡ñ¡ñ¡ñ¡ñ¡ñ
step: 56  col: 0  B: 24 W: 36
dep:4, cnt:8, tl:0, pv:[<0,6>:-10.00]
m 0 6
board 0x1e3d5ad9fbb9480 0xfe1c2a526044687e col 1
¡¤¡ñ¡ñ¡ñ¡ñ¡ñ¡ñ¡ð
¡¤¡¤¡ð¡ñ¡ð¡ñ¡ñ¡ð
¡ð¡ð¡ñ¡ð¡ð¡ð¡ñ¡ð
¡ð¡ð¡ð¡ð¡ð¡ñ¡ñ¡ð
¡ð¡ñ¡ð¡ð¡ñ¡ð¡ñ¡ð
¡ð¡ñ¡ð¡ñ¡ð¡ñ¡ð¡ð
¡ð¡ð¡ñ¡ñ¡ñ¡ð¡ð¡ð
¡ð¡ñ¡ñ¡ñ¡ñ¡ñ¡ñ¡ñ
step: 57  col: 1  B: 32 W: 29
dep:3, cnt:3, tl:0, pv:[<0,0>:10.00]
m 0 0
board 0xfe1c2a5260446800 0x1e3d5ad9fbb94ff col 0
¡ð¡ð¡ð¡ð¡ð¡ð¡ð¡ð
¡¤¡¤¡ð¡ñ¡ð¡ñ¡ñ¡ð
¡ð¡ð¡ñ¡ð¡ð¡ð¡ñ¡ð
¡ð¡ð¡ð¡ð¡ð¡ñ¡ñ¡ð
¡ð¡ñ¡ð¡ð¡ñ¡ð¡ñ¡ð
¡ð¡ñ¡ð¡ñ¡ð¡ñ¡ð¡ð
¡ð¡ð¡ñ¡ñ¡ñ¡ð¡ð¡ð
¡ð¡ñ¡ñ¡ñ¡ñ¡ñ¡ñ¡ñ
step: 58  col: 0  B: 23 W: 39
dep:2, cnt:2, tl:0, pv:[<1,0>:-10.00]
m 1 0
board 0x1c3c5a59bb994ff 0xfe3c3a5a64466900 col 1
¡ð¡ð¡ð¡ð¡ð¡ð¡ð¡ð
¡ñ¡¤¡ð¡ñ¡ð¡ñ¡ñ¡ð
¡ð¡ñ¡ñ¡ð¡ð¡ð¡ñ¡ð
¡ð¡ð¡ñ¡ð¡ð¡ñ¡ñ¡ð
¡ð¡ñ¡ð¡ñ¡ñ¡ð¡ñ¡ð
¡ð¡ñ¡ð¡ñ¡ñ¡ñ¡ð¡ð
¡ð¡ð¡ñ¡ñ¡ñ¡ñ¡ð¡ð
¡ð¡ñ¡ñ¡ñ¡ñ¡ñ¡ñ¡ñ
step: 59  col: 1  B: 34 W: 29
dep:1, cnt:1, tl:0, pv:[<1,1>:10.00]
m 1 1
board 0x1c3c5a59bbf96ff 0xfe3c3a5a64406900 col 1
¡ð¡ð¡ð¡ð¡ð¡ð¡ð¡ð
¡ñ¡ð¡ð¡ñ¡ð¡ñ¡ñ¡ð
¡ð¡ð¡ð¡ð¡ð¡ð¡ñ¡ð
¡ð¡ð¡ñ¡ð¡ð¡ñ¡ñ¡ð
¡ð¡ñ¡ð¡ñ¡ñ¡ð¡ñ¡ð
¡ð¡ñ¡ð¡ñ¡ñ¡ñ¡ð¡ð
¡ð¡ð¡ñ¡ñ¡ñ¡ñ¡ð¡ð
¡ð¡ñ¡ñ¡ñ¡ñ¡ñ¡ñ¡ñ
step: 60  col: 1  B: 37 W: 27
white win
