Program start at  Mon Feb 15 19:42:40 2021
Game start at Mon Feb 15 19:42:59 2021
black mode: 1 , white mode: 1
4 dep:4, cnt:160, tl:3, pv:[<2,3>:-0.28,<3,2>:-0.28,<4,5>:-0.28,<5,4>:-0.28]
19 dep:5, cnt:632, tl:0, pv:[<2,3>:-2.03,<4,5>:-2.03,<5,4>:-2.03]
16 dep:6, cnt:1198, tl:0, pv:[<2,3>:0.81,<3,2>:0.81,<4,5>:0.81,<5,4>:0.81]
38 dep:7, cnt:4068, tl:1, pv:[<2,3>:-0.83,<3,2>:-0.83,<4,5>:-0.83,<5,4>:-0.83]
141 dep:8, cnt:15634, tl:2, pv:[<2,3>:1.74,<3,2>:1.74,<4,5>:1.74,<5,4>:1.74]
m 3 2
board 0x81c000000 0x1000000000 col 1
¡¤¡¤¡¤¡¤¡¤¡¤¡¤¡¤
¡¤¡¤¡¤¡¤¡¤¡¤¡¤¡¤
¡¤¡¤¡¤¡¤¡¤¡¤¡¤¡¤
¡¤¡¤¡ñ¡ñ¡ñ¡¤¡¤¡¤
¡¤¡¤¡¤¡ñ¡ð¡¤¡¤¡¤
¡¤¡¤¡¤¡¤¡¤¡¤¡¤¡¤
¡¤¡¤¡¤¡¤¡¤¡¤¡¤¡¤
¡¤¡¤¡¤¡¤¡¤¡¤¡¤¡¤
step: 1  col: 1  B: 4 W: 1
7 dep:4, cnt:196, tl:0, pv:[<2,4>:2.03]
10 dep:5, cnt:522, tl:0, pv:[<2,4>:-0.81]
14 dep:6, cnt:1371, tl:1, pv:[<2,4>:0.83]
60 dep:7, cnt:4688, tl:1, pv:[<2,4>:-1.74]
75 dep:8, cnt:9192, tl:1, pv:[<2,4>:-0.32]
m 2 4
board 0x80c000000 0x1010100000 col 0
¡¤¡¤¡¤¡¤¡¤¡¤¡¤¡¤
¡¤¡¤¡¤¡¤¡¤¡¤¡¤¡¤
¡¤¡¤¡¤¡¤¡ð¡¤¡¤¡¤
¡¤¡¤¡ñ¡ñ¡ð¡¤¡¤¡¤
¡¤¡¤¡¤¡ñ¡ð¡¤¡¤¡¤
¡¤¡¤¡¤¡¤¡¤¡¤¡¤¡¤
¡¤¡¤¡¤¡¤¡¤¡¤¡¤¡¤
¡¤¡¤¡¤¡¤¡¤¡¤¡¤¡¤
step: 2  col: 0  B: 3 W: 3
9 dep:4, cnt:451, tl:0, pv:[<5,5>:0.81]
8 dep:5, cnt:885, tl:0, pv:[<4,5>:-0.83]
52 dep:6, cnt:3356, tl:0, pv:[<5,5>:1.74]
85 dep:7, cnt:8383, tl:2, pv:[<5,5>:0.32]
159 dep:8, cnt:17791, tl:5, pv:[<5,5>:1.49]
m 5 5
board 0x20180c000000 0x10100000 col 1
¡¤¡¤¡¤¡¤¡¤¡¤¡¤¡¤
¡¤¡¤¡¤¡¤¡¤¡¤¡¤¡¤
¡¤¡¤¡¤¡¤¡ð¡¤¡¤¡¤
¡¤¡¤¡ñ¡ñ¡ð¡¤¡¤¡¤
¡¤¡¤¡¤¡ñ¡ñ¡¤¡¤¡¤
¡¤¡¤¡¤¡¤¡¤¡ñ¡¤¡¤
¡¤¡¤¡¤¡¤¡¤¡¤¡¤¡¤
¡¤¡¤¡¤¡¤¡¤¡¤¡¤¡¤
step: 3  col: 1  B: 5 W: 2
9 dep:4, cnt:594, tl:0, pv:[<4,2>:0.85]
9 dep:5, cnt:812, tl:0, pv:[<4,2>:-1.74]
27 dep:6, cnt:3075, tl:0, pv:[<5,4>:-0.32]
72 dep:7, cnt:6070, tl:1, pv:[<5,4>:-1.49]
213 dep:8, cnt:28263, tl:7, pv:[<5,4>:0.44]
m 5 4
board 0x20080c000000 0x101010100000 col 0
¡¤¡¤¡¤¡¤¡¤¡¤¡¤¡¤
¡¤¡¤¡¤¡¤¡¤¡¤¡¤¡¤
¡¤¡¤¡¤¡¤¡ð¡¤¡¤¡¤
¡¤¡¤¡ñ¡ñ¡ð¡¤¡¤¡¤
¡¤¡¤¡¤¡ñ¡ð¡¤¡¤¡¤
¡¤¡¤¡¤¡¤¡ð¡ñ¡¤¡¤
¡¤¡¤¡¤¡¤¡¤¡¤¡¤¡¤
¡¤¡¤¡¤¡¤¡¤¡¤¡¤¡¤
step: 4  col: 0  B: 4 W: 4
10 dep:4, cnt:783, tl:1, pv:[<4,5>:3.10]
10 dep:5, cnt:1200, tl:0, pv:[<4,5>:0.32]
18 dep:6, cnt:2112, tl:0, pv:[<4,5>:1.49]
78 dep:7, cnt:11866, tl:2, pv:[<4,5>:-0.44]
122 dep:8, cnt:23825, tl:3, pv:[<4,5>:-0.41]
m 4 5
board 0x20380c000000 0x100010100000 col 1
¡¤¡¤¡¤¡¤¡¤¡¤¡¤¡¤
¡¤¡¤¡¤¡¤¡¤¡¤¡¤¡¤
¡¤¡¤¡¤¡¤¡ð¡¤¡¤¡¤
¡¤¡¤¡ñ¡ñ¡ð¡¤¡¤¡¤
¡¤¡¤¡¤¡ñ¡ñ¡ñ¡¤¡¤
¡¤¡¤¡¤¡¤¡ð¡ñ¡¤¡¤
¡¤¡¤¡¤¡¤¡¤¡¤¡¤¡¤
¡¤¡¤¡¤¡¤¡¤¡¤¡¤¡¤
step: 5  col: 1  B: 6 W: 3
17 dep:4, cnt:1384, tl:0, pv:[<4,2>:-0.32]
23 dep:5, cnt:1709, tl:0, pv:[<4,2>:-1.49]
50 dep:6, cnt:4374, tl:1, pv:[<4,2>:0.44]
36 dep:7, cnt:12464, tl:2, pv:[<4,2>:0.41]
142 dep:8, cnt:38514, tl:9, pv:[<4,2>:-1.45]
m 4 2
board 0x203804000000 0x100418100000 col 0
¡¤¡¤¡¤¡¤¡¤¡¤¡¤¡¤
¡¤¡¤¡¤¡¤¡¤¡¤¡¤¡¤
¡¤¡¤¡¤¡¤¡ð¡¤¡¤¡¤
¡¤¡¤¡ñ¡ð¡ð¡¤¡¤¡¤
¡¤¡¤¡ð¡ñ¡ñ¡ñ¡¤¡¤
¡¤¡¤¡¤¡¤¡ð¡ñ¡¤¡¤
¡¤¡¤¡¤¡¤¡¤¡¤¡¤¡¤
¡¤¡¤¡¤¡¤¡¤¡¤¡¤¡¤
step: 6  col: 0  B: 5 W: 5
14 dep:4, cnt:1255, tl:0, pv:[<2,2>:1.49]
18 dep:5, cnt:2296, tl:0, pv:[<2,3>:-0.44]
43 dep:6, cnt:7783, tl:2, pv:[<3,5>:-0.41]
52 dep:7, cnt:19269, tl:2, pv:[<3,5>:1.45]
339 dep:8, cnt:71013, tl:16, pv:[<2,2>:-0.02]
m 2 2
board 0x20380c040000 0x100410100000 col 1
¡¤¡¤¡¤¡¤¡¤¡¤¡¤¡¤
¡¤¡¤¡¤¡¤¡¤¡¤¡¤¡¤
¡¤¡¤¡ñ¡¤¡ð¡¤¡¤¡¤
¡¤¡¤¡ñ¡ñ¡ð¡¤¡¤¡¤
¡¤¡¤¡ð¡ñ¡ñ¡ñ¡¤¡¤
¡¤¡¤¡¤¡¤¡ð¡ñ¡¤¡¤
¡¤¡¤¡¤¡¤¡¤¡¤¡¤¡¤
¡¤¡¤¡¤¡¤¡¤¡¤¡¤¡¤
step: 7  col: 1  B: 7 W: 4
19 dep:4, cnt:2047, tl:1, pv:[<5,2>:0.66]
11 dep:5, cnt:2642, tl:0, pv:[<3,1>:0.49]
36 dep:6, cnt:7608, tl:2, pv:[<5,2>:-0.90]
124 dep:7, cnt:23744, tl:6, pv:[<3,1>:-0.61]
341 dep:8, cnt:69377, tl:13, pv:[<3,1>:-1.72]
m 3 1
board 0x203800040000 0x10041e100000 col 0
¡¤¡¤¡¤¡¤¡¤¡¤¡¤¡¤
¡¤¡¤¡¤¡¤¡¤¡¤¡¤¡¤
¡¤¡¤¡ñ¡¤¡ð¡¤¡¤¡¤
¡¤¡ð¡ð¡ð¡ð¡¤¡¤¡¤
¡¤¡¤¡ð¡ñ¡ñ¡ñ¡¤¡¤
¡¤¡¤¡¤¡¤¡ð¡ñ¡¤¡¤
¡¤¡¤¡¤¡¤¡¤¡¤¡¤¡¤
¡¤¡¤¡¤¡¤¡¤¡¤¡¤¡¤
step: 8  col: 0  B: 5 W: 7
27 dep:4, cnt:2995, tl:0, pv:[<5,3>:-0.49]
8 dep:5, cnt:2470, tl:1, pv:[<2,3>:1.31]
66 dep:6, cnt:9219, tl:1, pv:[<2,3>:-0.02]
134 dep:7, cnt:33280, tl:5, pv:[<2,3>:1.72]
356 dep:8, cnt:84826, tl:18, pv:[<2,3>:0.27]
m 2 3
board 0x2038180c0000 0x100406100000 col 1
¡¤¡¤¡¤¡¤¡¤¡¤¡¤¡¤
¡¤¡¤¡¤¡¤¡¤¡¤¡¤¡¤
¡¤¡¤¡ñ¡ñ¡ð¡¤¡¤¡¤
¡¤¡ð¡ð¡ñ¡ñ¡¤¡¤¡¤
¡¤¡¤¡ð¡ñ¡ñ¡ñ¡¤¡¤
¡¤¡¤¡¤¡¤¡ð¡ñ¡¤¡¤
¡¤¡¤¡¤¡¤¡¤¡¤¡¤¡¤
¡¤¡¤¡¤¡¤¡¤¡¤¡¤¡¤
step: 9  col: 1  B: 8 W: 5
17 dep:4, cnt:1884, tl:0, pv:[<3,5>:-1.31]
31 dep:5, cnt:4178, tl:1, pv:[<1,4>:0.02]
97 dep:6, cnt:11583, tl:3, pv:[<1,4>:-1.72]
265 dep:7, cnt:34938, tl:7, pv:[<1,2>:-0.27]
674 dep:8, cnt:138295, tl:30, pv:[<1,2>:0.27]
m 1 2
board 0x203818080000 0x100406140400 col 0
¡¤¡¤¡¤¡¤¡¤¡¤¡¤¡¤
¡¤¡¤¡ð¡¤¡¤¡¤¡¤¡¤
¡¤¡¤¡ð¡ñ¡ð¡¤¡¤¡¤
¡¤¡ð¡ð¡ñ¡ñ¡¤¡¤¡¤
¡¤¡¤¡ð¡ñ¡ñ¡ñ¡¤¡¤
¡¤¡¤¡¤¡¤¡ð¡ñ¡¤¡¤
¡¤¡¤¡¤¡¤¡¤¡¤¡¤¡¤
¡¤¡¤¡¤¡¤¡¤¡¤¡¤¡¤
step: 10  col: 0  B: 7 W: 7
14 dep:4, cnt:1731, tl:0, pv:[<2,5>:1.41]
17 dep:5, cnt:3310, tl:0, pv:[<2,5>:3.00]
105 dep:6, cnt:10534, tl:2, pv:[<2,5>:0.27]
562 dep:7, cnt:74644, tl:15, pv:[<5,3>:-0.27]
611 dep:8, cnt:134925, tl:30, pv:[<2,5>:-1.58]
m 2 5
board 0x203818380000 0x100406040400 col 1
¡¤¡¤¡¤¡¤¡¤¡¤¡¤¡¤
¡¤¡¤¡ð¡¤¡¤¡¤¡¤¡¤
¡¤¡¤¡ð¡ñ¡ñ¡ñ¡¤¡¤
¡¤¡ð¡ð¡ñ¡ñ¡¤¡¤¡¤
¡¤¡¤¡ð¡ñ¡ñ¡ñ¡¤¡¤
¡¤¡¤¡¤¡¤¡ð¡ñ¡¤¡¤
¡¤¡¤¡¤¡¤¡¤¡¤¡¤¡¤
¡¤¡¤¡¤¡¤¡¤¡¤¡¤¡¤
step: 11  col: 1  B: 9 W: 6
15 dep:4, cnt:1903, tl:0, pv:[<3,5>:-3.00]
3 dep:5, cnt:1665, tl:1, pv:[<3,5>:-0.27]
149 dep:6, cnt:14027, tl:2, pv:[<3,5>:1.56]
62 dep:7, cnt:20283, tl:3, pv:[<3,5>:1.58]
571 dep:8, cnt:134301, tl:29, pv:[<3,5>:0.29]
m 3 5
board 0x203800380000 0x10043e040400 col 0
¡¤¡¤¡¤¡¤¡¤¡¤¡¤¡¤
¡¤¡¤¡ð¡¤¡¤¡¤¡¤¡¤
¡¤¡¤¡ð¡ñ¡ñ¡ñ¡¤¡¤
¡¤¡ð¡ð¡ð¡ð¡ð¡¤¡¤
¡¤¡¤¡ð¡ñ¡ñ¡ñ¡¤¡¤
¡¤¡¤¡¤¡¤¡ð¡ñ¡¤¡¤
¡¤¡¤¡¤¡¤¡¤¡¤¡¤¡¤
¡¤¡¤¡¤¡¤¡¤¡¤¡¤¡¤
step: 12  col: 0  B: 7 W: 9
16 dep:4, cnt:2866, tl:0, pv:[<5,3>:0.27]
94 dep:5, cnt:10740, tl:3, pv:[<6,4>:-1.56]
173 dep:6, cnt:18793, tl:5, pv:[<5,3>:-1.58]
376 dep:7, cnt:85234, tl:18, pv:[<6,4>:-0.29]
515 dep:8, cnt:123225, tl:24, pv:[<6,4>:-2.18]
m 6 4
board 0x10303800380000 0x43e040400 col 1
¡¤¡¤¡¤¡¤¡¤¡¤¡¤¡¤
¡¤¡¤¡ð¡¤¡¤¡¤¡¤¡¤
¡¤¡¤¡ð¡ñ¡ñ¡ñ¡¤¡¤
¡¤¡ð¡ð¡ð¡ð¡ð¡¤¡¤
¡¤¡¤¡ð¡ñ¡ñ¡ñ¡¤¡¤
¡¤¡¤¡¤¡¤¡ñ¡ñ¡¤¡¤
¡¤¡¤¡¤¡¤¡ñ¡¤¡¤¡¤
¡¤¡¤¡¤¡¤¡¤¡¤¡¤¡¤
step: 13  col: 1  B: 9 W: 8
20 dep:4, cnt:2503, tl:1, pv:[<5,3>:1.56]
32 dep:5, cnt:5378, tl:1, pv:[<1,4>:2.25]
126 dep:6, cnt:19114, tl:5, pv:[<5,3>:0.29]
110 dep:7, cnt:33008, tl:6, pv:[<5,3>:2.18]
458 dep:8, cnt:140966, tl:31, pv:[<5,3>:0.92,<1,3>:0.92]
m 1 3
board 0x10303800200000 0x43e1c0c00 col 0
¡¤¡¤¡¤¡¤¡¤¡¤¡¤¡¤
¡¤¡¤¡ð¡ð¡¤¡¤¡¤¡¤
¡¤¡¤¡ð¡ð¡ð¡ñ¡¤¡¤
¡¤¡ð¡ð¡ð¡ð¡ð¡¤¡¤
¡¤¡¤¡ð¡ñ¡ñ¡ñ¡¤¡¤
¡¤¡¤¡¤¡¤¡ñ¡ñ¡¤¡¤
¡¤¡¤¡¤¡¤¡ñ¡¤¡¤¡¤
¡¤¡¤¡¤¡¤¡¤¡¤¡¤¡¤
step: 14  col: 0  B: 7 W: 11
11 dep:4, cnt:897, tl:1, pv:[<1,4>:-1.15]
20 dep:5, cnt:1629, tl:0, pv:[<1,4>:-0.25]
64 dep:6, cnt:5155, tl:1, pv:[<1,4>:-1.01]
297 dep:7, cnt:23720, tl:4, pv:[<1,4>:-0.92]
678 dep:8, cnt:73092, tl:16, pv:[<1,4>:-2.02]
m 1 4
board 0x10303810301000 0x42e0c0c00 col 1
¡¤¡¤¡¤¡¤¡¤¡¤¡¤¡¤
¡¤¡¤¡ð¡ð¡ñ¡¤¡¤¡¤
¡¤¡¤¡ð¡ð¡ñ¡ñ¡¤¡¤
¡¤¡ð¡ð¡ð¡ñ¡ð¡¤¡¤
¡¤¡¤¡ð¡ñ¡ñ¡ñ¡¤¡¤
¡¤¡¤¡¤¡¤¡ñ¡ñ¡¤¡¤
¡¤¡¤¡¤¡¤¡ñ¡¤¡¤¡¤
¡¤¡¤¡¤¡¤¡¤¡¤¡¤¡¤
step: 15  col: 1  B: 10 W: 9
9 dep:4, cnt:987, tl:0, pv:[<0,5>:0.25]
20 dep:5, cnt:3040, tl:1, pv:[<0,5>:1.01]
94 dep:6, cnt:8059, tl:1, pv:[<0,5>:0.92]
427 dep:7, cnt:45071, tl:7, pv:[<2,6>:2.02]
1006 dep:8, cnt:152156, tl:32, pv:[<2,6>:0.04]
m 2 6
board 0x10303810001000 0x42e7c0c00 col 0
¡¤¡¤¡¤¡¤¡¤¡¤¡¤¡¤
¡¤¡¤¡ð¡ð¡ñ¡¤¡¤¡¤
¡¤¡¤¡ð¡ð¡ð¡ð¡ð¡¤
¡¤¡ð¡ð¡ð¡ñ¡ð¡¤¡¤
¡¤¡¤¡ð¡ñ¡ñ¡ñ¡¤¡¤
¡¤¡¤¡¤¡¤¡ñ¡ñ¡¤¡¤
¡¤¡¤¡¤¡¤¡ñ¡¤¡¤¡¤
¡¤¡¤¡¤¡¤¡¤¡¤¡¤¡¤
step: 16  col: 0  B: 8 W: 12
4 dep:4, cnt:1720, tl:0, pv:[<3,6>:-0.97]
36 dep:5, cnt:4384, tl:1, pv:[<0,3>:-0.00]
240 dep:6, cnt:18079, tl:3, pv:[<3,6>:-2.02]
1113 dep:7, cnt:78858, tl:16, pv:[<4,1>:-0.04]
1037 dep:8, cnt:156859, tl:32, pv:[<4,1>:-2.76]
m 4 1
board 0x10303e14081000 0x2a740c00 col 1
¡¤¡¤¡¤¡¤¡¤¡¤¡¤¡¤
¡¤¡¤¡ð¡ð¡ñ¡¤¡¤¡¤
¡¤¡¤¡ð¡ñ¡ð¡ð¡ð¡¤
¡¤¡ð¡ñ¡ð¡ñ¡ð¡¤¡¤
¡¤¡ñ¡ñ¡ñ¡ñ¡ñ¡¤¡¤
¡¤¡¤¡¤¡¤¡ñ¡ñ¡¤¡¤
¡¤¡¤¡¤¡¤¡ñ¡¤¡¤¡¤
¡¤¡¤¡¤¡¤¡¤¡¤¡¤¡¤
step: 17  col: 1  B: 12 W: 9
17 dep:4, cnt:2518, tl:1, pv:[<5,3>:0.04]
28 dep:5, cnt:4778, tl:1, pv:[<5,3>:2.15]
141 dep:6, cnt:14811, tl:3, pv:[<1,5>:0.04]
512 dep:7, cnt:94335, tl:17, pv:[<5,3>:2.76]
527 dep:8, cnt:163844, tl:32, pv:[<5,3>:-0.50]
m 5 3
board 0x10302214081000 0x81c2a740c00 col 0
¡¤¡¤¡¤¡¤¡¤¡¤¡¤¡¤
¡¤¡¤¡ð¡ð¡ñ¡¤¡¤¡¤
¡¤¡¤¡ð¡ñ¡ð¡ð¡ð¡¤
¡¤¡ð¡ñ¡ð¡ñ¡ð¡¤¡¤
¡¤¡ñ¡ð¡ð¡ð¡ñ¡¤¡¤
¡¤¡¤¡¤¡ð¡ñ¡ñ¡¤¡¤
¡¤¡¤¡¤¡¤¡ñ¡¤¡¤¡¤
¡¤¡¤¡¤¡¤¡¤¡¤¡¤¡¤
step: 18  col: 0  B: 9 W: 13
10 dep:4, cnt:2832, tl:1, pv:[<5,2>:-2.15]
56 dep:5, cnt:4941, tl:1, pv:[<5,2>:0.04]
138 dep:6, cnt:15104, tl:6, pv:[<5,2>:-2.76]
805 dep:7, cnt:74079, tl:12, pv:[<5,2>:0.50]
1468 dep:8, cnt:234123, tl:47, pv:[<5,2>:-2.60]
m 5 2
board 0x103c2e14081000 0x102a740c00 col 1
¡¤¡¤¡¤¡¤¡¤¡¤¡¤¡¤
¡¤¡¤¡ð¡ð¡ñ¡¤¡¤¡¤
¡¤¡¤¡ð¡ñ¡ð¡ð¡ð¡¤
¡¤¡ð¡ñ¡ð¡ñ¡ð¡¤¡¤
¡¤¡ñ¡ñ¡ñ¡ð¡ñ¡¤¡¤
¡¤¡¤¡ñ¡ñ¡ñ¡ñ¡¤¡¤
¡¤¡¤¡¤¡¤¡ñ¡¤¡¤¡¤
¡¤¡¤¡¤¡¤¡¤¡¤¡¤¡¤
step: 19  col: 1  B: 13 W: 10
21 dep:4, cnt:3451, tl:1, pv:[<4,6>:-0.04]
56 dep:5, cnt:11006, tl:3, pv:[<6,3>:2.76]
113 dep:6, cnt:29596, tl:7, pv:[<4,6>:-0.50]
676 dep:7, cnt:111749, tl:20, pv:[<1,5>:2.60]
2073 dep:8, cnt:464273, tl:85, pv:[<6,3>:-1.23]
m 6 3
board 0x10342614081000 0x808182a740c00 col 0
¡¤¡¤¡¤¡¤¡¤¡¤¡¤¡¤
¡¤¡¤¡ð¡ð¡ñ¡¤¡¤¡¤
¡¤¡¤¡ð¡ñ¡ð¡ð¡ð¡¤
¡¤¡ð¡ñ¡ð¡ñ¡ð¡¤¡¤
¡¤¡ñ¡ñ¡ð¡ð¡ñ¡¤¡¤
¡¤¡¤¡ñ¡ð¡ñ¡ñ¡¤¡¤
¡¤¡¤¡¤¡ð¡ñ¡¤¡¤¡¤
¡¤¡¤¡¤¡¤¡¤¡¤¡¤¡¤
step: 20  col: 0  B: 11 W: 13
9 dep:4, cnt:2088, tl:1, pv:[<0,2>:-2.76]
46 dep:5, cnt:6335, tl:1, pv:[<2,0>:0.65]
181 dep:6, cnt:22999, tl:6, pv:[<0,2>:-2.14]
968 dep:7, cnt:87175, tl:17, pv:[<2,0>:1.23]
959 dep:8, cnt:187900, tl:37, pv:[<2,0>:-2.49]
m 2 0
board 0x10342616091000 0x8081828740c00 col 1
¡¤¡¤¡¤¡¤¡¤¡¤¡¤¡¤
¡¤¡¤¡ð¡ð¡ñ¡¤¡¤¡¤
¡ñ¡¤¡ð¡ñ¡ð¡ð¡ð¡¤
¡¤¡ñ¡ñ¡ð¡ñ¡ð¡¤¡¤
¡¤¡ñ¡ñ¡ð¡ð¡ñ¡¤¡¤
¡¤¡¤¡ñ¡ð¡ñ¡ñ¡¤¡¤
¡¤¡¤¡¤¡ð¡ñ¡¤¡¤¡¤
¡¤¡¤¡¤¡¤¡¤¡¤¡¤¡¤
step: 21  col: 1  B: 13 W: 12
21 dep:4, cnt:2908, tl:0, pv:[<4,6>:-0.65]
86 dep:5, cnt:10962, tl:2, pv:[<2,1>:2.31]
169 dep:6, cnt:20283, tl:4, pv:[<2,1>:-1.23]
229 dep:7, cnt:61866, tl:12, pv:[<2,1>:2.49]
628 dep:8, cnt:181560, tl:36, pv:[<2,1>:2.72]
m 2 1
board 0x10342612091000 0x808182c760c00 col 0
¡¤¡¤¡¤¡¤¡¤¡¤¡¤¡¤
¡¤¡¤¡ð¡ð¡ñ¡¤¡¤¡¤
¡ñ¡ð¡ð¡ñ¡ð¡ð¡ð¡¤
¡¤¡ñ¡ð¡ð¡ñ¡ð¡¤¡¤
¡¤¡ñ¡ñ¡ð¡ð¡ñ¡¤¡¤
¡¤¡¤¡ñ¡ð¡ñ¡ñ¡¤¡¤
¡¤¡¤¡¤¡ð¡ñ¡¤¡¤¡¤
¡¤¡¤¡¤¡¤¡¤¡¤¡¤¡¤
step: 22  col: 0  B: 12 W: 14
7 dep:4, cnt:1139, tl:0, pv:[<0,2>:-2.31]
37 dep:5, cnt:4503, tl:1, pv:[<0,2>:1.23]
99 dep:6, cnt:11360, tl:2, pv:[<0,2>:-2.49]
455 dep:7, cnt:59723, tl:12, pv:[<0,2>:-2.72]
667 dep:8, cnt:173012, tl:37, pv:[<0,2>:-1.08]
m 0 2
board 0x103426160d1404 0x8081828720800 col 1
¡¤¡¤¡ñ¡¤¡¤¡¤¡¤¡¤
¡¤¡¤¡ñ¡ð¡ñ¡¤¡¤¡¤
¡ñ¡ð¡ñ¡ñ¡ð¡ð¡ð¡¤
¡¤¡ñ¡ñ¡ð¡ñ¡ð¡¤¡¤
¡¤¡ñ¡ñ¡ð¡ð¡ñ¡¤¡¤
¡¤¡¤¡ñ¡ð¡ñ¡ñ¡¤¡¤
¡¤¡¤¡¤¡ð¡ñ¡¤¡¤¡¤
¡¤¡¤¡¤¡¤¡¤¡¤¡¤¡¤
step: 23  col: 1  B: 16 W: 11
8 dep:4, cnt:1727, tl:1, pv:[<4,6>:-1.23]
35 dep:5, cnt:5479, tl:1, pv:[<0,4>:2.49]
308 dep:6, cnt:40240, tl:9, pv:[<4,6>:2.72]
332 dep:7, cnt:80337, tl:16, pv:[<0,3>:1.08]
1523 dep:8, cnt:414254, tl:81, pv:[<4,6>:1.62]
m 4 6
board 0x103406160d1404 0x8087828720800 col 0
¡¤¡¤¡ñ¡¤¡¤¡¤¡¤¡¤
¡¤¡¤¡ñ¡ð¡ñ¡¤¡¤¡¤
¡ñ¡ð¡ñ¡ñ¡ð¡ð¡ð¡¤
¡¤¡ñ¡ñ¡ð¡ñ¡ð¡¤¡¤
¡¤¡ñ¡ñ¡ð¡ð¡ð¡ð¡¤
¡¤¡¤¡ñ¡ð¡ñ¡ñ¡¤¡¤
¡¤¡¤¡¤¡ð¡ñ¡¤¡¤¡¤
¡¤¡¤¡¤¡¤¡¤¡¤¡¤¡¤
step: 24  col: 0  B: 15 W: 13
16 dep:4, cnt:1777, tl:1, pv:[<0,3>:-0.92]
76 dep:5, cnt:9905, tl:2, pv:[<5,6>:-2.72]
89 dep:6, cnt:17432, tl:3, pv:[<0,3>:-1.03]
356 dep:7, cnt:68893, tl:14, pv:[<0,3>:-1.62]
854 dep:8, cnt:235721, tl:49, pv:[<0,3>:-2.67]
m 0 3
board 0x103406160d1c0c 0x8087828720000 col 1
¡¤¡¤¡ñ¡ñ¡¤¡¤¡¤¡¤
¡¤¡¤¡ñ¡ñ¡ñ¡¤¡¤¡¤
¡ñ¡ð¡ñ¡ñ¡ð¡ð¡ð¡¤
¡¤¡ñ¡ñ¡ð¡ñ¡ð¡¤¡¤
¡¤¡ñ¡ñ¡ð¡ð¡ð¡ð¡¤
¡¤¡¤¡ñ¡ð¡ñ¡ñ¡¤¡¤
¡¤¡¤¡¤¡ð¡ñ¡¤¡¤¡¤
¡¤¡¤¡¤¡¤¡¤¡¤¡¤¡¤
step: 25  col: 1  B: 17 W: 12
23 dep:4, cnt:3680, tl:1, pv:[<5,6>:3.69]
13 dep:5, cnt:6049, tl:3, pv:[<7,5>:1.03]
96 dep:6, cnt:18158, tl:4, pv:[<7,5>:1.62]
94 dep:7, cnt:46951, tl:7, pv:[<7,5>:2.67]
620 dep:8, cnt:210967, tl:43, pv:[<7,5>:-0.82]
m 7 5
board 0x3406160d1c0c 0x2018087828720000 col 0
¡¤¡¤¡ñ¡ñ¡¤¡¤¡¤¡¤
¡¤¡¤¡ñ¡ñ¡ñ¡¤¡¤¡¤
¡ñ¡ð¡ñ¡ñ¡ð¡ð¡ð¡¤
¡¤¡ñ¡ñ¡ð¡ñ¡ð¡¤¡¤
¡¤¡ñ¡ñ¡ð¡ð¡ð¡ð¡¤
¡¤¡¤¡ñ¡ð¡ñ¡ñ¡¤¡¤
¡¤¡¤¡¤¡ð¡ð¡¤¡¤¡¤
¡¤¡¤¡¤¡¤¡¤¡ð¡¤¡¤
step: 26  col: 0  B: 16 W: 14
28 dep:4, cnt:3064, tl:0, pv:[<5,6>:-1.03]
27 dep:5, cnt:5629, tl:1, pv:[<5,6>:-1.62]
61 dep:6, cnt:12404, tl:3, pv:[<5,6>:-2.67]
136 dep:7, cnt:61009, tl:12, pv:[<5,6>:0.82]
902 dep:8, cnt:304218, tl:64, pv:[<5,6>:-0.68]
m 5 6
board 0x7426160d1c0c 0x2018085828720000 col 1
¡¤¡¤¡ñ¡ñ¡¤¡¤¡¤¡¤
¡¤¡¤¡ñ¡ñ¡ñ¡¤¡¤¡¤
¡ñ¡ð¡ñ¡ñ¡ð¡ð¡ð¡¤
¡¤¡ñ¡ñ¡ð¡ñ¡ð¡¤¡¤
¡¤¡ñ¡ñ¡ð¡ð¡ñ¡ð¡¤
¡¤¡¤¡ñ¡ð¡ñ¡ñ¡ñ¡¤
¡¤¡¤¡¤¡ð¡ð¡¤¡¤¡¤
¡¤¡¤¡¤¡¤¡¤¡ð¡¤¡¤
step: 27  col: 1  B: 18 W: 13
8 dep:4, cnt:2126, tl:0, pv:[<6,5>:1.62]
34 dep:5, cnt:5352, tl:1, pv:[<3,6>:2.67]
75 dep:6, cnt:11144, tl:1, pv:[<3,6>:-0.82]
105 dep:7, cnt:37069, tl:6, pv:[<3,6>:0.68]
573 dep:8, cnt:161225, tl:32, pv:[<6,5>:0.35]
m 6 5
board 0x4406160d1c0c 0x2038387828720000 col 0
¡¤¡¤¡ñ¡ñ¡¤¡¤¡¤¡¤
¡¤¡¤¡ñ¡ñ¡ñ¡¤¡¤¡¤
¡ñ¡ð¡ñ¡ñ¡ð¡ð¡ð¡¤
¡¤¡ñ¡ñ¡ð¡ñ¡ð¡¤¡¤
¡¤¡ñ¡ñ¡ð¡ð¡ð¡ð¡¤
¡¤¡¤¡ñ¡ð¡ð¡ð¡ñ¡¤
¡¤¡¤¡¤¡ð¡ð¡ð¡¤¡¤
¡¤¡¤¡¤¡¤¡¤¡ð¡¤¡¤
step: 28  col: 0  B: 15 W: 17
16 dep:4, cnt:1547, tl:0, pv:[<1,5>:1.70]
19 dep:5, cnt:3788, tl:1, pv:[<1,5>:1.68]
96 dep:6, cnt:12810, tl:4, pv:[<1,5>:2.92]
252 dep:7, cnt:53499, tl:9, pv:[<3,0>:-0.35]
507 dep:8, cnt:137602, tl:34, pv:[<3,0>:2.29]
m 3 0
board 0x4406170f1c0c 0x2038387828700000 col 1
¡¤¡¤¡ñ¡ñ¡¤¡¤¡¤¡¤
¡¤¡¤¡ñ¡ñ¡ñ¡¤¡¤¡¤
¡ñ¡ñ¡ñ¡ñ¡ð¡ð¡ð¡¤
¡ñ¡ñ¡ñ¡ð¡ñ¡ð¡¤¡¤
¡¤¡ñ¡ñ¡ð¡ð¡ð¡ð¡¤
¡¤¡¤¡ñ¡ð¡ð¡ð¡ñ¡¤
¡¤¡¤¡¤¡ð¡ð¡ð¡¤¡¤
¡¤¡¤¡¤¡¤¡¤¡ð¡¤¡¤
step: 29  col: 1  B: 17 W: 16
10 dep:4, cnt:1592, tl:0, pv:[<4,7>:2.98]
26 dep:5, cnt:4432, tl:2, pv:[<5,7>:-0.73]
39 dep:6, cnt:5114, tl:2, pv:[<5,7>:0.35]
229 dep:7, cnt:42366, tl:10, pv:[<4,0>:-2.29]
471 dep:8, cnt:135794, tl:27, pv:[<5,7>:-3.16]
m 5 7
board 0x406170f1c0c 0x2038f87828700000 col 0
¡¤¡¤¡ñ¡ñ¡¤¡¤¡¤¡¤
¡¤¡¤¡ñ¡ñ¡ñ¡¤¡¤¡¤
¡ñ¡ñ¡ñ¡ñ¡ð¡ð¡ð¡¤
¡ñ¡ñ¡ñ¡ð¡ñ¡ð¡¤¡¤
¡¤¡ñ¡ñ¡ð¡ð¡ð¡ð¡¤
¡¤¡¤¡ñ¡ð¡ð¡ð¡ð¡ð
¡¤¡¤¡¤¡ð¡ð¡ð¡¤¡¤
¡¤¡¤¡¤¡¤¡¤¡ð¡¤¡¤
step: 30  col: 0  B: 16 W: 18
13 dep:4, cnt:1142, tl:1, pv:[<1,5>:0.73]
15 dep:5, cnt:2737, tl:0, pv:[<1,5>:-0.35]
46 dep:6, cnt:7448, tl:1, pv:[<7,3>:3.51]
93 dep:7, cnt:23824, tl:3, pv:[<7,3>:3.16]
187 dep:8, cnt:57101, tl:13, pv:[<7,3>:4.71]
m 7 3
board 0x8080c0e1f0f1c0c 0x2030f07020700000 col 1
¡¤¡¤¡ñ¡ñ¡¤¡¤¡¤¡¤
¡¤¡¤¡ñ¡ñ¡ñ¡¤¡¤¡¤
¡ñ¡ñ¡ñ¡ñ¡ð¡ð¡ð¡¤
¡ñ¡ñ¡ñ¡ñ¡ñ¡ð¡¤¡¤
¡¤¡ñ¡ñ¡ñ¡ð¡ð¡ð¡¤
¡¤¡¤¡ñ¡ñ¡ð¡ð¡ð¡ð
¡¤¡¤¡¤¡ñ¡ð¡ð¡¤¡¤
¡¤¡¤¡¤¡ñ¡¤¡ð¡¤¡¤
step: 31  col: 1  B: 21 W: 14
9 dep:4, cnt:1638, tl:0, pv:[<7,2>:1.17]
27 dep:5, cnt:3758, tl:1, pv:[<7,2>:-3.51]
74 dep:6, cnt:9114, tl:2, pv:[<7,2>:-3.16]
136 dep:7, cnt:18927, tl:3, pv:[<7,2>:-4.71]
312 dep:8, cnt:56375, tl:12, pv:[<7,2>:-0.41]
m 7 2
board 0x8000c0e1f0f1c0c 0x2438f07020700000 col 0
¡¤¡¤¡ñ¡ñ¡¤¡¤¡¤¡¤
¡¤¡¤¡ñ¡ñ¡ñ¡¤¡¤¡¤
¡ñ¡ñ¡ñ¡ñ¡ð¡ð¡ð¡¤
¡ñ¡ñ¡ñ¡ñ¡ñ¡ð¡¤¡¤
¡¤¡ñ¡ñ¡ñ¡ð¡ð¡ð¡¤
¡¤¡¤¡ñ¡ñ¡ð¡ð¡ð¡ð
¡¤¡¤¡¤¡ð¡ð¡ð¡¤¡¤
¡¤¡¤¡ð¡ñ¡¤¡ð¡¤¡¤
step: 32  col: 0  B: 20 W: 16
27 dep:4, cnt:3733, tl:1, pv:[<7,4>:3.51]
19 dep:5, cnt:2872, tl:1, pv:[<7,1>:3.16]
43 dep:6, cnt:5736, tl:1, pv:[<7,4>:4.71]
59 dep:7, cnt:19107, tl:3, pv:[<7,1>:0.41]
631 dep:8, cnt:82578, tl:18, pv:[<7,4>:2.15]
m 7 4
board 0x18181c1e1f0f1c0c 0x2420e06020700000 col 1
¡¤¡¤¡ñ¡ñ¡¤¡¤¡¤¡¤
¡¤¡¤¡ñ¡ñ¡ñ¡¤¡¤¡¤
¡ñ¡ñ¡ñ¡ñ¡ð¡ð¡ð¡¤
¡ñ¡ñ¡ñ¡ñ¡ñ¡ð¡¤¡¤
¡¤¡ñ¡ñ¡ñ¡ñ¡ð¡ð¡¤
¡¤¡¤¡ñ¡ñ¡ñ¡ð¡ð¡ð
¡¤¡¤¡¤¡ñ¡ñ¡ð¡¤¡¤
¡¤¡¤¡ð¡ñ¡ñ¡ð¡¤¡¤
step: 33  col: 1  B: 25 W: 12
4 dep:4, cnt:1281, tl:1, pv:[<6,2>:-2.08]
28 dep:5, cnt:2595, tl:0, pv:[<1,1>:-4.71]
70 dep:6, cnt:7538, tl:4, pv:[<6,2>:1.17]
220 dep:7, cnt:21087, tl:5, pv:[<1,1>:-2.15]
435 dep:8, cnt:55243, tl:12, pv:[<1,1>:-2.58]
m 1 1
board 0x18181c0e170b1c0c 0x2420e07028740200 col 0
¡¤¡¤¡ñ¡ñ¡¤¡¤¡¤¡¤
¡¤¡ð¡ñ¡ñ¡ñ¡¤¡¤¡¤
¡ñ¡ñ¡ð¡ñ¡ð¡ð¡ð¡¤
¡ñ¡ñ¡ñ¡ð¡ñ¡ð¡¤¡¤
¡¤¡ñ¡ñ¡ñ¡ð¡ð¡ð¡¤
¡¤¡¤¡ñ¡ñ¡ñ¡ð¡ð¡ð
¡¤¡¤¡¤¡ñ¡ñ¡ð¡¤¡¤
¡¤¡¤¡ð¡ñ¡ñ¡ð¡¤¡¤
step: 34  col: 0  B: 22 W: 16
7 dep:4, cnt:1432, tl:0, pv:[<3,6>:4.71]
39 dep:5, cnt:4551, tl:2, pv:[<1,5>:2.51]
75 dep:6, cnt:6085, tl:1, pv:[<1,5>:2.15]
475 dep:7, cnt:38902, tl:9, pv:[<1,5>:2.58]
432 dep:8, cnt:72028, tl:15, pv:[<1,5>:2.46]
m 1 5
board 0x18181c0e1f1b3c0c 0x2420e07020640200 col 1
¡¤¡¤¡ñ¡ñ¡¤¡¤¡¤¡¤
¡¤¡ð¡ñ¡ñ¡ñ¡ñ¡¤¡¤
¡ñ¡ñ¡ð¡ñ¡ñ¡ð¡ð¡¤
¡ñ¡ñ¡ñ¡ñ¡ñ¡ð¡¤¡¤
¡¤¡ñ¡ñ¡ñ¡ð¡ð¡ð¡¤
¡¤¡¤¡ñ¡ñ¡ñ¡ð¡ð¡ð
¡¤¡¤¡¤¡ñ¡ñ¡ð¡¤¡¤
¡¤¡¤¡ð¡ñ¡ñ¡ð¡¤¡¤
step: 35  col: 1  B: 25 W: 14
5 dep:4, cnt:897, tl:0, pv:[<0,5>:-2.51]
14 dep:5, cnt:1583, tl:1, pv:[<0,5>:-2.15]
84 dep:6, cnt:4699, tl:1, pv:[<0,5>:-2.58]
194 dep:7, cnt:15247, tl:2, pv:[<0,5>:-2.46]
363 dep:8, cnt:53738, tl:14, pv:[<0,5>:2.64]
m 0 5
board 0x18181c0e1f1b1c0c 0x2420e07020642220 col 0
¡¤¡¤¡ñ¡ñ¡¤¡ð¡¤¡¤
¡¤¡ð¡ñ¡ñ¡ñ¡ð¡¤¡¤
¡ñ¡ñ¡ð¡ñ¡ñ¡ð¡ð¡¤
¡ñ¡ñ¡ñ¡ñ¡ñ¡ð¡¤¡¤
¡¤¡ñ¡ñ¡ñ¡ð¡ð¡ð¡¤
¡¤¡¤¡ñ¡ñ¡ñ¡ð¡ð¡ð
¡¤¡¤¡¤¡ñ¡ñ¡ð¡¤¡¤
¡¤¡¤¡ð¡ñ¡ñ¡ð¡¤¡¤
step: 36  col: 0  B: 24 W: 16
7 dep:4, cnt:1220, tl:0, pv:[<3,6>:2.15]
13 dep:5, cnt:3664, tl:1, pv:[<3,7>:2.58]
105 dep:6, cnt:11288, tl:2, pv:[<3,6>:2.46]
249 dep:7, cnt:28549, tl:7, pv:[<3,7>:-2.64]
802 dep:8, cnt:106357, tl:23, pv:[<0,0>:-2.49]
m 0 0
board 0x18181c0e1f1f1e0d 0x2420e07020602020 col 1
¡ñ¡¤¡ñ¡ñ¡¤¡ð¡¤¡¤
¡¤¡ñ¡ñ¡ñ¡ñ¡ð¡¤¡¤
¡ñ¡ñ¡ñ¡ñ¡ñ¡ð¡ð¡¤
¡ñ¡ñ¡ñ¡ñ¡ñ¡ð¡¤¡¤
¡¤¡ñ¡ñ¡ñ¡ð¡ð¡ð¡¤
¡¤¡¤¡ñ¡ñ¡ñ¡ð¡ð¡ð
¡¤¡¤¡¤¡ñ¡ñ¡ð¡¤¡¤
¡¤¡¤¡ð¡ñ¡ñ¡ð¡¤¡¤
step: 37  col: 1  B: 27 W: 14
20 dep:4, cnt:1437, tl:0, pv:[<6,2>:-0.09]
21 dep:5, cnt:2594, tl:2, pv:[<6,2>:2.40,<0,4>:2.40]
41 dep:6, cnt:4084, tl:2, pv:[<6,2>:5.67]
157 dep:7, cnt:16406, tl:4, pv:[<0,1>:2.49]
279 dep:8, cnt:45108, tl:8, pv:[<0,4>:2.82]
m 0 4
board 0x18181c0e0f0f0e0d 0x2420e07030703030 col 0
¡ñ¡¤¡ñ¡ñ¡ð¡ð¡¤¡¤
¡¤¡ñ¡ñ¡ñ¡ð¡ð¡¤¡¤
¡ñ¡ñ¡ñ¡ñ¡ð¡ð¡ð¡¤
¡ñ¡ñ¡ñ¡ñ¡ð¡ð¡¤¡¤
¡¤¡ñ¡ñ¡ñ¡ð¡ð¡ð¡¤
¡¤¡¤¡ñ¡ñ¡ñ¡ð¡ð¡ð
¡¤¡¤¡¤¡ñ¡ñ¡ð¡¤¡¤
¡¤¡¤¡ð¡ñ¡ñ¡ð¡¤¡¤
step: 38  col: 0  B: 24 W: 18
17 dep:4, cnt:1366, tl:1, pv:[<3,6>:-2.40]
6 dep:5, cnt:1465, tl:0, pv:[<3,6>:-3.57]
58 dep:6, cnt:3668, tl:1, pv:[<3,6>:-0.20]
58 dep:7, cnt:13542, tl:2, pv:[<3,6>:-2.82]
378 dep:8, cnt:62190, tl:15, pv:[<3,6>:-4.22]
m 3 6
board 0x18181c2e7f2f1e0d 0x2420e05000502030 col 1
¡ñ¡¤¡ñ¡ñ¡ð¡ð¡¤¡¤
¡¤¡ñ¡ñ¡ñ¡ñ¡ð¡¤¡¤
¡ñ¡ñ¡ñ¡ñ¡ð¡ñ¡ð¡¤
¡ñ¡ñ¡ñ¡ñ¡ñ¡ñ¡ñ¡¤
¡¤¡ñ¡ñ¡ñ¡ð¡ñ¡ð¡¤
¡¤¡¤¡ñ¡ñ¡ñ¡ð¡ð¡ð
¡¤¡¤¡¤¡ñ¡ñ¡ð¡¤¡¤
¡¤¡¤¡ð¡ñ¡ñ¡ð¡¤¡¤
step: 39  col: 1  B: 30 W: 13
13 dep:4, cnt:1028, tl:0, pv:[<0,1>:3.57]
47 dep:5, cnt:2110, tl:1, pv:[<0,1>:0.20]
53 dep:6, cnt:4247, tl:1, pv:[<6,2>:2.82]
79 dep:7, cnt:12364, tl:3, pv:[<6,2>:4.22]
267 dep:8, cnt:31296, tl:7, pv:[<6,2>:3.58]
m 6 2
board 0x1800142e7f2f1e0d 0x243ce85000502030 col 0
¡ñ¡¤¡ñ¡ñ¡ð¡ð¡¤¡¤
¡¤¡ñ¡ñ¡ñ¡ñ¡ð¡¤¡¤
¡ñ¡ñ¡ñ¡ñ¡ð¡ñ¡ð¡¤
¡ñ¡ñ¡ñ¡ñ¡ñ¡ñ¡ñ¡¤
¡¤¡ñ¡ñ¡ñ¡ð¡ñ¡ð¡¤
¡¤¡¤¡ñ¡ð¡ñ¡ð¡ð¡ð
¡¤¡¤¡ð¡ð¡ð¡ð¡¤¡¤
¡¤¡¤¡ð¡ñ¡ñ¡ð¡¤¡¤
step: 40  col: 0  B: 27 W: 17
7 dep:4, cnt:717, tl:0, pv:[<2,7>:1.10]
26 dep:5, cnt:2875, tl:0, pv:[<5,1>:-2.82]
18 dep:6, cnt:4436, tl:1, pv:[<5,1>:-4.22]
55 dep:7, cnt:12755, tl:2, pv:[<5,1>:-3.58]
281 dep:8, cnt:43366, tl:12, pv:[<2,7>:4.11]
m 2 7
board 0x1800142e7fef1e0d 0x243ce85000102030 col 1
¡ñ¡¤¡ñ¡ñ¡ð¡ð¡¤¡¤
¡¤¡ñ¡ñ¡ñ¡ñ¡ð¡¤¡¤
¡ñ¡ñ¡ñ¡ñ¡ð¡ñ¡ñ¡ñ
¡ñ¡ñ¡ñ¡ñ¡ñ¡ñ¡ñ¡¤
¡¤¡ñ¡ñ¡ñ¡ð¡ñ¡ð¡¤
¡¤¡¤¡ñ¡ð¡ñ¡ð¡ð¡ð
¡¤¡¤¡ð¡ð¡ð¡ð¡¤¡¤
¡¤¡¤¡ð¡ñ¡ñ¡ð¡¤¡¤
step: 41  col: 1  B: 29 W: 16
7 dep:4, cnt:770, tl:1, pv:[<5,1>:3.75]
15 dep:5, cnt:1761, tl:0, pv:[<5,1>:5.30]
22 dep:6, cnt:2290, tl:0, pv:[<5,1>:4.91]
111 dep:7, cnt:8992, tl:2, pv:[<5,1>:-4.11]
272 dep:8, cnt:27227, tl:5, pv:[<5,1>:6.20]
m 5 1
board 0x1800102a77ef1e0d 0x243cee5408102030 col 0
¡ñ¡¤¡ñ¡ñ¡ð¡ð¡¤¡¤
¡¤¡ñ¡ñ¡ñ¡ñ¡ð¡¤¡¤
¡ñ¡ñ¡ñ¡ñ¡ð¡ñ¡ñ¡ñ
¡ñ¡ñ¡ñ¡ð¡ñ¡ñ¡ñ¡¤
¡¤¡ñ¡ð¡ñ¡ð¡ñ¡ð¡¤
¡¤¡ð¡ð¡ð¡ñ¡ð¡ð¡ð
¡¤¡¤¡ð¡ð¡ð¡ð¡¤¡¤
¡¤¡¤¡ð¡ñ¡ñ¡ð¡¤¡¤
step: 42  col: 0  B: 26 W: 20
24 dep:4, cnt:2106, tl:1, pv:[<0,6>:-5.30]
9 dep:5, cnt:1503, tl:0, pv:[<0,6>:-4.91]
39 dep:6, cnt:3731, tl:1, pv:[<0,6>:4.11]
129 dep:7, cnt:15026, tl:3, pv:[<0,6>:-6.20]
290 dep:8, cnt:36222, tl:6, pv:[<3,7>:3.94]
m 3 7
board 0x1810306af7ef1e0d 0x242cce1408102030 col 1
¡ñ¡¤¡ñ¡ñ¡ð¡ð¡¤¡¤
¡¤¡ñ¡ñ¡ñ¡ñ¡ð¡¤¡¤
¡ñ¡ñ¡ñ¡ñ¡ð¡ñ¡ñ¡ñ
¡ñ¡ñ¡ñ¡ð¡ñ¡ñ¡ñ¡ñ
¡¤¡ñ¡ð¡ñ¡ð¡ñ¡ñ¡¤
¡¤¡ð¡ð¡ð¡ñ¡ñ¡ð¡ð
¡¤¡¤¡ð¡ð¡ñ¡ð¡¤¡¤
¡¤¡¤¡ð¡ñ¡ñ¡ð¡¤¡¤
step: 43  col: 1  B: 30 W: 17
3 dep:4, cnt:793, tl:0, pv:[<4,7>:8.45]
10 dep:5, cnt:1030, tl:1, pv:[<4,7>:-0.27]
43 dep:6, cnt:2201, tl:0, pv:[<4,7>:8.63]
159 dep:7, cnt:9158, tl:3, pv:[<4,7>:-3.94]
295 dep:8, cnt:18153, tl:6, pv:[<4,7>:5.64]
m 4 7
board 0x1810300af7ef1e0d 0x242ccef408102030 col 0
¡ñ¡¤¡ñ¡ñ¡ð¡ð¡¤¡¤
¡¤¡ñ¡ñ¡ñ¡ñ¡ð¡¤¡¤
¡ñ¡ñ¡ñ¡ñ¡ð¡ñ¡ñ¡ñ
¡ñ¡ñ¡ñ¡ð¡ñ¡ñ¡ñ¡ñ
¡¤¡ñ¡ð¡ñ¡ð¡ð¡ð¡ð
¡¤¡ð¡ð¡ð¡ñ¡ñ¡ð¡ð
¡¤¡¤¡ð¡ð¡ñ¡ð¡¤¡¤
¡¤¡¤¡ð¡ñ¡ñ¡ð¡¤¡¤
step: 44  col: 0  B: 28 W: 20
14 dep:4, cnt:1189, tl:1, pv:[<6,7>:0.27]
16 dep:5, cnt:1569, tl:1, pv:[<4,0>:-8.63]
39 dep:6, cnt:2852, tl:1, pv:[<4,0>:3.94]
49 dep:7, cnt:6141, tl:2, pv:[<4,0>:-5.64]
156 dep:8, cnt:17118, tl:4, pv:[<4,0>:-0.11]
m 4 0
board 0x1814320bf7ef1e0d 0x2428ccf408102030 col 1
¡ñ¡¤¡ñ¡ñ¡ð¡ð¡¤¡¤
¡¤¡ñ¡ñ¡ñ¡ñ¡ð¡¤¡¤
¡ñ¡ñ¡ñ¡ñ¡ð¡ñ¡ñ¡ñ
¡ñ¡ñ¡ñ¡ð¡ñ¡ñ¡ñ¡ñ
¡ñ¡ñ¡ð¡ñ¡ð¡ð¡ð¡ð
¡¤¡ñ¡ð¡ð¡ñ¡ñ¡ð¡ð
¡¤¡¤¡ñ¡ð¡ñ¡ð¡¤¡¤
¡¤¡¤¡ð¡ñ¡ñ¡ð¡¤¡¤
step: 45  col: 1  B: 31 W: 18
8 dep:4, cnt:559, tl:1, pv:[<1,7>:8.63]
25 dep:5, cnt:1342, tl:0, pv:[<1,6>:-3.94]
65 dep:6, cnt:2756, tl:0, pv:[<1,7>:5.64]
76 dep:7, cnt:4549, tl:1, pv:[<1,7>:0.11]
213 dep:8, cnt:11669, tl:2, pv:[<1,7>:4.48]
m 1 7
board 0x1814320b572f1e0d 0x2428ccf4a8d0a030 col 0
¡ñ¡¤¡ñ¡ñ¡ð¡ð¡¤¡¤
¡¤¡ñ¡ñ¡ñ¡ñ¡ð¡¤¡ð
¡ñ¡ñ¡ñ¡ñ¡ð¡ñ¡ð¡ð
¡ñ¡ñ¡ñ¡ð¡ñ¡ð¡ñ¡ð
¡ñ¡ñ¡ð¡ñ¡ð¡ð¡ð¡ð
¡¤¡ñ¡ð¡ð¡ñ¡ñ¡ð¡ð
¡¤¡¤¡ñ¡ð¡ñ¡ð¡¤¡¤
¡¤¡¤¡ð¡ñ¡ñ¡ð¡¤¡¤
step: 46  col: 0  B: 27 W: 23
5 dep:4, cnt:303, tl:0, pv:[<6,1>:5.28]
2 dep:5, cnt:324, tl:0, pv:[<6,1>:-5.64]
17 dep:6, cnt:689, tl:1, pv:[<6,1>:-0.11]
44 dep:7, cnt:2440, tl:0, pv:[<6,1>:-4.48]
102 dep:8, cnt:5924, tl:2, pv:[<6,1>:3.68]
m 6 1
board 0x1816360b572f1e0d 0x2428c8f4a8d0a030 col 1
¡ñ¡¤¡ñ¡ñ¡ð¡ð¡¤¡¤
¡¤¡ñ¡ñ¡ñ¡ñ¡ð¡¤¡ð
¡ñ¡ñ¡ñ¡ñ¡ð¡ñ¡ð¡ð
¡ñ¡ñ¡ñ¡ð¡ñ¡ð¡ñ¡ð
¡ñ¡ñ¡ð¡ñ¡ð¡ð¡ð¡ð
¡¤¡ñ¡ñ¡ð¡ñ¡ñ¡ð¡ð
¡¤¡ñ¡ñ¡ð¡ñ¡ð¡¤¡¤
¡¤¡¤¡ð¡ñ¡ñ¡ð¡¤¡¤
step: 47  col: 1  B: 29 W: 22
1 dep:4, cnt:152, tl:0, pv:[<0,1>:5.64]
6 dep:5, cnt:302, tl:0, pv:[<0,1>:0.11]
20 dep:6, cnt:788, tl:1, pv:[<0,1>:4.48]
40 dep:7, cnt:2381, tl:0, pv:[<0,1>:-3.68]
103 dep:8, cnt:14220, tl:3, pv:[<0,1>:10.00]
m 0 1
board 0x1816360b47271a01 0x2428c8f4b8d8a43e col 0
¡ñ¡ð¡ð¡ð¡ð¡ð¡¤¡¤
¡¤¡ñ¡ð¡ñ¡ñ¡ð¡¤¡ð
¡ñ¡ñ¡ñ¡ð¡ð¡ñ¡ð¡ð
¡ñ¡ñ¡ñ¡ð¡ð¡ð¡ñ¡ð
¡ñ¡ñ¡ð¡ñ¡ð¡ð¡ð¡ð
¡¤¡ñ¡ñ¡ð¡ñ¡ñ¡ð¡ð
¡¤¡ñ¡ñ¡ð¡ñ¡ð¡¤¡¤
¡¤¡¤¡ð¡ñ¡ñ¡ð¡¤¡¤
step: 48  col: 0  B: 24 W: 28
5 dep:4, cnt:213, tl:1, pv:[<0,6>:-0.11]
11 dep:5, cnt:457, tl:0, pv:[<0,6>:-4.48]
14 dep:6, cnt:813, tl:0, pv:[<0,6>:3.68]
47 dep:7, cnt:9818, tl:2, pv:[<0,6>:-10.00]
68 dep:8, cnt:7455, tl:2, pv:[<0,6>:-10.00]
m 0 6
board 0x1816360f4f373a7f 0x2428c8f0b0c88400 col 1
¡ñ¡ñ¡ñ¡ñ¡ñ¡ñ¡ñ¡¤
¡¤¡ñ¡ð¡ñ¡ñ¡ñ¡¤¡ð
¡ñ¡ñ¡ñ¡ð¡ñ¡ñ¡ð¡ð
¡ñ¡ñ¡ñ¡ñ¡ð¡ð¡ñ¡ð
¡ñ¡ñ¡ñ¡ñ¡ð¡ð¡ð¡ð
¡¤¡ñ¡ñ¡ð¡ñ¡ñ¡ð¡ð
¡¤¡ñ¡ñ¡ð¡ñ¡ð¡¤¡¤
¡¤¡¤¡ð¡ñ¡ñ¡ð¡¤¡¤
step: 49  col: 1  B: 34 W: 19
7 dep:4, cnt:322, tl:0, pv:[<1,0>:4.48]
6 dep:5, cnt:400, tl:0, pv:[<1,0>:-3.68]
11 dep:6, cnt:4695, tl:1, pv:[<1,0>:10.00]
21 dep:7, cnt:4510, tl:0, pv:[<1,0>:10.00]
84 dep:8, cnt:6456, tl:1, pv:[<1,0>:10.00]
m 1 0
board 0x181626074b35387f 0x2428d8f8b4ca8700 col 0
¡ñ¡ñ¡ñ¡ñ¡ñ¡ñ¡ñ¡¤
¡ð¡ð¡ð¡ñ¡ñ¡ñ¡¤¡ð
¡ñ¡ð¡ñ¡ð¡ñ¡ñ¡ð¡ð
¡ñ¡ñ¡ð¡ñ¡ð¡ð¡ñ¡ð
¡ñ¡ñ¡ñ¡ð¡ð¡ð¡ð¡ð
¡¤¡ñ¡ñ¡ð¡ð¡ñ¡ð¡ð
¡¤¡ñ¡ñ¡ð¡ñ¡ð¡¤¡¤
¡¤¡¤¡ð¡ñ¡ñ¡ð¡¤¡¤
step: 50  col: 0  B: 29 W: 25
dep:10, cnt:7530, tl:2, pv:[<1,6>:-10.00,<7,6>:-10.00]
dep:10, cnt:7530, tl:2, pv:[<1,6>:-10.00,<7,6>:-10.00]
m 7 6
board 0x781626074b35387f 0x428d8f8b4ca8700 col 1
¡ñ¡ñ¡ñ¡ñ¡ñ¡ñ¡ñ¡¤
¡ð¡ð¡ð¡ñ¡ñ¡ñ¡¤¡ð
¡ñ¡ð¡ñ¡ð¡ñ¡ñ¡ð¡ð
¡ñ¡ñ¡ð¡ñ¡ð¡ð¡ñ¡ð
¡ñ¡ñ¡ñ¡ð¡ð¡ð¡ð¡ð
¡¤¡ñ¡ñ¡ð¡ð¡ñ¡ð¡ð
¡¤¡ñ¡ñ¡ð¡ñ¡ð¡¤¡¤
¡¤¡¤¡ð¡ñ¡ñ¡ñ¡ñ¡¤
step: 51  col: 1  B: 31 W: 24
dep:9, cnt:2257, tl:0, pv:[<7,0>:10.00]
dep:9, cnt:2257, tl:0, pv:[<7,0>:10.00]
m 7 0
board 0x781422074b35387f 0x52adcf8b4ca8700 col 0
¡ñ¡ñ¡ñ¡ñ¡ñ¡ñ¡ñ¡¤
¡ð¡ð¡ð¡ñ¡ñ¡ñ¡¤¡ð
¡ñ¡ð¡ñ¡ð¡ñ¡ñ¡ð¡ð
¡ñ¡ñ¡ð¡ñ¡ð¡ð¡ñ¡ð
¡ñ¡ñ¡ñ¡ð¡ð¡ð¡ð¡ð
¡¤¡ñ¡ð¡ð¡ð¡ñ¡ð¡ð
¡¤¡ð¡ñ¡ð¡ñ¡ð¡¤¡¤
¡ð¡¤¡ð¡ñ¡ñ¡ñ¡ñ¡¤
step: 52  col: 0  B: 29 W: 27
dep:8, cnt:664, tl:0, pv:[<6,0>:-10.00,<6,7>:-10.00,<7,1>:-10.00]
dep:8, cnt:664, tl:0, pv:[<6,0>:-10.00,<6,7>:-10.00,<7,1>:-10.00]
m 6 7
board 0x789462275b3d3c7f 0x52a9cd8a4c28300 col 1
¡ñ¡ñ¡ñ¡ñ¡ñ¡ñ¡ñ¡¤
¡ð¡ð¡ñ¡ñ¡ñ¡ñ¡¤¡ð
¡ñ¡ð¡ñ¡ñ¡ñ¡ñ¡ð¡ð
¡ñ¡ñ¡ð¡ñ¡ñ¡ð¡ñ¡ð
¡ñ¡ñ¡ñ¡ð¡ð¡ñ¡ð¡ð
¡¤¡ñ¡ð¡ð¡ð¡ñ¡ñ¡ð
¡¤¡ð¡ñ¡ð¡ñ¡ð¡¤¡ñ
¡ð¡¤¡ð¡ñ¡ñ¡ñ¡ñ¡¤
step: 53  col: 1  B: 35 W: 22
dep:7, cnt:187, tl:0, pv:[<7,1>:10.00,<7,7>:10.00]
dep:7, cnt:187, tl:0, pv:[<7,1>:10.00,<7,7>:10.00]
m 7 7
board 0x1462275b3d3c7f 0xfdaa9cd8a4c28300 col 0
¡ñ¡ñ¡ñ¡ñ¡ñ¡ñ¡ñ¡¤
¡ð¡ð¡ñ¡ñ¡ñ¡ñ¡¤¡ð
¡ñ¡ð¡ñ¡ñ¡ñ¡ñ¡ð¡ð
¡ñ¡ñ¡ð¡ñ¡ñ¡ð¡ñ¡ð
¡ñ¡ñ¡ñ¡ð¡ð¡ñ¡ð¡ð
¡¤¡ñ¡ð¡ð¡ð¡ñ¡ñ¡ð
¡¤¡ð¡ñ¡ð¡ñ¡ð¡¤¡ð
¡ð¡¤¡ð¡ð¡ð¡ð¡ð¡ð
step: 54  col: 0  B: 30 W: 28
dep:6, cnt:62, tl:0, pv:[<6,6>:-10.00]
dep:6, cnt:62, tl:0, pv:[<6,6>:-10.00]
m 6 6
board 0x7462275b3d3c7f 0xfd8a9cd8a4c28300 col 1
¡ñ¡ñ¡ñ¡ñ¡ñ¡ñ¡ñ¡¤
¡ð¡ð¡ñ¡ñ¡ñ¡ñ¡¤¡ð
¡ñ¡ð¡ñ¡ñ¡ñ¡ñ¡ð¡ð
¡ñ¡ñ¡ð¡ñ¡ñ¡ð¡ñ¡ð
¡ñ¡ñ¡ñ¡ð¡ð¡ñ¡ð¡ð
¡¤¡ñ¡ð¡ð¡ð¡ñ¡ñ¡ð
¡¤¡ð¡ñ¡ð¡ñ¡ñ¡ñ¡ð
¡ð¡¤¡ð¡ð¡ð¡ð¡ð¡ð
step: 55  col: 1  B: 32 W: 27
dep:5, cnt:15, tl:0, pv:[<7,1>:10.00]
dep:5, cnt:15, tl:0, pv:[<7,1>:10.00]
m 7 1
board 0x7062275b3d3c7f 0xff8e9cd8a4c28300 col 0
¡ñ¡ñ¡ñ¡ñ¡ñ¡ñ¡ñ¡¤
¡ð¡ð¡ñ¡ñ¡ñ¡ñ¡¤¡ð
¡ñ¡ð¡ñ¡ñ¡ñ¡ñ¡ð¡ð
¡ñ¡ñ¡ð¡ñ¡ñ¡ð¡ñ¡ð
¡ñ¡ñ¡ñ¡ð¡ð¡ñ¡ð¡ð
¡¤¡ñ¡ð¡ð¡ð¡ñ¡ñ¡ð
¡¤¡ð¡ð¡ð¡ñ¡ñ¡ñ¡ð
¡ð¡ð¡ð¡ð¡ð¡ð¡ð¡ð
step: 56  col: 0  B: 31 W: 29
dep:4, cnt:4, tl:0, pv:[<1,6>:-10.00,<6,0>:-10.00]
dep:4, cnt:4, tl:0, pv:[<1,6>:-10.00,<6,0>:-10.00]
m 6 0
board 0x7f62275b3d3c7f 0xff809cd8a4c28300 col 1
¡ñ¡ñ¡ñ¡ñ¡ñ¡ñ¡ñ¡¤
¡ð¡ð¡ñ¡ñ¡ñ¡ñ¡¤¡ð
¡ñ¡ð¡ñ¡ñ¡ñ¡ñ¡ð¡ð
¡ñ¡ñ¡ð¡ñ¡ñ¡ð¡ñ¡ð
¡ñ¡ñ¡ñ¡ð¡ð¡ñ¡ð¡ð
¡¤¡ñ¡ð¡ð¡ð¡ñ¡ñ¡ð
¡ñ¡ñ¡ñ¡ñ¡ñ¡ñ¡ñ¡ð
¡ð¡ð¡ð¡ð¡ð¡ð¡ð¡ð
step: 57  col: 1  B: 35 W: 26
dep:3, cnt:2, tl:0, pv:[<1,6>:10.00,<5,0>:10.00]
dep:3, cnt:2, tl:0, pv:[<1,6>:10.00,<5,0>:10.00]
m 5 0
board 0x7c60245a3c3c7f 0xff839fdba5c38300 col 0
¡ñ¡ñ¡ñ¡ñ¡ñ¡ñ¡ñ¡¤
¡ð¡ð¡ñ¡ñ¡ñ¡ñ¡¤¡ð
¡ð¡ð¡ñ¡ñ¡ñ¡ñ¡ð¡ð
¡ð¡ñ¡ð¡ñ¡ñ¡ð¡ñ¡ð
¡ð¡ð¡ñ¡ð¡ð¡ñ¡ð¡ð
¡ð¡ð¡ð¡ð¡ð¡ñ¡ñ¡ð
¡ð¡ð¡ñ¡ñ¡ñ¡ñ¡ñ¡ð
¡ð¡ð¡ð¡ð¡ð¡ð¡ð¡ð
step: 58  col: 0  B: 28 W: 34
dep:2, cnt:1, tl:0, pv:[<1,6>:-10.00]
dep:2, cnt:1, tl:0, pv:[<1,6>:-10.00]
m 1 6
board 0x7c60245a7c7c7f 0xff839fdba5838300 col 1
¡ñ¡ñ¡ñ¡ñ¡ñ¡ñ¡ñ¡¤
¡ð¡ð¡ñ¡ñ¡ñ¡ñ¡ñ¡ð
¡ð¡ð¡ñ¡ñ¡ñ¡ñ¡ñ¡ð
¡ð¡ñ¡ð¡ñ¡ñ¡ð¡ñ¡ð
¡ð¡ð¡ñ¡ð¡ð¡ñ¡ð¡ð
¡ð¡ð¡ð¡ð¡ð¡ñ¡ñ¡ð
¡ð¡ð¡ñ¡ñ¡ñ¡ñ¡ñ¡ð
¡ð¡ð¡ð¡ð¡ð¡ð¡ð¡ð
step: 59  col: 1  B: 30 W: 33
dep:1, cnt:1, tl:0, pv:[<0,7>:10.00]
dep:1, cnt:1, tl:0, pv:[<0,7>:10.00]
m 0 7
board 0x7c60244a5c3c7f 0xff839fdbb5a3c380 col 1
¡ñ¡ñ¡ñ¡ñ¡ñ¡ñ¡ñ¡ð
¡ð¡ð¡ñ¡ñ¡ñ¡ñ¡ð¡ð
¡ð¡ð¡ñ¡ñ¡ñ¡ð¡ñ¡ð
¡ð¡ñ¡ð¡ñ¡ð¡ð¡ñ¡ð
¡ð¡ð¡ñ¡ð¡ð¡ñ¡ð¡ð
¡ð¡ð¡ð¡ð¡ð¡ñ¡ñ¡ð
¡ð¡ð¡ñ¡ñ¡ñ¡ñ¡ñ¡ð
¡ð¡ð¡ð¡ð¡ð¡ð¡ð¡ð
step: 60  col: 1  B: 27 W: 37
white win
