Program start at  Sun Feb 21 23:37:56 2021
Game start at Sun Feb 21 23:37:58 2021
black mode: 1 , white mode: 1
4 dep:4, cnt:160, tl:0, pv:[<2,3>:-0.28,<3,2>:-0.28,<4,5>:-0.28,<5,4>:-0.28]
15 dep:5, cnt:596, tl:1, pv:[<2,3>:-2.03,<4,5>:-2.03,<5,4>:-2.03]
29 dep:6, cnt:1501, tl:0, pv:[<2,3>:0.81,<3,2>:0.81,<4,5>:0.81,<5,4>:0.81]
69 dep:7, cnt:4826, tl:1, pv:[<2,3>:-0.83,<3,2>:-0.83,<4,5>:-0.83,<5,4>:-0.83]
258 dep:8, cnt:16698, tl:2, pv:[<2,3>:1.74,<3,2>:1.74,<4,5>:1.74,<5,4>:1.74]
m 4 5
board 0x8000000 0x3810000000 col 1
¡¤¡¤¡¤¡¤¡¤¡¤¡¤¡¤
¡¤¡¤¡¤¡¤¡¤¡¤¡¤¡¤
¡¤¡¤¡¤¡¤¡¤¡¤¡¤¡¤
¡¤¡¤¡¤¡ð¡ñ¡¤¡¤¡¤
¡¤¡¤¡¤¡ñ¡ñ¡ñ¡¤¡¤
¡¤¡¤¡¤¡¤¡¤¡¤¡¤¡¤
¡¤¡¤¡¤¡¤¡¤¡¤¡¤¡¤
¡¤¡¤¡¤¡¤¡¤¡¤¡¤¡¤
step: 1  col: 1  B: 1 W: 4
2 dep:4, cnt:140, tl:0, pv:[<5,3>:2.03]
7 dep:5, cnt:247, tl:0, pv:[<5,3>:-0.81]
20 dep:6, cnt:1077, tl:0, pv:[<5,3>:0.83]
66 dep:7, cnt:4170, tl:1, pv:[<5,3>:-1.74]
81 dep:8, cnt:6579, tl:1, pv:[<5,3>:-0.32]
m 5 3
board 0x3010000000 0x80808000000 col 0
¡¤¡¤¡¤¡¤¡¤¡¤¡¤¡¤
¡¤¡¤¡¤¡¤¡¤¡¤¡¤¡¤
¡¤¡¤¡¤¡¤¡¤¡¤¡¤¡¤
¡¤¡¤¡¤¡ð¡ñ¡¤¡¤¡¤
¡¤¡¤¡¤¡ð¡ñ¡ñ¡¤¡¤
¡¤¡¤¡¤¡ð¡¤¡¤¡¤¡¤
¡¤¡¤¡¤¡¤¡¤¡¤¡¤¡¤
¡¤¡¤¡¤¡¤¡¤¡¤¡¤¡¤
step: 2  col: 0  B: 3 W: 3
2 dep:4, cnt:192, tl:1, pv:[<2,2>:0.81,<3,2>:0.51]
10 dep:5, cnt:662, tl:0, pv:[<2,2>:-0.85,<3,2>:-0.83]
30 dep:6, cnt:2416, tl:0, pv:[<2,2>:1.74]
94 dep:7, cnt:7920, tl:1, pv:[<2,2>:0.32]
136 dep:8, cnt:12444, tl:2, pv:[<2,2>:1.49]
m 2 2
board 0x80800000000 0x3018040000 col 1
¡¤¡¤¡¤¡¤¡¤¡¤¡¤¡¤
¡¤¡¤¡¤¡¤¡¤¡¤¡¤¡¤
¡¤¡¤¡ñ¡¤¡¤¡¤¡¤¡¤
¡¤¡¤¡¤¡ñ¡ñ¡¤¡¤¡¤
¡¤¡¤¡¤¡ð¡ñ¡ñ¡¤¡¤
¡¤¡¤¡¤¡ð¡¤¡¤¡¤¡¤
¡¤¡¤¡¤¡¤¡¤¡¤¡¤¡¤
¡¤¡¤¡¤¡¤¡¤¡¤¡¤¡¤
step: 3  col: 1  B: 2 W: 5
2 dep:4, cnt:316, tl:0, pv:[<2,3>:0.59,<3,5>:0.85]
12 dep:5, cnt:854, tl:0, pv:[<3,5>:-1.74]
18 dep:6, cnt:1799, tl:0, pv:[<2,3>:-0.32]
99 dep:7, cnt:9279, tl:2, pv:[<2,3>:-1.49]
272 dep:8, cnt:25355, tl:4, pv:[<2,3>:0.44]
m 2 3
board 0x3010040000 0x80808080000 col 0
¡¤¡¤¡¤¡¤¡¤¡¤¡¤¡¤
¡¤¡¤¡¤¡¤¡¤¡¤¡¤¡¤
¡¤¡¤¡ñ¡ð¡¤¡¤¡¤¡¤
¡¤¡¤¡¤¡ð¡ñ¡¤¡¤¡¤
¡¤¡¤¡¤¡ð¡ñ¡ñ¡¤¡¤
¡¤¡¤¡¤¡ð¡¤¡¤¡¤¡¤
¡¤¡¤¡¤¡¤¡¤¡¤¡¤¡¤
¡¤¡¤¡¤¡¤¡¤¡¤¡¤¡¤
step: 4  col: 0  B: 4 W: 4
7 dep:4, cnt:560, tl:0, pv:[<3,2>:3.10]
16 dep:5, cnt:987, tl:0, pv:[<3,2>:0.32]
25 dep:6, cnt:1801, tl:1, pv:[<3,2>:1.49]
124 dep:7, cnt:9442, tl:1, pv:[<3,2>:-0.44]
114 dep:8, cnt:12699, tl:2, pv:[<3,2>:-0.41]
m 3 2
board 0x80800080000 0x301c040000 col 1
¡¤¡¤¡¤¡¤¡¤¡¤¡¤¡¤
¡¤¡¤¡¤¡¤¡¤¡¤¡¤¡¤
¡¤¡¤¡ñ¡ð¡¤¡¤¡¤¡¤
¡¤¡¤¡ñ¡ñ¡ñ¡¤¡¤¡¤
¡¤¡¤¡¤¡ð¡ñ¡ñ¡¤¡¤
¡¤¡¤¡¤¡ð¡¤¡¤¡¤¡¤
¡¤¡¤¡¤¡¤¡¤¡¤¡¤¡¤
¡¤¡¤¡¤¡¤¡¤¡¤¡¤¡¤
step: 5  col: 1  B: 3 W: 6
9 dep:4, cnt:795, tl:0, pv:[<3,5>:-0.32]
28 dep:5, cnt:2081, tl:0, pv:[<3,5>:-1.49]
76 dep:6, cnt:4990, tl:1, pv:[<3,5>:0.44]
82 dep:7, cnt:8429, tl:1, pv:[<3,5>:0.41]
180 dep:8, cnt:20478, tl:4, pv:[<3,5>:-1.45]
m 3 5
board 0x201c040000 0x81820080000 col 0
¡¤¡¤¡¤¡¤¡¤¡¤¡¤¡¤
¡¤¡¤¡¤¡¤¡¤¡¤¡¤¡¤
¡¤¡¤¡ñ¡ð¡¤¡¤¡¤¡¤
¡¤¡¤¡ñ¡ñ¡ñ¡ð¡¤¡¤
¡¤¡¤¡¤¡ð¡ð¡ñ¡¤¡¤
¡¤¡¤¡¤¡ð¡¤¡¤¡¤¡¤
¡¤¡¤¡¤¡¤¡¤¡¤¡¤¡¤
¡¤¡¤¡¤¡¤¡¤¡¤¡¤¡¤
step: 6  col: 0  B: 5 W: 5
25 dep:4, cnt:2028, tl:0, pv:[<5,5>:1.49]
15 dep:5, cnt:2039, tl:0, pv:[<5,5>:-0.66,<4,2>:-0.89,<5,4>:-0.44]
67 dep:6, cnt:7027, tl:1, pv:[<4,2>:-0.41,<5,5>:-0.49]
57 dep:7, cnt:8071, tl:1, pv:[<4,2>:1.45]
285 dep:8, cnt:45567, tl:8, pv:[<5,5>:-0.02]
m 5 5
board 0x80820080000 0x20301c040000 col 1
¡¤¡¤¡¤¡¤¡¤¡¤¡¤¡¤
¡¤¡¤¡¤¡¤¡¤¡¤¡¤¡¤
¡¤¡¤¡ñ¡ð¡¤¡¤¡¤¡¤
¡¤¡¤¡ñ¡ñ¡ñ¡ð¡¤¡¤
¡¤¡¤¡¤¡ð¡ñ¡ñ¡¤¡¤
¡¤¡¤¡¤¡ð¡¤¡ñ¡¤¡¤
¡¤¡¤¡¤¡¤¡¤¡¤¡¤¡¤
¡¤¡¤¡¤¡¤¡¤¡¤¡¤¡¤
step: 7  col: 1  B: 4 W: 7
12 dep:4, cnt:1004, tl:0, pv:[<2,5>:0.66]
14 dep:5, cnt:2156, tl:1, pv:[<4,6>:0.49]
36 dep:6, cnt:5127, tl:1, pv:[<4,6>:-1.31,<2,5>:-0.90]
200 dep:7, cnt:30617, tl:4, pv:[<4,6>:0.02]
303 dep:8, cnt:49864, tl:7, pv:[<4,6>:-1.72,<2,5>:-1.80]
m 2 5
board 0x20300c040000 0x80830280000 col 0
¡¤¡¤¡¤¡¤¡¤¡¤¡¤¡¤
¡¤¡¤¡¤¡¤¡¤¡¤¡¤¡¤
¡¤¡¤¡ñ¡ð¡¤¡ð¡¤¡¤
¡¤¡¤¡ñ¡ñ¡ð¡ð¡¤¡¤
¡¤¡¤¡¤¡ð¡ñ¡ñ¡¤¡¤
¡¤¡¤¡¤¡ð¡¤¡ñ¡¤¡¤
¡¤¡¤¡¤¡¤¡¤¡¤¡¤¡¤
¡¤¡¤¡¤¡¤¡¤¡¤¡¤¡¤
step: 8  col: 0  B: 6 W: 6
25 dep:4, cnt:2510, tl:1, pv:[<5,4>:1.80]
11 dep:5, cnt:1962, tl:0, pv:[<5,4>:0.90]
32 dep:6, cnt:5886, tl:1, pv:[<5,4>:2.21]
91 dep:7, cnt:16346, tl:2, pv:[<5,4>:1.80]
148 dep:8, cnt:27495, tl:4, pv:[<5,4>:-0.34]
m 5 4
board 0x80030280000 0x30380c040000 col 1
¡¤¡¤¡¤¡¤¡¤¡¤¡¤¡¤
¡¤¡¤¡¤¡¤¡¤¡¤¡¤¡¤
¡¤¡¤¡ñ¡ð¡¤¡ð¡¤¡¤
¡¤¡¤¡ñ¡ñ¡ð¡ð¡¤¡¤
¡¤¡¤¡¤¡ñ¡ñ¡ñ¡¤¡¤
¡¤¡¤¡¤¡ð¡ñ¡ñ¡¤¡¤
¡¤¡¤¡¤¡¤¡¤¡¤¡¤¡¤
¡¤¡¤¡¤¡¤¡¤¡¤¡¤¡¤
step: 9  col: 1  B: 5 W: 8
11 dep:4, cnt:2116, tl:1, pv:[<6,4>:-0.90]
22 dep:5, cnt:4130, tl:2, pv:[<6,4>:-2.21]
70 dep:6, cnt:11211, tl:4, pv:[<6,4>:-1.80]
41 dep:7, cnt:14877, tl:6, pv:[<6,4>:0.34]
330 dep:8, cnt:69455, tl:18, pv:[<6,4>:0.81]
m 6 4
board 0x20280c040000 0x10181030280000 col 0
¡¤¡¤¡¤¡¤¡¤¡¤¡¤¡¤
¡¤¡¤¡¤¡¤¡¤¡¤¡¤¡¤
¡¤¡¤¡ñ¡ð¡¤¡ð¡¤¡¤
¡¤¡¤¡ñ¡ñ¡ð¡ð¡¤¡¤
¡¤¡¤¡¤¡ñ¡ð¡ñ¡¤¡¤
¡¤¡¤¡¤¡ð¡ð¡ñ¡¤¡¤
¡¤¡¤¡¤¡¤¡ð¡¤¡¤¡¤
¡¤¡¤¡¤¡¤¡¤¡¤¡¤¡¤
step: 10  col: 0  B: 6 W: 8
25 dep:4, cnt:3972, tl:1, pv:[<5,2>:2.21]
61 dep:5, cnt:8923, tl:1, pv:[<5,2>:1.54,<6,3>:1.80]
63 dep:6, cnt:16204, tl:2, pv:[<6,3>:-0.42,<5,2>:-0.83,<6,5>:-0.34]
198 dep:7, cnt:45765, tl:6, pv:[<6,5>:-0.81]
566 dep:8, cnt:132465, tl:19, pv:[<5,2>:-1.00]
m 5 2
board 0x10001030280000 0x3c280c040000 col 1
¡¤¡¤¡¤¡¤¡¤¡¤¡¤¡¤
¡¤¡¤¡¤¡¤¡¤¡¤¡¤¡¤
¡¤¡¤¡ñ¡ð¡¤¡ð¡¤¡¤
¡¤¡¤¡ñ¡ñ¡ð¡ð¡¤¡¤
¡¤¡¤¡¤¡ñ¡ð¡ñ¡¤¡¤
¡¤¡¤¡ñ¡ñ¡ñ¡ñ¡¤¡¤
¡¤¡¤¡¤¡¤¡ð¡¤¡¤¡¤
¡¤¡¤¡¤¡¤¡¤¡¤¡¤¡¤
step: 11  col: 1  B: 6 W: 9
23 dep:4, cnt:4148, tl:1, pv:[<4,6>:-1.54]
14 dep:5, cnt:3719, tl:1, pv:[<4,6>:0.83]
50 dep:6, cnt:13036, tl:2, pv:[<4,6>:1.42]
279 dep:7, cnt:69690, tl:9, pv:[<4,6>:1.00,<5,6>:0.79]
513 dep:8, cnt:106691, tl:15, pv:[<4,6>:0.59]
m 4 6
board 0x1c080c040000 0x10207030280000 col 0
¡¤¡¤¡¤¡¤¡¤¡¤¡¤¡¤
¡¤¡¤¡¤¡¤¡¤¡¤¡¤¡¤
¡¤¡¤¡ñ¡ð¡¤¡ð¡¤¡¤
¡¤¡¤¡ñ¡ñ¡ð¡ð¡¤¡¤
¡¤¡¤¡¤¡ñ¡ð¡ð¡ð¡¤
¡¤¡¤¡ñ¡ñ¡ñ¡ð¡¤¡¤
¡¤¡¤¡¤¡¤¡ð¡¤¡¤¡¤
¡¤¡¤¡¤¡¤¡¤¡¤¡¤¡¤
step: 12  col: 0  B: 7 W: 9
27 dep:4, cnt:3682, tl:0, pv:[<2,4>:-1.30,<5,6>:-1.04,<7,4>:-0.83]
38 dep:5, cnt:8560, tl:2, pv:[<2,4>:-1.42,<5,6>:-1.88]
120 dep:6, cnt:21597, tl:3, pv:[<7,5>:-1.00]
204 dep:7, cnt:57144, tl:8, pv:[<5,6>:-0.59]
399 dep:8, cnt:87735, tl:12, pv:[<2,4>:-1.97]
m 2 4
board 0x10206020200000 0x1c181c1c0000 col 1
¡¤¡¤¡¤¡¤¡¤¡¤¡¤¡¤
¡¤¡¤¡¤¡¤¡¤¡¤¡¤¡¤
¡¤¡¤¡ñ¡ñ¡ñ¡ð¡¤¡¤
¡¤¡¤¡ñ¡ñ¡ñ¡ð¡¤¡¤
¡¤¡¤¡¤¡ñ¡ñ¡ð¡ð¡¤
¡¤¡¤¡ñ¡ñ¡ñ¡ð¡¤¡¤
¡¤¡¤¡¤¡¤¡ð¡¤¡¤¡¤
¡¤¡¤¡¤¡¤¡¤¡¤¡¤¡¤
step: 13  col: 1  B: 6 W: 11
30 dep:4, cnt:3187, tl:1, pv:[<6,3>:1.42]
34 dep:5, cnt:4520, tl:0, pv:[<6,3>:1.60]
35 dep:6, cnt:6549, tl:1, pv:[<6,3>:1.21]
152 dep:7, cnt:28606, tl:5, pv:[<6,3>:1.97]
246 dep:8, cnt:54138, tl:9, pv:[<6,3>:2.12]
m 6 3
board 0xc181c1c0000 0x18306020200000 col 0
¡¤¡¤¡¤¡¤¡¤¡¤¡¤¡¤
¡¤¡¤¡¤¡¤¡¤¡¤¡¤¡¤
¡¤¡¤¡ñ¡ñ¡ñ¡ð¡¤¡¤
¡¤¡¤¡ñ¡ñ¡ñ¡ð¡¤¡¤
¡¤¡¤¡¤¡ñ¡ñ¡ð¡ð¡¤
¡¤¡¤¡ñ¡ñ¡ð¡ð¡¤¡¤
¡¤¡¤¡¤¡ð¡ð¡¤¡¤¡¤
¡¤¡¤¡¤¡¤¡¤¡¤¡¤¡¤
step: 14  col: 0  B: 10 W: 8
28 dep:4, cnt:3703, tl:0, pv:[<3,6>:-1.60,<7,5>:-1.66]
38 dep:5, cnt:7451, tl:1, pv:[<3,6>:-1.21]
122 dep:6, cnt:20067, tl:3, pv:[<3,6>:-1.97]
309 dep:7, cnt:56826, tl:9, pv:[<6,5>:-2.12,<7,5>:-2.57]
623 dep:8, cnt:176526, tl:31, pv:[<3,6>:-4.74]
m 3 6
board 0x18306000200000 0xc187c1c0000 col 1
¡¤¡¤¡¤¡¤¡¤¡¤¡¤¡¤
¡¤¡¤¡¤¡¤¡¤¡¤¡¤¡¤
¡¤¡¤¡ñ¡ñ¡ñ¡ð¡¤¡¤
¡¤¡¤¡ñ¡ñ¡ñ¡ñ¡ñ¡¤
¡¤¡¤¡¤¡ñ¡ñ¡ð¡ð¡¤
¡¤¡¤¡ñ¡ñ¡ð¡ð¡¤¡¤
¡¤¡¤¡¤¡ð¡ð¡¤¡¤¡¤
¡¤¡¤¡¤¡¤¡¤¡¤¡¤¡¤
step: 15  col: 1  B: 7 W: 12
16 dep:4, cnt:3695, tl:0, pv:[<1,4>:1.21,<4,2>:0.94,<5,1>:0.78]
81 dep:5, cnt:13604, tl:3, pv:[<2,6>:1.79,<2,7>:1.97]
147 dep:6, cnt:20676, tl:3, pv:[<1,4>:3.02]
356 dep:7, cnt:90545, tl:14, pv:[<2,7>:4.74]
1153 dep:8, cnt:229519, tl:34, pv:[<2,7>:1.71]
m 2 7
board 0xc183c1c0000 0x18306040a00000 col 0
¡¤¡¤¡¤¡¤¡¤¡¤¡¤¡¤
¡¤¡¤¡¤¡¤¡¤¡¤¡¤¡¤
¡¤¡¤¡ñ¡ñ¡ñ¡ð¡¤¡ð
¡¤¡¤¡ñ¡ñ¡ñ¡ñ¡ð¡¤
¡¤¡¤¡¤¡ñ¡ñ¡ð¡ð¡¤
¡¤¡¤¡ñ¡ñ¡ð¡ð¡¤¡¤
¡¤¡¤¡¤¡ð¡ð¡¤¡¤¡¤
¡¤¡¤¡¤¡¤¡¤¡¤¡¤¡¤
step: 16  col: 0  B: 11 W: 9
29 dep:4, cnt:4961, tl:2, pv:[<7,5>:-1.97]
52 dep:5, cnt:8371, tl:3, pv:[<7,5>:-2.32,<1,5>:-2.20,<4,7>:-1.91,<5,6>:-2.38,<5,7>:-2.16]
211 dep:6, cnt:43013, tl:17, pv:[<4,7>:-5.03,<5,6>:-4.92,<7,5>:-4.74]
393 dep:7, cnt:72945, tl:14, pv:[<1,5>:-1.77,<2,6>:-1.71]
1093 dep:8, cnt:239766, tl:39, pv:[<2,6>:-2.38,<1,5>:-2.58]
m 1 5
board 0x18306040800000 0xc183c3c2000 col 1
¡¤¡¤¡¤¡¤¡¤¡¤¡¤¡¤
¡¤¡¤¡¤¡¤¡¤¡ñ¡¤¡¤
¡¤¡¤¡ñ¡ñ¡ñ¡ñ¡¤¡ð
¡¤¡¤¡ñ¡ñ¡ñ¡ñ¡ð¡¤
¡¤¡¤¡¤¡ñ¡ñ¡ð¡ð¡¤
¡¤¡¤¡ñ¡ñ¡ð¡ð¡¤¡¤
¡¤¡¤¡¤¡ð¡ð¡¤¡¤¡¤
¡¤¡¤¡¤¡¤¡¤¡¤¡¤¡¤
step: 17  col: 1  B: 8 W: 13
20 dep:4, cnt:2495, tl:0, pv:[<4,2>:2.20]
50 dep:5, cnt:7707, tl:1, pv:[<4,2>:5.47,<1,4>:5.07]
122 dep:6, cnt:17103, tl:3, pv:[<1,4>:1.77]
567 dep:7, cnt:95831, tl:24, pv:[<4,1>:2.58,<5,1>:2.46]
653 dep:8, cnt:127309, tl:23, pv:[<4,1>:1.71,<5,1>:1.81]
m 5 1
board 0x183c3c2000 0x183e6040800000 col 0
¡¤¡¤¡¤¡¤¡¤¡¤¡¤¡¤
¡¤¡¤¡¤¡¤¡¤¡ñ¡¤¡¤
¡¤¡¤¡ñ¡ñ¡ñ¡ñ¡¤¡ð
¡¤¡¤¡ñ¡ñ¡ñ¡ñ¡ð¡¤
¡¤¡¤¡¤¡ñ¡ñ¡ð¡ð¡¤
¡¤¡ð¡ð¡ð¡ð¡ð¡¤¡¤
¡¤¡¤¡¤¡ð¡ð¡¤¡¤¡¤
¡¤¡¤¡¤¡¤¡¤¡¤¡¤¡¤
step: 18  col: 0  B: 11 W: 11
27 dep:4, cnt:4410, tl:0, pv:[<7,3>:-4.96]
24 dep:5, cnt:7287, tl:2, pv:[<5,6>:-0.89,<6,2>:-0.81]
75 dep:6, cnt:19710, tl:2, pv:[<6,2>:-2.46]
315 dep:7, cnt:61330, tl:9, pv:[<6,2>:-1.81,<5,6>:-2.15,<5,7>:-1.81]
652 dep:8, cnt:195852, tl:45, pv:[<5,6>:-3.83]
m 5 6
board 0x183e4040800000 0x40383c3c2000 col 1
¡¤¡¤¡¤¡¤¡¤¡¤¡¤¡¤
¡¤¡¤¡¤¡¤¡¤¡ñ¡¤¡¤
¡¤¡¤¡ñ¡ñ¡ñ¡ñ¡¤¡ð
¡¤¡¤¡ñ¡ñ¡ñ¡ñ¡ð¡¤
¡¤¡¤¡¤¡ñ¡ñ¡ñ¡ð¡¤
¡¤¡ð¡ð¡ð¡ð¡ð¡ñ¡¤
¡¤¡¤¡¤¡ð¡ð¡¤¡¤¡¤
¡¤¡¤¡¤¡¤¡¤¡¤¡¤¡¤
step: 19  col: 1  B: 10 W: 13
15 dep:4, cnt:2825, tl:1, pv:[<2,6>:0.89,<4,2>:0.75]
29 dep:5, cnt:4420, tl:2, pv:[<2,6>:4.11]
59 dep:6, cnt:8746, tl:4, pv:[<2,6>:2.15]
140 dep:7, cnt:36274, tl:16, pv:[<2,6>:3.83]
382 dep:8, cnt:87805, tl:29, pv:[<2,6>:0.21,<4,2>:0.21]
m 2 6
board 0x40281c3c2000 0x183e5060c00000 col 0
¡¤¡¤¡¤¡¤¡¤¡¤¡¤¡¤
¡¤¡¤¡¤¡¤¡¤¡ñ¡¤¡¤
¡¤¡¤¡ñ¡ñ¡ñ¡ñ¡ð¡ð
¡¤¡¤¡ñ¡ñ¡ñ¡ð¡ð¡¤
¡¤¡¤¡¤¡ñ¡ð¡ñ¡ð¡¤
¡¤¡ð¡ð¡ð¡ð¡ð¡ñ¡¤
¡¤¡¤¡¤¡ð¡ð¡¤¡¤¡¤
¡¤¡¤¡¤¡¤¡¤¡¤¡¤¡¤
step: 20  col: 0  B: 11 W: 13
28 dep:4, cnt:4525, tl:1, pv:[<5,7>:-4.28,<6,5>:-4.11,<7,4>:-4.59]
13 dep:5, cnt:3290, tl:1, pv:[<6,5>:-2.15,<4,7>:-2.48,<5,7>:-2.51]
57 dep:6, cnt:14331, tl:2, pv:[<6,5>:-3.88,<5,7>:-3.83]
126 dep:7, cnt:30969, tl:6, pv:[<5,7>:-0.21]
306 dep:8, cnt:64637, tl:9, pv:[<5,7>:-4.23]
m 5 7
board 0x183e1040c00000 0xc0683c3c2000 col 1
¡¤¡¤¡¤¡¤¡¤¡¤¡¤¡¤
¡¤¡¤¡¤¡¤¡¤¡ñ¡¤¡¤
¡¤¡¤¡ñ¡ñ¡ñ¡ñ¡ð¡ð
¡¤¡¤¡ñ¡ñ¡ñ¡ñ¡ð¡¤
¡¤¡¤¡¤¡ñ¡ð¡ñ¡ñ¡¤
¡¤¡ð¡ð¡ð¡ð¡ð¡ñ¡ñ
¡¤¡¤¡¤¡ð¡ð¡¤¡¤¡¤
¡¤¡¤¡¤¡¤¡¤¡¤¡¤¡¤
step: 21  col: 1  B: 11 W: 14
19 dep:4, cnt:2387, tl:0, pv:[<3,7>:2.51]
26 dep:5, cnt:4839, tl:1, pv:[<4,2>:3.83]
87 dep:6, cnt:11112, tl:2, pv:[<4,7>:0.21]
123 dep:7, cnt:30068, tl:4, pv:[<3,7>:4.23]
616 dep:8, cnt:108316, tl:14, pv:[<3,7>:2.70,<4,2>:2.40,<4,7>:2.36]
m 4 2
board 0xc0603c3c2000 0x183e1c40c00000 col 0
¡¤¡¤¡¤¡¤¡¤¡¤¡¤¡¤
¡¤¡¤¡¤¡¤¡¤¡ñ¡¤¡¤
¡¤¡¤¡ñ¡ñ¡ñ¡ñ¡ð¡ð
¡¤¡¤¡ñ¡ñ¡ñ¡ñ¡ð¡¤
¡¤¡¤¡ð¡ð¡ð¡ñ¡ñ¡¤
¡¤¡ð¡ð¡ð¡ð¡ð¡ñ¡ñ
¡¤¡¤¡¤¡ð¡ð¡¤¡¤¡¤
¡¤¡¤¡¤¡¤¡¤¡¤¡¤¡¤
step: 22  col: 0  B: 13 W: 13
14 dep:4, cnt:3286, tl:1, pv:[<6,5>:-3.83]
28 dep:5, cnt:5226, tl:1, pv:[<4,7>:2.57]
23 dep:6, cnt:3515, tl:0, pv:[<4,7>:-1.37]
84 dep:7, cnt:17383, tl:2, pv:[<4,7>:-2.40]
800 dep:8, cnt:141449, tl:20, pv:[<4,1>:-1.93]
m 4 1
board 0x183e0040c00000 0xc07e3c3c2000 col 1
¡¤¡¤¡¤¡¤¡¤¡¤¡¤¡¤
¡¤¡¤¡¤¡¤¡¤¡ñ¡¤¡¤
¡¤¡¤¡ñ¡ñ¡ñ¡ñ¡ð¡ð
¡¤¡¤¡ñ¡ñ¡ñ¡ñ¡ð¡¤
¡¤¡ñ¡ñ¡ñ¡ñ¡ñ¡ñ¡¤
¡¤¡ð¡ð¡ð¡ð¡ð¡ñ¡ñ
¡¤¡¤¡¤¡ð¡ð¡¤¡¤¡¤
¡¤¡¤¡¤¡¤¡¤¡¤¡¤¡¤
step: 23  col: 1  B: 10 W: 17
19 dep:4, cnt:3515, tl:1, pv:[<1,4>:-0.64,<3,7>:-0.36]
32 dep:5, cnt:4638, tl:1, pv:[<3,7>:4.23]
69 dep:6, cnt:9704, tl:2, pv:[<3,7>:2.94]
387 dep:7, cnt:57853, tl:8, pv:[<3,0>:1.93]
914 dep:8, cnt:146975, tl:21, pv:[<3,0>:0.24,<3,7>:0.71]
m 3 0
board 0xc07c3c3c2000 0x183e0241c00000 col 0
¡¤¡¤¡¤¡¤¡¤¡¤¡¤¡¤
¡¤¡¤¡¤¡¤¡¤¡ñ¡¤¡¤
¡¤¡¤¡ñ¡ñ¡ñ¡ñ¡ð¡ð
¡ð¡¤¡ñ¡ñ¡ñ¡ñ¡ð¡¤
¡¤¡ð¡ñ¡ñ¡ñ¡ñ¡ñ¡¤
¡¤¡ð¡ð¡ð¡ð¡ð¡ñ¡ñ
¡¤¡¤¡¤¡ð¡ð¡¤¡¤¡¤
¡¤¡¤¡¤¡¤¡¤¡¤¡¤¡¤
step: 24  col: 0  B: 16 W: 12
24 dep:4, cnt:4351, tl:1, pv:[<6,5>:-1.21]
46 dep:5, cnt:10110, tl:2, pv:[<6,5>:-0.73]
145 dep:6, cnt:33555, tl:6, pv:[<6,2>:-1.93,<7,2>:-2.30]
280 dep:7, cnt:59144, tl:9, pv:[<6,2>:-0.24]
1113 dep:8, cnt:233650, tl:33, pv:[<6,2>:-2.55]
m 6 2
board 0x18320241c00000 0x4cc7c3c3c2000 col 1
¡¤¡¤¡¤¡¤¡¤¡¤¡¤¡¤
¡¤¡¤¡¤¡¤¡¤¡ñ¡¤¡¤
¡¤¡¤¡ñ¡ñ¡ñ¡ñ¡ð¡ð
¡ð¡¤¡ñ¡ñ¡ñ¡ñ¡ð¡¤
¡¤¡ð¡ñ¡ñ¡ñ¡ñ¡ñ¡¤
¡¤¡ð¡ñ¡ñ¡ð¡ð¡ñ¡ñ
¡¤¡¤¡ñ¡ð¡ð¡¤¡¤¡¤
¡¤¡¤¡¤¡¤¡¤¡¤¡¤¡¤
step: 25  col: 1  B: 10 W: 19
14 dep:4, cnt:2167, tl:0, pv:[<0,5>:1.61]
99 dep:5, cnt:11150, tl:2, pv:[<3,7>:1.93]
156 dep:6, cnt:18705, tl:6, pv:[<0,5>:0.24]
503 dep:7, cnt:79381, tl:13, pv:[<4,7>:2.55]
916 dep:8, cnt:166377, tl:28, pv:[<0,5>:-1.67]
m 0 5
board 0x4cc5c1c1c0000 0x18322261e02020 col 0
¡¤¡¤¡¤¡¤¡¤¡ð¡¤¡¤
¡¤¡¤¡¤¡¤¡¤¡ð¡¤¡¤
¡¤¡¤¡ñ¡ñ¡ñ¡ð¡ð¡ð
¡ð¡¤¡ñ¡ñ¡ñ¡ð¡ð¡¤
¡¤¡ð¡ñ¡ñ¡ñ¡ð¡ñ¡¤
¡¤¡ð¡ñ¡ñ¡ð¡ð¡ñ¡ñ
¡¤¡¤¡ñ¡ð¡ð¡¤¡¤¡¤
¡¤¡¤¡¤¡¤¡¤¡¤¡¤¡¤
step: 26  col: 0  B: 15 W: 15
26 dep:4, cnt:2443, tl:1, pv:[<3,7>:-0.13]
31 dep:5, cnt:4536, tl:0, pv:[<3,7>:-0.24]
41 dep:6, cnt:4688, tl:1, pv:[<3,7>:-0.80,<7,5>:-1.30]
129 dep:7, cnt:16712, tl:2, pv:[<3,7>:1.67]
934 dep:8, cnt:122600, tl:22, pv:[<3,7>:1.10,<4,0>:1.43]
m 4 0
board 0x18302061e02020 0x4ce5f1c1c0000 col 1
¡¤¡¤¡¤¡¤¡¤¡ð¡¤¡¤
¡¤¡¤¡¤¡¤¡¤¡ð¡¤¡¤
¡¤¡¤¡ñ¡ñ¡ñ¡ð¡ð¡ð
¡ð¡¤¡ñ¡ñ¡ñ¡ð¡ð¡¤
¡ñ¡ñ¡ñ¡ñ¡ñ¡ð¡ñ¡¤
¡¤¡ñ¡ñ¡ñ¡ð¡ð¡ñ¡ñ
¡¤¡¤¡ñ¡ð¡ð¡¤¡¤¡¤
¡¤¡¤¡¤¡¤¡¤¡¤¡¤¡¤
step: 27  col: 1  B: 13 W: 18
16 dep:4, cnt:2198, tl:1, pv:[<3,7>:3.76]
46 dep:5, cnt:6323, tl:1, pv:[<3,7>:1.48,<4,7>:1.57]
143 dep:6, cnt:15685, tl:2, pv:[<5,0>:2.96]
225 dep:7, cnt:28822, tl:4, pv:[<5,0>:-1.43]
852 dep:8, cnt:118308, tl:17, pv:[<3,7>:-0.71]
m 3 7
board 0x4ce1f1c1c0000 0x183060e1e02020 col 0
¡¤¡¤¡¤¡¤¡¤¡ð¡¤¡¤
¡¤¡¤¡¤¡¤¡¤¡ð¡¤¡¤
¡¤¡¤¡ñ¡ñ¡ñ¡ð¡ð¡ð
¡ð¡¤¡ñ¡ñ¡ñ¡ð¡ð¡ð
¡ñ¡ñ¡ñ¡ñ¡ñ¡ð¡ð¡¤
¡¤¡ñ¡ñ¡ñ¡ð¡ð¡ñ¡ñ
¡¤¡¤¡ñ¡ð¡ð¡¤¡¤¡¤
¡¤¡¤¡¤¡¤¡¤¡¤¡¤¡¤
step: 28  col: 0  B: 17 W: 15
17 dep:4, cnt:2705, tl:1, pv:[<2,0>:-1.48]
65 dep:5, cnt:4001, tl:0, pv:[<2,0>:0.08]
84 dep:6, cnt:7436, tl:2, pv:[<7,3>:3.95]
248 dep:7, cnt:24203, tl:3, pv:[<7,3>:0.71]
845 dep:8, cnt:116004, tl:17, pv:[<7,3>:2.84]
m 7 3
board 0x103060e1e02020 0x80cce1f1c1c0000 col 1
¡¤¡¤¡¤¡¤¡¤¡ð¡¤¡¤
¡¤¡¤¡¤¡¤¡¤¡ð¡¤¡¤
¡¤¡¤¡ñ¡ñ¡ñ¡ð¡ð¡ð
¡ð¡¤¡ñ¡ñ¡ñ¡ð¡ð¡ð
¡ñ¡ñ¡ñ¡ñ¡ñ¡ð¡ð¡¤
¡¤¡ñ¡ñ¡ñ¡ð¡ð¡ñ¡ñ
¡¤¡¤¡ñ¡ñ¡ð¡¤¡¤¡¤
¡¤¡¤¡¤¡ñ¡¤¡¤¡¤¡¤
step: 29  col: 1  B: 14 W: 19
18 dep:4, cnt:2836, tl:0, pv:[<1,4>:-0.00,<7,2>:0.49]
52 dep:5, cnt:5682, tl:1, pv:[<7,2>:-3.97,<1,3>:-4.17,<1,4>:-3.95]
266 dep:6, cnt:17399, tl:3, pv:[<7,2>:-0.71]
250 dep:7, cnt:28726, tl:4, pv:[<7,2>:-2.84]
560 dep:8, cnt:60934, tl:9, pv:[<7,2>:-2.34]
m 7 2
board 0x804ce1f1c1c0000 0x4183060e1e02020 col 0
¡¤¡¤¡¤¡¤¡¤¡ð¡¤¡¤
¡¤¡¤¡¤¡¤¡¤¡ð¡¤¡¤
¡¤¡¤¡ñ¡ñ¡ñ¡ð¡ð¡ð
¡ð¡¤¡ñ¡ñ¡ñ¡ð¡ð¡ð
¡ñ¡ñ¡ñ¡ñ¡ñ¡ð¡ð¡¤
¡¤¡ñ¡ñ¡ñ¡ð¡ð¡ñ¡ñ
¡¤¡¤¡ñ¡ð¡ð¡¤¡¤¡¤
¡¤¡¤¡ð¡ñ¡¤¡¤¡¤¡¤
step: 30  col: 0  B: 18 W: 16
14 dep:4, cnt:2765, tl:1, pv:[<7,1>:3.97]
26 dep:5, cnt:3538, tl:1, pv:[<7,1>:0.64,<7,5>:0.71]
47 dep:6, cnt:8411, tl:1, pv:[<7,1>:2.84]
161 dep:7, cnt:14029, tl:2, pv:[<7,1>:2.21,<7,5>:2.34]
248 dep:8, cnt:33944, tl:5, pv:[<7,5>:1.14]
m 7 5
board 0x4083060e1e02020 0x2814ce1f1c1c0000 col 1
¡¤¡¤¡¤¡¤¡¤¡ð¡¤¡¤
¡¤¡¤¡¤¡¤¡¤¡ð¡¤¡¤
¡¤¡¤¡ñ¡ñ¡ñ¡ð¡ð¡ð
¡ð¡¤¡ñ¡ñ¡ñ¡ð¡ð¡ð
¡ñ¡ñ¡ñ¡ñ¡ñ¡ð¡ð¡¤
¡¤¡ñ¡ñ¡ñ¡ð¡ð¡ñ¡ñ
¡¤¡¤¡ñ¡ð¡ñ¡¤¡¤¡¤
¡¤¡¤¡ð¡ñ¡¤¡ñ¡¤¡¤
step: 31  col: 1  B: 15 W: 20
27 dep:4, cnt:5064, tl:1, pv:[<6,5>:-0.71,<7,4>:-0.71]
23 dep:5, cnt:4584, tl:0, pv:[<6,5>:1.98]
70 dep:6, cnt:7425, tl:2, pv:[<7,4>:-2.34]
130 dep:7, cnt:16261, tl:2, pv:[<6,5>:-1.14]
273 dep:8, cnt:35907, tl:5, pv:[<6,5>:3.78]
m 6 5
board 0x2804ce1f1c1c0000 0x4383060e1e02020 col 0
¡¤¡¤¡¤¡¤¡¤¡ð¡¤¡¤
¡¤¡¤¡¤¡¤¡¤¡ð¡¤¡¤
¡¤¡¤¡ñ¡ñ¡ñ¡ð¡ð¡ð
¡ð¡¤¡ñ¡ñ¡ñ¡ð¡ð¡ð
¡ñ¡ñ¡ñ¡ñ¡ñ¡ð¡ð¡¤
¡¤¡ñ¡ñ¡ñ¡ð¡ð¡ñ¡ñ
¡¤¡¤¡ñ¡ð¡ð¡ð¡¤¡¤
¡¤¡¤¡ð¡ñ¡¤¡ñ¡¤¡¤
step: 32  col: 0  B: 19 W: 17
15 dep:4, cnt:3390, tl:0, pv:[<7,1>:-1.98]
6 dep:5, cnt:1198, tl:0, pv:[<7,1>:2.96]
78 dep:6, cnt:4462, tl:1, pv:[<7,1>:1.14]
139 dep:7, cnt:12511, tl:2, pv:[<7,1>:-3.78]
282 dep:8, cnt:26688, tl:5, pv:[<7,1>:-2.62]
m 7 1
board 0x383060e1e02020 0x2e04ce1f1c1c0000 col 1
¡¤¡¤¡¤¡¤¡¤¡ð¡¤¡¤
¡¤¡¤¡¤¡¤¡¤¡ð¡¤¡¤
¡¤¡¤¡ñ¡ñ¡ñ¡ð¡ð¡ð
¡ð¡¤¡ñ¡ñ¡ñ¡ð¡ð¡ð
¡ñ¡ñ¡ñ¡ñ¡ñ¡ð¡ð¡¤
¡¤¡ñ¡ñ¡ñ¡ð¡ð¡ñ¡ñ
¡¤¡¤¡ñ¡ð¡ð¡ð¡¤¡¤
¡¤¡ñ¡ñ¡ñ¡¤¡ñ¡¤¡¤
step: 33  col: 1  B: 16 W: 21
31 dep:4, cnt:3237, tl:1, pv:[<4,7>:-2.96]
16 dep:5, cnt:1664, tl:0, pv:[<4,7>:-1.14]
138 dep:6, cnt:7368, tl:1, pv:[<4,7>:3.78]
172 dep:7, cnt:9142, tl:2, pv:[<4,7>:2.62]
228 dep:8, cnt:9331, tl:1, pv:[<4,7>:4.47]
m 4 7
board 0x2e048e1f1c1c0000 0x3870e0e1e02020 col 0
¡¤¡¤¡¤¡¤¡¤¡ð¡¤¡¤
¡¤¡¤¡¤¡¤¡¤¡ð¡¤¡¤
¡¤¡¤¡ñ¡ñ¡ñ¡ð¡ð¡ð
¡ð¡¤¡ñ¡ñ¡ñ¡ð¡ð¡ð
¡ñ¡ñ¡ñ¡ñ¡ñ¡ð¡ð¡ð
¡¤¡ñ¡ñ¡ñ¡ð¡ð¡ð¡ñ
¡¤¡¤¡ñ¡ð¡ð¡ð¡¤¡¤
¡¤¡ñ¡ñ¡ñ¡¤¡ñ¡¤¡¤
step: 34  col: 0  B: 20 W: 18
28 dep:4, cnt:1067, tl:0, pv:[<7,4>:1.14]
41 dep:5, cnt:1116, tl:0, pv:[<1,7>:-3.78]
123 dep:6, cnt:3769, tl:1, pv:[<7,4>:-2.62]
217 dep:7, cnt:6012, tl:1, pv:[<1,7>:-4.47]
515 dep:8, cnt:20868, tl:3, pv:[<7,4>:-3.80]
m 7 4
board 0x2060e0e1e02020 0x3e1c9e1f1c1c0000 col 1
¡¤¡¤¡¤¡¤¡¤¡ð¡¤¡¤
¡¤¡¤¡¤¡¤¡¤¡ð¡¤¡¤
¡¤¡¤¡ñ¡ñ¡ñ¡ð¡ð¡ð
¡ð¡¤¡ñ¡ñ¡ñ¡ð¡ð¡ð
¡ñ¡ñ¡ñ¡ñ¡ñ¡ð¡ð¡ð
¡¤¡ñ¡ñ¡ñ¡ñ¡ð¡ð¡ñ
¡¤¡¤¡ñ¡ñ¡ñ¡ð¡¤¡¤
¡¤¡ñ¡ñ¡ñ¡ñ¡ñ¡¤¡¤
step: 35  col: 1  B: 15 W: 24
38 dep:4, cnt:942, tl:1, pv:[<6,7>:8.02]
34 dep:5, cnt:982, tl:0, pv:[<6,7>:2.62,<1,3>:2.62]
75 dep:6, cnt:2140, tl:0, pv:[<6,7>:6.25]
269 dep:7, cnt:5466, tl:1, pv:[<6,7>:3.80]
632 dep:8, cnt:21523, tl:4, pv:[<6,7>:4.87]
m 6 7
board 0x3e1c1e1f1c1c0000 0xa0e0e0e1e02020 col 0
¡¤¡¤¡¤¡¤¡¤¡ð¡¤¡¤
¡¤¡¤¡¤¡¤¡¤¡ð¡¤¡¤
¡¤¡¤¡ñ¡ñ¡ñ¡ð¡ð¡ð
¡ð¡¤¡ñ¡ñ¡ñ¡ð¡ð¡ð
¡ñ¡ñ¡ñ¡ñ¡ñ¡ð¡ð¡ð
¡¤¡ñ¡ñ¡ñ¡ñ¡ð¡ð¡ð
¡¤¡¤¡ñ¡ñ¡ñ¡ð¡¤¡ð
¡¤¡ñ¡ñ¡ñ¡ñ¡ñ¡¤¡¤
step: 36  col: 0  B: 23 W: 17
15 dep:4, cnt:868, tl:1, pv:[<7,6>:-2.62]
34 dep:5, cnt:929, tl:0, pv:[<2,0>:-6.25]
167 dep:6, cnt:3001, tl:1, pv:[<2,0>:-3.95,<7,6>:-3.80]
346 dep:7, cnt:5567, tl:1, pv:[<2,0>:-4.26]
609 dep:8, cnt:18128, tl:5, pv:[<7,6>:-0.30]
m 7 6
board 0x80e0e0e1e02020 0x7e3c1e1f1c1c0000 col 1
¡¤¡¤¡¤¡¤¡¤¡ð¡¤¡¤
¡¤¡¤¡¤¡¤¡¤¡ð¡¤¡¤
¡¤¡¤¡ñ¡ñ¡ñ¡ð¡ð¡ð
¡ð¡¤¡ñ¡ñ¡ñ¡ð¡ð¡ð
¡ñ¡ñ¡ñ¡ñ¡ñ¡ð¡ð¡ð
¡¤¡ñ¡ñ¡ñ¡ñ¡ð¡ð¡ð
¡¤¡¤¡ñ¡ñ¡ñ¡ñ¡¤¡ð
¡¤¡ñ¡ñ¡ñ¡ñ¡ñ¡ñ¡¤
step: 37  col: 1  B: 16 W: 25
21 dep:4, cnt:321, tl:0, pv:[<1,2>:7.32]
75 dep:5, cnt:1178, tl:1, pv:[<5,0>:3.80]
197 dep:6, cnt:2789, tl:0, pv:[<1,3>:5.14]
418 dep:7, cnt:6246, tl:2, pv:[<1,3>:0.01,<6,1>:0.30]
914 dep:8, cnt:23160, tl:6, pv:[<1,3>:2.99]
m 1 3
board 0x7e3c1e1f1c0c0000 0x80e0e0e1f02820 col 0
¡¤¡¤¡¤¡¤¡¤¡ð¡¤¡¤
¡¤¡¤¡¤¡ð¡¤¡ð¡¤¡¤
¡¤¡¤¡ñ¡ñ¡ð¡ð¡ð¡ð
¡ð¡¤¡ñ¡ñ¡ñ¡ð¡ð¡ð
¡ñ¡ñ¡ñ¡ñ¡ñ¡ð¡ð¡ð
¡¤¡ñ¡ñ¡ñ¡ñ¡ð¡ð¡ð
¡¤¡¤¡ñ¡ñ¡ñ¡ñ¡¤¡ð
¡¤¡ñ¡ñ¡ñ¡ñ¡ñ¡ñ¡¤
step: 38  col: 0  B: 24 W: 18
24 dep:4, cnt:346, tl:0, pv:[<2,0>:-1.50]
74 dep:5, cnt:631, tl:0, pv:[<2,0>:-5.17,<1,4>:-5.27]
165 dep:6, cnt:1729, tl:1, pv:[<2,0>:-0.01]
523 dep:7, cnt:6293, tl:1, pv:[<0,3>:-2.99]
582 dep:8, cnt:10308, tl:2, pv:[<0,3>:-2.39,<0,4>:-2.20]
m 0 3
board 0x80e0e0e1f02020 0x7e3c1e1f1c0c0808 col 1
¡¤¡¤¡¤¡ñ¡¤¡ð¡¤¡¤
¡¤¡¤¡¤¡ñ¡¤¡ð¡¤¡¤
¡¤¡¤¡ñ¡ñ¡ð¡ð¡ð¡ð
¡ð¡¤¡ñ¡ñ¡ñ¡ð¡ð¡ð
¡ñ¡ñ¡ñ¡ñ¡ñ¡ð¡ð¡ð
¡¤¡ñ¡ñ¡ñ¡ñ¡ð¡ð¡ð
¡¤¡¤¡ñ¡ñ¡ñ¡ñ¡¤¡ð
¡¤¡ñ¡ñ¡ñ¡ñ¡ñ¡ñ¡¤
step: 39  col: 1  B: 17 W: 26
25 dep:4, cnt:460, tl:0, pv:[<1,2>:6.63]
43 dep:5, cnt:759, tl:1, pv:[<1,2>:1.80]
167 dep:6, cnt:1700, tl:0, pv:[<1,2>:2.99]
287 dep:7, cnt:3549, tl:1, pv:[<1,2>:2.39]
594 dep:8, cnt:11360, tl:2, pv:[<1,2>:5.04]
m 1 2
board 0x7e3c1e1f0c040808 0x80e0e0f1f82420 col 0
¡¤¡¤¡¤¡ñ¡¤¡ð¡¤¡¤
¡¤¡¤¡ð¡ñ¡¤¡ð¡¤¡¤
¡¤¡¤¡ñ¡ð¡ð¡ð¡ð¡ð
¡ð¡¤¡ñ¡ñ¡ð¡ð¡ð¡ð
¡ñ¡ñ¡ñ¡ñ¡ñ¡ð¡ð¡ð
¡¤¡ñ¡ñ¡ñ¡ñ¡ð¡ð¡ð
¡¤¡¤¡ñ¡ñ¡ñ¡ñ¡¤¡ð
¡¤¡ñ¡ñ¡ñ¡ñ¡ñ¡ñ¡¤
step: 40  col: 0  B: 24 W: 20
22 dep:4, cnt:378, tl:1, pv:[<0,2>:-1.80]
74 dep:5, cnt:604, tl:0, pv:[<2,1>:-2.99]
130 dep:6, cnt:1568, tl:0, pv:[<2,1>:-2.39]
410 dep:7, cnt:4809, tl:1, pv:[<0,2>:-5.04]
199 dep:8, cnt:4402, tl:1, pv:[<0,2>:12.22]
m 0 2
board 0x80e0e0f1f82020 0x7e3c1e1f0c040c0c col 1
¡¤¡¤¡ñ¡ñ¡¤¡ð¡¤¡¤
¡¤¡¤¡ñ¡ñ¡¤¡ð¡¤¡¤
¡¤¡¤¡ñ¡ð¡ð¡ð¡ð¡ð
¡ð¡¤¡ñ¡ñ¡ð¡ð¡ð¡ð
¡ñ¡ñ¡ñ¡ñ¡ñ¡ð¡ð¡ð
¡¤¡ñ¡ñ¡ñ¡ñ¡ð¡ð¡ð
¡¤¡¤¡ñ¡ñ¡ñ¡ñ¡¤¡ð
¡¤¡ñ¡ñ¡ñ¡ñ¡ñ¡ñ¡¤
step: 41  col: 1  B: 19 W: 26
31 dep:4, cnt:443, tl:0, pv:[<3,1>:4.78]
43 dep:5, cnt:756, tl:1, pv:[<3,1>:3.27]
81 dep:6, cnt:1190, tl:0, pv:[<3,1>:5.04]
236 dep:7, cnt:3577, tl:1, pv:[<3,1>:-12.22]
358 dep:8, cnt:7811, tl:1, pv:[<3,1>:2.66]
m 3 1
board 0x7e3c1e1f00040c0c 0x80e0e0fff82020 col 0
¡¤¡¤¡ñ¡ñ¡¤¡ð¡¤¡¤
¡¤¡¤¡ñ¡ñ¡¤¡ð¡¤¡¤
¡¤¡¤¡ñ¡ð¡ð¡ð¡ð¡ð
¡ð¡ð¡ð¡ð¡ð¡ð¡ð¡ð
¡ñ¡ñ¡ñ¡ñ¡ñ¡ð¡ð¡ð
¡¤¡ñ¡ñ¡ñ¡ñ¡ð¡ð¡ð
¡¤¡¤¡ñ¡ñ¡ñ¡ñ¡¤¡ð
¡¤¡ñ¡ñ¡ñ¡ñ¡ñ¡ñ¡¤
step: 42  col: 0  B: 24 W: 22
13 dep:4, cnt:457, tl:0, pv:[<2,0>:-3.27,<2,1>:-3.27]
55 dep:5, cnt:592, tl:1, pv:[<1,4>:-5.04]
80 dep:6, cnt:660, tl:0, pv:[<1,4>:12.22]
195 dep:7, cnt:2049, tl:0, pv:[<2,0>:-2.66]
157 dep:8, cnt:2582, tl:1, pv:[<2,0>:12.59]
m 2 0
board 0x80e0e0fcf82020 0x7e3c1e1f03050c0c col 1
¡¤¡¤¡ñ¡ñ¡¤¡ð¡¤¡¤
¡¤¡¤¡ñ¡ñ¡¤¡ð¡¤¡¤
¡ñ¡¤¡ñ¡ð¡ð¡ð¡ð¡ð
¡ñ¡ñ¡ð¡ð¡ð¡ð¡ð¡ð
¡ñ¡ñ¡ñ¡ñ¡ñ¡ð¡ð¡ð
¡¤¡ñ¡ñ¡ñ¡ñ¡ð¡ð¡ð
¡¤¡¤¡ñ¡ñ¡ñ¡ñ¡¤¡ð
¡¤¡ñ¡ñ¡ñ¡ñ¡ñ¡ñ¡¤
step: 43  col: 1  B: 20 W: 27
19 dep:4, cnt:210, tl:0, pv:[<2,1>:9.01]
25 dep:5, cnt:394, tl:0, pv:[<2,1>:-8.59]
137 dep:6, cnt:629, tl:1, pv:[<2,1>:2.38,<1,1>:2.66]
221 dep:7, cnt:2247, tl:0, pv:[<2,1>:-12.59]
443 dep:8, cnt:6652, tl:1, pv:[<2,1>:-0.44]
m 2 1
board 0x7e3c1e1f03010c0c 0x80e0e0fcfe2020 col 0
¡¤¡¤¡ñ¡ñ¡¤¡ð¡¤¡¤
¡¤¡¤¡ñ¡ñ¡¤¡ð¡¤¡¤
¡ñ¡ð¡ð¡ð¡ð¡ð¡ð¡ð
¡ñ¡ñ¡ð¡ð¡ð¡ð¡ð¡ð
¡ñ¡ñ¡ñ¡ñ¡ñ¡ð¡ð¡ð
¡¤¡ñ¡ñ¡ñ¡ñ¡ð¡ð¡ð
¡¤¡¤¡ñ¡ñ¡ñ¡ñ¡¤¡ð
¡¤¡ñ¡ñ¡ñ¡ñ¡ñ¡ñ¡¤
step: 44  col: 0  B: 26 W: 22
16 dep:4, cnt:252, tl:0, pv:[<1,0>:8.59,<1,4>:8.59]
41 dep:5, cnt:218, tl:0, pv:[<1,4>:-2.38]
90 dep:6, cnt:528, tl:0, pv:[<1,4>:12.59]
119 dep:7, cnt:1010, tl:0, pv:[<1,4>:0.44]
152 dep:8, cnt:1487, tl:0, pv:[<1,4>:13.08]
m 1 4
board 0x80e0e0e8e62020 0x7e3c1e1f17191c0c col 1
¡¤¡¤¡ñ¡ñ¡¤¡ð¡¤¡¤
¡¤¡¤¡ñ¡ñ¡ñ¡ð¡¤¡¤
¡ñ¡ð¡ð¡ñ¡ñ¡ð¡ð¡ð
¡ñ¡ñ¡ñ¡ð¡ñ¡ð¡ð¡ð
¡ñ¡ñ¡ñ¡ñ¡ñ¡ð¡ð¡ð
¡¤¡ñ¡ñ¡ñ¡ñ¡ð¡ð¡ð
¡¤¡¤¡ñ¡ñ¡ñ¡ñ¡¤¡ð
¡¤¡ñ¡ñ¡ñ¡ñ¡ñ¡ñ¡¤
step: 45  col: 1  B: 18 W: 31
19 dep:4, cnt:122, tl:0, pv:[<0,4>:2.38]
67 dep:5, cnt:411, tl:0, pv:[<6,0>:-12.66]
104 dep:6, cnt:909, tl:1, pv:[<0,4>:-0.44]
130 dep:7, cnt:880, tl:0, pv:[<0,4>:-13.08]
239 dep:8, cnt:3031, tl:0, pv:[<0,4>:-0.98]
m 0 4
board 0x7e3c1e1f1719140c 0x80e0e0e8e62830 col 0
¡¤¡¤¡ñ¡ñ¡ð¡ð¡¤¡¤
¡¤¡¤¡ñ¡ð¡ñ¡ð¡¤¡¤
¡ñ¡ð¡ð¡ñ¡ñ¡ð¡ð¡ð
¡ñ¡ñ¡ñ¡ð¡ñ¡ð¡ð¡ð
¡ñ¡ñ¡ñ¡ñ¡ñ¡ð¡ð¡ð
¡¤¡ñ¡ñ¡ñ¡ñ¡ð¡ð¡ð
¡¤¡¤¡ñ¡ñ¡ñ¡ñ¡¤¡ð
¡¤¡ñ¡ñ¡ñ¡ñ¡ñ¡ñ¡¤
step: 46  col: 0  B: 30 W: 20
11 dep:4, cnt:91, tl:0, pv:[<0,6>:14.61]
24 dep:5, cnt:283, tl:0, pv:[<0,6>:0.44]
58 dep:6, cnt:488, tl:0, pv:[<0,6>:13.08]
197 dep:7, cnt:1885, tl:1, pv:[<1,6>:0.98]
198 dep:8, cnt:2333, tl:0, pv:[<0,6>:11.49]
m 0 6
board 0x80e0e0e8e60800 0x7e3c1e1f1719347c col 1
¡¤¡¤¡ñ¡ñ¡ñ¡ñ¡ñ¡¤
¡¤¡¤¡ñ¡ð¡ñ¡ñ¡¤¡¤
¡ñ¡ð¡ð¡ñ¡ñ¡ð¡ð¡ð
¡ñ¡ñ¡ñ¡ð¡ñ¡ð¡ð¡ð
¡ñ¡ñ¡ñ¡ñ¡ñ¡ð¡ð¡ð
¡¤¡ñ¡ñ¡ñ¡ñ¡ð¡ð¡ð
¡¤¡¤¡ñ¡ñ¡ñ¡ñ¡¤¡ð
¡¤¡ñ¡ñ¡ñ¡ñ¡ñ¡ñ¡¤
step: 47  col: 1  B: 17 W: 34
18 dep:4, cnt:203, tl:0, pv:[<5,0>:-0.44]
21 dep:5, cnt:294, tl:0, pv:[<5,0>:-13.08]
57 dep:6, cnt:1151, tl:0, pv:[<6,1>:3.81]
68 dep:7, cnt:884, tl:1, pv:[<6,1>:-7.73]
84 dep:8, cnt:1878, tl:0, pv:[<6,1>:4.00]
m 6 1
board 0x7e3c18150519347c 0x82e6eafae60800 col 0
¡¤¡¤¡ñ¡ñ¡ñ¡ñ¡ñ¡¤
¡¤¡¤¡ñ¡ð¡ñ¡ñ¡¤¡¤
¡ñ¡ð¡ð¡ñ¡ñ¡ð¡ð¡ð
¡ñ¡ð¡ñ¡ð¡ð¡ð¡ð¡ð
¡ñ¡ð¡ñ¡ð¡ñ¡ð¡ð¡ð
¡¤¡ð¡ð¡ñ¡ñ¡ð¡ð¡ð
¡¤¡ð¡ñ¡ñ¡ñ¡ñ¡¤¡ð
¡¤¡ñ¡ñ¡ñ¡ñ¡ñ¡ñ¡¤
step: 48  col: 0  B: 28 W: 24
dep:12, cnt:12011, tl:1, pv:[<1,0>:-4.00]
m 1 0
board 0x82e6eafae40800 0x7e3c1815051b357c col 1
¡¤¡¤¡ñ¡ñ¡ñ¡ñ¡ñ¡¤
¡ñ¡¤¡ñ¡ð¡ñ¡ñ¡¤¡¤
¡ñ¡ñ¡ð¡ñ¡ñ¡ð¡ð¡ð
¡ñ¡ð¡ñ¡ð¡ð¡ð¡ð¡ð
¡ñ¡ð¡ñ¡ð¡ñ¡ð¡ð¡ð
¡¤¡ð¡ð¡ñ¡ñ¡ð¡ð¡ð
¡¤¡ð¡ñ¡ñ¡ñ¡ñ¡¤¡ð
¡¤¡ñ¡ñ¡ñ¡ñ¡ñ¡ñ¡¤
step: 49  col: 1  B: 23 W: 30
dep:11, cnt:2028, tl:0, pv:[<1,6>:4.00]
m 1 6
board 0x7e3c1815051b057c 0x82e6eafae47800 col 0
¡¤¡¤¡ñ¡ñ¡ñ¡ñ¡ñ¡¤
¡ñ¡¤¡ñ¡ð¡ð¡ð¡ð¡¤
¡ñ¡ñ¡ð¡ñ¡ñ¡ð¡ð¡ð
¡ñ¡ð¡ñ¡ð¡ð¡ð¡ð¡ð
¡ñ¡ð¡ñ¡ð¡ñ¡ð¡ð¡ð
¡¤¡ð¡ð¡ñ¡ñ¡ð¡ð¡ð
¡¤¡ð¡ñ¡ñ¡ñ¡ñ¡¤¡ð
¡¤¡ñ¡ñ¡ñ¡ñ¡ñ¡ñ¡¤
step: 50  col: 0  B: 28 W: 26
dep:10, cnt:1450, tl:0, pv:[<1,1>:-4.00]
m 1 1
board 0x82e6eaf2e07800 0x7e3c18150d1f077c col 1
¡¤¡¤¡ñ¡ñ¡ñ¡ñ¡ñ¡¤
¡ñ¡ñ¡ñ¡ð¡ð¡ð¡ð¡¤
¡ñ¡ñ¡ñ¡ñ¡ñ¡ð¡ð¡ð
¡ñ¡ð¡ñ¡ñ¡ð¡ð¡ð¡ð
¡ñ¡ð¡ñ¡ð¡ñ¡ð¡ð¡ð
¡¤¡ð¡ð¡ñ¡ñ¡ð¡ð¡ð
¡¤¡ð¡ñ¡ñ¡ñ¡ñ¡¤¡ð
¡¤¡ñ¡ñ¡ñ¡ñ¡ñ¡ñ¡¤
step: 51  col: 1  B: 24 W: 31
dep:9, cnt:201, tl:0, pv:[<0,0>:4.00]
m 0 0
board 0x7e3c1805051b057c 0x82e6fafae47a01 col 0
¡ð¡¤¡ñ¡ñ¡ñ¡ñ¡ñ¡¤
¡ñ¡ð¡ñ¡ð¡ð¡ð¡ð¡¤
¡ñ¡ñ¡ð¡ñ¡ñ¡ð¡ð¡ð
¡ñ¡ð¡ñ¡ð¡ð¡ð¡ð¡ð
¡ñ¡ð¡ñ¡ð¡ð¡ð¡ð¡ð
¡¤¡ð¡ð¡ñ¡ñ¡ð¡ð¡ð
¡¤¡ð¡ñ¡ñ¡ñ¡ñ¡¤¡ð
¡¤¡ñ¡ñ¡ñ¡ñ¡ñ¡ñ¡¤
step: 52  col: 0  B: 27 W: 29
dep:8, cnt:198, tl:0, pv:[<5,0>:-4.00,<6,0>:-4.00]
m 6 0
board 0x80e4fafae47a01 0x7e3f1a05051b057c col 1
¡ð¡¤¡ñ¡ñ¡ñ¡ñ¡ñ¡¤
¡ñ¡ð¡ñ¡ð¡ð¡ð¡ð¡¤
¡ñ¡ñ¡ð¡ñ¡ñ¡ð¡ð¡ð
¡ñ¡ð¡ñ¡ð¡ð¡ð¡ð¡ð
¡ñ¡ð¡ñ¡ð¡ð¡ð¡ð¡ð
¡¤¡ñ¡ð¡ñ¡ñ¡ð¡ð¡ð
¡ñ¡ñ¡ñ¡ñ¡ñ¡ñ¡¤¡ð
¡¤¡ñ¡ñ¡ñ¡ñ¡ñ¡ñ¡¤
step: 53  col: 1  B: 27 W: 30
dep:7, cnt:90, tl:0, pv:[<5,0>:4.00]
m 5 0
board 0x7e3f1804041a047c 0x80e7fbfbe57b01 col 0
¡ð¡¤¡ñ¡ñ¡ñ¡ñ¡ñ¡¤
¡ð¡ð¡ñ¡ð¡ð¡ð¡ð¡¤
¡ð¡ñ¡ð¡ñ¡ñ¡ð¡ð¡ð
¡ð¡ð¡ñ¡ð¡ð¡ð¡ð¡ð
¡ð¡ð¡ñ¡ð¡ð¡ð¡ð¡ð
¡ð¡ð¡ð¡ñ¡ñ¡ð¡ð¡ð
¡ñ¡ñ¡ñ¡ñ¡ñ¡ñ¡¤¡ð
¡¤¡ñ¡ñ¡ñ¡ñ¡ñ¡ñ¡¤
step: 54  col: 0  B: 25 W: 33
dep:6, cnt:22, tl:0, pv:[<0,7>:-4.00]
m 0 7
board 0x80e3f3ebc53b01 0x7e3f1c0c143a44fc col 1
¡ð¡¤¡ñ¡ñ¡ñ¡ñ¡ñ¡ñ
¡ð¡ð¡ñ¡ð¡ð¡ð¡ñ¡¤
¡ð¡ñ¡ð¡ñ¡ñ¡ñ¡ð¡ð
¡ð¡ð¡ñ¡ð¡ñ¡ð¡ð¡ð
¡ð¡ð¡ñ¡ñ¡ð¡ð¡ð¡ð
¡ð¡ð¡ñ¡ñ¡ñ¡ð¡ð¡ð
¡ñ¡ñ¡ñ¡ñ¡ñ¡ñ¡¤¡ð
¡¤¡ñ¡ñ¡ñ¡ñ¡ñ¡ñ¡¤
step: 55  col: 1  B: 28 W: 31
dep:5, cnt:20, tl:0, pv:[<0,1>:4.00]
m 0 1
board 0x7e3f1c0c043240fc 0x80e3f3fbcd3f03 col 0
¡ð¡ð¡ñ¡ñ¡ñ¡ñ¡ñ¡ñ
¡ð¡ð¡ð¡ð¡ð¡ð¡ñ¡¤
¡ð¡ñ¡ð¡ð¡ñ¡ñ¡ð¡ð
¡ð¡ð¡ñ¡ð¡ð¡ð¡ð¡ð
¡ð¡ð¡ñ¡ñ¡ð¡ð¡ð¡ð
¡ð¡ð¡ñ¡ñ¡ñ¡ð¡ð¡ð
¡ñ¡ñ¡ñ¡ñ¡ñ¡ñ¡¤¡ð
¡¤¡ñ¡ñ¡ñ¡ñ¡ñ¡ñ¡¤
step: 56  col: 0  B: 28 W: 32
dep:4, cnt:5, tl:0, pv:[<1,7>:-4.00]
m 1 7
board 0x80e3e3db8d3f03 0x7e3f1c1c2472c0fc col 1
¡ð¡ð¡ñ¡ñ¡ñ¡ñ¡ñ¡ñ
¡ð¡ð¡ð¡ð¡ð¡ð¡ñ¡ñ
¡ð¡ñ¡ð¡ð¡ñ¡ñ¡ñ¡ð
¡ð¡ð¡ñ¡ð¡ð¡ñ¡ð¡ð
¡ð¡ð¡ñ¡ñ¡ñ¡ð¡ð¡ð
¡ð¡ð¡ñ¡ñ¡ñ¡ð¡ð¡ð
¡ñ¡ñ¡ñ¡ñ¡ñ¡ñ¡¤¡ð
¡¤¡ñ¡ñ¡ñ¡ñ¡ñ¡ñ¡¤
step: 57  col: 1  B: 29 W: 32
dep:3, cnt:2, tl:0, pv:[<7,0>:4.00]
m 7 0
board 0x7e3c18142472c0fc 0x183e7ebdb8d3f03 col 0
¡ð¡ð¡ñ¡ñ¡ñ¡ñ¡ñ¡ñ
¡ð¡ð¡ð¡ð¡ð¡ð¡ñ¡ñ
¡ð¡ñ¡ð¡ð¡ñ¡ñ¡ñ¡ð
¡ð¡ð¡ñ¡ð¡ð¡ñ¡ð¡ð
¡ð¡ð¡ñ¡ð¡ñ¡ð¡ð¡ð
¡ð¡ð¡ð¡ñ¡ñ¡ð¡ð¡ð
¡ð¡ð¡ñ¡ñ¡ñ¡ñ¡¤¡ð
¡ð¡ñ¡ñ¡ñ¡ñ¡ñ¡ñ¡¤
step: 58  col: 0  B: 28 W: 34
dep:2, cnt:2, tl:0, pv:[<7,7>:-4.00]
m 7 7
board 0x103676b5b0d3f03 0xfebc9894a4f2c0fc col 1
¡ð¡ð¡ñ¡ñ¡ñ¡ñ¡ñ¡ñ
¡ð¡ð¡ð¡ð¡ð¡ð¡ñ¡ñ
¡ð¡ñ¡ð¡ð¡ñ¡ñ¡ñ¡ñ
¡ð¡ð¡ñ¡ð¡ð¡ñ¡ð¡ñ
¡ð¡ð¡ñ¡ð¡ñ¡ð¡ð¡ñ
¡ð¡ð¡ð¡ñ¡ñ¡ð¡ð¡ñ
¡ð¡ð¡ñ¡ñ¡ñ¡ñ¡¤¡ñ
¡ð¡ñ¡ñ¡ñ¡ñ¡ñ¡ñ¡ñ
step: 59  col: 1  B: 29 W: 34
dep:1, cnt:1, tl:0, pv:[<6,6>:4.00]
m 6 6
board 0x17f676b5b0d3f03 0xfe809894a4f2c0fc col 1
¡ð¡ð¡ñ¡ñ¡ñ¡ñ¡ñ¡ñ
¡ð¡ð¡ð¡ð¡ð¡ð¡ñ¡ñ
¡ð¡ñ¡ð¡ð¡ñ¡ñ¡ñ¡ñ
¡ð¡ð¡ñ¡ð¡ð¡ñ¡ð¡ñ
¡ð¡ð¡ñ¡ð¡ñ¡ð¡ð¡ñ
¡ð¡ð¡ð¡ñ¡ñ¡ð¡ð¡ñ
¡ð¡ð¡ð¡ð¡ð¡ð¡ð¡ñ
¡ð¡ñ¡ñ¡ñ¡ñ¡ñ¡ñ¡ñ
step: 60  col: 1  B: 34 W: 30
white win
