Program start at  Mon Feb 15 21:26:39 2021
Game start at Mon Feb 15 21:26:42 2021
black mode: 1 , white mode: 1
0 dep:4, cnt:174, tl:0, pv:[<2,3>:-0.28,<3,2>:-0.28,<4,5>:-0.28,<5,4>:-0.28]
0 dep:5, cnt:849, tl:0, pv:[<2,3>:-2.03,<3,2>:-2.03,<4,5>:-2.03,<5,4>:-2.03]
0 dep:6, cnt:1340, tl:0, pv:[<2,3>:0.81,<3,2>:0.81,<4,5>:0.81,<5,4>:0.81]
0 dep:7, cnt:4400, tl:1, pv:[<2,3>:-0.83,<3,2>:-0.83,<4,5>:-0.83,<5,4>:-0.83]
0 dep:8, cnt:16892, tl:3, pv:[<2,3>:1.74,<3,2>:1.74,<4,5>:1.74,<5,4>:1.74]
m 3 2
board 0x81c000000 0x1000000000 col 1
¡¤¡¤¡¤¡¤¡¤¡¤¡¤¡¤
¡¤¡¤¡¤¡¤¡¤¡¤¡¤¡¤
¡¤¡¤¡¤¡¤¡¤¡¤¡¤¡¤
¡¤¡¤¡ñ¡ñ¡ñ¡¤¡¤¡¤
¡¤¡¤¡¤¡ñ¡ð¡¤¡¤¡¤
¡¤¡¤¡¤¡¤¡¤¡¤¡¤¡¤
¡¤¡¤¡¤¡¤¡¤¡¤¡¤¡¤
¡¤¡¤¡¤¡¤¡¤¡¤¡¤¡¤
step: 1  col: 1  B: 4 W: 1
0 dep:4, cnt:240, tl:0, pv:[<2,4>:2.03]
0 dep:5, cnt:659, tl:0, pv:[<2,4>:-0.81]
0 dep:6, cnt:1544, tl:0, pv:[<2,4>:0.83]
0 dep:7, cnt:5484, tl:1, pv:[<2,4>:-1.74]
0 dep:8, cnt:10119, tl:2, pv:[<2,4>:-0.32]
m 2 4
board 0x80c000000 0x1010100000 col 0
¡¤¡¤¡¤¡¤¡¤¡¤¡¤¡¤
¡¤¡¤¡¤¡¤¡¤¡¤¡¤¡¤
¡¤¡¤¡¤¡¤¡ð¡¤¡¤¡¤
¡¤¡¤¡ñ¡ñ¡ð¡¤¡¤¡¤
¡¤¡¤¡¤¡ñ¡ð¡¤¡¤¡¤
¡¤¡¤¡¤¡¤¡¤¡¤¡¤¡¤
¡¤¡¤¡¤¡¤¡¤¡¤¡¤¡¤
¡¤¡¤¡¤¡¤¡¤¡¤¡¤¡¤
step: 2  col: 0  B: 3 W: 3
0 dep:4, cnt:525, tl:0, pv:[<5,5>:0.81]
0 dep:5, cnt:1049, tl:0, pv:[<4,5>:-0.83]
0 dep:6, cnt:3970, tl:1, pv:[<5,5>:1.74]
0 dep:7, cnt:9011, tl:1, pv:[<5,5>:0.32]
0 dep:8, cnt:19750, tl:3, pv:[<5,5>:1.49]
m 5 5
board 0x20180c000000 0x10100000 col 1
¡¤¡¤¡¤¡¤¡¤¡¤¡¤¡¤
¡¤¡¤¡¤¡¤¡¤¡¤¡¤¡¤
¡¤¡¤¡¤¡¤¡ð¡¤¡¤¡¤
¡¤¡¤¡ñ¡ñ¡ð¡¤¡¤¡¤
¡¤¡¤¡¤¡ñ¡ñ¡¤¡¤¡¤
¡¤¡¤¡¤¡¤¡¤¡ñ¡¤¡¤
¡¤¡¤¡¤¡¤¡¤¡¤¡¤¡¤
¡¤¡¤¡¤¡¤¡¤¡¤¡¤¡¤
step: 3  col: 1  B: 5 W: 2
0 dep:4, cnt:689, tl:0, pv:[<4,2>:0.85]
0 dep:5, cnt:940, tl:0, pv:[<4,2>:-1.74]
0 dep:6, cnt:3405, tl:0, pv:[<5,4>:-0.32]
0 dep:7, cnt:6766, tl:1, pv:[<5,4>:-1.49]
0 dep:8, cnt:30987, tl:6, pv:[<5,4>:0.44]
m 5 4
board 0x20080c000000 0x101010100000 col 0
¡¤¡¤¡¤¡¤¡¤¡¤¡¤¡¤
¡¤¡¤¡¤¡¤¡¤¡¤¡¤¡¤
¡¤¡¤¡¤¡¤¡ð¡¤¡¤¡¤
¡¤¡¤¡ñ¡ñ¡ð¡¤¡¤¡¤
¡¤¡¤¡¤¡ñ¡ð¡¤¡¤¡¤
¡¤¡¤¡¤¡¤¡ð¡ñ¡¤¡¤
¡¤¡¤¡¤¡¤¡¤¡¤¡¤¡¤
¡¤¡¤¡¤¡¤¡¤¡¤¡¤¡¤
step: 4  col: 0  B: 4 W: 4
0 dep:4, cnt:872, tl:1, pv:[<4,5>:3.10]
0 dep:5, cnt:1467, tl:0, pv:[<4,5>:0.32]
0 dep:6, cnt:2237, tl:0, pv:[<4,5>:1.49]
0 dep:7, cnt:12675, tl:2, pv:[<4,5>:-0.44]
0 dep:8, cnt:26575, tl:4, pv:[<4,5>:-0.41]
m 4 5
board 0x20380c000000 0x100010100000 col 1
¡¤¡¤¡¤¡¤¡¤¡¤¡¤¡¤
¡¤¡¤¡¤¡¤¡¤¡¤¡¤¡¤
¡¤¡¤¡¤¡¤¡ð¡¤¡¤¡¤
¡¤¡¤¡ñ¡ñ¡ð¡¤¡¤¡¤
¡¤¡¤¡¤¡ñ¡ñ¡ñ¡¤¡¤
¡¤¡¤¡¤¡¤¡ð¡ñ¡¤¡¤
¡¤¡¤¡¤¡¤¡¤¡¤¡¤¡¤
¡¤¡¤¡¤¡¤¡¤¡¤¡¤¡¤
step: 5  col: 1  B: 6 W: 3
0 dep:4, cnt:1596, tl:1, pv:[<4,2>:-0.32]
0 dep:5, cnt:1901, tl:1, pv:[<4,2>:-1.49]
0 dep:6, cnt:4878, tl:2, pv:[<4,2>:0.44]
0 dep:7, cnt:13315, tl:6, pv:[<4,2>:0.41]
0 dep:8, cnt:41144, tl:19, pv:[<4,2>:-1.45]
m 4 2
board 0x203804000000 0x100418100000 col 0
¡¤¡¤¡¤¡¤¡¤¡¤¡¤¡¤
¡¤¡¤¡¤¡¤¡¤¡¤¡¤¡¤
¡¤¡¤¡¤¡¤¡ð¡¤¡¤¡¤
¡¤¡¤¡ñ¡ð¡ð¡¤¡¤¡¤
¡¤¡¤¡ð¡ñ¡ñ¡ñ¡¤¡¤
¡¤¡¤¡¤¡¤¡ð¡ñ¡¤¡¤
¡¤¡¤¡¤¡¤¡¤¡¤¡¤¡¤
¡¤¡¤¡¤¡¤¡¤¡¤¡¤¡¤
step: 6  col: 0  B: 5 W: 5
0 dep:4, cnt:1327, tl:0, pv:[<2,2>:1.49]
0 dep:5, cnt:2588, tl:1, pv:[<2,3>:-0.44]
0 dep:6, cnt:8546, tl:1, pv:[<3,5>:-0.41]
0 dep:7, cnt:19978, tl:3, pv:[<3,5>:1.45]
0 dep:8, cnt:77545, tl:11, pv:[<2,2>:-0.02]
m 2 2
board 0x20380c040000 0x100410100000 col 1
¡¤¡¤¡¤¡¤¡¤¡¤¡¤¡¤
¡¤¡¤¡¤¡¤¡¤¡¤¡¤¡¤
¡¤¡¤¡ñ¡¤¡ð¡¤¡¤¡¤
¡¤¡¤¡ñ¡ñ¡ð¡¤¡¤¡¤
¡¤¡¤¡ð¡ñ¡ñ¡ñ¡¤¡¤
¡¤¡¤¡¤¡¤¡ð¡ñ¡¤¡¤
¡¤¡¤¡¤¡¤¡¤¡¤¡¤¡¤
¡¤¡¤¡¤¡¤¡¤¡¤¡¤¡¤
step: 7  col: 1  B: 7 W: 4
0 dep:4, cnt:2332, tl:0, pv:[<5,2>:0.66]
0 dep:5, cnt:2908, tl:0, pv:[<3,1>:0.49]
0 dep:6, cnt:7910, tl:2, pv:[<5,2>:-0.90]
0 dep:7, cnt:26042, tl:4, pv:[<3,1>:0.02]
0 dep:8, cnt:74429, tl:12, pv:[<3,1>:-1.72]
m 3 1
board 0x203800040000 0x10041e100000 col 0
¡¤¡¤¡¤¡¤¡¤¡¤¡¤¡¤
¡¤¡¤¡¤¡¤¡¤¡¤¡¤¡¤
¡¤¡¤¡ñ¡¤¡ð¡¤¡¤¡¤
¡¤¡ð¡ð¡ð¡ð¡¤¡¤¡¤
¡¤¡¤¡ð¡ñ¡ñ¡ñ¡¤¡¤
¡¤¡¤¡¤¡¤¡ð¡ñ¡¤¡¤
¡¤¡¤¡¤¡¤¡¤¡¤¡¤¡¤
¡¤¡¤¡¤¡¤¡¤¡¤¡¤¡¤
step: 8  col: 0  B: 5 W: 7
0 dep:4, cnt:3240, tl:1, pv:[<5,3>:-0.49]
0 dep:5, cnt:2773, tl:0, pv:[<2,3>:1.31]
0 dep:6, cnt:9584, tl:2, pv:[<2,3>:-0.02]
0 dep:7, cnt:34438, tl:5, pv:[<2,3>:1.72]
0 dep:8, cnt:93586, tl:15, pv:[<2,3>:0.27]
m 2 3
board 0x2038180c0000 0x100406100000 col 1
¡¤¡¤¡¤¡¤¡¤¡¤¡¤¡¤
¡¤¡¤¡¤¡¤¡¤¡¤¡¤¡¤
¡¤¡¤¡ñ¡ñ¡ð¡¤¡¤¡¤
¡¤¡ð¡ð¡ñ¡ñ¡¤¡¤¡¤
¡¤¡¤¡ð¡ñ¡ñ¡ñ¡¤¡¤
¡¤¡¤¡¤¡¤¡ð¡ñ¡¤¡¤
¡¤¡¤¡¤¡¤¡¤¡¤¡¤¡¤
¡¤¡¤¡¤¡¤¡¤¡¤¡¤¡¤
step: 9  col: 1  B: 8 W: 5
0 dep:4, cnt:2007, tl:0, pv:[<3,5>:-1.31]
0 dep:5, cnt:4535, tl:1, pv:[<1,4>:0.02]
0 dep:6, cnt:12000, tl:2, pv:[<1,4>:-1.72]
0 dep:7, cnt:36676, tl:6, pv:[<1,2>:-0.27]
0 dep:8, cnt:146236, tl:21, pv:[<1,2>:0.27]
m 1 2
board 0x203818080000 0x100406140400 col 0
¡¤¡¤¡¤¡¤¡¤¡¤¡¤¡¤
¡¤¡¤¡ð¡¤¡¤¡¤¡¤¡¤
¡¤¡¤¡ð¡ñ¡ð¡¤¡¤¡¤
¡¤¡ð¡ð¡ñ¡ñ¡¤¡¤¡¤
¡¤¡¤¡ð¡ñ¡ñ¡ñ¡¤¡¤
¡¤¡¤¡¤¡¤¡ð¡ñ¡¤¡¤
¡¤¡¤¡¤¡¤¡¤¡¤¡¤¡¤
¡¤¡¤¡¤¡¤¡¤¡¤¡¤¡¤
step: 10  col: 0  B: 7 W: 7
0 dep:4, cnt:1765, tl:1, pv:[<2,5>:1.41]
0 dep:5, cnt:3862, tl:2, pv:[<2,5>:3.00]
0 dep:6, cnt:11337, tl:5, pv:[<2,5>:0.27]
0 dep:7, cnt:77305, tl:29, pv:[<5,3>:-0.27]
0 dep:8, cnt:143794, tl:23, pv:[<2,5>:-1.58]
m 2 5
board 0x203818380000 0x100406040400 col 1
¡¤¡¤¡¤¡¤¡¤¡¤¡¤¡¤
¡¤¡¤¡ð¡¤¡¤¡¤¡¤¡¤
¡¤¡¤¡ð¡ñ¡ñ¡ñ¡¤¡¤
¡¤¡ð¡ð¡ñ¡ñ¡¤¡¤¡¤
¡¤¡¤¡ð¡ñ¡ñ¡ñ¡¤¡¤
¡¤¡¤¡¤¡¤¡ð¡ñ¡¤¡¤
¡¤¡¤¡¤¡¤¡¤¡¤¡¤¡¤
¡¤¡¤¡¤¡¤¡¤¡¤¡¤¡¤
step: 11  col: 1  B: 9 W: 6
0 dep:4, cnt:2057, tl:0, pv:[<3,5>:-3.00]
0 dep:5, cnt:1783, tl:0, pv:[<3,5>:-0.27]
0 dep:6, cnt:14804, tl:4, pv:[<3,5>:1.56]
0 dep:7, cnt:21143, tl:3, pv:[<3,5>:1.58]
0 dep:8, cnt:141256, tl:21, pv:[<3,5>:0.29]
m 3 5
board 0x203800380000 0x10043e040400 col 0
¡¤¡¤¡¤¡¤¡¤¡¤¡¤¡¤
¡¤¡¤¡ð¡¤¡¤¡¤¡¤¡¤
¡¤¡¤¡ð¡ñ¡ñ¡ñ¡¤¡¤
¡¤¡ð¡ð¡ð¡ð¡ð¡¤¡¤
¡¤¡¤¡ð¡ñ¡ñ¡ñ¡¤¡¤
¡¤¡¤¡¤¡¤¡ð¡ñ¡¤¡¤
¡¤¡¤¡¤¡¤¡¤¡¤¡¤¡¤
¡¤¡¤¡¤¡¤¡¤¡¤¡¤¡¤
step: 12  col: 0  B: 7 W: 9
0 dep:4, cnt:3219, tl:1, pv:[<5,3>:0.27]
0 dep:5, cnt:11235, tl:1, pv:[<6,4>:-1.56]
0 dep:6, cnt:19763, tl:5, pv:[<5,3>:-1.58]
0 dep:7, cnt:87387, tl:15, pv:[<6,4>:-0.29]
0 dep:8, cnt:131670, tl:22, pv:[<6,4>:-2.18]
m 6 4
board 0x10303800380000 0x43e040400 col 1
¡¤¡¤¡¤¡¤¡¤¡¤¡¤¡¤
¡¤¡¤¡ð¡¤¡¤¡¤¡¤¡¤
¡¤¡¤¡ð¡ñ¡ñ¡ñ¡¤¡¤
¡¤¡ð¡ð¡ð¡ð¡ð¡¤¡¤
¡¤¡¤¡ð¡ñ¡ñ¡ñ¡¤¡¤
¡¤¡¤¡¤¡¤¡ñ¡ñ¡¤¡¤
¡¤¡¤¡¤¡¤¡ñ¡¤¡¤¡¤
¡¤¡¤¡¤¡¤¡¤¡¤¡¤¡¤
step: 13  col: 1  B: 9 W: 8
0 dep:4, cnt:2570, tl:0, pv:[<5,3>:1.56]
0 dep:5, cnt:5274, tl:1, pv:[<1,4>:2.25]
0 dep:6, cnt:21173, tl:3, pv:[<5,3>:0.29]
0 dep:7, cnt:34026, tl:6, pv:[<5,3>:2.18]
0 dep:8, cnt:149728, tl:23, pv:[<5,3>:0.92,<1,3>:0.92]
m 1 3
board 0x10303800200000 0x43e1c0c00 col 0
¡¤¡¤¡¤¡¤¡¤¡¤¡¤¡¤
¡¤¡¤¡ð¡ð¡¤¡¤¡¤¡¤
¡¤¡¤¡ð¡ð¡ð¡ñ¡¤¡¤
¡¤¡ð¡ð¡ð¡ð¡ð¡¤¡¤
¡¤¡¤¡ð¡ñ¡ñ¡ñ¡¤¡¤
¡¤¡¤¡¤¡¤¡ñ¡ñ¡¤¡¤
¡¤¡¤¡¤¡¤¡ñ¡¤¡¤¡¤
¡¤¡¤¡¤¡¤¡¤¡¤¡¤¡¤
step: 14  col: 0  B: 7 W: 11
0 dep:4, cnt:1110, tl:1, pv:[<1,4>:-1.15]
0 dep:5, cnt:1657, tl:0, pv:[<1,4>:-0.25]
0 dep:6, cnt:5332, tl:1, pv:[<1,4>:-1.01]
0 dep:7, cnt:24689, tl:4, pv:[<1,4>:-0.92]
0 dep:8, cnt:78209, tl:12, pv:[<1,4>:-2.02]
m 1 4
board 0x10303810301000 0x42e0c0c00 col 1
¡¤¡¤¡¤¡¤¡¤¡¤¡¤¡¤
¡¤¡¤¡ð¡ð¡ñ¡¤¡¤¡¤
¡¤¡¤¡ð¡ð¡ñ¡ñ¡¤¡¤
¡¤¡ð¡ð¡ð¡ñ¡ð¡¤¡¤
¡¤¡¤¡ð¡ñ¡ñ¡ñ¡¤¡¤
¡¤¡¤¡¤¡¤¡ñ¡ñ¡¤¡¤
¡¤¡¤¡¤¡¤¡ñ¡¤¡¤¡¤
¡¤¡¤¡¤¡¤¡¤¡¤¡¤¡¤
step: 15  col: 1  B: 10 W: 9
0 dep:4, cnt:1000, tl:0, pv:[<0,5>:0.25]
0 dep:5, cnt:2974, tl:1, pv:[<0,5>:1.01]
0 dep:6, cnt:8005, tl:2, pv:[<0,5>:0.92]
0 dep:7, cnt:46429, tl:7, pv:[<2,6>:2.02]
0 dep:8, cnt:156908, tl:25, pv:[<2,6>:0.04]
m 2 6
board 0x10303810001000 0x42e7c0c00 col 0
¡¤¡¤¡¤¡¤¡¤¡¤¡¤¡¤
¡¤¡¤¡ð¡ð¡ñ¡¤¡¤¡¤
¡¤¡¤¡ð¡ð¡ð¡ð¡ð¡¤
¡¤¡ð¡ð¡ð¡ñ¡ð¡¤¡¤
¡¤¡¤¡ð¡ñ¡ñ¡ñ¡¤¡¤
¡¤¡¤¡¤¡¤¡ñ¡ñ¡¤¡¤
¡¤¡¤¡¤¡¤¡ñ¡¤¡¤¡¤
¡¤¡¤¡¤¡¤¡¤¡¤¡¤¡¤
step: 16  col: 0  B: 8 W: 12
0 dep:4, cnt:1804, tl:0, pv:[<3,6>:-0.97]
0 dep:5, cnt:4815, tl:1, pv:[<0,3>:-0.00]
0 dep:6, cnt:18575, tl:3, pv:[<3,6>:-2.02]
0 dep:7, cnt:81562, tl:13, pv:[<4,1>:-0.04]
0 dep:8, cnt:163281, tl:26, pv:[<4,1>:-2.76]
m 4 1
board 0x10303e14081000 0x2a740c00 col 1
¡¤¡¤¡¤¡¤¡¤¡¤¡¤¡¤
¡¤¡¤¡ð¡ð¡ñ¡¤¡¤¡¤
¡¤¡¤¡ð¡ñ¡ð¡ð¡ð¡¤
¡¤¡ð¡ñ¡ð¡ñ¡ð¡¤¡¤
¡¤¡ñ¡ñ¡ñ¡ñ¡ñ¡¤¡¤
¡¤¡¤¡¤¡¤¡ñ¡ñ¡¤¡¤
¡¤¡¤¡¤¡¤¡ñ¡¤¡¤¡¤
¡¤¡¤¡¤¡¤¡¤¡¤¡¤¡¤
step: 17  col: 1  B: 12 W: 9
0 dep:4, cnt:2569, tl:1, pv:[<5,3>:0.04]
0 dep:5, cnt:4887, tl:1, pv:[<5,3>:2.15]
0 dep:6, cnt:15459, tl:2, pv:[<1,5>:0.04]
0 dep:7, cnt:96249, tl:15, pv:[<5,3>:2.76]
0 dep:8, cnt:170297, tl:27, pv:[<5,3>:-0.50]
m 5 3
board 0x10302214081000 0x81c2a740c00 col 0
¡¤¡¤¡¤¡¤¡¤¡¤¡¤¡¤
¡¤¡¤¡ð¡ð¡ñ¡¤¡¤¡¤
¡¤¡¤¡ð¡ñ¡ð¡ð¡ð¡¤
¡¤¡ð¡ñ¡ð¡ñ¡ð¡¤¡¤
¡¤¡ñ¡ð¡ð¡ð¡ñ¡¤¡¤
¡¤¡¤¡¤¡ð¡ñ¡ñ¡¤¡¤
¡¤¡¤¡¤¡¤¡ñ¡¤¡¤¡¤
¡¤¡¤¡¤¡¤¡¤¡¤¡¤¡¤
step: 18  col: 0  B: 9 W: 13
0 dep:4, cnt:2952, tl:1, pv:[<5,2>:-2.15]
0 dep:5, cnt:5455, tl:1, pv:[<5,2>:0.04]
0 dep:6, cnt:15996, tl:2, pv:[<5,2>:-2.76]
0 dep:7, cnt:76187, tl:11, pv:[<5,2>:0.50]
0 dep:8, cnt:247608, tl:42, pv:[<5,2>:-2.60]
m 5 2
board 0x103c2e14081000 0x102a740c00 col 1
¡¤¡¤¡¤¡¤¡¤¡¤¡¤¡¤
¡¤¡¤¡ð¡ð¡ñ¡¤¡¤¡¤
¡¤¡¤¡ð¡ñ¡ð¡ð¡ð¡¤
¡¤¡ð¡ñ¡ð¡ñ¡ð¡¤¡¤
¡¤¡ñ¡ñ¡ñ¡ð¡ñ¡¤¡¤
¡¤¡¤¡ñ¡ñ¡ñ¡ñ¡¤¡¤
¡¤¡¤¡¤¡¤¡ñ¡¤¡¤¡¤
¡¤¡¤¡¤¡¤¡¤¡¤¡¤¡¤
step: 19  col: 1  B: 13 W: 10
0 dep:4, cnt:3618, tl:1, pv:[<4,6>:-0.04]
0 dep:5, cnt:11784, tl:4, pv:[<6,3>:2.76]
0 dep:6, cnt:30979, tl:9, pv:[<4,6>:-0.50]
0 dep:7, cnt:114042, tl:36, pv:[<1,5>:2.60]
0 dep:8, cnt:483756, tl:79, pv:[<6,3>:-1.23]
m 6 3
board 0x10342614081000 0x808182a740c00 col 0
¡¤¡¤¡¤¡¤¡¤¡¤¡¤¡¤
¡¤¡¤¡ð¡ð¡ñ¡¤¡¤¡¤
¡¤¡¤¡ð¡ñ¡ð¡ð¡ð¡¤
¡¤¡ð¡ñ¡ð¡ñ¡ð¡¤¡¤
¡¤¡ñ¡ñ¡ð¡ð¡ñ¡¤¡¤
¡¤¡¤¡ñ¡ð¡ñ¡ñ¡¤¡¤
¡¤¡¤¡¤¡ð¡ñ¡¤¡¤¡¤
¡¤¡¤¡¤¡¤¡¤¡¤¡¤¡¤
step: 20  col: 0  B: 11 W: 13
0 dep:4, cnt:2140, tl:0, pv:[<0,2>:-2.76]
0 dep:5, cnt:6662, tl:1, pv:[<2,0>:0.65]
0 dep:6, cnt:23837, tl:4, pv:[<0,2>:-2.14]
0 dep:7, cnt:91973, tl:13, pv:[<2,0>:1.23]
0 dep:8, cnt:199782, tl:32, pv:[<2,0>:-2.49]
m 2 0
board 0x10342616091000 0x8081828740c00 col 1
¡¤¡¤¡¤¡¤¡¤¡¤¡¤¡¤
¡¤¡¤¡ð¡ð¡ñ¡¤¡¤¡¤
¡ñ¡¤¡ð¡ñ¡ð¡ð¡ð¡¤
¡¤¡ñ¡ñ¡ð¡ñ¡ð¡¤¡¤
¡¤¡ñ¡ñ¡ð¡ð¡ñ¡¤¡¤
¡¤¡¤¡ñ¡ð¡ñ¡ñ¡¤¡¤
¡¤¡¤¡¤¡ð¡ñ¡¤¡¤¡¤
¡¤¡¤¡¤¡¤¡¤¡¤¡¤¡¤
step: 21  col: 1  B: 13 W: 12
0 dep:4, cnt:2980, tl:0, pv:[<4,6>:-0.65]
0 dep:5, cnt:11366, tl:2, pv:[<2,1>:2.31]
0 dep:6, cnt:20781, tl:3, pv:[<2,1>:-1.23]
0 dep:7, cnt:63101, tl:10, pv:[<2,1>:2.49]
0 dep:8, cnt:190367, tl:31, pv:[<2,1>:2.72]
m 2 1
board 0x10342612091000 0x808182c760c00 col 0
¡¤¡¤¡¤¡¤¡¤¡¤¡¤¡¤
¡¤¡¤¡ð¡ð¡ñ¡¤¡¤¡¤
¡ñ¡ð¡ð¡ñ¡ð¡ð¡ð¡¤
¡¤¡ñ¡ð¡ð¡ñ¡ð¡¤¡¤
¡¤¡ñ¡ñ¡ð¡ð¡ñ¡¤¡¤
¡¤¡¤¡ñ¡ð¡ñ¡ñ¡¤¡¤
¡¤¡¤¡¤¡ð¡ñ¡¤¡¤¡¤
¡¤¡¤¡¤¡¤¡¤¡¤¡¤¡¤
step: 22  col: 0  B: 12 W: 14
0 dep:4, cnt:1047, tl:1, pv:[<0,2>:-2.31]
0 dep:5, cnt:4568, tl:2, pv:[<0,2>:1.23]
0 dep:6, cnt:11490, tl:4, pv:[<0,2>:-2.49]
0 dep:7, cnt:61170, tl:18, pv:[<0,2>:-2.72]
0 dep:8, cnt:182039, tl:35, pv:[<0,2>:-1.08]
m 0 2
board 0x103426160d1404 0x8081828720800 col 1
¡¤¡¤¡ñ¡¤¡¤¡¤¡¤¡¤
¡¤¡¤¡ñ¡ð¡ñ¡¤¡¤¡¤
¡ñ¡ð¡ñ¡ñ¡ð¡ð¡ð¡¤
¡¤¡ñ¡ñ¡ð¡ñ¡ð¡¤¡¤
¡¤¡ñ¡ñ¡ð¡ð¡ñ¡¤¡¤
¡¤¡¤¡ñ¡ð¡ñ¡ñ¡¤¡¤
¡¤¡¤¡¤¡ð¡ñ¡¤¡¤¡¤
¡¤¡¤¡¤¡¤¡¤¡¤¡¤¡¤
step: 23  col: 1  B: 16 W: 11
0 dep:4, cnt:1786, tl:1, pv:[<4,6>:-1.23]
0 dep:5, cnt:5614, tl:2, pv:[<0,4>:2.49]
0 dep:6, cnt:40798, tl:11, pv:[<4,6>:2.72]
0 dep:7, cnt:82319, tl:18, pv:[<0,3>:1.08]
0 dep:8, cnt:425448, tl:65, pv:[<4,6>:1.62]
m 4 6
board 0x103406160d1404 0x8087828720800 col 0
¡¤¡¤¡ñ¡¤¡¤¡¤¡¤¡¤
¡¤¡¤¡ñ¡ð¡ñ¡¤¡¤¡¤
¡ñ¡ð¡ñ¡ñ¡ð¡ð¡ð¡¤
¡¤¡ñ¡ñ¡ð¡ñ¡ð¡¤¡¤
¡¤¡ñ¡ñ¡ð¡ð¡ð¡ð¡¤
¡¤¡¤¡ñ¡ð¡ñ¡ñ¡¤¡¤
¡¤¡¤¡¤¡ð¡ñ¡¤¡¤¡¤
¡¤¡¤¡¤¡¤¡¤¡¤¡¤¡¤
step: 24  col: 0  B: 15 W: 13
0 dep:4, cnt:1859, tl:0, pv:[<0,3>:-0.92]
0 dep:5, cnt:10378, tl:2, pv:[<5,6>:-2.72]
0 dep:6, cnt:17824, tl:3, pv:[<0,3>:-1.03]
0 dep:7, cnt:69720, tl:10, pv:[<0,3>:-1.62]
0 dep:8, cnt:246649, tl:41, pv:[<0,3>:-2.67]
m 0 3
board 0x103406160d1c0c 0x8087828720000 col 1
¡¤¡¤¡ñ¡ñ¡¤¡¤¡¤¡¤
¡¤¡¤¡ñ¡ñ¡ñ¡¤¡¤¡¤
¡ñ¡ð¡ñ¡ñ¡ð¡ð¡ð¡¤
¡¤¡ñ¡ñ¡ð¡ñ¡ð¡¤¡¤
¡¤¡ñ¡ñ¡ð¡ð¡ð¡ð¡¤
¡¤¡¤¡ñ¡ð¡ñ¡ñ¡¤¡¤
¡¤¡¤¡¤¡ð¡ñ¡¤¡¤¡¤
¡¤¡¤¡¤¡¤¡¤¡¤¡¤¡¤
step: 25  col: 1  B: 17 W: 12
0 dep:4, cnt:3914, tl:1, pv:[<5,6>:3.69]
0 dep:5, cnt:6138, tl:1, pv:[<7,5>:1.03]
0 dep:6, cnt:18491, tl:2, pv:[<7,5>:1.62]
0 dep:7, cnt:48184, tl:9, pv:[<7,5>:2.67]
0 dep:8, cnt:216756, tl:34, pv:[<7,5>:-0.82]
m 7 5
board 0x3406160d1c0c 0x2018087828720000 col 0
¡¤¡¤¡ñ¡ñ¡¤¡¤¡¤¡¤
¡¤¡¤¡ñ¡ñ¡ñ¡¤¡¤¡¤
¡ñ¡ð¡ñ¡ñ¡ð¡ð¡ð¡¤
¡¤¡ñ¡ñ¡ð¡ñ¡ð¡¤¡¤
¡¤¡ñ¡ñ¡ð¡ð¡ð¡ð¡¤
¡¤¡¤¡ñ¡ð¡ñ¡ñ¡¤¡¤
¡¤¡¤¡¤¡ð¡ð¡¤¡¤¡¤
¡¤¡¤¡¤¡¤¡¤¡ð¡¤¡¤
step: 26  col: 0  B: 16 W: 14
0 dep:4, cnt:3104, tl:1, pv:[<5,6>:-1.03]
0 dep:5, cnt:5868, tl:1, pv:[<5,6>:-1.62]
0 dep:6, cnt:12604, tl:2, pv:[<5,6>:-2.67]
0 dep:7, cnt:62069, tl:20, pv:[<5,6>:0.82]
0 dep:8, cnt:314109, tl:55, pv:[<5,6>:-0.68]
m 5 6
board 0x7426160d1c0c 0x2018085828720000 col 1
¡¤¡¤¡ñ¡ñ¡¤¡¤¡¤¡¤
¡¤¡¤¡ñ¡ñ¡ñ¡¤¡¤¡¤
¡ñ¡ð¡ñ¡ñ¡ð¡ð¡ð¡¤
¡¤¡ñ¡ñ¡ð¡ñ¡ð¡¤¡¤
¡¤¡ñ¡ñ¡ð¡ð¡ñ¡ð¡¤
¡¤¡¤¡ñ¡ð¡ñ¡ñ¡ñ¡¤
¡¤¡¤¡¤¡ð¡ð¡¤¡¤¡¤
¡¤¡¤¡¤¡¤¡¤¡ð¡¤¡¤
step: 27  col: 1  B: 18 W: 13
0 dep:4, cnt:2125, tl:1, pv:[<6,5>:1.62]
0 dep:5, cnt:5716, tl:1, pv:[<3,6>:2.67]
0 dep:6, cnt:11347, tl:1, pv:[<3,6>:-0.82]
0 dep:7, cnt:38008, tl:6, pv:[<3,6>:0.68]
0 dep:8, cnt:165910, tl:26, pv:[<6,5>:0.35]
m 6 5
board 0x4406160d1c0c 0x2038387828720000 col 0
¡¤¡¤¡ñ¡ñ¡¤¡¤¡¤¡¤
¡¤¡¤¡ñ¡ñ¡ñ¡¤¡¤¡¤
¡ñ¡ð¡ñ¡ñ¡ð¡ð¡ð¡¤
¡¤¡ñ¡ñ¡ð¡ñ¡ð¡¤¡¤
¡¤¡ñ¡ñ¡ð¡ð¡ð¡ð¡¤
¡¤¡¤¡ñ¡ð¡ð¡ð¡ñ¡¤
¡¤¡¤¡¤¡ð¡ð¡ð¡¤¡¤
¡¤¡¤¡¤¡¤¡¤¡ð¡¤¡¤
step: 28  col: 0  B: 15 W: 17
0 dep:4, cnt:1653, tl:0, pv:[<1,5>:1.70]
0 dep:5, cnt:3920, tl:0, pv:[<1,5>:1.68]
0 dep:6, cnt:13154, tl:3, pv:[<1,5>:2.92]
0 dep:7, cnt:54214, tl:8, pv:[<3,0>:-0.35]
0 dep:8, cnt:144815, tl:24, pv:[<3,0>:2.29]
m 3 0
board 0x4406170f1c0c 0x2038387828700000 col 1
¡¤¡¤¡ñ¡ñ¡¤¡¤¡¤¡¤
¡¤¡¤¡ñ¡ñ¡ñ¡¤¡¤¡¤
¡ñ¡ñ¡ñ¡ñ¡ð¡ð¡ð¡¤
¡ñ¡ñ¡ñ¡ð¡ñ¡ð¡¤¡¤
¡¤¡ñ¡ñ¡ð¡ð¡ð¡ð¡¤
¡¤¡¤¡ñ¡ð¡ð¡ð¡ñ¡¤
¡¤¡¤¡¤¡ð¡ð¡ð¡¤¡¤
¡¤¡¤¡¤¡¤¡¤¡ð¡¤¡¤
step: 29  col: 1  B: 17 W: 16
0 dep:4, cnt:1818, tl:0, pv:[<4,7>:2.98]
0 dep:5, cnt:4523, tl:2, pv:[<5,7>:-0.73]
0 dep:6, cnt:5231, tl:1, pv:[<5,7>:0.35]
0 dep:7, cnt:43576, tl:7, pv:[<4,0>:-2.29]
0 dep:8, cnt:140489, tl:21, pv:[<5,7>:-3.16]
m 5 7
board 0x406170f1c0c 0x2038f87828700000 col 0
¡¤¡¤¡ñ¡ñ¡¤¡¤¡¤¡¤
¡¤¡¤¡ñ¡ñ¡ñ¡¤¡¤¡¤
¡ñ¡ñ¡ñ¡ñ¡ð¡ð¡ð¡¤
¡ñ¡ñ¡ñ¡ð¡ñ¡ð¡¤¡¤
¡¤¡ñ¡ñ¡ð¡ð¡ð¡ð¡¤
¡¤¡¤¡ñ¡ð¡ð¡ð¡ð¡ð
¡¤¡¤¡¤¡ð¡ð¡ð¡¤¡¤
¡¤¡¤¡¤¡¤¡¤¡ð¡¤¡¤
step: 30  col: 0  B: 16 W: 18
0 dep:4, cnt:1195, tl:1, pv:[<1,5>:0.73]
0 dep:5, cnt:2986, tl:1, pv:[<1,5>:-0.35]
0 dep:6, cnt:7573, tl:3, pv:[<7,3>:3.51]
0 dep:7, cnt:24390, tl:5, pv:[<7,3>:3.16]
0 dep:8, cnt:60571, tl:11, pv:[<7,3>:4.71]
m 7 3
board 0x8080c0e1f0f1c0c 0x2030f07020700000 col 1
¡¤¡¤¡ñ¡ñ¡¤¡¤¡¤¡¤
¡¤¡¤¡ñ¡ñ¡ñ¡¤¡¤¡¤
¡ñ¡ñ¡ñ¡ñ¡ð¡ð¡ð¡¤
¡ñ¡ñ¡ñ¡ñ¡ñ¡ð¡¤¡¤
¡¤¡ñ¡ñ¡ñ¡ð¡ð¡ð¡¤
¡¤¡¤¡ñ¡ñ¡ð¡ð¡ð¡ð
¡¤¡¤¡¤¡ñ¡ð¡ð¡¤¡¤
¡¤¡¤¡¤¡ñ¡¤¡ð¡¤¡¤
step: 31  col: 1  B: 21 W: 14
0 dep:4, cnt:1746, tl:1, pv:[<7,2>:1.17]
0 dep:5, cnt:3813, tl:0, pv:[<7,2>:-3.51]
0 dep:6, cnt:9932, tl:2, pv:[<7,2>:-3.16]
0 dep:7, cnt:20007, tl:3, pv:[<7,2>:-4.71]
0 dep:8, cnt:60455, tl:10, pv:[<7,2>:-0.41]
m 7 2
board 0x8000c0e1f0f1c0c 0x2438f07020700000 col 0
¡¤¡¤¡ñ¡ñ¡¤¡¤¡¤¡¤
¡¤¡¤¡ñ¡ñ¡ñ¡¤¡¤¡¤
¡ñ¡ñ¡ñ¡ñ¡ð¡ð¡ð¡¤
¡ñ¡ñ¡ñ¡ñ¡ñ¡ð¡¤¡¤
¡¤¡ñ¡ñ¡ñ¡ð¡ð¡ð¡¤
¡¤¡¤¡ñ¡ñ¡ð¡ð¡ð¡ð
¡¤¡¤¡¤¡ð¡ð¡ð¡¤¡¤
¡¤¡¤¡ð¡ñ¡¤¡ð¡¤¡¤
step: 32  col: 0  B: 20 W: 16
0 dep:4, cnt:3825, tl:0, pv:[<7,4>:3.51]
0 dep:5, cnt:3165, tl:1, pv:[<7,1>:3.16]
0 dep:6, cnt:5861, tl:1, pv:[<7,4>:4.71]
0 dep:7, cnt:19284, tl:3, pv:[<7,1>:0.41]
0 dep:8, cnt:87855, tl:14, pv:[<7,4>:2.15]
m 7 4
board 0x18181c1e1f0f1c0c 0x2420e06020700000 col 1
¡¤¡¤¡ñ¡ñ¡¤¡¤¡¤¡¤
¡¤¡¤¡ñ¡ñ¡ñ¡¤¡¤¡¤
¡ñ¡ñ¡ñ¡ñ¡ð¡ð¡ð¡¤
¡ñ¡ñ¡ñ¡ñ¡ñ¡ð¡¤¡¤
¡¤¡ñ¡ñ¡ñ¡ñ¡ð¡ð¡¤
¡¤¡¤¡ñ¡ñ¡ñ¡ð¡ð¡ð
¡¤¡¤¡¤¡ñ¡ñ¡ð¡¤¡¤
¡¤¡¤¡ð¡ñ¡ñ¡ð¡¤¡¤
step: 33  col: 1  B: 25 W: 12
0 dep:4, cnt:1433, tl:0, pv:[<6,2>:-2.08]
0 dep:5, cnt:2733, tl:1, pv:[<1,1>:-4.71]
0 dep:6, cnt:7764, tl:1, pv:[<6,2>:1.17]
0 dep:7, cnt:21652, tl:4, pv:[<1,1>:-2.15]
0 dep:8, cnt:58074, tl:10, pv:[<1,1>:-2.58]
m 1 1
board 0x18181c0e170b1c0c 0x2420e07028740200 col 0
¡¤¡¤¡ñ¡ñ¡¤¡¤¡¤¡¤
¡¤¡ð¡ñ¡ñ¡ñ¡¤¡¤¡¤
¡ñ¡ñ¡ð¡ñ¡ð¡ð¡ð¡¤
¡ñ¡ñ¡ñ¡ð¡ñ¡ð¡¤¡¤
¡¤¡ñ¡ñ¡ñ¡ð¡ð¡ð¡¤
¡¤¡¤¡ñ¡ñ¡ñ¡ð¡ð¡ð
¡¤¡¤¡¤¡ñ¡ñ¡ð¡¤¡¤
¡¤¡¤¡ð¡ñ¡ñ¡ð¡¤¡¤
step: 34  col: 0  B: 22 W: 16
0 dep:4, cnt:1446, tl:1, pv:[<3,6>:4.71]
0 dep:5, cnt:4686, tl:1, pv:[<1,5>:2.51]
0 dep:6, cnt:6197, tl:1, pv:[<1,5>:2.15]
0 dep:7, cnt:40303, tl:6, pv:[<1,5>:2.58]
0 dep:8, cnt:78966, tl:13, pv:[<1,5>:2.46]
m 1 5
board 0x18181c0e1f1b3c0c 0x2420e07020640200 col 1
¡¤¡¤¡ñ¡ñ¡¤¡¤¡¤¡¤
¡¤¡ð¡ñ¡ñ¡ñ¡ñ¡¤¡¤
¡ñ¡ñ¡ð¡ñ¡ñ¡ð¡ð¡¤
¡ñ¡ñ¡ñ¡ñ¡ñ¡ð¡¤¡¤
¡¤¡ñ¡ñ¡ñ¡ð¡ð¡ð¡¤
¡¤¡¤¡ñ¡ñ¡ñ¡ð¡ð¡ð
¡¤¡¤¡¤¡ñ¡ñ¡ð¡¤¡¤
¡¤¡¤¡ð¡ñ¡ñ¡ð¡¤¡¤
step: 35  col: 1  B: 25 W: 14
0 dep:4, cnt:878, tl:0, pv:[<0,5>:-2.51]
0 dep:5, cnt:1580, tl:0, pv:[<0,5>:-2.15]
0 dep:6, cnt:4799, tl:1, pv:[<0,5>:-2.58]
0 dep:7, cnt:16104, tl:2, pv:[<0,5>:-2.46]
0 dep:8, cnt:57047, tl:11, pv:[<0,5>:2.64]
m 0 5
board 0x18181c0e1f1b1c0c 0x2420e07020642220 col 0
¡¤¡¤¡ñ¡ñ¡¤¡ð¡¤¡¤
¡¤¡ð¡ñ¡ñ¡ñ¡ð¡¤¡¤
¡ñ¡ñ¡ð¡ñ¡ñ¡ð¡ð¡¤
¡ñ¡ñ¡ñ¡ñ¡ñ¡ð¡¤¡¤
¡¤¡ñ¡ñ¡ñ¡ð¡ð¡ð¡¤
¡¤¡¤¡ñ¡ñ¡ñ¡ð¡ð¡ð
¡¤¡¤¡¤¡ñ¡ñ¡ð¡¤¡¤
¡¤¡¤¡ð¡ñ¡ñ¡ð¡¤¡¤
step: 36  col: 0  B: 24 W: 16
0 dep:4, cnt:1334, tl:0, pv:[<3,6>:2.15]
0 dep:5, cnt:3583, tl:1, pv:[<3,7>:2.58]
0 dep:6, cnt:11448, tl:3, pv:[<3,6>:2.46]
0 dep:7, cnt:29555, tl:5, pv:[<3,7>:-2.64]
0 dep:8, cnt:114126, tl:23, pv:[<0,0>:-2.49]
m 0 0
board 0x18181c0e1f1f1e0d 0x2420e07020602020 col 1
¡ñ¡¤¡ñ¡ñ¡¤¡ð¡¤¡¤
¡¤¡ñ¡ñ¡ñ¡ñ¡ð¡¤¡¤
¡ñ¡ñ¡ñ¡ñ¡ñ¡ð¡ð¡¤
¡ñ¡ñ¡ñ¡ñ¡ñ¡ð¡¤¡¤
¡¤¡ñ¡ñ¡ñ¡ð¡ð¡ð¡¤
¡¤¡¤¡ñ¡ñ¡ñ¡ð¡ð¡ð
¡¤¡¤¡¤¡ñ¡ñ¡ð¡¤¡¤
¡¤¡¤¡ð¡ñ¡ñ¡ð¡¤¡¤
step: 37  col: 1  B: 27 W: 14
0 dep:4, cnt:1711, tl:0, pv:[<6,2>:-0.09]
0 dep:5, cnt:2679, tl:1, pv:[<6,2>:2.40,<0,4>:2.40]
0 dep:6, cnt:4080, tl:2, pv:[<6,2>:5.67]
0 dep:7, cnt:17102, tl:5, pv:[<0,1>:2.49]
0 dep:8, cnt:47600, tl:13, pv:[<0,4>:2.82]
m 0 4
board 0x18181c0e0f0f0e0d 0x2420e07030703030 col 0
¡ñ¡¤¡ñ¡ñ¡ð¡ð¡¤¡¤
¡¤¡ñ¡ñ¡ñ¡ð¡ð¡¤¡¤
¡ñ¡ñ¡ñ¡ñ¡ð¡ð¡ð¡¤
¡ñ¡ñ¡ñ¡ñ¡ð¡ð¡¤¡¤
¡¤¡ñ¡ñ¡ñ¡ð¡ð¡ð¡¤
¡¤¡¤¡ñ¡ñ¡ñ¡ð¡ð¡ð
¡¤¡¤¡¤¡ñ¡ñ¡ð¡¤¡¤
¡¤¡¤¡ð¡ñ¡ñ¡ð¡¤¡¤
step: 38  col: 0  B: 24 W: 18
0 dep:4, cnt:1405, tl:1, pv:[<3,6>:-2.40]
0 dep:5, cnt:1548, tl:0, pv:[<3,6>:-3.57]
0 dep:6, cnt:3919, tl:1, pv:[<3,6>:-0.20]
0 dep:7, cnt:13931, tl:3, pv:[<3,6>:-2.82]
0 dep:8, cnt:67516, tl:10, pv:[<3,6>:-4.22]
m 3 6
board 0x18181c2e7f2f1e0d 0x2420e05000502030 col 1
¡ñ¡¤¡ñ¡ñ¡ð¡ð¡¤¡¤
¡¤¡ñ¡ñ¡ñ¡ñ¡ð¡¤¡¤
¡ñ¡ñ¡ñ¡ñ¡ð¡ñ¡ð¡¤
¡ñ¡ñ¡ñ¡ñ¡ñ¡ñ¡ñ¡¤
¡¤¡ñ¡ñ¡ñ¡ð¡ñ¡ð¡¤
¡¤¡¤¡ñ¡ñ¡ñ¡ð¡ð¡ð
¡¤¡¤¡¤¡ñ¡ñ¡ð¡¤¡¤
¡¤¡¤¡ð¡ñ¡ñ¡ð¡¤¡¤
step: 39  col: 1  B: 30 W: 13
0 dep:4, cnt:1141, tl:0, pv:[<0,1>:3.57]
0 dep:5, cnt:2292, tl:0, pv:[<0,1>:0.20]
0 dep:6, cnt:4333, tl:2, pv:[<6,2>:2.82]
0 dep:7, cnt:12867, tl:3, pv:[<6,2>:4.22]
0 dep:8, cnt:32554, tl:11, pv:[<6,2>:3.58]
m 6 2
board 0x1800142e7f2f1e0d 0x243ce85000502030 col 0
¡ñ¡¤¡ñ¡ñ¡ð¡ð¡¤¡¤
¡¤¡ñ¡ñ¡ñ¡ñ¡ð¡¤¡¤
¡ñ¡ñ¡ñ¡ñ¡ð¡ñ¡ð¡¤
¡ñ¡ñ¡ñ¡ñ¡ñ¡ñ¡ñ¡¤
¡¤¡ñ¡ñ¡ñ¡ð¡ñ¡ð¡¤
¡¤¡¤¡ñ¡ð¡ñ¡ð¡ð¡ð
¡¤¡¤¡ð¡ð¡ð¡ð¡¤¡¤
¡¤¡¤¡ð¡ñ¡ñ¡ð¡¤¡¤
step: 40  col: 0  B: 27 W: 17
0 dep:4, cnt:720, tl:1, pv:[<2,7>:1.10]
0 dep:5, cnt:3080, tl:1, pv:[<5,1>:-2.82]
0 dep:6, cnt:4551, tl:1, pv:[<5,1>:-4.22]
0 dep:7, cnt:13258, tl:4, pv:[<5,1>:-3.58]
0 dep:8, cnt:48072, tl:17, pv:[<2,7>:4.11]
m 2 7
board 0x1800142e7fef1e0d 0x243ce85000102030 col 1
¡ñ¡¤¡ñ¡ñ¡ð¡ð¡¤¡¤
¡¤¡ñ¡ñ¡ñ¡ñ¡ð¡¤¡¤
¡ñ¡ñ¡ñ¡ñ¡ð¡ñ¡ñ¡ñ
¡ñ¡ñ¡ñ¡ñ¡ñ¡ñ¡ñ¡¤
¡¤¡ñ¡ñ¡ñ¡ð¡ñ¡ð¡¤
¡¤¡¤¡ñ¡ð¡ñ¡ð¡ð¡ð
¡¤¡¤¡ð¡ð¡ð¡ð¡¤¡¤
¡¤¡¤¡ð¡ñ¡ñ¡ð¡¤¡¤
step: 41  col: 1  B: 29 W: 16
0 dep:4, cnt:854, tl:0, pv:[<5,1>:3.75]
0 dep:5, cnt:1754, tl:1, pv:[<5,1>:5.30]
0 dep:6, cnt:2296, tl:2, pv:[<5,1>:4.91]
0 dep:7, cnt:9356, tl:5, pv:[<5,1>:-4.11]
0 dep:8, cnt:28414, tl:16, pv:[<5,1>:6.20]
m 5 1
board 0x1800102a77ef1e0d 0x243cee5408102030 col 0
¡ñ¡¤¡ñ¡ñ¡ð¡ð¡¤¡¤
¡¤¡ñ¡ñ¡ñ¡ñ¡ð¡¤¡¤
¡ñ¡ñ¡ñ¡ñ¡ð¡ñ¡ñ¡ñ
¡ñ¡ñ¡ñ¡ð¡ñ¡ñ¡ñ¡¤
¡¤¡ñ¡ð¡ñ¡ð¡ñ¡ð¡¤
¡¤¡ð¡ð¡ð¡ñ¡ð¡ð¡ð
¡¤¡¤¡ð¡ð¡ð¡ð¡¤¡¤
¡¤¡¤¡ð¡ñ¡ñ¡ð¡¤¡¤
step: 42  col: 0  B: 26 W: 20
0 dep:4, cnt:2078, tl:2, pv:[<0,6>:-5.30]
0 dep:5, cnt:1528, tl:1, pv:[<0,6>:-4.91]
0 dep:6, cnt:3828, tl:2, pv:[<0,6>:4.11]
0 dep:7, cnt:15354, tl:10, pv:[<0,6>:-6.20]
0 dep:8, cnt:39628, tl:16, pv:[<3,7>:3.94]
m 3 7
board 0x1810306af7ef1e0d 0x242cce1408102030 col 1
¡ñ¡¤¡ñ¡ñ¡ð¡ð¡¤¡¤
¡¤¡ñ¡ñ¡ñ¡ñ¡ð¡¤¡¤
¡ñ¡ñ¡ñ¡ñ¡ð¡ñ¡ñ¡ñ
¡ñ¡ñ¡ñ¡ð¡ñ¡ñ¡ñ¡ñ
¡¤¡ñ¡ð¡ñ¡ð¡ñ¡ñ¡¤
¡¤¡ð¡ð¡ð¡ñ¡ñ¡ð¡ð
¡¤¡¤¡ð¡ð¡ñ¡ð¡¤¡¤
¡¤¡¤¡ð¡ñ¡ñ¡ð¡¤¡¤
step: 43  col: 1  B: 30 W: 17
0 dep:4, cnt:876, tl:1, pv:[<4,7>:8.45]
0 dep:5, cnt:1020, tl:0, pv:[<4,7>:-0.27]
0 dep:6, cnt:2222, tl:0, pv:[<4,7>:8.63]
0 dep:7, cnt:9652, tl:2, pv:[<4,7>:-3.94]
0 dep:8, cnt:19273, tl:3, pv:[<4,7>:5.64]
m 4 7
board 0x1810300af7ef1e0d 0x242ccef408102030 col 0
¡ñ¡¤¡ñ¡ñ¡ð¡ð¡¤¡¤
¡¤¡ñ¡ñ¡ñ¡ñ¡ð¡¤¡¤
¡ñ¡ñ¡ñ¡ñ¡ð¡ñ¡ñ¡ñ
¡ñ¡ñ¡ñ¡ð¡ñ¡ñ¡ñ¡ñ
¡¤¡ñ¡ð¡ñ¡ð¡ð¡ð¡ð
¡¤¡ð¡ð¡ð¡ñ¡ñ¡ð¡ð
¡¤¡¤¡ð¡ð¡ñ¡ð¡¤¡¤
¡¤¡¤¡ð¡ñ¡ñ¡ð¡¤¡¤
step: 44  col: 0  B: 28 W: 20
0 dep:4, cnt:1156, tl:0, pv:[<6,7>:0.27]
0 dep:5, cnt:1605, tl:0, pv:[<4,0>:-8.63]
0 dep:6, cnt:2803, tl:1, pv:[<4,0>:3.94]
0 dep:7, cnt:6309, tl:1, pv:[<4,0>:-5.64]
0 dep:8, cnt:18283, tl:3, pv:[<4,0>:-0.11]
m 4 0
board 0x1814320bf7ef1e0d 0x2428ccf408102030 col 1
¡ñ¡¤¡ñ¡ñ¡ð¡ð¡¤¡¤
¡¤¡ñ¡ñ¡ñ¡ñ¡ð¡¤¡¤
¡ñ¡ñ¡ñ¡ñ¡ð¡ñ¡ñ¡ñ
¡ñ¡ñ¡ñ¡ð¡ñ¡ñ¡ñ¡ñ
¡ñ¡ñ¡ð¡ñ¡ð¡ð¡ð¡ð
¡¤¡ñ¡ð¡ð¡ñ¡ñ¡ð¡ð
¡¤¡¤¡ñ¡ð¡ñ¡ð¡¤¡¤
¡¤¡¤¡ð¡ñ¡ñ¡ð¡¤¡¤
step: 45  col: 1  B: 31 W: 18
0 dep:4, cnt:532, tl:0, pv:[<1,7>:8.63]
0 dep:5, cnt:1304, tl:0, pv:[<1,6>:-3.94]
0 dep:6, cnt:2817, tl:1, pv:[<1,7>:5.64]
0 dep:7, cnt:4686, tl:0, pv:[<1,7>:0.11]
0 dep:8, cnt:12278, tl:3, pv:[<1,7>:4.48]
m 1 7
board 0x1814320b572f1e0d 0x2428ccf4a8d0a030 col 0
¡ñ¡¤¡ñ¡ñ¡ð¡ð¡¤¡¤
¡¤¡ñ¡ñ¡ñ¡ñ¡ð¡¤¡ð
¡ñ¡ñ¡ñ¡ñ¡ð¡ñ¡ð¡ð
¡ñ¡ñ¡ñ¡ð¡ñ¡ð¡ñ¡ð
¡ñ¡ñ¡ð¡ñ¡ð¡ð¡ð¡ð
¡¤¡ñ¡ð¡ð¡ñ¡ñ¡ð¡ð
¡¤¡¤¡ñ¡ð¡ñ¡ð¡¤¡¤
¡¤¡¤¡ð¡ñ¡ñ¡ð¡¤¡¤
step: 46  col: 0  B: 27 W: 23
0 dep:4, cnt:310, tl:0, pv:[<6,1>:5.28]
0 dep:5, cnt:325, tl:0, pv:[<6,1>:-5.64]
0 dep:6, cnt:734, tl:0, pv:[<6,1>:-0.11]
0 dep:7, cnt:2511, tl:0, pv:[<6,1>:-4.48]
0 dep:8, cnt:6354, tl:2, pv:[<6,1>:3.68]
m 6 1
board 0x1816360b572f1e0d 0x2428c8f4a8d0a030 col 1
¡ñ¡¤¡ñ¡ñ¡ð¡ð¡¤¡¤
¡¤¡ñ¡ñ¡ñ¡ñ¡ð¡¤¡ð
¡ñ¡ñ¡ñ¡ñ¡ð¡ñ¡ð¡ð
¡ñ¡ñ¡ñ¡ð¡ñ¡ð¡ñ¡ð
¡ñ¡ñ¡ð¡ñ¡ð¡ð¡ð¡ð
¡¤¡ñ¡ñ¡ð¡ñ¡ñ¡ð¡ð
¡¤¡ñ¡ñ¡ð¡ñ¡ð¡¤¡¤
¡¤¡¤¡ð¡ñ¡ñ¡ð¡¤¡¤
step: 47  col: 1  B: 29 W: 22
0 dep:4, cnt:147, tl:0, pv:[<0,1>:5.64]
0 dep:5, cnt:357, tl:0, pv:[<0,1>:0.11]
0 dep:6, cnt:811, tl:0, pv:[<0,1>:4.48]
0 dep:7, cnt:2498, tl:1, pv:[<0,1>:-3.68]
0 dep:8, cnt:14780, tl:2, pv:[<0,1>:10.00]
m 0 1
board 0x1816360b47271a01 0x2428c8f4b8d8a43e col 0
¡ñ¡ð¡ð¡ð¡ð¡ð¡¤¡¤
¡¤¡ñ¡ð¡ñ¡ñ¡ð¡¤¡ð
¡ñ¡ñ¡ñ¡ð¡ð¡ñ¡ð¡ð
¡ñ¡ñ¡ñ¡ð¡ð¡ð¡ñ¡ð
¡ñ¡ñ¡ð¡ñ¡ð¡ð¡ð¡ð
¡¤¡ñ¡ñ¡ð¡ñ¡ñ¡ð¡ð
¡¤¡ñ¡ñ¡ð¡ñ¡ð¡¤¡¤
¡¤¡¤¡ð¡ñ¡ñ¡ð¡¤¡¤
step: 48  col: 0  B: 24 W: 28
0 dep:4, cnt:208, tl:0, pv:[<0,6>:-0.11]
0 dep:5, cnt:474, tl:0, pv:[<0,6>:-4.48]
0 dep:6, cnt:827, tl:1, pv:[<0,6>:3.68]
0 dep:7, cnt:10479, tl:3, pv:[<0,6>:-10.00]
0 dep:8, cnt:7909, tl:2, pv:[<0,6>:-10.00]
m 0 6
board 0x1816360f4f373a7f 0x2428c8f0b0c88400 col 1
¡ñ¡ñ¡ñ¡ñ¡ñ¡ñ¡ñ¡¤
¡¤¡ñ¡ð¡ñ¡ñ¡ñ¡¤¡ð
¡ñ¡ñ¡ñ¡ð¡ñ¡ñ¡ð¡ð
¡ñ¡ñ¡ñ¡ñ¡ð¡ð¡ñ¡ð
¡ñ¡ñ¡ñ¡ñ¡ð¡ð¡ð¡ð
¡¤¡ñ¡ñ¡ð¡ñ¡ñ¡ð¡ð
¡¤¡ñ¡ñ¡ð¡ñ¡ð¡¤¡¤
¡¤¡¤¡ð¡ñ¡ñ¡ð¡¤¡¤
step: 49  col: 1  B: 34 W: 19
0 dep:4, cnt:321, tl:0, pv:[<1,0>:4.48]
0 dep:5, cnt:468, tl:0, pv:[<1,0>:-3.68]
0 dep:6, cnt:4690, tl:1, pv:[<1,0>:10.00]
0 dep:7, cnt:4809, tl:2, pv:[<1,0>:10.00]
0 dep:8, cnt:7059, tl:2, pv:[<1,0>:10.00]
m 1 0
board 0x181626074b35387f 0x2428d8f8b4ca8700 col 0
¡ñ¡ñ¡ñ¡ñ¡ñ¡ñ¡ñ¡¤
¡ð¡ð¡ð¡ñ¡ñ¡ñ¡¤¡ð
¡ñ¡ð¡ñ¡ð¡ñ¡ñ¡ð¡ð
¡ñ¡ñ¡ð¡ñ¡ð¡ð¡ñ¡ð
¡ñ¡ñ¡ñ¡ð¡ð¡ð¡ð¡ð
¡¤¡ñ¡ñ¡ð¡ð¡ñ¡ð¡ð
¡¤¡ñ¡ñ¡ð¡ñ¡ð¡¤¡¤
¡¤¡¤¡ð¡ñ¡ñ¡ð¡¤¡¤
step: 50  col: 0  B: 29 W: 25
dep:10, cnt:7530, tl:1, pv:[<1,6>:-10.00,<7,6>:-10.00]
dep:10, cnt:7530, tl:1, pv:[<1,6>:-10.00,<7,6>:-10.00]
m 7 6
board 0x781626074b35387f 0x428d8f8b4ca8700 col 1
¡ñ¡ñ¡ñ¡ñ¡ñ¡ñ¡ñ¡¤
¡ð¡ð¡ð¡ñ¡ñ¡ñ¡¤¡ð
¡ñ¡ð¡ñ¡ð¡ñ¡ñ¡ð¡ð
¡ñ¡ñ¡ð¡ñ¡ð¡ð¡ñ¡ð
¡ñ¡ñ¡ñ¡ð¡ð¡ð¡ð¡ð
¡¤¡ñ¡ñ¡ð¡ð¡ñ¡ð¡ð
¡¤¡ñ¡ñ¡ð¡ñ¡ð¡¤¡¤
¡¤¡¤¡ð¡ñ¡ñ¡ñ¡ñ¡¤
step: 51  col: 1  B: 31 W: 24
dep:9, cnt:2257, tl:0, pv:[<7,0>:10.00]
dep:9, cnt:2257, tl:0, pv:[<7,0>:10.00]
m 7 0
board 0x781422074b35387f 0x52adcf8b4ca8700 col 0
¡ñ¡ñ¡ñ¡ñ¡ñ¡ñ¡ñ¡¤
¡ð¡ð¡ð¡ñ¡ñ¡ñ¡¤¡ð
¡ñ¡ð¡ñ¡ð¡ñ¡ñ¡ð¡ð
¡ñ¡ñ¡ð¡ñ¡ð¡ð¡ñ¡ð
¡ñ¡ñ¡ñ¡ð¡ð¡ð¡ð¡ð
¡¤¡ñ¡ð¡ð¡ð¡ñ¡ð¡ð
¡¤¡ð¡ñ¡ð¡ñ¡ð¡¤¡¤
¡ð¡¤¡ð¡ñ¡ñ¡ñ¡ñ¡¤
step: 52  col: 0  B: 29 W: 27
dep:8, cnt:664, tl:0, pv:[<6,0>:-10.00,<6,7>:-10.00,<7,1>:-10.00]
dep:8, cnt:664, tl:0, pv:[<6,0>:-10.00,<6,7>:-10.00,<7,1>:-10.00]
m 6 7
board 0x789462275b3d3c7f 0x52a9cd8a4c28300 col 1
¡ñ¡ñ¡ñ¡ñ¡ñ¡ñ¡ñ¡¤
¡ð¡ð¡ñ¡ñ¡ñ¡ñ¡¤¡ð
¡ñ¡ð¡ñ¡ñ¡ñ¡ñ¡ð¡ð
¡ñ¡ñ¡ð¡ñ¡ñ¡ð¡ñ¡ð
¡ñ¡ñ¡ñ¡ð¡ð¡ñ¡ð¡ð
¡¤¡ñ¡ð¡ð¡ð¡ñ¡ñ¡ð
¡¤¡ð¡ñ¡ð¡ñ¡ð¡¤¡ñ
¡ð¡¤¡ð¡ñ¡ñ¡ñ¡ñ¡¤
step: 53  col: 1  B: 35 W: 22
dep:7, cnt:187, tl:0, pv:[<7,1>:10.00,<7,7>:10.00]
dep:7, cnt:187, tl:0, pv:[<7,1>:10.00,<7,7>:10.00]
m 7 7
board 0x1462275b3d3c7f 0xfdaa9cd8a4c28300 col 0
¡ñ¡ñ¡ñ¡ñ¡ñ¡ñ¡ñ¡¤
¡ð¡ð¡ñ¡ñ¡ñ¡ñ¡¤¡ð
¡ñ¡ð¡ñ¡ñ¡ñ¡ñ¡ð¡ð
¡ñ¡ñ¡ð¡ñ¡ñ¡ð¡ñ¡ð
¡ñ¡ñ¡ñ¡ð¡ð¡ñ¡ð¡ð
¡¤¡ñ¡ð¡ð¡ð¡ñ¡ñ¡ð
¡¤¡ð¡ñ¡ð¡ñ¡ð¡¤¡ð
¡ð¡¤¡ð¡ð¡ð¡ð¡ð¡ð
step: 54  col: 0  B: 30 W: 28
dep:6, cnt:62, tl:0, pv:[<6,6>:-10.00]
dep:6, cnt:62, tl:0, pv:[<6,6>:-10.00]
m 6 6
board 0x7462275b3d3c7f 0xfd8a9cd8a4c28300 col 1
¡ñ¡ñ¡ñ¡ñ¡ñ¡ñ¡ñ¡¤
¡ð¡ð¡ñ¡ñ¡ñ¡ñ¡¤¡ð
¡ñ¡ð¡ñ¡ñ¡ñ¡ñ¡ð¡ð
¡ñ¡ñ¡ð¡ñ¡ñ¡ð¡ñ¡ð
¡ñ¡ñ¡ñ¡ð¡ð¡ñ¡ð¡ð
¡¤¡ñ¡ð¡ð¡ð¡ñ¡ñ¡ð
¡¤¡ð¡ñ¡ð¡ñ¡ñ¡ñ¡ð
¡ð¡¤¡ð¡ð¡ð¡ð¡ð¡ð
step: 55  col: 1  B: 32 W: 27
dep:5, cnt:15, tl:0, pv:[<7,1>:10.00]
dep:5, cnt:15, tl:0, pv:[<7,1>:10.00]
m 7 1
board 0x7062275b3d3c7f 0xff8e9cd8a4c28300 col 0
¡ñ¡ñ¡ñ¡ñ¡ñ¡ñ¡ñ¡¤
¡ð¡ð¡ñ¡ñ¡ñ¡ñ¡¤¡ð
¡ñ¡ð¡ñ¡ñ¡ñ¡ñ¡ð¡ð
¡ñ¡ñ¡ð¡ñ¡ñ¡ð¡ñ¡ð
¡ñ¡ñ¡ñ¡ð¡ð¡ñ¡ð¡ð
¡¤¡ñ¡ð¡ð¡ð¡ñ¡ñ¡ð
¡¤¡ð¡ð¡ð¡ñ¡ñ¡ñ¡ð
¡ð¡ð¡ð¡ð¡ð¡ð¡ð¡ð
step: 56  col: 0  B: 31 W: 29
dep:4, cnt:4, tl:0, pv:[<1,6>:-10.00,<6,0>:-10.00]
dep:4, cnt:4, tl:0, pv:[<1,6>:-10.00,<6,0>:-10.00]
m 6 0
board 0x7f62275b3d3c7f 0xff809cd8a4c28300 col 1
¡ñ¡ñ¡ñ¡ñ¡ñ¡ñ¡ñ¡¤
¡ð¡ð¡ñ¡ñ¡ñ¡ñ¡¤¡ð
¡ñ¡ð¡ñ¡ñ¡ñ¡ñ¡ð¡ð
¡ñ¡ñ¡ð¡ñ¡ñ¡ð¡ñ¡ð
¡ñ¡ñ¡ñ¡ð¡ð¡ñ¡ð¡ð
¡¤¡ñ¡ð¡ð¡ð¡ñ¡ñ¡ð
¡ñ¡ñ¡ñ¡ñ¡ñ¡ñ¡ñ¡ð
¡ð¡ð¡ð¡ð¡ð¡ð¡ð¡ð
step: 57  col: 1  B: 35 W: 26
dep:3, cnt:2, tl:0, pv:[<1,6>:10.00,<5,0>:10.00]
dep:3, cnt:2, tl:0, pv:[<1,6>:10.00,<5,0>:10.00]
m 5 0
board 0x7c60245a3c3c7f 0xff839fdba5c38300 col 0
¡ñ¡ñ¡ñ¡ñ¡ñ¡ñ¡ñ¡¤
¡ð¡ð¡ñ¡ñ¡ñ¡ñ¡¤¡ð
¡ð¡ð¡ñ¡ñ¡ñ¡ñ¡ð¡ð
¡ð¡ñ¡ð¡ñ¡ñ¡ð¡ñ¡ð
¡ð¡ð¡ñ¡ð¡ð¡ñ¡ð¡ð
¡ð¡ð¡ð¡ð¡ð¡ñ¡ñ¡ð
¡ð¡ð¡ñ¡ñ¡ñ¡ñ¡ñ¡ð
¡ð¡ð¡ð¡ð¡ð¡ð¡ð¡ð
step: 58  col: 0  B: 28 W: 34
dep:2, cnt:1, tl:1, pv:[<1,6>:-10.00]
dep:2, cnt:1, tl:1, pv:[<1,6>:-10.00]
m 1 6
board 0x7c60245a7c7c7f 0xff839fdba5838300 col 1
¡ñ¡ñ¡ñ¡ñ¡ñ¡ñ¡ñ¡¤
¡ð¡ð¡ñ¡ñ¡ñ¡ñ¡ñ¡ð
¡ð¡ð¡ñ¡ñ¡ñ¡ñ¡ñ¡ð
¡ð¡ñ¡ð¡ñ¡ñ¡ð¡ñ¡ð
¡ð¡ð¡ñ¡ð¡ð¡ñ¡ð¡ð
¡ð¡ð¡ð¡ð¡ð¡ñ¡ñ¡ð
¡ð¡ð¡ñ¡ñ¡ñ¡ñ¡ñ¡ð
¡ð¡ð¡ð¡ð¡ð¡ð¡ð¡ð
step: 59  col: 1  B: 30 W: 33
dep:1, cnt:1, tl:0, pv:[<0,7>:10.00]
dep:1, cnt:1, tl:0, pv:[<0,7>:10.00]
m 0 7
board 0x7c60244a5c3c7f 0xff839fdbb5a3c380 col 1
¡ñ¡ñ¡ñ¡ñ¡ñ¡ñ¡ñ¡ð
¡ð¡ð¡ñ¡ñ¡ñ¡ñ¡ð¡ð
¡ð¡ð¡ñ¡ñ¡ñ¡ð¡ñ¡ð
¡ð¡ñ¡ð¡ñ¡ð¡ð¡ñ¡ð
¡ð¡ð¡ñ¡ð¡ð¡ñ¡ð¡ð
¡ð¡ð¡ð¡ð¡ð¡ñ¡ñ¡ð
¡ð¡ð¡ñ¡ñ¡ñ¡ñ¡ñ¡ð
¡ð¡ð¡ð¡ð¡ð¡ð¡ð¡ð
step: 60  col: 1  B: 27 W: 37
white win
