Program start at  Mon Feb 15 01:37:08 2021
Game start at Mon Feb 15 01:37:11 2021
black mode: 1 , white mode: 1
dep:8, cnt:21429, tl:4, pv:[<2,3>:1.74<3,2>:1.74<4,5>:1.74<5,4>:1.74]
m 3 2
board 0x81c000000 0x1000000000 col 1
¡¤¡¤¡¤¡¤¡¤¡¤¡¤¡¤
¡¤¡¤¡¤¡¤¡¤¡¤¡¤¡¤
¡¤¡¤¡¤¡¤¡¤¡¤¡¤¡¤
¡¤¡¤¡ñ¡ñ¡ñ¡¤¡¤¡¤
¡¤¡¤¡¤¡ñ¡ð¡¤¡¤¡¤
¡¤¡¤¡¤¡¤¡¤¡¤¡¤¡¤
¡¤¡¤¡¤¡¤¡¤¡¤¡¤¡¤
¡¤¡¤¡¤¡¤¡¤¡¤¡¤¡¤
step: 1  col: 1  B: 4 W: 1
dep:8, cnt:40951, tl:6, pv:[<2,4>:-0.32]
m 2 4
board 0x80c000000 0x1010100000 col 0
¡¤¡¤¡¤¡¤¡¤¡¤¡¤¡¤
¡¤¡¤¡¤¡¤¡¤¡¤¡¤¡¤
¡¤¡¤¡¤¡¤¡ð¡¤¡¤¡¤
¡¤¡¤¡ñ¡ñ¡ð¡¤¡¤¡¤
¡¤¡¤¡¤¡ñ¡ð¡¤¡¤¡¤
¡¤¡¤¡¤¡¤¡¤¡¤¡¤¡¤
¡¤¡¤¡¤¡¤¡¤¡¤¡¤¡¤
¡¤¡¤¡¤¡¤¡¤¡¤¡¤¡¤
step: 2  col: 0  B: 3 W: 3
dep:8, cnt:102571, tl:36, pv:[<5,5>:1.49]
m 5 5
board 0x20180c000000 0x10100000 col 1
¡¤¡¤¡¤¡¤¡¤¡¤¡¤¡¤
¡¤¡¤¡¤¡¤¡¤¡¤¡¤¡¤
¡¤¡¤¡¤¡¤¡ð¡¤¡¤¡¤
¡¤¡¤¡ñ¡ñ¡ð¡¤¡¤¡¤
¡¤¡¤¡¤¡ñ¡ñ¡¤¡¤¡¤
¡¤¡¤¡¤¡¤¡¤¡ñ¡¤¡¤
¡¤¡¤¡¤¡¤¡¤¡¤¡¤¡¤
¡¤¡¤¡¤¡¤¡¤¡¤¡¤¡¤
step: 3  col: 1  B: 5 W: 2
dep:8, cnt:124029, tl:20, pv:[<5,4>:0.44]
m 5 4
board 0x20080c000000 0x101010100000 col 0
¡¤¡¤¡¤¡¤¡¤¡¤¡¤¡¤
¡¤¡¤¡¤¡¤¡¤¡¤¡¤¡¤
¡¤¡¤¡¤¡¤¡ð¡¤¡¤¡¤
¡¤¡¤¡ñ¡ñ¡ð¡¤¡¤¡¤
¡¤¡¤¡¤¡ñ¡ð¡¤¡¤¡¤
¡¤¡¤¡¤¡¤¡ð¡ñ¡¤¡¤
¡¤¡¤¡¤¡¤¡¤¡¤¡¤¡¤
¡¤¡¤¡¤¡¤¡¤¡¤¡¤¡¤
step: 4  col: 0  B: 4 W: 4
dep:8, cnt:191213, tl:36, pv:[<4,5>:-0.41]
m 4 5
board 0x20380c000000 0x100010100000 col 1
¡¤¡¤¡¤¡¤¡¤¡¤¡¤¡¤
¡¤¡¤¡¤¡¤¡¤¡¤¡¤¡¤
¡¤¡¤¡¤¡¤¡ð¡¤¡¤¡¤
¡¤¡¤¡ñ¡ñ¡ð¡¤¡¤¡¤
¡¤¡¤¡¤¡ñ¡ñ¡ñ¡¤¡¤
¡¤¡¤¡¤¡¤¡ð¡ñ¡¤¡¤
¡¤¡¤¡¤¡¤¡¤¡¤¡¤¡¤
¡¤¡¤¡¤¡¤¡¤¡¤¡¤¡¤
step: 5  col: 1  B: 6 W: 3
dep:8, cnt:386267, tl:58, pv:[<4,2>:-1.45]
m 4 2
board 0x203804000000 0x100418100000 col 0
¡¤¡¤¡¤¡¤¡¤¡¤¡¤¡¤
¡¤¡¤¡¤¡¤¡¤¡¤¡¤¡¤
¡¤¡¤¡¤¡¤¡ð¡¤¡¤¡¤
¡¤¡¤¡ñ¡ð¡ð¡¤¡¤¡¤
¡¤¡¤¡ð¡ñ¡ñ¡ñ¡¤¡¤
¡¤¡¤¡¤¡¤¡ð¡ñ¡¤¡¤
¡¤¡¤¡¤¡¤¡¤¡¤¡¤¡¤
¡¤¡¤¡¤¡¤¡¤¡¤¡¤¡¤
step: 6  col: 0  B: 5 W: 5
dep:8, cnt:429756, tl:65, pv:[<2,2>:-0.02]
m 2 2
board 0x20380c040000 0x100410100000 col 1
¡¤¡¤¡¤¡¤¡¤¡¤¡¤¡¤
¡¤¡¤¡¤¡¤¡¤¡¤¡¤¡¤
¡¤¡¤¡ñ¡¤¡ð¡¤¡¤¡¤
¡¤¡¤¡ñ¡ñ¡ð¡¤¡¤¡¤
¡¤¡¤¡ð¡ñ¡ñ¡ñ¡¤¡¤
¡¤¡¤¡¤¡¤¡ð¡ñ¡¤¡¤
¡¤¡¤¡¤¡¤¡¤¡¤¡¤¡¤
¡¤¡¤¡¤¡¤¡¤¡¤¡¤¡¤
step: 7  col: 1  B: 7 W: 4
dep:8, cnt:547502, tl:82, pv:[<3,1>:-1.72]
m 3 1
board 0x203800040000 0x10041e100000 col 0
¡¤¡¤¡¤¡¤¡¤¡¤¡¤¡¤
¡¤¡¤¡¤¡¤¡¤¡¤¡¤¡¤
¡¤¡¤¡ñ¡¤¡ð¡¤¡¤¡¤
¡¤¡ð¡ð¡ð¡ð¡¤¡¤¡¤
¡¤¡¤¡ð¡ñ¡ñ¡ñ¡¤¡¤
¡¤¡¤¡¤¡¤¡ð¡ñ¡¤¡¤
¡¤¡¤¡¤¡¤¡¤¡¤¡¤¡¤
¡¤¡¤¡¤¡¤¡¤¡¤¡¤¡¤
step: 8  col: 0  B: 5 W: 7
dep:8, cnt:811601, tl:124, pv:[<2,3>:0.27]
m 2 3
board 0x2038180c0000 0x100406100000 col 1
¡¤¡¤¡¤¡¤¡¤¡¤¡¤¡¤
¡¤¡¤¡¤¡¤¡¤¡¤¡¤¡¤
¡¤¡¤¡ñ¡ñ¡ð¡¤¡¤¡¤
¡¤¡ð¡ð¡ñ¡ñ¡¤¡¤¡¤
¡¤¡¤¡ð¡ñ¡ñ¡ñ¡¤¡¤
¡¤¡¤¡¤¡¤¡ð¡ñ¡¤¡¤
¡¤¡¤¡¤¡¤¡¤¡¤¡¤¡¤
¡¤¡¤¡¤¡¤¡¤¡¤¡¤¡¤
step: 9  col: 1  B: 8 W: 5
dep:8, cnt:497380, tl:106, pv:[<1,2>:0.27]
m 1 2
board 0x203818080000 0x100406140400 col 0
¡¤¡¤¡¤¡¤¡¤¡¤¡¤¡¤
¡¤¡¤¡ð¡¤¡¤¡¤¡¤¡¤
¡¤¡¤¡ð¡ñ¡ð¡¤¡¤¡¤
¡¤¡ð¡ð¡ñ¡ñ¡¤¡¤¡¤
¡¤¡¤¡ð¡ñ¡ñ¡ñ¡¤¡¤
¡¤¡¤¡¤¡¤¡ð¡ñ¡¤¡¤
¡¤¡¤¡¤¡¤¡¤¡¤¡¤¡¤
¡¤¡¤¡¤¡¤¡¤¡¤¡¤¡¤
step: 10  col: 0  B: 7 W: 7
dep:8, cnt:721162, tl:156, pv:[<2,5>:-1.58]
m 2 5
board 0x203818380000 0x100406040400 col 1
¡¤¡¤¡¤¡¤¡¤¡¤¡¤¡¤
¡¤¡¤¡ð¡¤¡¤¡¤¡¤¡¤
¡¤¡¤¡ð¡ñ¡ñ¡ñ¡¤¡¤
¡¤¡ð¡ð¡ñ¡ñ¡¤¡¤¡¤
¡¤¡¤¡ð¡ñ¡ñ¡ñ¡¤¡¤
¡¤¡¤¡¤¡¤¡ð¡ñ¡¤¡¤
¡¤¡¤¡¤¡¤¡¤¡¤¡¤¡¤
¡¤¡¤¡¤¡¤¡¤¡¤¡¤¡¤
step: 11  col: 1  B: 9 W: 6
dep:8, cnt:800471, tl:139, pv:[<3,5>:0.29]
m 3 5
board 0x203800380000 0x10043e040400 col 0
¡¤¡¤¡¤¡¤¡¤¡¤¡¤¡¤
¡¤¡¤¡ð¡¤¡¤¡¤¡¤¡¤
¡¤¡¤¡ð¡ñ¡ñ¡ñ¡¤¡¤
¡¤¡ð¡ð¡ð¡ð¡ð¡¤¡¤
¡¤¡¤¡ð¡ñ¡ñ¡ñ¡¤¡¤
¡¤¡¤¡¤¡¤¡ð¡ñ¡¤¡¤
¡¤¡¤¡¤¡¤¡¤¡¤¡¤¡¤
¡¤¡¤¡¤¡¤¡¤¡¤¡¤¡¤
step: 12  col: 0  B: 7 W: 9
dep:8, cnt:1176493, tl:179, pv:[<6,4>:-2.18]
m 6 4
board 0x10303800380000 0x43e040400 col 1
¡¤¡¤¡¤¡¤¡¤¡¤¡¤¡¤
¡¤¡¤¡ð¡¤¡¤¡¤¡¤¡¤
¡¤¡¤¡ð¡ñ¡ñ¡ñ¡¤¡¤
¡¤¡ð¡ð¡ð¡ð¡ð¡¤¡¤
¡¤¡¤¡ð¡ñ¡ñ¡ñ¡¤¡¤
¡¤¡¤¡¤¡¤¡ñ¡ñ¡¤¡¤
¡¤¡¤¡¤¡¤¡ñ¡¤¡¤¡¤
¡¤¡¤¡¤¡¤¡¤¡¤¡¤¡¤
step: 13  col: 1  B: 9 W: 8
dep:8, cnt:923142, tl:147, pv:[<1,3>:0.92<5,3>:0.92]
m 5 3
board 0x10302000380000 0x81c3e040400 col 0
¡¤¡¤¡¤¡¤¡¤¡¤¡¤¡¤
¡¤¡¤¡ð¡¤¡¤¡¤¡¤¡¤
¡¤¡¤¡ð¡ñ¡ñ¡ñ¡¤¡¤
¡¤¡ð¡ð¡ð¡ð¡ð¡¤¡¤
¡¤¡¤¡ð¡ð¡ð¡ñ¡¤¡¤
¡¤¡¤¡¤¡ð¡ñ¡ñ¡¤¡¤
¡¤¡¤¡¤¡¤¡ñ¡¤¡¤¡¤
¡¤¡¤¡¤¡¤¡¤¡¤¡¤¡¤
step: 14  col: 0  B: 7 W: 11
dep:8, cnt:1500325, tl:231, pv:[<5,2>:-2.95]
m 5 2
board 0x103c2810380000 0x142e040400 col 1
¡¤¡¤¡¤¡¤¡¤¡¤¡¤¡¤
¡¤¡¤¡ð¡¤¡¤¡¤¡¤¡¤
¡¤¡¤¡ð¡ñ¡ñ¡ñ¡¤¡¤
¡¤¡ð¡ð¡ð¡ñ¡ð¡¤¡¤
¡¤¡¤¡ð¡ñ¡ð¡ñ¡¤¡¤
¡¤¡¤¡ñ¡ñ¡ñ¡ñ¡¤¡¤
¡¤¡¤¡¤¡¤¡ñ¡¤¡¤¡¤
¡¤¡¤¡¤¡¤¡¤¡¤¡¤¡¤
step: 15  col: 1  B: 11 W: 8
dep:8, cnt:2066913, tl:308, pv:[<6,3>:1.21]
m 6 3
board 0x10342010380000 0x8081c2e040400 col 0
¡¤¡¤¡¤¡¤¡¤¡¤¡¤¡¤
¡¤¡¤¡ð¡¤¡¤¡¤¡¤¡¤
¡¤¡¤¡ð¡ñ¡ñ¡ñ¡¤¡¤
¡¤¡ð¡ð¡ð¡ñ¡ð¡¤¡¤
¡¤¡¤¡ð¡ð¡ð¡ñ¡¤¡¤
¡¤¡¤¡ñ¡ð¡ñ¡ñ¡¤¡¤
¡¤¡¤¡¤¡ð¡ñ¡¤¡¤¡¤
¡¤¡¤¡¤¡¤¡¤¡¤¡¤¡¤
step: 16  col: 0  B: 9 W: 11
dep:8, cnt:2477619, tl:384, pv:[<5,1>:-3.31]
m 5 1
board 0x10362418380000 0x8081826040400 col 1
¡¤¡¤¡¤¡¤¡¤¡¤¡¤¡¤
¡¤¡¤¡ð¡¤¡¤¡¤¡¤¡¤
¡¤¡¤¡ð¡ñ¡ñ¡ñ¡¤¡¤
¡¤¡ð¡ð¡ñ¡ñ¡ð¡¤¡¤
¡¤¡¤¡ñ¡ð¡ð¡ñ¡¤¡¤
¡¤¡ñ¡ñ¡ð¡ñ¡ñ¡¤¡¤
¡¤¡¤¡¤¡ð¡ñ¡¤¡¤¡¤
¡¤¡¤¡¤¡¤¡¤¡¤¡¤¡¤
step: 17  col: 1  B: 12 W: 9
dep:8, cnt:2934196, tl:436, pv:[<7,5>:1.00]
m 7 5
board 0x362418380000 0x2018081826040400 col 0
¡¤¡¤¡¤¡¤¡¤¡¤¡¤¡¤
¡¤¡¤¡ð¡¤¡¤¡¤¡¤¡¤
¡¤¡¤¡ð¡ñ¡ñ¡ñ¡¤¡¤
¡¤¡ð¡ð¡ñ¡ñ¡ð¡¤¡¤
¡¤¡¤¡ñ¡ð¡ð¡ñ¡¤¡¤
¡¤¡ñ¡ñ¡ð¡ñ¡ñ¡¤¡¤
¡¤¡¤¡¤¡ð¡ð¡¤¡¤¡¤
¡¤¡¤¡¤¡¤¡¤¡ð¡¤¡¤
step: 18  col: 0  B: 11 W: 11
dep:8, cnt:1026755, tl:153, pv:[<2,0>:-2.66]
m 2 0
board 0x36241a390000 0x2018081824040400 col 1
¡¤¡¤¡¤¡¤¡¤¡¤¡¤¡¤
¡¤¡¤¡ð¡¤¡¤¡¤¡¤¡¤
¡ñ¡¤¡ð¡ñ¡ñ¡ñ¡¤¡¤
¡¤¡ñ¡ð¡ñ¡ñ¡ð¡¤¡¤
¡¤¡¤¡ñ¡ð¡ð¡ñ¡¤¡¤
¡¤¡ñ¡ñ¡ð¡ñ¡ñ¡¤¡¤
¡¤¡¤¡¤¡ð¡ð¡¤¡¤¡¤
¡¤¡¤¡¤¡¤¡¤¡ð¡¤¡¤
step: 19  col: 1  B: 13 W: 10
dep:8, cnt:1295772, tl:206, pv:[<1,3>:-1.07]
m 1 3
board 0x362412210000 0x201808182c1c0c00 col 0
¡¤¡¤¡¤¡¤¡¤¡¤¡¤¡¤
¡¤¡¤¡ð¡ð¡¤¡¤¡¤¡¤
¡ñ¡¤¡ð¡ð¡ð¡ñ¡¤¡¤
¡¤¡ñ¡ð¡ð¡ñ¡ð¡¤¡¤
¡¤¡¤¡ñ¡ð¡ð¡ñ¡¤¡¤
¡¤¡ñ¡ñ¡ð¡ñ¡ñ¡¤¡¤
¡¤¡¤¡¤¡ð¡ð¡¤¡¤¡¤
¡¤¡¤¡¤¡¤¡¤¡ð¡¤¡¤
step: 20  col: 0  B: 10 W: 14
dep:8, cnt:1171712, tl:177, pv:[<1,4>:-2.28]
m 1 4
board 0x362412311000 0x201808182c0c0c00 col 1
¡¤¡¤¡¤¡¤¡¤¡¤¡¤¡¤
¡¤¡¤¡ð¡ð¡ñ¡¤¡¤¡¤
¡ñ¡¤¡ð¡ð¡ñ¡ñ¡¤¡¤
¡¤¡ñ¡ð¡ð¡ñ¡ð¡¤¡¤
¡¤¡¤¡ñ¡ð¡ð¡ñ¡¤¡¤
¡¤¡ñ¡ñ¡ð¡ñ¡ñ¡¤¡¤
¡¤¡¤¡¤¡ð¡ð¡¤¡¤¡¤
¡¤¡¤¡¤¡¤¡¤¡ð¡¤¡¤
step: 21  col: 1  B: 12 W: 13
dep:8, cnt:1385131, tl:214, pv:[<4,1>:0.88]
m 4 1
board 0x322012311000 0x20180c1e2c0c0c00 col 0
¡¤¡¤¡¤¡¤¡¤¡¤¡¤¡¤
¡¤¡¤¡ð¡ð¡ñ¡¤¡¤¡¤
¡ñ¡¤¡ð¡ð¡ñ¡ñ¡¤¡¤
¡¤¡ñ¡ð¡ð¡ñ¡ð¡¤¡¤
¡¤¡ð¡ð¡ð¡ð¡ñ¡¤¡¤
¡¤¡ñ¡ð¡ð¡ñ¡ñ¡¤¡¤
¡¤¡¤¡¤¡ð¡ð¡¤¡¤¡¤
¡¤¡¤¡¤¡¤¡¤¡ð¡¤¡¤
step: 22  col: 0  B: 10 W: 16
dep:8, cnt:1887520, tl:286, pv:[<7,3>:-0.85]
m 7 3
board 0x810322012311000 0x20080c1e2c0c0c00 col 1
¡¤¡¤¡¤¡¤¡¤¡¤¡¤¡¤
¡¤¡¤¡ð¡ð¡ñ¡¤¡¤¡¤
¡ñ¡¤¡ð¡ð¡ñ¡ñ¡¤¡¤
¡¤¡ñ¡ð¡ð¡ñ¡ð¡¤¡¤
¡¤¡ð¡ð¡ð¡ð¡ñ¡¤¡¤
¡¤¡ñ¡ð¡ð¡ñ¡ñ¡¤¡¤
¡¤¡¤¡¤¡ð¡ñ¡¤¡¤¡¤
¡¤¡¤¡¤¡ñ¡¤¡ð¡¤¡¤
step: 23  col: 1  B: 12 W: 15
dep:8, cnt:6472735, tl:1010, pv:[<3,6>:1.44]
m 3 6
board 0x810220012311000 0x20081c3e6c0c0c00 col 0
¡¤¡¤¡¤¡¤¡¤¡¤¡¤¡¤
¡¤¡¤¡ð¡ð¡ñ¡¤¡¤¡¤
¡ñ¡¤¡ð¡ð¡ñ¡ñ¡¤¡¤
¡¤¡ñ¡ð¡ð¡ñ¡ð¡ð¡¤
¡¤¡ð¡ð¡ð¡ð¡ð¡¤¡¤
¡¤¡ñ¡ð¡ð¡ð¡ñ¡¤¡¤
¡¤¡¤¡¤¡ð¡ñ¡¤¡¤¡¤
¡¤¡¤¡¤¡ñ¡¤¡ð¡¤¡¤
step: 24  col: 0  B: 10 W: 18
dep:8, cnt:4716714, tl:675, pv:[<6,2>:-3.30]
m 6 2
board 0x81c220012311000 0x20001c3e6c0c0c00 col 1
¡¤¡¤¡¤¡¤¡¤¡¤¡¤¡¤
¡¤¡¤¡ð¡ð¡ñ¡¤¡¤¡¤
¡ñ¡¤¡ð¡ð¡ñ¡ñ¡¤¡¤
¡¤¡ñ¡ð¡ð¡ñ¡ð¡ð¡¤
¡¤¡ð¡ð¡ð¡ð¡ð¡¤¡¤
¡¤¡ñ¡ð¡ð¡ð¡ñ¡¤¡¤
¡¤¡¤¡ñ¡ñ¡ñ¡¤¡¤¡¤
¡¤¡¤¡¤¡ñ¡¤¡ð¡¤¡¤
step: 25  col: 1  B: 12 W: 17
dep:8, cnt:3777637, tl:542, pv:[<3,0>:2.20]
m 3 0
board 0x81c220010311000 0x20001c3e6f0c0c00 col 0
¡¤¡¤¡¤¡¤¡¤¡¤¡¤¡¤
¡¤¡¤¡ð¡ð¡ñ¡¤¡¤¡¤
¡ñ¡¤¡ð¡ð¡ñ¡ñ¡¤¡¤
¡ð¡ð¡ð¡ð¡ñ¡ð¡ð¡¤
¡¤¡ð¡ð¡ð¡ð¡ð¡¤¡¤
¡¤¡ñ¡ð¡ð¡ð¡ñ¡¤¡¤
¡¤¡¤¡ñ¡ñ¡ñ¡¤¡¤¡¤
¡¤¡¤¡¤¡ñ¡¤¡ð¡¤¡¤
step: 26  col: 0  B: 11 W: 19
dep:8, cnt:1699676, tl:261, pv:[<4,6>:0.10]
m 4 6
board 0x81c224030311000 0x20001c3e4f0c0c00 col 1
¡¤¡¤¡¤¡¤¡¤¡¤¡¤¡¤
¡¤¡¤¡ð¡ð¡ñ¡¤¡¤¡¤
¡ñ¡¤¡ð¡ð¡ñ¡ñ¡¤¡¤
¡ð¡ð¡ð¡ð¡ñ¡ñ¡ð¡¤
¡¤¡ð¡ð¡ð¡ð¡ð¡ñ¡¤
¡¤¡ñ¡ð¡ð¡ð¡ñ¡¤¡¤
¡¤¡¤¡ñ¡ñ¡ñ¡¤¡¤¡¤
¡¤¡¤¡¤¡ñ¡¤¡ð¡¤¡¤
step: 27  col: 1  B: 13 W: 18
dep:8, cnt:4312654, tl:630, pv:[<6,5>:0.54]
m 6 5
board 0x81c024030311000 0x20203c3e4f0c0c00 col 0
¡¤¡¤¡¤¡¤¡¤¡¤¡¤¡¤
¡¤¡¤¡ð¡ð¡ñ¡¤¡¤¡¤
¡ñ¡¤¡ð¡ð¡ñ¡ñ¡¤¡¤
¡ð¡ð¡ð¡ð¡ñ¡ñ¡ð¡¤
¡¤¡ð¡ð¡ð¡ð¡ð¡ñ¡¤
¡¤¡ñ¡ð¡ð¡ð¡ð¡¤¡¤
¡¤¡¤¡ñ¡ñ¡ñ¡ð¡¤¡¤
¡¤¡¤¡¤¡ñ¡¤¡ð¡¤¡¤
step: 28  col: 0  B: 12 W: 20
dep:8, cnt:3141411, tl:456, pv:[<5,6>:-0.20]
m 5 6
board 0x81c7e6030311000 0x2020001e4f0c0c00 col 1
¡¤¡¤¡¤¡¤¡¤¡¤¡¤¡¤
¡¤¡¤¡ð¡ð¡ñ¡¤¡¤¡¤
¡ñ¡¤¡ð¡ð¡ñ¡ñ¡¤¡¤
¡ð¡ð¡ð¡ð¡ñ¡ñ¡ð¡¤
¡¤¡ð¡ð¡ð¡ð¡ñ¡ñ¡¤
¡¤¡ñ¡ñ¡ñ¡ñ¡ñ¡ñ¡¤
¡¤¡¤¡ñ¡ñ¡ñ¡ð¡¤¡¤
¡¤¡¤¡¤¡ñ¡¤¡ð¡¤¡¤
step: 29  col: 1  B: 18 W: 15
dep:8, cnt:4979120, tl:733, pv:[<0,5>:-4.36<1,0>:-4.36]
m 1 0
board 0x81c7e6030301000 0x2020001e4f0d0d00 col 0
¡¤¡¤¡¤¡¤¡¤¡¤¡¤¡¤
¡ð¡¤¡ð¡ð¡ñ¡¤¡¤¡¤
¡ð¡¤¡ð¡ð¡ñ¡ñ¡¤¡¤
¡ð¡ð¡ð¡ð¡ñ¡ñ¡ð¡¤
¡¤¡ð¡ð¡ð¡ð¡ñ¡ñ¡¤
¡¤¡ñ¡ñ¡ñ¡ñ¡ñ¡ñ¡¤
¡¤¡¤¡ñ¡ñ¡ñ¡ð¡¤¡¤
¡¤¡¤¡¤¡ñ¡¤¡ð¡¤¡¤
step: 30  col: 0  B: 17 W: 17
dep:8, cnt:1917562, tl:273, pv:[<7,4>:2.54]
m 7 4
board 0x183c7e6030301000 0x2000001e4f0d0d00 col 1
¡¤¡¤¡¤¡¤¡¤¡¤¡¤¡¤
¡ð¡¤¡ð¡ð¡ñ¡¤¡¤¡¤
¡ð¡¤¡ð¡ð¡ñ¡ñ¡¤¡¤
¡ð¡ð¡ð¡ð¡ñ¡ñ¡ð¡¤
¡¤¡ð¡ð¡ð¡ð¡ñ¡ñ¡¤
¡¤¡ñ¡ñ¡ñ¡ñ¡ñ¡ñ¡¤
¡¤¡¤¡ñ¡ñ¡ñ¡ñ¡¤¡¤
¡¤¡¤¡¤¡ñ¡ñ¡ð¡¤¡¤
step: 31  col: 1  B: 19 W: 16
dep:8, cnt:3769474, tl:575, pv:[<0,5>:-2.38]
m 0 5
board 0x183c7e6030300000 0x2000001e4f0d1d20 col 0
¡¤¡¤¡¤¡¤¡¤¡ð¡¤¡¤
¡ð¡¤¡ð¡ð¡ð¡¤¡¤¡¤
¡ð¡¤¡ð¡ð¡ñ¡ñ¡¤¡¤
¡ð¡ð¡ð¡ð¡ñ¡ñ¡ð¡¤
¡¤¡ð¡ð¡ð¡ð¡ñ¡ñ¡¤
¡¤¡ñ¡ñ¡ñ¡ñ¡ñ¡ñ¡¤
¡¤¡¤¡ñ¡ñ¡ñ¡ñ¡¤¡¤
¡¤¡¤¡¤¡ñ¡ñ¡ð¡¤¡¤
step: 32  col: 0  B: 18 W: 18
dep:8, cnt:1869184, tl:289, pv:[<4,7>:-0.27]
m 4 7
board 0x183c7ee070300000 0x2000001e0f0d1d20 col 1
¡¤¡¤¡¤¡¤¡¤¡ð¡¤¡¤
¡ð¡¤¡ð¡ð¡ð¡¤¡¤¡¤
¡ð¡¤¡ð¡ð¡ñ¡ñ¡¤¡¤
¡ð¡ð¡ð¡ð¡ñ¡ñ¡ñ¡¤
¡¤¡ð¡ð¡ð¡ð¡ñ¡ñ¡ñ
¡¤¡ñ¡ñ¡ñ¡ñ¡ñ¡ñ¡¤
¡¤¡¤¡ñ¡ñ¡ñ¡ñ¡¤¡¤
¡¤¡¤¡¤¡ñ¡ñ¡ð¡¤¡¤
step: 33  col: 1  B: 20 W: 17
dep:8, cnt:2349323, tl:363, pv:[<6,0>:-3.16]
m 6 0
board 0x183c7ce070300000 0x2001021e0f0d1d20 col 0
¡¤¡¤¡¤¡¤¡¤¡ð¡¤¡¤
¡ð¡¤¡ð¡ð¡ð¡¤¡¤¡¤
¡ð¡¤¡ð¡ð¡ñ¡ñ¡¤¡¤
¡ð¡ð¡ð¡ð¡ñ¡ñ¡ñ¡¤
¡¤¡ð¡ð¡ð¡ð¡ñ¡ñ¡ñ
¡¤¡ð¡ñ¡ñ¡ñ¡ñ¡ñ¡¤
¡ð¡¤¡ñ¡ñ¡ñ¡ñ¡¤¡¤
¡¤¡¤¡¤¡ñ¡ñ¡ð¡¤¡¤
step: 34  col: 0  B: 19 W: 19
dep:8, cnt:679268, tl:109, pv:[<0,4>:-4.50]
m 0 4
board 0x183c7ce070301010 0x2001021e0f0d0d20 col 1
¡¤¡¤¡¤¡¤¡ñ¡ð¡¤¡¤
¡ð¡¤¡ð¡ð¡ñ¡¤¡¤¡¤
¡ð¡¤¡ð¡ð¡ñ¡ñ¡¤¡¤
¡ð¡ð¡ð¡ð¡ñ¡ñ¡ñ¡¤
¡¤¡ð¡ð¡ð¡ð¡ñ¡ñ¡ñ
¡¤¡ð¡ñ¡ñ¡ñ¡ñ¡ñ¡¤
¡ð¡¤¡ñ¡ñ¡ñ¡ñ¡¤¡¤
¡¤¡¤¡¤¡ñ¡ñ¡ð¡¤¡¤
step: 35  col: 1  B: 21 W: 18
dep:8, cnt:159097, tl:30, pv:[<0,3>:2.75]
m 0 3
board 0x183c7ce070301000 0x2001021e0f0d0d38 col 0
¡¤¡¤¡¤¡ð¡ð¡ð¡¤¡¤
¡ð¡¤¡ð¡ð¡ñ¡¤¡¤¡¤
¡ð¡¤¡ð¡ð¡ñ¡ñ¡¤¡¤
¡ð¡ð¡ð¡ð¡ñ¡ñ¡ñ¡¤
¡¤¡ð¡ð¡ð¡ð¡ñ¡ñ¡ñ
¡¤¡ð¡ñ¡ñ¡ñ¡ñ¡ñ¡¤
¡ð¡¤¡ñ¡ñ¡ñ¡ñ¡¤¡¤
¡¤¡¤¡¤¡ñ¡ñ¡ð¡¤¡¤
step: 36  col: 0  B: 20 W: 20
dep:8, cnt:252516, tl:39, pv:[<2,1>:-5.46]
m 2 1
board 0x183c7ce8743e1000 0x200102160b010d38 col 1
¡¤¡¤¡¤¡ð¡ð¡ð¡¤¡¤
¡ð¡¤¡ð¡ð¡ñ¡¤¡¤¡¤
¡ð¡ñ¡ñ¡ñ¡ñ¡ñ¡¤¡¤
¡ð¡ð¡ñ¡ð¡ñ¡ñ¡ñ¡¤
¡¤¡ð¡ð¡ñ¡ð¡ñ¡ñ¡ñ
¡¤¡ð¡ñ¡ñ¡ñ¡ñ¡ñ¡¤
¡ð¡¤¡ñ¡ñ¡ñ¡ñ¡¤¡¤
¡¤¡¤¡¤¡ñ¡ñ¡ð¡¤¡¤
step: 37  col: 1  B: 25 W: 16
dep:8, cnt:276423, tl:44, pv:[<7,2>:15.55]
m 7 2
board 0x3878e8743e1000 0x3c0506160b010d38 col 0
¡¤¡¤¡¤¡ð¡ð¡ð¡¤¡¤
¡ð¡¤¡ð¡ð¡ñ¡¤¡¤¡¤
¡ð¡ñ¡ñ¡ñ¡ñ¡ñ¡¤¡¤
¡ð¡ð¡ñ¡ð¡ñ¡ñ¡ñ¡¤
¡¤¡ð¡ð¡ñ¡ð¡ñ¡ñ¡ñ
¡¤¡ð¡ð¡ñ¡ñ¡ñ¡ñ¡¤
¡ð¡¤¡ð¡ñ¡ñ¡ñ¡¤¡¤
¡¤¡¤¡ð¡ð¡ð¡ð¡¤¡¤
step: 38  col: 0  B: 21 W: 21
dep:8, cnt:805177, tl:122, pv:[<0,1>:-16.42]
m 0 1
board 0x3878e8743e1402 0x3c0506160b010938 col 1
¡¤¡ñ¡¤¡ð¡ð¡ð¡¤¡¤
¡ð¡¤¡ñ¡ð¡ñ¡¤¡¤¡¤
¡ð¡ñ¡ñ¡ñ¡ñ¡ñ¡¤¡¤
¡ð¡ð¡ñ¡ð¡ñ¡ñ¡ñ¡¤
¡¤¡ð¡ð¡ñ¡ð¡ñ¡ñ¡ñ
¡¤¡ð¡ð¡ñ¡ñ¡ñ¡ñ¡¤
¡ð¡¤¡ð¡ñ¡ñ¡ñ¡¤¡¤
¡¤¡¤¡ð¡ð¡ð¡ð¡¤¡¤
step: 39  col: 1  B: 23 W: 20
dep:8, cnt:65628, tl:10, pv:[<1,6>:13.98]
m 1 6
board 0x3878e0641e1402 0x3c05061e1b214938 col 0
¡¤¡ñ¡¤¡ð¡ð¡ð¡¤¡¤
¡ð¡¤¡ñ¡ð¡ñ¡¤¡ð¡¤
¡ð¡ñ¡ñ¡ñ¡ñ¡ð¡¤¡¤
¡ð¡ð¡ñ¡ð¡ð¡ñ¡ñ¡¤
¡¤¡ð¡ð¡ð¡ð¡ñ¡ñ¡ñ
¡¤¡ð¡ð¡ñ¡ñ¡ñ¡ñ¡¤
¡ð¡¤¡ð¡ñ¡ñ¡ñ¡¤¡¤
¡¤¡¤¡ð¡ð¡ð¡ð¡¤¡¤
step: 40  col: 0  B: 20 W: 24
dep:8, cnt:119683, tl:20, pv:[<4,0>:-5.31]
m 4 0
board 0x3878ff661e1402 0x3c05060019214938 col 1
¡¤¡ñ¡¤¡ð¡ð¡ð¡¤¡¤
¡ð¡¤¡ñ¡ð¡ñ¡¤¡ð¡¤
¡ð¡ñ¡ñ¡ñ¡ñ¡ð¡¤¡¤
¡ð¡ñ¡ñ¡ð¡ð¡ñ¡ñ¡¤
¡ñ¡ñ¡ñ¡ñ¡ñ¡ñ¡ñ¡ñ
¡¤¡ð¡ð¡ñ¡ñ¡ñ¡ñ¡¤
¡ð¡¤¡ð¡ñ¡ñ¡ñ¡¤¡¤
¡¤¡¤¡ð¡ð¡ð¡ð¡¤¡¤
step: 41  col: 1  B: 26 W: 19
dep:8, cnt:17778, tl:4, pv:[<5,0>:11.14]
m 5 0
board 0x3878fc62160402 0x3c0507031d295938 col 0
¡¤¡ñ¡¤¡ð¡ð¡ð¡¤¡¤
¡ð¡¤¡ñ¡ð¡ð¡¤¡ð¡¤
¡ð¡ñ¡ñ¡ð¡ñ¡ð¡¤¡¤
¡ð¡ñ¡ð¡ð¡ð¡ñ¡ñ¡¤
¡ð¡ð¡ñ¡ñ¡ñ¡ñ¡ñ¡ñ
¡ð¡ð¡ð¡ñ¡ñ¡ñ¡ñ¡¤
¡ð¡¤¡ð¡ñ¡ñ¡ñ¡¤¡¤
¡¤¡¤¡ð¡ð¡ð¡ð¡¤¡¤
step: 42  col: 0  B: 21 W: 25
dep:8, cnt:28243, tl:5, pv:[<0,7>:-0.86]
m 0 7
board 0x3878fc72364482 0x3c0507030d091938 col 1
¡¤¡ñ¡¤¡ð¡ð¡ð¡¤¡ñ
¡ð¡¤¡ñ¡ð¡ð¡¤¡ñ¡¤
¡ð¡ñ¡ñ¡ð¡ñ¡ñ¡¤¡¤
¡ð¡ñ¡ð¡ð¡ñ¡ñ¡ñ¡¤
¡ð¡ð¡ñ¡ñ¡ñ¡ñ¡ñ¡ñ
¡ð¡ð¡ð¡ñ¡ñ¡ñ¡ñ¡¤
¡ð¡¤¡ð¡ñ¡ñ¡ñ¡¤¡¤
¡¤¡¤¡ð¡ð¡ð¡ð¡¤¡¤
step: 43  col: 1  B: 25 W: 22
dep:8, cnt:17500, tl:7, pv:[<0,2>:10.61]
m 0 2
board 0x3878fc72324082 0x3c0507030d0d1d3c col 0
¡¤¡ñ¡ð¡ð¡ð¡ð¡¤¡ñ
¡ð¡¤¡ð¡ð¡ð¡¤¡ñ¡¤
¡ð¡ñ¡ð¡ð¡ñ¡ñ¡¤¡¤
¡ð¡ñ¡ð¡ð¡ñ¡ñ¡ñ¡¤
¡ð¡ð¡ñ¡ñ¡ñ¡ñ¡ñ¡ñ
¡ð¡ð¡ð¡ñ¡ñ¡ñ¡ñ¡¤
¡ð¡¤¡ð¡ñ¡ñ¡ñ¡¤¡¤
¡¤¡¤¡ð¡ð¡ð¡ð¡¤¡¤
step: 44  col: 0  B: 23 W: 25
dep:8, cnt:18529, tl:3, pv:[<0,6>:-0.55]
m 0 6
board 0x3878fc723240fe 0x3c0507030d0d1d00 col 1
¡¤¡ñ¡ñ¡ñ¡ñ¡ñ¡ñ¡ñ
¡ð¡¤¡ð¡ð¡ð¡¤¡ñ¡¤
¡ð¡ñ¡ð¡ð¡ñ¡ñ¡¤¡¤
¡ð¡ñ¡ð¡ð¡ñ¡ñ¡ñ¡¤
¡ð¡ð¡ñ¡ñ¡ñ¡ñ¡ñ¡ñ
¡ð¡ð¡ð¡ñ¡ñ¡ñ¡ñ¡¤
¡ð¡¤¡ð¡ñ¡ñ¡ñ¡¤¡¤
¡¤¡¤¡ð¡ð¡ð¡ð¡¤¡¤
step: 45  col: 1  B: 28 W: 21
dep:8, cnt:56587, tl:10, pv:[<7,6>:8.44]
m 7 6
board 0x1868f4723240fe 0x7c25170b0d0d1d00 col 0
¡¤¡ñ¡ñ¡ñ¡ñ¡ñ¡ñ¡ñ
¡ð¡¤¡ð¡ð¡ð¡¤¡ñ¡¤
¡ð¡ñ¡ð¡ð¡ñ¡ñ¡¤¡¤
¡ð¡ñ¡ð¡ð¡ñ¡ñ¡ñ¡¤
¡ð¡ð¡ñ¡ð¡ñ¡ñ¡ñ¡ñ
¡ð¡ð¡ð¡ñ¡ð¡ñ¡ñ¡¤
¡ð¡¤¡ð¡ñ¡ñ¡ð¡¤¡¤
¡¤¡¤¡ð¡ð¡ð¡ð¡ð¡¤
step: 46  col: 0  B: 25 W: 25
dep:8, cnt:122917, tl:19, pv:[<6,6>:-4.23]
m 6 6
board 0x7868f4723240fe 0x7c05170b0d0d1d00 col 1
¡¤¡ñ¡ñ¡ñ¡ñ¡ñ¡ñ¡ñ
¡ð¡¤¡ð¡ð¡ð¡¤¡ñ¡¤
¡ð¡ñ¡ð¡ð¡ñ¡ñ¡¤¡¤
¡ð¡ñ¡ð¡ð¡ñ¡ñ¡ñ¡¤
¡ð¡ð¡ñ¡ð¡ñ¡ñ¡ñ¡ñ
¡ð¡ð¡ð¡ñ¡ð¡ñ¡ñ¡¤
¡ð¡¤¡ð¡ñ¡ñ¡ñ¡ñ¡¤
¡¤¡¤¡ð¡ð¡ð¡ð¡ð¡¤
step: 47  col: 1  B: 27 W: 24
dep:8, cnt:132011, tl:21, pv:[<7,7>:-6.00]
m 7 7
board 0x3848e4723240fe 0xfc45371b0d0d1d00 col 0
¡¤¡ñ¡ñ¡ñ¡ñ¡ñ¡ñ¡ñ
¡ð¡¤¡ð¡ð¡ð¡¤¡ñ¡¤
¡ð¡ñ¡ð¡ð¡ñ¡ñ¡¤¡¤
¡ð¡ñ¡ð¡ð¡ñ¡ñ¡ñ¡¤
¡ð¡ð¡ñ¡ð¡ð¡ñ¡ñ¡ñ
¡ð¡ð¡ð¡ñ¡ð¡ð¡ñ¡¤
¡ð¡¤¡ð¡ñ¡ñ¡ñ¡ð¡¤
¡¤¡¤¡ð¡ð¡ð¡ð¡ð¡ð
step: 48  col: 0  B: 24 W: 28
dep:8, cnt:8082, tl:1, pv:[<6,7>:6.00]
m 6 7
board 0xf848e4723240fe 0xfc05371b0d0d1d00 col 1
¡¤¡ñ¡ñ¡ñ¡ñ¡ñ¡ñ¡ñ
¡ð¡¤¡ð¡ð¡ð¡¤¡ñ¡¤
¡ð¡ñ¡ð¡ð¡ñ¡ñ¡¤¡¤
¡ð¡ñ¡ð¡ð¡ñ¡ñ¡ñ¡¤
¡ð¡ð¡ñ¡ð¡ð¡ñ¡ñ¡ñ
¡ð¡ð¡ð¡ñ¡ð¡ð¡ñ¡¤
¡ð¡¤¡ð¡ñ¡ñ¡ñ¡ñ¡ñ
¡¤¡¤¡ð¡ð¡ð¡ð¡ð¡ð
step: 49  col: 1  B: 26 W: 27
dep:8, cnt:3805, tl:0, pv:[<2,7>:-6.00]
m 2 7
board 0xf848c4323240fe 0xfc05373b4d8d1d00 col 0
¡¤¡ñ¡ñ¡ñ¡ñ¡ñ¡ñ¡ñ
¡ð¡¤¡ð¡ð¡ð¡¤¡ñ¡¤
¡ð¡ñ¡ð¡ð¡ñ¡ñ¡¤¡ð
¡ð¡ñ¡ð¡ð¡ñ¡ñ¡ð¡¤
¡ð¡ð¡ñ¡ð¡ð¡ð¡ñ¡ñ
¡ð¡ð¡ð¡ñ¡ð¡ð¡ñ¡¤
¡ð¡¤¡ð¡ñ¡ñ¡ñ¡ñ¡ñ
¡¤¡¤¡ð¡ð¡ð¡ð¡ð¡ð
step: 50  col: 0  B: 24 W: 30
dep:8, cnt:1225, tl:1, pv:[<3,7>:6.00]
m 3 7
board 0xf848c4f23240fe 0xfc05373b0d8d1d00 col 1
¡¤¡ñ¡ñ¡ñ¡ñ¡ñ¡ñ¡ñ
¡ð¡¤¡ð¡ð¡ð¡¤¡ñ¡¤
¡ð¡ñ¡ð¡ð¡ñ¡ñ¡¤¡ð
¡ð¡ñ¡ð¡ð¡ñ¡ñ¡ñ¡ñ
¡ð¡ð¡ñ¡ð¡ð¡ð¡ñ¡ñ
¡ð¡ð¡ð¡ñ¡ð¡ð¡ñ¡¤
¡ð¡¤¡ð¡ñ¡ñ¡ñ¡ñ¡ñ
¡¤¡¤¡ð¡ð¡ð¡ð¡ð¡ð
step: 51  col: 1  B: 26 W: 29
dep:8, cnt:287, tl:0, pv:[<5,7>:-6.00]
m 5 7
board 0x380804522240fe 0xfcc5f7fbad9d1d00 col 0
¡¤¡ñ¡ñ¡ñ¡ñ¡ñ¡ñ¡ñ
¡ð¡¤¡ð¡ð¡ð¡¤¡ñ¡¤
¡ð¡ñ¡ð¡ð¡ð¡ñ¡¤¡ð
¡ð¡ñ¡ð¡ð¡ñ¡ð¡ñ¡ð
¡ð¡ð¡ñ¡ð¡ð¡ð¡ð¡ð
¡ð¡ð¡ð¡ñ¡ð¡ð¡ð¡ð
¡ð¡¤¡ð¡ñ¡ñ¡ñ¡ð¡ð
¡¤¡¤¡ð¡ð¡ð¡ð¡ð¡ð
step: 52  col: 0  B: 18 W: 38
dep:8, cnt:71, tl:0, pv:[<1,5>:6.00<2,6>:6.00]
m 1 5
board 0x3808045a3260fe 0xfcc5f7fba58d1d00 col 1
¡¤¡ñ¡ñ¡ñ¡ñ¡ñ¡ñ¡ñ
¡ð¡¤¡ð¡ð¡ð¡ñ¡ñ¡¤
¡ð¡ñ¡ð¡ð¡ñ¡ñ¡¤¡ð
¡ð¡ñ¡ð¡ñ¡ñ¡ð¡ñ¡ð
¡ð¡ð¡ñ¡ð¡ð¡ð¡ð¡ð
¡ð¡ð¡ð¡ñ¡ð¡ð¡ð¡ð
¡ð¡¤¡ð¡ñ¡ñ¡ñ¡ð¡ð
¡¤¡¤¡ð¡ð¡ð¡ð¡ð¡ð
step: 53  col: 1  B: 21 W: 36
dep:8, cnt:42, tl:1, pv:[<1,1>:-6.00<1,7>:-6.00]
m 1 7
board 0x3808045a3200fe 0xfcc5f7fba58dfd00 col 0
¡¤¡ñ¡ñ¡ñ¡ñ¡ñ¡ñ¡ñ
¡ð¡¤¡ð¡ð¡ð¡ð¡ð¡ð
¡ð¡ñ¡ð¡ð¡ñ¡ñ¡¤¡ð
¡ð¡ñ¡ð¡ñ¡ñ¡ð¡ñ¡ð
¡ð¡ð¡ñ¡ð¡ð¡ð¡ð¡ð
¡ð¡ð¡ð¡ñ¡ð¡ð¡ð¡ð
¡ð¡¤¡ð¡ñ¡ñ¡ñ¡ð¡ð
¡¤¡¤¡ð¡ð¡ð¡ð¡ð¡ð
step: 54  col: 0  B: 19 W: 39
dep:8, cnt:19, tl:0, pv:[<2,6>:6.00]
m 2 6
board 0x3808147a7260fe 0xfcc5f7eb858d9d00 col 1
¡¤¡ñ¡ñ¡ñ¡ñ¡ñ¡ñ¡ñ
¡ð¡¤¡ð¡ð¡ð¡ñ¡ñ¡ð
¡ð¡ñ¡ð¡ð¡ñ¡ñ¡ñ¡ð
¡ð¡ñ¡ð¡ñ¡ñ¡ñ¡ñ¡ð
¡ð¡ð¡ñ¡ð¡ñ¡ð¡ð¡ð
¡ð¡ð¡ð¡ñ¡ð¡ð¡ð¡ð
¡ð¡¤¡ð¡ñ¡ñ¡ñ¡ð¡ð
¡¤¡¤¡ð¡ð¡ð¡ð¡ð¡ð
step: 55  col: 1  B: 24 W: 35
dep:8, cnt:0, tl:0, pv:[<1,1>:-6.00]
m 1 1
board 0x380814787060fe 0xfcc5f7eb878f9f00 col 0
¡¤¡ñ¡ñ¡ñ¡ñ¡ñ¡ñ¡ñ
¡ð¡ð¡ð¡ð¡ð¡ñ¡ñ¡ð
¡ð¡ð¡ð¡ð¡ñ¡ñ¡ñ¡ð
¡ð¡ð¡ð¡ñ¡ñ¡ñ¡ñ¡ð
¡ð¡ð¡ñ¡ð¡ñ¡ð¡ð¡ð
¡ð¡ð¡ð¡ñ¡ð¡ð¡ð¡ð
¡ð¡¤¡ð¡ñ¡ñ¡ñ¡ð¡ð
¡¤¡¤¡ð¡ð¡ð¡ð¡ð¡ð
step: 56  col: 0  B: 22 W: 38
dep:8, cnt:0, tl:0, pv:[<0,0>:6.00]
m 0 0
board 0x380814787462ff 0xfcc5f7eb878b9d00 col 0
¡ñ¡ñ¡ñ¡ñ¡ñ¡ñ¡ñ¡ñ
¡ð¡ñ¡ð¡ð¡ð¡ñ¡ñ¡ð
¡ð¡ð¡ñ¡ð¡ñ¡ñ¡ñ¡ð
¡ð¡ð¡ð¡ñ¡ñ¡ñ¡ñ¡ð
¡ð¡ð¡ñ¡ð¡ñ¡ð¡ð¡ð
¡ð¡ð¡ð¡ñ¡ð¡ð¡ð¡ð
¡ð¡¤¡ð¡ñ¡ñ¡ñ¡ð¡ð
¡¤¡¤¡ð¡ð¡ð¡ð¡ð¡ð
step: 57  col: 0  B: 25 W: 36
dep:8, cnt:0, tl:0, pv:[<6,1>:6.00<7,0>:6.00]
m 7 0
board 0x1390915797563ff 0xfcc4f6ea868a9c00 col 0
¡ñ¡ñ¡ñ¡ñ¡ñ¡ñ¡ñ¡ñ
¡ñ¡ñ¡ð¡ð¡ð¡ñ¡ñ¡ð
¡ñ¡ð¡ñ¡ð¡ñ¡ñ¡ñ¡ð
¡ñ¡ð¡ð¡ñ¡ñ¡ñ¡ñ¡ð
¡ñ¡ð¡ñ¡ð¡ñ¡ð¡ð¡ð
¡ñ¡ð¡ð¡ñ¡ð¡ð¡ð¡ð
¡ñ¡¤¡ð¡ñ¡ñ¡ñ¡ð¡ð
¡ñ¡¤¡ð¡ð¡ð¡ð¡ð¡ð
step: 58  col: 0  B: 32 W: 30
dep:8, cnt:0, tl:0, pv:[<6,1>:6.00]
m 6 1
board 0x13f0f1f7b7763ff 0xfcc0f0e084889c00 col 1
¡ñ¡ñ¡ñ¡ñ¡ñ¡ñ¡ñ¡ñ
¡ñ¡ñ¡ð¡ð¡ð¡ñ¡ñ¡ð
¡ñ¡ñ¡ñ¡ð¡ñ¡ñ¡ñ¡ð
¡ñ¡ñ¡ð¡ñ¡ñ¡ñ¡ñ¡ð
¡ñ¡ñ¡ñ¡ñ¡ñ¡ð¡ð¡ð
¡ñ¡ñ¡ñ¡ñ¡ð¡ð¡ð¡ð
¡ñ¡ñ¡ñ¡ñ¡ñ¡ñ¡ð¡ð
¡ñ¡¤¡ð¡ð¡ð¡ð¡ð¡ð
step: 59  col: 1  B: 40 W: 23
dep:8, cnt:0, tl:0, pv:[<7,1>:-6.00]
m 7 1
board 0x13b070f5b3763ff 0xfec4f8f0a4c89c00 col 1
¡ñ¡ñ¡ñ¡ñ¡ñ¡ñ¡ñ¡ñ
¡ñ¡ñ¡ð¡ð¡ð¡ñ¡ñ¡ð
¡ñ¡ñ¡ñ¡ð¡ñ¡ñ¡ð¡ð
¡ñ¡ñ¡ð¡ñ¡ñ¡ð¡ñ¡ð
¡ñ¡ñ¡ñ¡ñ¡ð¡ð¡ð¡ð
¡ñ¡ñ¡ñ¡ð¡ð¡ð¡ð¡ð
¡ñ¡ñ¡ð¡ñ¡ñ¡ñ¡ð¡ð
¡ñ¡ð¡ð¡ð¡ð¡ð¡ð¡ð
step: 60  col: 1  B: 35 W: 29
black win
