Program start at  Sun Feb 21 23:45:42 2021
Game start at Sun Feb 21 23:45:44 2021
black mode: 1 , white mode: 1
4 dep:4, cnt:160, tl:0, pv:[<2,3>:-0.28,<3,2>:-0.28,<4,5>:-0.28,<5,4>:-0.28]
19 dep:5, cnt:609, tl:0, pv:[<2,3>:-2.03,<4,5>:-2.03,<5,4>:-2.03]
21 dep:6, cnt:1389, tl:0, pv:[<2,3>:0.81,<3,2>:0.81,<4,5>:0.81,<5,4>:0.81]
41 dep:7, cnt:4256, tl:1, pv:[<2,3>:-0.83,<3,2>:-0.83,<4,5>:-0.83,<5,4>:-0.83]
147 dep:8, cnt:15745, tl:3, pv:[<2,3>:1.74,<3,2>:1.74,<4,5>:1.74,<5,4>:1.74]
255 dep:9, cnt:34471, tl:5, pv:[<2,3>:0.32,<3,2>:0.32,<4,5>:0.32,<5,4>:0.32]
923 dep:10, cnt:129279, tl:20, pv:[<2,3>:1.49,<3,2>:1.49,<4,5>:1.49,<5,4>:1.49]
3214 dep:11, cnt:404369, tl:58, pv:[<2,3>:-0.44,<3,2>:-0.44,<4,5>:-0.44,<5,4>:-0.44]
m 4 5
board 0x8000000 0x3810000000 col 1
¡¤¡¤¡¤¡¤¡¤¡¤¡¤¡¤
¡¤¡¤¡¤¡¤¡¤¡¤¡¤¡¤
¡¤¡¤¡¤¡¤¡¤¡¤¡¤¡¤
¡¤¡¤¡¤¡ð¡ñ¡¤¡¤¡¤
¡¤¡¤¡¤¡ñ¡ñ¡ñ¡¤¡¤
¡¤¡¤¡¤¡¤¡¤¡¤¡¤¡¤
¡¤¡¤¡¤¡¤¡¤¡¤¡¤¡¤
¡¤¡¤¡¤¡¤¡¤¡¤¡¤¡¤
step: 1  col: 1  B: 1 W: 4
4 dep:4, cnt:199, tl:0, pv:[<5,3>:2.03]
3 dep:5, cnt:240, tl:0, pv:[<5,3>:-0.81]
12 dep:6, cnt:927, tl:0, pv:[<5,3>:0.83]
33 dep:7, cnt:4060, tl:1, pv:[<5,3>:-1.74]
60 dep:8, cnt:7587, tl:2, pv:[<5,3>:-0.32]
223 dep:9, cnt:35232, tl:5, pv:[<5,3>:-1.49]
756 dep:10, cnt:93821, tl:13, pv:[<5,3>:0.44]
1536 dep:11, cnt:238184, tl:34, pv:[<5,3>:0.41]
m 5 3
board 0x3010000000 0x80808000000 col 0
¡¤¡¤¡¤¡¤¡¤¡¤¡¤¡¤
¡¤¡¤¡¤¡¤¡¤¡¤¡¤¡¤
¡¤¡¤¡¤¡¤¡¤¡¤¡¤¡¤
¡¤¡¤¡¤¡ð¡ñ¡¤¡¤¡¤
¡¤¡¤¡¤¡ð¡ñ¡ñ¡¤¡¤
¡¤¡¤¡¤¡ð¡¤¡¤¡¤¡¤
¡¤¡¤¡¤¡¤¡¤¡¤¡¤¡¤
¡¤¡¤¡¤¡¤¡¤¡¤¡¤¡¤
step: 2  col: 0  B: 3 W: 3
2 dep:4, cnt:166, tl:0, pv:[<2,2>:0.81,<3,2>:0.51]
6 dep:5, cnt:657, tl:0, pv:[<2,2>:-0.85,<3,2>:-0.83]
19 dep:6, cnt:2534, tl:0, pv:[<2,2>:1.74]
62 dep:7, cnt:9286, tl:2, pv:[<2,2>:0.32]
94 dep:8, cnt:18421, tl:2, pv:[<2,2>:1.49]
722 dep:9, cnt:104644, tl:15, pv:[<2,2>:-0.44,<3,2>:-0.44]
1461 dep:10, cnt:218174, tl:34, pv:[<2,2>:-0.41,<3,2>:-0.41]
4015 dep:11, cnt:675268, tl:98, pv:[<2,2>:1.45,<3,2>:1.02]
m 2 2
board 0x80800000000 0x3018040000 col 1
¡¤¡¤¡¤¡¤¡¤¡¤¡¤¡¤
¡¤¡¤¡¤¡¤¡¤¡¤¡¤¡¤
¡¤¡¤¡ñ¡¤¡¤¡¤¡¤¡¤
¡¤¡¤¡¤¡ñ¡ñ¡¤¡¤¡¤
¡¤¡¤¡¤¡ð¡ñ¡ñ¡¤¡¤
¡¤¡¤¡¤¡ð¡¤¡¤¡¤¡¤
¡¤¡¤¡¤¡¤¡¤¡¤¡¤¡¤
¡¤¡¤¡¤¡¤¡¤¡¤¡¤¡¤
step: 3  col: 1  B: 2 W: 5
2 dep:4, cnt:288, tl:0, pv:[<2,3>:0.59,<3,5>:0.85]
8 dep:5, cnt:834, tl:1, pv:[<3,5>:-1.74]
12 dep:6, cnt:2129, tl:0, pv:[<2,3>:-0.32]
57 dep:7, cnt:11309, tl:1, pv:[<2,3>:-1.49]
219 dep:8, cnt:29972, tl:5, pv:[<2,3>:0.44]
505 dep:9, cnt:85878, tl:12, pv:[<2,3>:0.41]
1068 dep:10, cnt:143287, tl:21, pv:[<2,3>:-1.45]
3129 dep:11, cnt:534408, tl:77, pv:[<2,3>:0.02]
m 2 3
board 0x3010040000 0x80808080000 col 0
¡¤¡¤¡¤¡¤¡¤¡¤¡¤¡¤
¡¤¡¤¡¤¡¤¡¤¡¤¡¤¡¤
¡¤¡¤¡ñ¡ð¡¤¡¤¡¤¡¤
¡¤¡¤¡¤¡ð¡ñ¡¤¡¤¡¤
¡¤¡¤¡¤¡ð¡ñ¡ñ¡¤¡¤
¡¤¡¤¡¤¡ð¡¤¡¤¡¤¡¤
¡¤¡¤¡¤¡¤¡¤¡¤¡¤¡¤
¡¤¡¤¡¤¡¤¡¤¡¤¡¤¡¤
step: 4  col: 0  B: 4 W: 4
7 dep:4, cnt:641, tl:0, pv:[<3,2>:3.10]
15 dep:5, cnt:1257, tl:0, pv:[<3,2>:0.32]
14 dep:6, cnt:2721, tl:1, pv:[<3,2>:1.49]
98 dep:7, cnt:12609, tl:2, pv:[<3,2>:-0.44]
122 dep:8, cnt:24461, tl:3, pv:[<3,2>:-0.41]
507 dep:9, cnt:74920, tl:11, pv:[<3,2>:1.45]
2085 dep:10, cnt:315084, tl:46, pv:[<3,2>:-0.02]
5621 dep:11, cnt:888825, tl:127, pv:[<3,2>:1.72]
m 3 2
board 0x80800080000 0x301c040000 col 1
¡¤¡¤¡¤¡¤¡¤¡¤¡¤¡¤
¡¤¡¤¡¤¡¤¡¤¡¤¡¤¡¤
¡¤¡¤¡ñ¡ð¡¤¡¤¡¤¡¤
¡¤¡¤¡ñ¡ñ¡ñ¡¤¡¤¡¤
¡¤¡¤¡¤¡ð¡ñ¡ñ¡¤¡¤
¡¤¡¤¡¤¡ð¡¤¡¤¡¤¡¤
¡¤¡¤¡¤¡¤¡¤¡¤¡¤¡¤
¡¤¡¤¡¤¡¤¡¤¡¤¡¤¡¤
step: 5  col: 1  B: 3 W: 6
9 dep:4, cnt:748, tl:0, pv:[<3,5>:-0.32]
20 dep:5, cnt:2075, tl:1, pv:[<3,5>:-1.49]
62 dep:6, cnt:5550, tl:1, pv:[<3,5>:0.44]
55 dep:7, cnt:11674, tl:1, pv:[<3,5>:0.41]
196 dep:8, cnt:35710, tl:5, pv:[<3,5>:-1.45]
973 dep:9, cnt:202168, tl:30, pv:[<3,5>:0.02]
3288 dep:10, cnt:449780, tl:65, pv:[<3,5>:-1.72]
11068 dep:11, cnt:1977807, tl:302, pv:[<3,5>:0.34]
m 3 5
board 0x201c040000 0x81820080000 col 0
¡¤¡¤¡¤¡¤¡¤¡¤¡¤¡¤
¡¤¡¤¡¤¡¤¡¤¡¤¡¤¡¤
¡¤¡¤¡ñ¡ð¡¤¡¤¡¤¡¤
¡¤¡¤¡ñ¡ñ¡ñ¡ð¡¤¡¤
¡¤¡¤¡¤¡ð¡ð¡ñ¡¤¡¤
¡¤¡¤¡¤¡ð¡¤¡¤¡¤¡¤
¡¤¡¤¡¤¡¤¡¤¡¤¡¤¡¤
¡¤¡¤¡¤¡¤¡¤¡¤¡¤¡¤
step: 6  col: 0  B: 5 W: 5
20 dep:4, cnt:2088, tl:1, pv:[<5,5>:1.49]
8 dep:5, cnt:2436, tl:0, pv:[<5,5>:-0.66,<4,2>:-0.89,<5,4>:-0.44]
52 dep:6, cnt:8655, tl:1, pv:[<4,2>:-0.41,<5,5>:-0.49]
41 dep:7, cnt:16707, tl:2, pv:[<4,2>:1.45]
334 dep:8, cnt:93736, tl:14, pv:[<5,5>:-0.02]
1196 dep:9, cnt:236902, tl:33, pv:[<5,5>:1.72]
3503 dep:10, cnt:653222, tl:97, pv:[<5,5>:-0.34]
17770 dep:11, cnt:3832667, tl:552, pv:[<4,2>:-0.30]
m 4 2
board 0x80020080000 0x3c1c040000 col 1
¡¤¡¤¡¤¡¤¡¤¡¤¡¤¡¤
¡¤¡¤¡¤¡¤¡¤¡¤¡¤¡¤
¡¤¡¤¡ñ¡ð¡¤¡¤¡¤¡¤
¡¤¡¤¡ñ¡ñ¡ñ¡ð¡¤¡¤
¡¤¡¤¡ñ¡ñ¡ñ¡ñ¡¤¡¤
¡¤¡¤¡¤¡ð¡¤¡¤¡¤¡¤
¡¤¡¤¡¤¡¤¡¤¡¤¡¤¡¤
¡¤¡¤¡¤¡¤¡¤¡¤¡¤¡¤
step: 7  col: 1  B: 3 W: 8
4 dep:4, cnt:479, tl:0, pv:[<2,1>:0.89]
12 dep:5, cnt:1394, tl:0, pv:[<2,1>:0.41]
26 dep:6, cnt:3977, tl:1, pv:[<2,1>:-1.45]
43 dep:7, cnt:10381, tl:3, pv:[<2,1>:1.56]
161 dep:8, cnt:36919, tl:5, pv:[<2,1>:-0.02]
676 dep:9, cnt:143631, tl:21, pv:[<2,1>:4.29]
2886 dep:10, cnt:577806, tl:82, pv:[<2,1>:0.30]
7256 dep:11, cnt:1565994, tl:236, pv:[<2,1>:2.93]
m 2 1
board 0x3c1c000000 0x800200e0000 col 0
¡¤¡¤¡¤¡¤¡¤¡¤¡¤¡¤
¡¤¡¤¡¤¡¤¡¤¡¤¡¤¡¤
¡¤¡ð¡ð¡ð¡¤¡¤¡¤¡¤
¡¤¡¤¡ñ¡ñ¡ñ¡ð¡¤¡¤
¡¤¡¤¡ñ¡ñ¡ñ¡ñ¡¤¡¤
¡¤¡¤¡¤¡ð¡¤¡¤¡¤¡¤
¡¤¡¤¡¤¡¤¡¤¡¤¡¤¡¤
¡¤¡¤¡¤¡¤¡¤¡¤¡¤¡¤
step: 8  col: 0  B: 7 W: 5
10 dep:4, cnt:1271, tl:0, pv:[<1,2>:-0.41]
15 dep:5, cnt:2509, tl:0, pv:[<1,2>:1.45]
36 dep:6, cnt:6579, tl:1, pv:[<1,2>:-1.56]
59 dep:7, cnt:23221, tl:3, pv:[<1,2>:0.02]
537 dep:8, cnt:111782, tl:17, pv:[<1,2>:-4.29,<1,4>:-4.39]
1563 dep:9, cnt:370008, tl:56, pv:[<1,2>:-0.30]
5143 dep:10, cnt:922927, tl:140, pv:[<1,2>:-2.93]
19557 dep:11, cnt:4419505, tl:666, pv:[<1,2>:0.48]
m 1 2
board 0x80020020000 0x3c1c0c0400 col 1
¡¤¡¤¡¤¡¤¡¤¡¤¡¤¡¤
¡¤¡¤¡ñ¡¤¡¤¡¤¡¤¡¤
¡¤¡ð¡ñ¡ñ¡¤¡¤¡¤¡¤
¡¤¡¤¡ñ¡ñ¡ñ¡ð¡¤¡¤
¡¤¡¤¡ñ¡ñ¡ñ¡ñ¡¤¡¤
¡¤¡¤¡¤¡ð¡¤¡¤¡¤¡¤
¡¤¡¤¡¤¡¤¡¤¡¤¡¤¡¤
¡¤¡¤¡¤¡¤¡¤¡¤¡¤¡¤
step: 9  col: 1  B: 3 W: 10
8 dep:4, cnt:1303, tl:1, pv:[<2,4>:-1.77,<5,4>:-1.45]
16 dep:5, cnt:2628, tl:0, pv:[<2,4>:1.56]
43 dep:6, cnt:7088, tl:1, pv:[<2,4>:-0.02]
98 dep:7, cnt:16580, tl:2, pv:[<2,4>:4.29]
446 dep:8, cnt:146528, tl:21, pv:[<0,3>:-0.20,<3,1>:0.30,<5,5>:0.22]
2745 dep:9, cnt:639749, tl:99, pv:[<0,3>:2.50,<2,4>:2.93,<5,5>:2.84]
10695 dep:10, cnt:2018002, tl:309, pv:[<0,3>:-0.48,<3,1>:-0.54]
19135 dep:11, cnt:3553783, tl:545, pv:[<2,4>:3.68]
m 2 4
board 0x3c1c000400 0x800201e0000 col 0
¡¤¡¤¡¤¡¤¡¤¡¤¡¤¡¤
¡¤¡¤¡ñ¡¤¡¤¡¤¡¤¡¤
¡¤¡ð¡ð¡ð¡ð¡¤¡¤¡¤
¡¤¡¤¡ñ¡ñ¡ñ¡ð¡¤¡¤
¡¤¡¤¡ñ¡ñ¡ñ¡ñ¡¤¡¤
¡¤¡¤¡¤¡ð¡¤¡¤¡¤¡¤
¡¤¡¤¡¤¡¤¡¤¡¤¡¤¡¤
¡¤¡¤¡¤¡¤¡¤¡¤¡¤¡¤
step: 10  col: 0  B: 8 W: 6
13 dep:4, cnt:1405, tl:1, pv:[<1,3>:-1.56]
14 dep:5, cnt:2524, tl:0, pv:[<1,3>:0.02]
76 dep:6, cnt:10506, tl:2, pv:[<1,3>:-4.29]
123 dep:7, cnt:36744, tl:5, pv:[<1,3>:1.02]
491 dep:8, cnt:108764, tl:16, pv:[<1,3>:-2.93]
2251 dep:9, cnt:439344, tl:64, pv:[<1,3>:1.18]
10054 dep:10, cnt:1513455, tl:240, pv:[<1,3>:-3.68]
36251 dep:11, cnt:6522310, tl:1036, pv:[<1,3>:1.07]
m 1 3
board 0x80020160000 0x3c1c080c00 col 1
¡¤¡¤¡¤¡¤¡¤¡¤¡¤¡¤
¡¤¡¤¡ñ¡ñ¡¤¡¤¡¤¡¤
¡¤¡ð¡ð¡ñ¡ð¡¤¡¤¡¤
¡¤¡¤¡ñ¡ñ¡ñ¡ð¡¤¡¤
¡¤¡¤¡ñ¡ñ¡ñ¡ñ¡¤¡¤
¡¤¡¤¡¤¡ð¡¤¡¤¡¤¡¤
¡¤¡¤¡¤¡¤¡¤¡¤¡¤¡¤
¡¤¡¤¡¤¡¤¡¤¡¤¡¤¡¤
step: 11  col: 1  B: 5 W: 10
14 dep:4, cnt:1988, tl:1, pv:[<5,2>:-0.02]
31 dep:5, cnt:4375, tl:0, pv:[<5,2>:4.29]
61 dep:6, cnt:15913, tl:2, pv:[<5,2>:-1.18,<3,1>:-1.02]
216 dep:7, cnt:49773, tl:8, pv:[<5,2>:2.93]
612 dep:8, cnt:151328, tl:22, pv:[<5,2>:-1.18,<3,1>:-1.36]
1591 dep:9, cnt:328874, tl:53, pv:[<5,2>:3.68]
9157 dep:10, cnt:1632090, tl:251, pv:[<3,1>:-1.07]
26242 dep:11, cnt:5011394, tl:746, pv:[<5,2>:4.19]
m 5 2
board 0x3818080c00 0xc0424160000 col 0
¡¤¡¤¡¤¡¤¡¤¡¤¡¤¡¤
¡¤¡¤¡ñ¡ñ¡¤¡¤¡¤¡¤
¡¤¡ð¡ð¡ñ¡ð¡¤¡¤¡¤
¡¤¡¤¡ð¡ñ¡ñ¡ð¡¤¡¤
¡¤¡¤¡ð¡ñ¡ñ¡ñ¡¤¡¤
¡¤¡¤¡ð¡ð¡¤¡¤¡¤¡¤
¡¤¡¤¡¤¡¤¡¤¡¤¡¤¡¤
¡¤¡¤¡¤¡¤¡¤¡¤¡¤¡¤
step: 12  col: 0  B: 8 W: 8
20 dep:4, cnt:2695, tl:1, pv:[<1,5>:-4.29]
43 dep:5, cnt:6744, tl:1, pv:[<3,1>:1.18]
126 dep:6, cnt:16235, tl:3, pv:[<3,1>:-2.93]
260 dep:7, cnt:65454, tl:9, pv:[<3,1>:1.18]
665 dep:8, cnt:157074, tl:23, pv:[<3,1>:-3.68]
2747 dep:9, cnt:659383, tl:93, pv:[<3,1>:1.73]
10462 dep:10, cnt:1806685, tl:274, pv:[<3,1>:-4.19]
49956 dep:11, cnt:10928642, tl:1557, pv:[<3,1>:-0.68]
m 3 1
board 0xc0420120000 0x381e0c0c00 col 1
¡¤¡¤¡¤¡¤¡¤¡¤¡¤¡¤
¡¤¡¤¡ñ¡ñ¡¤¡¤¡¤¡¤
¡¤¡ð¡ñ¡ñ¡ð¡¤¡¤¡¤
¡¤¡ñ¡ñ¡ñ¡ñ¡ð¡¤¡¤
¡¤¡¤¡ð¡ñ¡ñ¡ñ¡¤¡¤
¡¤¡¤¡ð¡ð¡¤¡¤¡¤¡¤
¡¤¡¤¡¤¡¤¡¤¡¤¡¤¡¤
¡¤¡¤¡¤¡¤¡¤¡¤¡¤¡¤
step: 13  col: 1  B: 6 W: 11
19 dep:4, cnt:3181, tl:0, pv:[<4,1>:-1.18]
32 dep:5, cnt:4286, tl:1, pv:[<4,1>:2.93]
156 dep:6, cnt:26199, tl:4, pv:[<4,1>:-1.18]
263 dep:7, cnt:58743, tl:9, pv:[<2,5>:3.68]
643 dep:8, cnt:178369, tl:25, pv:[<2,0>:-1.73,<4,1>:-1.91]
3677 dep:9, cnt:742687, tl:110, pv:[<4,1>:4.19]
8223 dep:10, cnt:1362024, tl:202, pv:[<4,1>:0.68]
35746 dep:11, cnt:6701098, tl:982, pv:[<4,1>:3.01]
m 4 1
board 0x381c0c0c00 0xc0622120000 col 0
¡¤¡¤¡¤¡¤¡¤¡¤¡¤¡¤
¡¤¡¤¡ñ¡ñ¡¤¡¤¡¤¡¤
¡¤¡ð¡ñ¡ñ¡ð¡¤¡¤¡¤
¡¤¡ð¡ñ¡ñ¡ñ¡ð¡¤¡¤
¡¤¡ð¡ð¡ñ¡ñ¡ñ¡¤¡¤
¡¤¡¤¡ð¡ð¡¤¡¤¡¤¡¤
¡¤¡¤¡¤¡¤¡¤¡¤¡¤¡¤
¡¤¡¤¡¤¡¤¡¤¡¤¡¤¡¤
step: 14  col: 0  B: 10 W: 8
25 dep:4, cnt:3230, tl:1, pv:[<1,4>:-2.93,<1,5>:-3.17]
25 dep:5, cnt:4590, tl:1, pv:[<1,4>:1.18]
58 dep:6, cnt:12107, tl:1, pv:[<1,4>:-2.92,<1,5>:-3.02]
270 dep:7, cnt:65812, tl:9, pv:[<1,4>:1.91]
648 dep:8, cnt:134657, tl:21, pv:[<1,4>:-4.19]
3852 dep:9, cnt:806980, tl:114, pv:[<1,4>:-0.68]
18836 dep:10, cnt:3257016, tl:495, pv:[<1,4>:-3.21,<5,0>:-3.01]
50971 dep:11, cnt:9582796, tl:1392, pv:[<1,5>:0.38]
m 1 5
board 0xc0622020000 0x381c1c2c00 col 1
¡¤¡¤¡¤¡¤¡¤¡¤¡¤¡¤
¡¤¡¤¡ñ¡ñ¡¤¡ñ¡¤¡¤
¡¤¡ð¡ñ¡ñ¡ñ¡¤¡¤¡¤
¡¤¡ð¡ñ¡ñ¡ñ¡ð¡¤¡¤
¡¤¡ð¡ð¡ñ¡ñ¡ñ¡¤¡¤
¡¤¡¤¡ð¡ð¡¤¡¤¡¤¡¤
¡¤¡¤¡¤¡¤¡¤¡¤¡¤¡¤
¡¤¡¤¡¤¡¤¡¤¡¤¡¤¡¤
step: 15  col: 1  B: 7 W: 12
13 dep:4, cnt:2010, tl:0, pv:[<5,4>:0.30]
17 dep:5, cnt:2197, tl:0, pv:[<5,4>:3.02]
53 dep:6, cnt:7579, tl:1, pv:[<5,4>:1.94]
180 dep:7, cnt:26547, tl:5, pv:[<5,4>:5.74]
453 dep:8, cnt:103721, tl:14, pv:[<5,4>:2.26]
1805 dep:9, cnt:338655, tl:48, pv:[<5,4>:5.00]
9791 dep:10, cnt:1204331, tl:179, pv:[<5,4>:-0.38]
20344 dep:11, cnt:3721570, tl:538, pv:[<5,4>:2.27]
m 5 4
board 0x30181c2c00 0x1c0e26020000 col 0
¡¤¡¤¡¤¡¤¡¤¡¤¡¤¡¤
¡¤¡¤¡ñ¡ñ¡¤¡ñ¡¤¡¤
¡¤¡ð¡ñ¡ñ¡ñ¡¤¡¤¡¤
¡¤¡ð¡ð¡ñ¡ñ¡ð¡¤¡¤
¡¤¡ð¡ð¡ð¡ñ¡ñ¡¤¡¤
¡¤¡¤¡ð¡ð¡ð¡¤¡¤¡¤
¡¤¡¤¡¤¡¤¡¤¡¤¡¤¡¤
¡¤¡¤¡¤¡¤¡¤¡¤¡¤¡¤
step: 16  col: 0  B: 10 W: 10
12 dep:4, cnt:2091, tl:0, pv:[<2,5>:-3.02]
40 dep:5, cnt:8028, tl:1, pv:[<2,5>:-1.96,<5,1>:-1.94]
79 dep:6, cnt:23680, tl:4, pv:[<2,5>:-5.74]
231 dep:7, cnt:83856, tl:12, pv:[<2,5>:-2.26]
1550 dep:8, cnt:354734, tl:50, pv:[<2,5>:-5.34,<5,1>:-5.00]
3615 dep:9, cnt:824238, tl:118, pv:[<2,5>:0.38]
15423 dep:10, cnt:2800371, tl:429, pv:[<2,5>:-2.27]
36139 dep:11, cnt:7430750, tl:1083, pv:[<2,5>:2.11]
m 2 5
board 0x1c0e06020000 0x30383c2c00 col 1
¡¤¡¤¡¤¡¤¡¤¡¤¡¤¡¤
¡¤¡¤¡ñ¡ñ¡¤¡ñ¡¤¡¤
¡¤¡ð¡ñ¡ñ¡ñ¡ñ¡¤¡¤
¡¤¡ð¡ð¡ñ¡ñ¡ñ¡¤¡¤
¡¤¡ð¡ð¡ð¡ñ¡ñ¡¤¡¤
¡¤¡¤¡ð¡ð¡ð¡¤¡¤¡¤
¡¤¡¤¡¤¡¤¡¤¡¤¡¤¡¤
¡¤¡¤¡¤¡¤¡¤¡¤¡¤¡¤
step: 17  col: 1  B: 9 W: 12
5 dep:4, cnt:654, tl:0, pv:[<0,2>:1.96]
16 dep:5, cnt:2008, tl:1, pv:[<0,2>:5.74]
71 dep:6, cnt:6772, tl:1, pv:[<0,2>:2.26]
212 dep:7, cnt:29042, tl:4, pv:[<0,2>:5.34]
719 dep:8, cnt:72244, tl:11, pv:[<0,2>:-0.38]
3726 dep:9, cnt:383825, tl:56, pv:[<0,2>:2.27]
11910 dep:10, cnt:1057626, tl:164, pv:[<0,2>:-2.11]
30677 dep:11, cnt:4445184, tl:654, pv:[<0,2>:3.20]
m 0 2
board 0x3038382800 0x1c0e06060404 col 0
¡¤¡¤¡ð¡¤¡¤¡¤¡¤¡¤
¡¤¡¤¡ð¡ñ¡¤¡ñ¡¤¡¤
¡¤¡ð¡ð¡ñ¡ñ¡ñ¡¤¡¤
¡¤¡ð¡ð¡ñ¡ñ¡ñ¡¤¡¤
¡¤¡ð¡ð¡ð¡ñ¡ñ¡¤¡¤
¡¤¡¤¡ð¡ð¡ð¡¤¡¤¡¤
¡¤¡¤¡¤¡¤¡¤¡¤¡¤¡¤
¡¤¡¤¡¤¡¤¡¤¡¤¡¤¡¤
step: 18  col: 0  B: 10 W: 12
11 dep:4, cnt:2250, tl:1, pv:[<2,0>:-5.74]
31 dep:5, cnt:4407, tl:0, pv:[<2,0>:-2.50,<6,4>:-2.26]
124 dep:6, cnt:21525, tl:4, pv:[<6,4>:-5.68,<2,0>:-5.34,<5,0>:-5.59,<6,3>:-5.60]
231 dep:7, cnt:33684, tl:6, pv:[<2,0>:0.38]
611 dep:8, cnt:96441, tl:31, pv:[<2,0>:-2.27]
2456 dep:9, cnt:349822, tl:109, pv:[<2,0>:2.11]
13017 dep:10, cnt:1447878, tl:278, pv:[<5,0>:-3.20]
48180 dep:11, cnt:7273281, tl:1168, pv:[<2,0>:0.68]
m 2 0
board 0x1c0e06000404 0x30383f2800 col 1
¡¤¡¤¡ð¡¤¡¤¡¤¡¤¡¤
¡¤¡¤¡ð¡ñ¡¤¡ñ¡¤¡¤
¡ñ¡ñ¡ñ¡ñ¡ñ¡ñ¡¤¡¤
¡¤¡ð¡ð¡ñ¡ñ¡ñ¡¤¡¤
¡¤¡ð¡ð¡ð¡ñ¡ñ¡¤¡¤
¡¤¡¤¡ð¡ð¡ð¡¤¡¤¡¤
¡¤¡¤¡¤¡¤¡¤¡¤¡¤¡¤
¡¤¡¤¡¤¡¤¡¤¡¤¡¤¡¤
step: 19  col: 1  B: 10 W: 13
8 dep:4, cnt:907, tl:0, pv:[<3,0>:2.50]
42 dep:5, cnt:2497, tl:1, pv:[<3,0>:5.34]
133 dep:6, cnt:7613, tl:3, pv:[<3,0>:-0.38]
255 dep:7, cnt:22387, tl:7, pv:[<3,0>:2.27]
753 dep:8, cnt:67737, tl:15, pv:[<3,0>:-2.11]
2552 dep:9, cnt:176664, tl:28, pv:[<3,0>:4.36]
10762 dep:10, cnt:878293, tl:138, pv:[<3,0>:-0.68,<0,4>:-0.70]
21146 dep:11, cnt:2379831, tl:360, pv:[<3,0>:1.71]
m 3 0
board 0x30383d2800 0x1c0e07020404 col 0
¡¤¡¤¡ð¡¤¡¤¡¤¡¤¡¤
¡¤¡¤¡ð¡ñ¡¤¡ñ¡¤¡¤
¡ñ¡ð¡ñ¡ñ¡ñ¡ñ¡¤¡¤
¡ð¡ð¡ð¡ñ¡ñ¡ñ¡¤¡¤
¡¤¡ð¡ð¡ð¡ñ¡ñ¡¤¡¤
¡¤¡¤¡ð¡ð¡ð¡¤¡¤¡¤
¡¤¡¤¡¤¡¤¡¤¡¤¡¤¡¤
¡¤¡¤¡¤¡¤¡¤¡¤¡¤¡¤
step: 20  col: 0  B: 12 W: 12
5 dep:4, cnt:847, tl:0, pv:[<4,0>:-5.34]
31 dep:5, cnt:2342, tl:1, pv:[<4,0>:0.38]
9 dep:6, cnt:3198, tl:0, pv:[<4,0>:-2.27]
185 dep:7, cnt:25016, tl:4, pv:[<4,0>:2.11]
235 dep:8, cnt:32594, tl:15, pv:[<4,0>:-4.36]
1433 dep:9, cnt:157993, tl:28, pv:[<4,0>:0.68]
4945 dep:10, cnt:530488, tl:82, pv:[<4,0>:-1.71]
13855 dep:11, cnt:1651445, tl:235, pv:[<4,0>:-3.45]
m 4 0
board 0x1c0004020404 0x3f3b3d2800 col 1
¡¤¡¤¡ð¡¤¡¤¡¤¡¤¡¤
¡¤¡¤¡ð¡ñ¡¤¡ñ¡¤¡¤
¡ñ¡ð¡ñ¡ñ¡ñ¡ñ¡¤¡¤
¡ñ¡ñ¡ð¡ñ¡ñ¡ñ¡¤¡¤
¡ñ¡ñ¡ñ¡ñ¡ñ¡ñ¡¤¡¤
¡¤¡¤¡ð¡ð¡ð¡¤¡¤¡¤
¡¤¡¤¡¤¡¤¡¤¡¤¡¤¡¤
¡¤¡¤¡¤¡¤¡¤¡¤¡¤¡¤
step: 21  col: 1  B: 7 W: 18
19 dep:4, cnt:1480, tl:0, pv:[<5,0>:-0.38]
25 dep:5, cnt:2180, tl:0, pv:[<5,0>:2.27]
84 dep:6, cnt:10363, tl:2, pv:[<3,6>:-2.11]
335 dep:7, cnt:34772, tl:5, pv:[<5,0>:4.36]
625 dep:8, cnt:98568, tl:16, pv:[<5,0>:-0.84,<0,3>:-0.68,<3,6>:-1.09]
1918 dep:9, cnt:173432, tl:27, pv:[<0,3>:1.71]
5981 dep:10, cnt:536123, tl:84, pv:[<5,0>:3.45]
31993 dep:11, cnt:4062793, tl:622, pv:[<5,0>:0.94,<0,3>:1.29]
m 0 3
board 0x3733352000 0x1c080c0a0c0c col 0
¡¤¡¤¡ð¡ð¡¤¡¤¡¤¡¤
¡¤¡¤¡ð¡ð¡¤¡ñ¡¤¡¤
¡ñ¡ð¡ñ¡ð¡ñ¡ñ¡¤¡¤
¡ñ¡ñ¡ð¡ð¡ñ¡ñ¡¤¡¤
¡ñ¡ñ¡ñ¡ð¡ñ¡ñ¡¤¡¤
¡¤¡¤¡ð¡ð¡ð¡¤¡¤¡¤
¡¤¡¤¡¤¡¤¡¤¡¤¡¤¡¤
¡¤¡¤¡¤¡¤¡¤¡¤¡¤¡¤
step: 22  col: 0  B: 14 W: 12
6 dep:4, cnt:940, tl:1, pv:[<1,4>:1.23]
13 dep:5, cnt:980, tl:0, pv:[<1,4>:3.50]
14 dep:6, cnt:2903, tl:1, pv:[<1,4>:-0.87]
136 dep:7, cnt:16053, tl:3, pv:[<1,4>:0.68]
299 dep:8, cnt:35153, tl:7, pv:[<1,4>:-1.71]
1302 dep:9, cnt:135863, tl:20, pv:[<1,4>:-0.79]
4314 dep:10, cnt:419930, tl:63, pv:[<1,4>:-1.29]
15100 dep:11, cnt:1969594, tl:404, pv:[<1,4>:0.34]
m 1 4
board 0x1c0808020c0c 0x37373d3000 col 1
¡¤¡¤¡ð¡ð¡¤¡¤¡¤¡¤
¡¤¡¤¡ð¡ð¡ñ¡ñ¡¤¡¤
¡ñ¡ð¡ñ¡ñ¡ñ¡ñ¡¤¡¤
¡ñ¡ñ¡ñ¡ð¡ñ¡ñ¡¤¡¤
¡ñ¡ñ¡ñ¡ð¡ñ¡ñ¡¤¡¤
¡¤¡¤¡ð¡ð¡ð¡¤¡¤¡¤
¡¤¡¤¡¤¡¤¡¤¡¤¡¤¡¤
¡¤¡¤¡¤¡¤¡¤¡¤¡¤¡¤
step: 23  col: 1  B: 10 W: 17
11 dep:4, cnt:851, tl:0, pv:[<5,5>:-3.50]
28 dep:5, cnt:2767, tl:1, pv:[<5,6>:0.87]
71 dep:6, cnt:5322, tl:1, pv:[<5,6>:-0.68]
181 dep:7, cnt:26702, tl:5, pv:[<5,6>:1.55,<5,5>:1.71]
659 dep:8, cnt:89941, tl:19, pv:[<5,6>:0.79]
1808 dep:9, cnt:262161, tl:48, pv:[<5,6>:1.18,<5,5>:1.29]
7678 dep:10, cnt:1049592, tl:194, pv:[<5,6>:-0.34]
24749 dep:11, cnt:3759605, tl:600, pv:[<5,6>:-3.39,<0,4>:-3.24,<5,5>:-3.39]
m 0 4
board 0x27272d2000 0x1c1818121c1c col 0
¡¤¡¤¡ð¡ð¡ð¡¤¡¤¡¤
¡¤¡¤¡ð¡ð¡ð¡ñ¡¤¡¤
¡ñ¡ð¡ñ¡ñ¡ð¡ñ¡¤¡¤
¡ñ¡ñ¡ñ¡ð¡ð¡ñ¡¤¡¤
¡ñ¡ñ¡ñ¡ð¡ð¡ñ¡¤¡¤
¡¤¡¤¡ð¡ð¡ð¡¤¡¤¡¤
¡¤¡¤¡¤¡¤¡¤¡¤¡¤¡¤
¡¤¡¤¡¤¡¤¡¤¡¤¡¤¡¤
step: 24  col: 0  B: 13 W: 15
15 dep:4, cnt:1873, tl:1, pv:[<0,5>:1.80]
14 dep:5, cnt:1579, tl:0, pv:[<0,5>:3.16]
54 dep:6, cnt:5604, tl:2, pv:[<0,5>:2.00]
128 dep:7, cnt:16696, tl:7, pv:[<0,5>:1.22]
351 dep:8, cnt:50507, tl:18, pv:[<0,5>:-0.67]
1388 dep:9, cnt:188819, tl:37, pv:[<5,5>:2.99]
4158 dep:10, cnt:555550, tl:88, pv:[<0,5>:3.24]
11972 dep:11, cnt:1995159, tl:341, pv:[<0,5>:3.32]
m 0 5
board 0x1c1818120c1c 0x27272d3020 col 1
¡¤¡¤¡ð¡ð¡ð¡ñ¡¤¡¤
¡¤¡¤¡ð¡ð¡ñ¡ñ¡¤¡¤
¡ñ¡ð¡ñ¡ñ¡ð¡ñ¡¤¡¤
¡ñ¡ñ¡ñ¡ð¡ð¡ñ¡¤¡¤
¡ñ¡ñ¡ñ¡ð¡ð¡ñ¡¤¡¤
¡¤¡¤¡ð¡ð¡ð¡¤¡¤¡¤
¡¤¡¤¡¤¡¤¡¤¡¤¡¤¡¤
¡¤¡¤¡¤¡¤¡¤¡¤¡¤¡¤
step: 25  col: 1  B: 14 W: 15
6 dep:4, cnt:674, tl:1, pv:[<1,1>:-3.16]
29 dep:5, cnt:2113, tl:0, pv:[<1,1>:-2.00,<0,6>:-2.13]
69 dep:6, cnt:7316, tl:1, pv:[<0,6>:-1.22]
150 dep:7, cnt:26185, tl:5, pv:[<0,6>:0.64,<1,1>:0.67]
297 dep:8, cnt:56307, tl:8, pv:[<0,6>:-2.09]
1436 dep:9, cnt:285814, tl:44, pv:[<0,6>:-3.24]
2644 dep:10, cnt:425712, tl:71, pv:[<0,6>:-3.32]
11132 dep:11, cnt:2096508, tl:321, pv:[<0,6>:-3.62,<1,1>:-3.54]
m 1 1
board 0x2727293020 0x1c1818160e1c col 0
¡¤¡¤¡ð¡ð¡ð¡ñ¡¤¡¤
¡¤¡ð¡ð¡ð¡ñ¡ñ¡¤¡¤
¡ñ¡ð¡ð¡ñ¡ð¡ñ¡¤¡¤
¡ñ¡ñ¡ñ¡ð¡ð¡ñ¡¤¡¤
¡ñ¡ñ¡ñ¡ð¡ð¡ñ¡¤¡¤
¡¤¡¤¡ð¡ð¡ð¡¤¡¤¡¤
¡¤¡¤¡¤¡¤¡¤¡¤¡¤¡¤
¡¤¡¤¡¤¡¤¡¤¡¤¡¤¡¤
step: 26  col: 0  B: 14 W: 16
15 dep:4, cnt:2134, tl:0, pv:[<6,3>:2.00]
20 dep:5, cnt:2510, tl:1, pv:[<6,3>:3.95]
44 dep:6, cnt:8244, tl:1, pv:[<6,3>:-0.67]
68 dep:7, cnt:16747, tl:3, pv:[<6,3>:2.63]
889 dep:8, cnt:193577, tl:28, pv:[<6,4>:5.40]
2254 dep:9, cnt:435164, tl:67, pv:[<6,3>:6.14]
5359 dep:10, cnt:1057263, tl:179, pv:[<6,3>:3.54,<6,4>:3.31]
17829 dep:11, cnt:2932779, tl:442, pv:[<6,3>:6.45]
m 6 3
board 0x1010160e1c 0x81c2f2f293020 col 1
¡¤¡¤¡ð¡ð¡ð¡ñ¡¤¡¤
¡¤¡ð¡ð¡ð¡ñ¡ñ¡¤¡¤
¡ñ¡ð¡ð¡ñ¡ð¡ñ¡¤¡¤
¡ñ¡ñ¡ñ¡ñ¡ð¡ñ¡¤¡¤
¡ñ¡ñ¡ñ¡ñ¡ð¡ñ¡¤¡¤
¡¤¡¤¡ñ¡ñ¡ñ¡¤¡¤¡¤
¡¤¡¤¡¤¡ñ¡¤¡¤¡¤¡¤
¡¤¡¤¡¤¡¤¡¤¡¤¡¤¡¤
step: 27  col: 1  B: 11 W: 20
13 dep:4, cnt:1788, tl:0, pv:[<3,6>:-4.27,<6,4>:-3.95,<6,5>:-4.33]
24 dep:5, cnt:3986, tl:1, pv:[<6,5>:0.67]
56 dep:6, cnt:5998, tl:1, pv:[<6,5>:-2.63]
309 dep:7, cnt:66383, tl:10, pv:[<7,3>:-0.30]
474 dep:8, cnt:81090, tl:15, pv:[<7,3>:-6.52,<6,4>:-6.14,<6,5>:-6.48]
2104 dep:9, cnt:510399, tl:75, pv:[<6,5>:-3.54]
5380 dep:10, cnt:684429, tl:112, pv:[<7,3>:-6.45]
17131 dep:11, cnt:3004535, tl:494, pv:[<7,3>:-5.07,<6,5>:-5.18]
m 7 3
board 0x142727213020 0x8080818181e0e1c col 0
¡¤¡¤¡ð¡ð¡ð¡ñ¡¤¡¤
¡¤¡ð¡ð¡ð¡ñ¡ñ¡¤¡¤
¡ñ¡ð¡ð¡ð¡ð¡ñ¡¤¡¤
¡ñ¡ñ¡ñ¡ð¡ð¡ñ¡¤¡¤
¡ñ¡ñ¡ñ¡ð¡ð¡ñ¡¤¡¤
¡¤¡¤¡ñ¡ð¡ñ¡¤¡¤¡¤
¡¤¡¤¡¤¡ð¡¤¡¤¡¤¡¤
¡¤¡¤¡¤¡ð¡¤¡¤¡¤¡¤
step: 28  col: 0  B: 15 W: 17
12 dep:4, cnt:1657, tl:0, pv:[<6,2>:1.15,<6,4>:0.71]
18 dep:5, cnt:2656, tl:0, pv:[<6,2>:5.28,<6,4>:5.23]
55 dep:6, cnt:12609, tl:2, pv:[<6,2>:0.30]
77 dep:7, cnt:11948, tl:2, pv:[<6,2>:6.52]
331 dep:8, cnt:60490, tl:8, pv:[<6,2>:4.65]
775 dep:9, cnt:107080, tl:17, pv:[<6,2>:6.45]
2381 dep:10, cnt:368888, tl:56, pv:[<6,2>:5.07]
9325 dep:11, cnt:1158035, tl:184, pv:[<6,2>:4.02]
m 6 2
board 0x8080008181e0e1c 0x41c3727213020 col 1
¡¤¡¤¡ð¡ð¡ð¡ñ¡¤¡¤
¡¤¡ð¡ð¡ð¡ñ¡ñ¡¤¡¤
¡ñ¡ð¡ð¡ð¡ð¡ñ¡¤¡¤
¡ñ¡ñ¡ñ¡ð¡ð¡ñ¡¤¡¤
¡ñ¡ñ¡ñ¡ð¡ñ¡ñ¡¤¡¤
¡¤¡¤¡ñ¡ñ¡ñ¡¤¡¤¡¤
¡¤¡¤¡ñ¡ð¡¤¡¤¡¤¡¤
¡¤¡¤¡¤¡ð¡¤¡¤¡¤¡¤
step: 29  col: 1  B: 15 W: 18
8 dep:4, cnt:1262, tl:0, pv:[<5,0>:-5.28,<5,5>:-5.72]
42 dep:5, cnt:5872, tl:0, pv:[<5,5>:-0.30]
37 dep:6, cnt:5406, tl:3, pv:[<5,5>:-6.52]
71 dep:7, cnt:32105, tl:6, pv:[<5,5>:-4.65]
352 dep:8, cnt:48526, tl:9, pv:[<5,5>:-6.45]
1424 dep:9, cnt:257505, tl:36, pv:[<5,5>:-5.07]
8265 dep:10, cnt:882755, tl:135, pv:[<5,5>:-4.02,<7,2>:-4.39]
17106 dep:11, cnt:2719512, tl:403, pv:[<5,5>:-0.10]
m 5 5
board 0x41c2727213020 0x8082018181e0e1c col 0
¡¤¡¤¡ð¡ð¡ð¡ñ¡¤¡¤
¡¤¡ð¡ð¡ð¡ñ¡ñ¡¤¡¤
¡ñ¡ð¡ð¡ð¡ð¡ñ¡¤¡¤
¡ñ¡ñ¡ñ¡ð¡ð¡ñ¡¤¡¤
¡ñ¡ñ¡ñ¡ð¡ð¡ñ¡¤¡¤
¡¤¡¤¡ñ¡ñ¡ñ¡ð¡¤¡¤
¡¤¡¤¡ñ¡ð¡¤¡¤¡¤¡¤
¡¤¡¤¡¤¡ð¡¤¡¤¡¤¡¤
step: 30  col: 0  B: 17 W: 17
22 dep:4, cnt:2812, tl:1, pv:[<5,6>:0.30]
4 dep:5, cnt:1009, tl:0, pv:[<5,6>:6.52]
25 dep:6, cnt:7728, tl:1, pv:[<5,6>:4.65,<6,5>:4.23]
58 dep:7, cnt:13624, tl:3, pv:[<5,6>:6.45]
354 dep:8, cnt:80781, tl:13, pv:[<6,5>:5.07]
1651 dep:9, cnt:199456, tl:30, pv:[<6,5>:4.02]
4546 dep:10, cnt:802681, tl:117, pv:[<6,5>:0.10,<5,6>:-0.17]
15222 dep:11, cnt:2158701, tl:336, pv:[<5,6>:3.22]
m 5 6
board 0x8080018181e0e1c 0x47c2727213020 col 1
¡¤¡¤¡ð¡ð¡ð¡ñ¡¤¡¤
¡¤¡ð¡ð¡ð¡ñ¡ñ¡¤¡¤
¡ñ¡ð¡ð¡ð¡ð¡ñ¡¤¡¤
¡ñ¡ñ¡ñ¡ð¡ð¡ñ¡¤¡¤
¡ñ¡ñ¡ñ¡ð¡ð¡ñ¡¤¡¤
¡¤¡¤¡ñ¡ñ¡ñ¡ñ¡ñ¡¤
¡¤¡¤¡ñ¡ð¡¤¡¤¡¤¡¤
¡¤¡¤¡¤¡ð¡¤¡¤¡¤¡¤
step: 31  col: 1  B: 16 W: 19
3 dep:4, cnt:655, tl:0, pv:[<4,6>:-6.52]
59 dep:5, cnt:6048, tl:1, pv:[<7,2>:-4.65]
74 dep:6, cnt:6612, tl:1, pv:[<4,6>:-6.62,<6,4>:-6.45]
83 dep:7, cnt:28087, tl:4, pv:[<6,4>:-3.23,<6,5>:-3.66]
482 dep:8, cnt:63835, tl:10, pv:[<5,0>:-2.01]
1683 dep:9, cnt:301782, tl:45, pv:[<5,0>:0.17]
5479 dep:10, cnt:670424, tl:111, pv:[<6,4>:-3.22]
16908 dep:11, cnt:2873138, tl:430, pv:[<5,0>:-2.92]
m 5 0
board 0x47c2523213020 0x808011a1c1e0e1c col 0
¡¤¡¤¡ð¡ð¡ð¡ñ¡¤¡¤
¡¤¡ð¡ð¡ð¡ñ¡ñ¡¤¡¤
¡ñ¡ð¡ð¡ð¡ð¡ñ¡¤¡¤
¡ñ¡ñ¡ð¡ð¡ð¡ñ¡¤¡¤
¡ñ¡ð¡ñ¡ð¡ð¡ñ¡¤¡¤
¡ð¡¤¡ñ¡ñ¡ñ¡ñ¡ñ¡¤
¡¤¡¤¡ñ¡ð¡¤¡¤¡¤¡¤
¡¤¡¤¡¤¡ð¡¤¡¤¡¤¡¤
step: 32  col: 0  B: 17 W: 19
4 dep:4, cnt:450, tl:1, pv:[<0,0>:9.11]
14 dep:5, cnt:725, tl:0, pv:[<0,0>:12.10]
30 dep:6, cnt:3310, tl:1, pv:[<0,0>:6.46]
87 dep:7, cnt:10803, tl:4, pv:[<0,0>:2.01]
256 dep:8, cnt:47874, tl:15, pv:[<0,0>:-0.17]
740 dep:9, cnt:88947, tl:26, pv:[<0,0>:4.93]
2099 dep:10, cnt:282502, tl:45, pv:[<0,0>:2.92]
7205 dep:11, cnt:1080457, tl:168, pv:[<0,0>:1.10]
m 0 0
board 0x808010a141a0c1c 0x47c352b253221 col 1
¡ñ¡¤¡ð¡ð¡ð¡ñ¡¤¡¤
¡¤¡ñ¡ð¡ð¡ñ¡ñ¡¤¡¤
¡ñ¡ð¡ñ¡ð¡ð¡ñ¡¤¡¤
¡ñ¡ñ¡ð¡ñ¡ð¡ñ¡¤¡¤
¡ñ¡ð¡ñ¡ð¡ñ¡ñ¡¤¡¤
¡ð¡¤¡ñ¡ñ¡ñ¡ñ¡ñ¡¤
¡¤¡¤¡ñ¡ð¡¤¡¤¡¤¡¤
¡¤¡¤¡¤¡ð¡¤¡¤¡¤¡¤
step: 33  col: 1  B: 15 W: 22
0 dep:4, cnt:273, tl:0, pv:[<0,1>:-12.10]
15 dep:5, cnt:2214, tl:0, pv:[<5,1>:-6.46]
17 dep:6, cnt:2816, tl:1, pv:[<5,1>:-2.01]
62 dep:7, cnt:21295, tl:2, pv:[<5,1>:0.17]
313 dep:8, cnt:36609, tl:6, pv:[<5,1>:-4.93]
931 dep:9, cnt:184629, tl:27, pv:[<5,1>:-2.92]
3997 dep:10, cnt:515212, tl:81, pv:[<5,1>:-1.10]
13862 dep:11, cnt:2371870, tl:354, pv:[<5,1>:-2.15]
m 5 1
board 0x7c3123253221 0x80c030e1c1a0c1c col 0
¡ñ¡¤¡ð¡ð¡ð¡ñ¡¤¡¤
¡¤¡ñ¡ð¡ð¡ñ¡ñ¡¤¡¤
¡ñ¡ð¡ñ¡ð¡ð¡ñ¡¤¡¤
¡ñ¡ñ¡ð¡ð¡ð¡ñ¡¤¡¤
¡ñ¡ð¡ð¡ð¡ñ¡ñ¡¤¡¤
¡ð¡ð¡ñ¡ñ¡ñ¡ñ¡ñ¡¤
¡¤¡¤¡ð¡ð¡¤¡¤¡¤¡¤
¡¤¡¤¡¤¡ð¡¤¡¤¡¤¡¤
step: 34  col: 0  B: 19 W: 19
3 dep:4, cnt:326, tl:0, pv:[<0,1>:6.46]
13 dep:5, cnt:1406, tl:1, pv:[<0,1>:2.01,<7,4>:1.91]
68 dep:6, cnt:8690, tl:3, pv:[<0,1>:-0.17]
29 dep:7, cnt:6046, tl:2, pv:[<0,1>:4.93]
94 dep:8, cnt:23112, tl:8, pv:[<0,1>:2.92]
543 dep:9, cnt:75993, tl:16, pv:[<0,1>:1.10]
2924 dep:10, cnt:485896, tl:70, pv:[<0,1>:2.15]
14539 dep:11, cnt:2027779, tl:314, pv:[<7,4>:2.49]
m 7 4
board 0x804030e1c1a0c1c 0x10087c3123253221 col 1
¡ñ¡¤¡ð¡ð¡ð¡ñ¡¤¡¤
¡¤¡ñ¡ð¡ð¡ñ¡ñ¡¤¡¤
¡ñ¡ð¡ñ¡ð¡ð¡ñ¡¤¡¤
¡ñ¡ñ¡ð¡ð¡ð¡ñ¡¤¡¤
¡ñ¡ð¡ð¡ð¡ñ¡ñ¡¤¡¤
¡ð¡ð¡ñ¡ñ¡ñ¡ñ¡ñ¡¤
¡¤¡¤¡ð¡ñ¡¤¡¤¡¤¡¤
¡¤¡¤¡¤¡ð¡ñ¡¤¡¤¡¤
step: 35  col: 1  B: 18 W: 21
0 dep:4, cnt:417, tl:0, pv:[<7,5>:-1.91]
16 dep:5, cnt:2027, tl:0, pv:[<7,5>:2.34]
52 dep:6, cnt:3952, tl:1, pv:[<7,5>:-0.44]
55 dep:7, cnt:19983, tl:3, pv:[<7,5>:1.09]
255 dep:8, cnt:35211, tl:6, pv:[<7,5>:1.18]
949 dep:9, cnt:179822, tl:25, pv:[<7,5>:1.46]
5071 dep:10, cnt:591913, tl:93, pv:[<7,5>:-2.49]
12642 dep:11, cnt:1807510, tl:261, pv:[<7,5>:1.54]
m 7 5
board 0x87c3123253221 0x3804030e1c1a0c1c col 0
¡ñ¡¤¡ð¡ð¡ð¡ñ¡¤¡¤
¡¤¡ñ¡ð¡ð¡ñ¡ñ¡¤¡¤
¡ñ¡ð¡ñ¡ð¡ð¡ñ¡¤¡¤
¡ñ¡ñ¡ð¡ð¡ð¡ñ¡¤¡¤
¡ñ¡ð¡ð¡ð¡ñ¡ñ¡¤¡¤
¡ð¡ð¡ñ¡ñ¡ñ¡ñ¡ñ¡¤
¡¤¡¤¡ð¡ñ¡¤¡¤¡¤¡¤
¡¤¡¤¡¤¡ð¡ð¡ð¡¤¡¤
step: 36  col: 0  B: 20 W: 20
3 dep:4, cnt:307, tl:1, pv:[<0,1>:-2.34]
8 dep:5, cnt:534, tl:0, pv:[<0,1>:0.44]
32 dep:6, cnt:4219, tl:0, pv:[<0,1>:-1.09]
65 dep:7, cnt:7392, tl:2, pv:[<0,1>:-1.18]
265 dep:8, cnt:51774, tl:8, pv:[<0,1>:-1.46,<7,1>:-1.62]
707 dep:9, cnt:93705, tl:16, pv:[<0,1>:2.49]
1462 dep:10, cnt:187605, tl:30, pv:[<0,1>:-1.54]
4140 dep:11, cnt:549014, tl:90, pv:[<0,1>:-1.61]
m 0 1
board 0x3804030e0c120800 0x87c31332d363f col 1
¡ñ¡ñ¡ñ¡ñ¡ñ¡ñ¡¤¡¤
¡¤¡ñ¡ñ¡ð¡ñ¡ñ¡¤¡¤
¡ñ¡ð¡ñ¡ñ¡ð¡ñ¡¤¡¤
¡ñ¡ñ¡ð¡ð¡ñ¡ñ¡¤¡¤
¡ñ¡ð¡ð¡ð¡ñ¡ñ¡¤¡¤
¡ð¡ð¡ñ¡ñ¡ñ¡ñ¡ñ¡¤
¡¤¡¤¡ð¡ñ¡¤¡¤¡¤¡¤
¡¤¡¤¡¤¡ð¡ð¡ð¡¤¡¤
step: 37  col: 1  B: 14 W: 27
4 dep:4, cnt:381, tl:0, pv:[<6,4>:-0.44]
12 dep:5, cnt:2247, tl:1, pv:[<1,0>:1.09]
29 dep:6, cnt:2914, tl:1, pv:[<6,4>:1.18]
44 dep:7, cnt:14406, tl:5, pv:[<6,4>:1.46,<1,0>:1.31]
298 dep:8, cnt:40010, tl:14, pv:[<1,0>:-2.49]
873 dep:9, cnt:139590, tl:43, pv:[<1,0>:1.54]
2235 dep:10, cnt:282205, tl:53, pv:[<1,0>:1.61]
7692 dep:11, cnt:1212695, tl:193, pv:[<1,0>:-4.49,<6,4>:-4.94]
m 6 4
board 0x6421232d363f 0x381c1b1e1c120800 col 0
¡ñ¡ñ¡ñ¡ñ¡ñ¡ñ¡¤¡¤
¡¤¡ñ¡ñ¡ð¡ñ¡ñ¡¤¡¤
¡ñ¡ð¡ñ¡ñ¡ð¡ñ¡¤¡¤
¡ñ¡ñ¡ð¡ð¡ð¡ñ¡¤¡¤
¡ñ¡ð¡ð¡ð¡ð¡ñ¡¤¡¤
¡ð¡ð¡ñ¡ð¡ð¡ñ¡ñ¡¤
¡¤¡¤¡ð¡ð¡ð¡¤¡¤¡¤
¡¤¡¤¡¤¡ð¡ð¡ð¡¤¡¤
step: 38  col: 0  B: 22 W: 20
9 dep:4, cnt:1108, tl:0, pv:[<7,2>:2.77]
16 dep:5, cnt:757, tl:0, pv:[<7,1>:-1.18]
8 dep:6, cnt:2373, tl:1, pv:[<7,1>:-1.46]
102 dep:7, cnt:9471, tl:1, pv:[<7,1>:3.51]
73 dep:8, cnt:18364, tl:4, pv:[<7,1>:-0.19]
369 dep:9, cnt:56223, tl:8, pv:[<7,1>:-0.20]
1200 dep:10, cnt:149920, tl:23, pv:[<7,1>:4.94]
3990 dep:11, cnt:567073, tl:91, pv:[<7,1>:-0.36]
m 7 1
board 0x3818130e1c120800 0x2046c31232d363f col 1
¡ñ¡ñ¡ñ¡ñ¡ñ¡ñ¡¤¡¤
¡¤¡ñ¡ñ¡ð¡ñ¡ñ¡¤¡¤
¡ñ¡ð¡ñ¡ñ¡ð¡ñ¡¤¡¤
¡ñ¡ñ¡ð¡ð¡ð¡ñ¡¤¡¤
¡ñ¡ð¡ð¡ð¡ñ¡ñ¡¤¡¤
¡ð¡ð¡ñ¡ñ¡ð¡ñ¡ñ¡¤
¡¤¡¤¡ñ¡ð¡ð¡¤¡¤¡¤
¡¤¡ñ¡¤¡ð¡ð¡ð¡¤¡¤
step: 39  col: 1  B: 17 W: 26
4 dep:4, cnt:366, tl:1, pv:[<1,0>:1.18]
5 dep:5, cnt:2102, tl:1, pv:[<1,0>:1.46]
87 dep:6, cnt:7250, tl:3, pv:[<1,0>:-3.51]
32 dep:7, cnt:15278, tl:6, pv:[<1,0>:0.19]
224 dep:8, cnt:39902, tl:16, pv:[<1,0>:0.20]
860 dep:9, cnt:123081, tl:26, pv:[<1,0>:-4.94]
3065 dep:10, cnt:392206, tl:66, pv:[<1,0>:0.36]
10568 dep:11, cnt:1230208, tl:193, pv:[<1,0>:-8.12]
m 1 0
board 0x2046c30222c303f 0x3818130f1d130f00 col 0
¡ñ¡ñ¡ñ¡ñ¡ñ¡ñ¡¤¡¤
¡ð¡ð¡ð¡ð¡ñ¡ñ¡¤¡¤
¡ð¡ð¡ñ¡ñ¡ð¡ñ¡¤¡¤
¡ð¡ñ¡ð¡ð¡ð¡ñ¡¤¡¤
¡ð¡ð¡ð¡ð¡ñ¡ñ¡¤¡¤
¡ð¡ð¡ñ¡ñ¡ð¡ñ¡ñ¡¤
¡¤¡¤¡ñ¡ð¡ð¡¤¡¤¡¤
¡¤¡ñ¡¤¡ð¡ð¡ð¡¤¡¤
step: 40  col: 0  B: 21 W: 23
14 dep:4, cnt:1519, tl:1, pv:[<6,0>:-1.46]
25 dep:5, cnt:1267, tl:0, pv:[<6,0>:3.51]
22 dep:6, cnt:5729, tl:1, pv:[<6,0>:-0.19]
25 dep:7, cnt:10559, tl:3, pv:[<6,0>:-0.45,<6,1>:-0.20]
219 dep:8, cnt:49359, tl:9, pv:[<6,0>:4.94]
626 dep:9, cnt:96359, tl:19, pv:[<6,0>:-0.60,<6,1>:-0.36]
2020 dep:10, cnt:310758, tl:55, pv:[<6,0>:8.12]
8164 dep:11, cnt:1108168, tl:189, pv:[<6,0>:-0.69,<6,1>:-1.16]
m 6 1
board 0x3818110d1d130f00 0x2066e32222c303f col 1
¡ñ¡ñ¡ñ¡ñ¡ñ¡ñ¡¤¡¤
¡ð¡ð¡ð¡ð¡ñ¡ñ¡¤¡¤
¡ð¡ð¡ñ¡ñ¡ð¡ñ¡¤¡¤
¡ð¡ñ¡ð¡ð¡ð¡ñ¡¤¡¤
¡ð¡ñ¡ð¡ð¡ñ¡ñ¡¤¡¤
¡ð¡ñ¡ñ¡ñ¡ð¡ñ¡ñ¡¤
¡¤¡ñ¡ñ¡ð¡ð¡¤¡¤¡¤
¡¤¡ñ¡¤¡ð¡ð¡ð¡¤¡¤
step: 41  col: 1  B: 21 W: 24
5 dep:4, cnt:714, tl:1, pv:[<7,0>:5.99]
12 dep:5, cnt:2322, tl:0, pv:[<7,0>:1.51]
21 dep:6, cnt:5448, tl:2, pv:[<7,0>:0.09,<3,6>:0.20,<6,7>:-0.30]
84 dep:7, cnt:24346, tl:6, pv:[<3,6>:-3.48,<5,7>:-3.57]
243 dep:8, cnt:55079, tl:13, pv:[<7,0>:0.36]
674 dep:9, cnt:101982, tl:15, pv:[<7,0>:-2.14]
4307 dep:10, cnt:572943, tl:87, pv:[<4,6>:1.16]
13257 dep:11, cnt:1537317, tl:233, pv:[<7,0>:-2.84]
m 7 0
board 0x2046a32222c303f 0x391a150d1d130f00 col 0
¡ñ¡ñ¡ñ¡ñ¡ñ¡ñ¡¤¡¤
¡ð¡ð¡ð¡ð¡ñ¡ñ¡¤¡¤
¡ð¡ð¡ñ¡ñ¡ð¡ñ¡¤¡¤
¡ð¡ñ¡ð¡ð¡ð¡ñ¡¤¡¤
¡ð¡ñ¡ð¡ð¡ñ¡ñ¡¤¡¤
¡ð¡ñ¡ð¡ñ¡ð¡ñ¡ñ¡¤
¡¤¡ð¡ñ¡ð¡ð¡¤¡¤¡¤
¡ð¡ñ¡¤¡ð¡ð¡ð¡¤¡¤
step: 42  col: 0  B: 22 W: 24
8 dep:4, cnt:620, tl:0, pv:[<6,0>:-1.51]
5 dep:5, cnt:269, tl:0, pv:[<6,0>:-0.09]
8 dep:6, cnt:877, tl:0, pv:[<6,0>:5.93]
24 dep:7, cnt:2294, tl:1, pv:[<6,0>:-0.36]
76 dep:8, cnt:9415, tl:2, pv:[<6,0>:2.14]
228 dep:9, cnt:25207, tl:4, pv:[<6,0>:-0.40]
737 dep:10, cnt:68444, tl:10, pv:[<6,0>:2.84]
2469 dep:11, cnt:221952, tl:34, pv:[<6,0>:-1.48]
m 6 0
board 0x3918140c1c120e00 0x2076b33232d313f col 1
¡ñ¡ñ¡ñ¡ñ¡ñ¡ñ¡¤¡¤
¡ñ¡ð¡ð¡ð¡ñ¡ñ¡¤¡¤
¡ñ¡ð¡ñ¡ñ¡ð¡ñ¡¤¡¤
¡ñ¡ñ¡ð¡ð¡ð¡ñ¡¤¡¤
¡ñ¡ñ¡ð¡ð¡ñ¡ñ¡¤¡¤
¡ñ¡ñ¡ð¡ñ¡ð¡ñ¡ñ¡¤
¡ñ¡ñ¡ñ¡ð¡ð¡¤¡¤¡¤
¡ð¡ñ¡¤¡ð¡ð¡ð¡¤¡¤
step: 43  col: 1  B: 18 W: 29
6 dep:4, cnt:783, tl:1, pv:[<7,2>:0.09]
7 dep:5, cnt:1247, tl:0, pv:[<7,2>:-5.93,<4,6>:-6.33]
12 dep:6, cnt:1463, tl:1, pv:[<7,2>:0.36]
57 dep:7, cnt:8493, tl:2, pv:[<7,2>:-2.14]
158 dep:8, cnt:18085, tl:5, pv:[<7,2>:0.40]
528 dep:9, cnt:55643, tl:9, pv:[<7,2>:-2.84]
1992 dep:10, cnt:163722, tl:28, pv:[<7,2>:1.48]
4880 dep:11, cnt:418153, tl:64, pv:[<7,2>:-2.45]
m 7 2
board 0x36b33232d313f 0x3f1c140c1c120e00 col 0
¡ñ¡ñ¡ñ¡ñ¡ñ¡ñ¡¤¡¤
¡ñ¡ð¡ð¡ð¡ñ¡ñ¡¤¡¤
¡ñ¡ð¡ñ¡ñ¡ð¡ñ¡¤¡¤
¡ñ¡ñ¡ð¡ð¡ð¡ñ¡¤¡¤
¡ñ¡ñ¡ð¡ð¡ñ¡ñ¡¤¡¤
¡ñ¡ñ¡ð¡ñ¡ð¡ñ¡ñ¡¤
¡ñ¡ñ¡ð¡ð¡ð¡¤¡¤¡¤
¡ð¡ð¡ð¡ð¡ð¡ð¡¤¡¤
step: 44  col: 0  B: 27 W: 21
3 dep:4, cnt:135, tl:0, pv:[<6,5>:5.93]
11 dep:5, cnt:400, tl:0, pv:[<6,5>:-0.36]
14 dep:6, cnt:1504, tl:1, pv:[<6,5>:2.14]
19 dep:7, cnt:2064, tl:0, pv:[<6,5>:-0.40]
77 dep:8, cnt:10057, tl:3, pv:[<6,5>:2.84]
252 dep:9, cnt:20849, tl:7, pv:[<6,5>:-1.48]
766 dep:10, cnt:65895, tl:15, pv:[<6,5>:2.45]
2087 dep:11, cnt:237299, tl:38, pv:[<6,5>:0.00]
m 6 5
board 0x3f00040418100e00 0x3f7b3b272f313f col 1
¡ñ¡ñ¡ñ¡ñ¡ñ¡ñ¡¤¡¤
¡ñ¡ð¡ð¡ð¡ñ¡ñ¡¤¡¤
¡ñ¡ñ¡ñ¡ñ¡ð¡ñ¡¤¡¤
¡ñ¡ñ¡ñ¡ð¡ð¡ñ¡¤¡¤
¡ñ¡ñ¡ð¡ñ¡ñ¡ñ¡¤¡¤
¡ñ¡ñ¡ð¡ñ¡ñ¡ñ¡ñ¡¤
¡ñ¡ñ¡ñ¡ñ¡ñ¡ñ¡¤¡¤
¡ð¡ð¡ð¡ð¡ð¡ð¡¤¡¤
step: 45  col: 1  B: 14 W: 35
2 dep:4, cnt:328, tl:0, pv:[<3,6>:0.36]
19 dep:5, cnt:1512, tl:0, pv:[<5,7>:-2.14]
17 dep:6, cnt:1818, tl:1, pv:[<2,6>:0.40]
48 dep:7, cnt:7148, tl:1, pv:[<5,7>:-2.84]
200 dep:8, cnt:18432, tl:3, pv:[<2,6>:1.48]
643 dep:9, cnt:52776, tl:9, pv:[<5,7>:-2.45]
2107 dep:10, cnt:245032, tl:36, pv:[<3,6>:-0.00]
5035 dep:11, cnt:319582, tl:62, pv:[<3,6>:-0.00]
m 3 6
board 0x376b1b072f313f 0x3f08142478100e00 col 0
¡ñ¡ñ¡ñ¡ñ¡ñ¡ñ¡¤¡¤
¡ñ¡ð¡ð¡ð¡ñ¡ñ¡¤¡¤
¡ñ¡ñ¡ñ¡ñ¡ð¡ñ¡¤¡¤
¡ñ¡ñ¡ñ¡ð¡ð¡ð¡ð¡¤
¡ñ¡ñ¡ð¡ñ¡ñ¡ð¡¤¡¤
¡ñ¡ñ¡ð¡ñ¡ð¡ñ¡ñ¡¤
¡ñ¡ñ¡ñ¡ð¡ñ¡ñ¡¤¡¤
¡ð¡ð¡ð¡ð¡ð¡ð¡¤¡¤
step: 46  col: 0  B: 31 W: 19
9 dep:4, cnt:561, tl:0, pv:[<2,6>:6.46]
6 dep:5, cnt:451, tl:0, pv:[<2,6>:1.50]
28 dep:6, cnt:2303, tl:0, pv:[<2,6>:6.64]
69 dep:7, cnt:4251, tl:1, pv:[<2,6>:0.21]
128 dep:8, cnt:12776, tl:3, pv:[<2,6>:4.24]
496 dep:9, cnt:90973, tl:11, pv:[<2,6>:0.00,<4,7>:0.00]
1474 dep:10, cnt:113899, tl:20, pv:[<2,6>:0.00,<4,7>:0.00]
4656 dep:11, cnt:244830, tl:38, pv:[<2,6>:0.00,<4,7>:0.00]
m 2 6
board 0x3f08142458100e00 0x376b1b276f313f col 1
¡ñ¡ñ¡ñ¡ñ¡ñ¡ñ¡¤¡¤
¡ñ¡ð¡ð¡ð¡ñ¡ñ¡¤¡¤
¡ñ¡ñ¡ñ¡ñ¡ð¡ñ¡ñ¡¤
¡ñ¡ñ¡ñ¡ð¡ð¡ñ¡ð¡¤
¡ñ¡ñ¡ð¡ñ¡ñ¡ð¡¤¡¤
¡ñ¡ñ¡ð¡ñ¡ð¡ñ¡ñ¡¤
¡ñ¡ñ¡ñ¡ð¡ñ¡ñ¡¤¡¤
¡ð¡ð¡ð¡ð¡ð¡ð¡¤¡¤
step: 47  col: 1  B: 18 W: 33
7 dep:4, cnt:451, tl:0, pv:[<4,6>:-1.50,<7,6>:-1.98]
28 dep:5, cnt:1650, tl:0, pv:[<5,7>:-6.64,<7,6>:-6.84]
56 dep:6, cnt:2836, tl:1, pv:[<5,7>:-0.21,<1,7>:-0.53]
55 dep:7, cnt:7434, tl:1, pv:[<5,7>:-4.24]
209 dep:8, cnt:57160, tl:9, pv:[<5,7>:-0.00,<4,6>:-0.00,<7,6>:0.00]
666 dep:9, cnt:64381, tl:10, pv:[<5,7>:-0.00,<4,6>:-0.00,<7,6>:-0.00]
2263 dep:10, cnt:125021, tl:19, pv:[<5,7>:-0.00,<4,6>:-0.00,<7,6>:0.00]
5088 dep:11, cnt:870124, tl:122, pv:[<5,7>:-0.00,<4,6>:-0.00,<7,6>:-0.00]
m 4 6
board 0x274b1b076f313f 0x3f18346478100e00 col 0
¡ñ¡ñ¡ñ¡ñ¡ñ¡ñ¡¤¡¤
¡ñ¡ð¡ð¡ð¡ñ¡ñ¡¤¡¤
¡ñ¡ñ¡ñ¡ñ¡ð¡ñ¡ñ¡¤
¡ñ¡ñ¡ñ¡ð¡ð¡ð¡ð¡¤
¡ñ¡ñ¡ð¡ñ¡ñ¡ð¡ð¡¤
¡ñ¡ñ¡ð¡ñ¡ð¡ð¡ñ¡¤
¡ñ¡ñ¡ñ¡ð¡ð¡ñ¡¤¡¤
¡ð¡ð¡ð¡ð¡ð¡ð¡¤¡¤
step: 48  col: 0  B: 30 W: 22
dep:12, cnt:38410, tl:6, pv:[<5,7>:0.00,<6,6>:0.00]
m 5 7
board 0x3f18342458000600 0x27cb5b277f393f col 1
¡ñ¡ñ¡ñ¡ñ¡ñ¡ñ¡¤¡¤
¡ñ¡ð¡ð¡ñ¡ñ¡ñ¡¤¡¤
¡ñ¡ñ¡ñ¡ñ¡ñ¡ñ¡ñ¡¤
¡ñ¡ñ¡ñ¡ð¡ð¡ñ¡ð¡¤
¡ñ¡ñ¡ð¡ñ¡ñ¡ð¡ñ¡¤
¡ñ¡ñ¡ð¡ñ¡ð¡ð¡ñ¡ñ
¡ñ¡ñ¡ñ¡ð¡ð¡ñ¡¤¡¤
¡ð¡ð¡ð¡ð¡ð¡ð¡¤¡¤
step: 49  col: 1  B: 18 W: 35
dep:11, cnt:9816, tl:1, pv:[<1,7>:-0.00,<3,7>:-0.00]
m 1 7
board 0x23c34b073f393f 0x3f1c3c3478408600 col 0
¡ñ¡ñ¡ñ¡ñ¡ñ¡ñ¡¤¡¤
¡ñ¡ð¡ð¡ñ¡ñ¡ñ¡¤¡ð
¡ñ¡ñ¡ñ¡ñ¡ñ¡ñ¡ð¡¤
¡ñ¡ñ¡ñ¡ð¡ð¡ð¡ð¡¤
¡ñ¡ñ¡ð¡ñ¡ð¡ð¡ñ¡¤
¡ñ¡ñ¡ð¡ð¡ð¡ð¡ñ¡ñ
¡ñ¡ñ¡ð¡ð¡ð¡ñ¡¤¡¤
¡ð¡ð¡ð¡ð¡ð¡ð¡¤¡¤
step: 50  col: 0  B: 30 W: 24
dep:10, cnt:3123, tl:1, pv:[<2,7>:0.00]
m 2 7
board 0x3f1c3c3478008600 0x23c34b07ff393f col 1
¡ñ¡ñ¡ñ¡ñ¡ñ¡ñ¡¤¡¤
¡ñ¡ð¡ð¡ñ¡ñ¡ñ¡¤¡ð
¡ñ¡ñ¡ñ¡ñ¡ñ¡ñ¡ñ¡ñ
¡ñ¡ñ¡ñ¡ð¡ð¡ð¡ð¡¤
¡ñ¡ñ¡ð¡ñ¡ð¡ð¡ñ¡¤
¡ñ¡ñ¡ð¡ð¡ð¡ð¡ñ¡ñ
¡ñ¡ñ¡ð¡ð¡ð¡ñ¡¤¡¤
¡ð¡ð¡ð¡ð¡ð¡ð¡¤¡¤
step: 51  col: 1  B: 23 W: 32
dep:9, cnt:583, tl:0, pv:[<3,7>:-0.00]
m 3 7
board 0x23c30b077f393f 0x3f1c3c74f8808600 col 0
¡ñ¡ñ¡ñ¡ñ¡ñ¡ñ¡¤¡¤
¡ñ¡ð¡ð¡ñ¡ñ¡ñ¡¤¡ð
¡ñ¡ñ¡ñ¡ñ¡ñ¡ñ¡ñ¡ð
¡ñ¡ñ¡ñ¡ð¡ð¡ð¡ð¡ð
¡ñ¡ñ¡ð¡ñ¡ð¡ð¡ð¡¤
¡ñ¡ñ¡ð¡ð¡ð¡ð¡ñ¡ñ
¡ñ¡ñ¡ð¡ð¡ð¡ñ¡¤¡¤
¡ð¡ð¡ð¡ð¡ð¡ð¡¤¡¤
step: 52  col: 0  B: 30 W: 26
dep:8, cnt:166, tl:0, pv:[<6,6>:0.00]
m 6 6
board 0x3f1c1c64f0808600 0x63e31b0f7f393f col 1
¡ñ¡ñ¡ñ¡ñ¡ñ¡ñ¡¤¡¤
¡ñ¡ð¡ð¡ñ¡ñ¡ñ¡¤¡ð
¡ñ¡ñ¡ñ¡ñ¡ñ¡ñ¡ñ¡ð
¡ñ¡ñ¡ñ¡ñ¡ð¡ð¡ð¡ð
¡ñ¡ñ¡ð¡ñ¡ñ¡ð¡ð¡¤
¡ñ¡ñ¡ð¡ð¡ð¡ñ¡ñ¡ñ
¡ñ¡ñ¡ð¡ð¡ð¡ñ¡ñ¡¤
¡ð¡ð¡ð¡ð¡ð¡ð¡¤¡¤
step: 53  col: 1  B: 23 W: 34
dep:7, cnt:120, tl:0, pv:[<7,7>:-0.00]
m 7 7
board 0x23c30b077b393f 0xbf5c3c74f8848600 col 0
¡ñ¡ñ¡ñ¡ñ¡ñ¡ñ¡¤¡¤
¡ñ¡ð¡ð¡ñ¡ñ¡ñ¡¤¡ð
¡ñ¡ñ¡ð¡ñ¡ñ¡ñ¡ñ¡ð
¡ñ¡ñ¡ñ¡ð¡ð¡ð¡ð¡ð
¡ñ¡ñ¡ð¡ñ¡ð¡ð¡ð¡¤
¡ñ¡ñ¡ð¡ð¡ð¡ð¡ñ¡ñ
¡ñ¡ñ¡ð¡ð¡ð¡ñ¡ð¡¤
¡ð¡ð¡ð¡ð¡ð¡ð¡¤¡ð
step: 54  col: 0  B: 29 W: 29
dep:6, cnt:33, tl:0, pv:[<4,7>:0.00]
m 4 7
board 0xbf5c3c04b8848600 0x23c3fb477b393f col 1
¡ñ¡ñ¡ñ¡ñ¡ñ¡ñ¡¤¡¤
¡ñ¡ð¡ð¡ñ¡ñ¡ñ¡¤¡ð
¡ñ¡ñ¡ð¡ñ¡ñ¡ñ¡ñ¡ð
¡ñ¡ñ¡ñ¡ð¡ð¡ð¡ñ¡ð
¡ñ¡ñ¡ð¡ñ¡ñ¡ñ¡ñ¡ñ
¡ñ¡ñ¡ð¡ð¡ð¡ð¡ñ¡ñ
¡ñ¡ñ¡ð¡ð¡ð¡ñ¡ð¡¤
¡ð¡ð¡ð¡ð¡ð¡ð¡¤¡ð
step: 55  col: 1  B: 25 W: 34
dep:5, cnt:26, tl:0, pv:[<6,7>:0.00]
m 6 7
board 0x23035b477b393f 0xbfdcfca4b8848600 col 0
¡ñ¡ñ¡ñ¡ñ¡ñ¡ñ¡¤¡¤
¡ñ¡ð¡ð¡ñ¡ñ¡ñ¡¤¡ð
¡ñ¡ñ¡ð¡ñ¡ñ¡ñ¡ñ¡ð
¡ñ¡ñ¡ñ¡ð¡ð¡ð¡ñ¡ð
¡ñ¡ñ¡ð¡ñ¡ñ¡ð¡ñ¡ð
¡ñ¡ñ¡ð¡ð¡ð¡ð¡ð¡ð
¡ñ¡ñ¡ð¡ð¡ð¡ñ¡ð¡ð
¡ð¡ð¡ð¡ð¡ð¡ð¡¤¡ð
step: 56  col: 0  B: 30 W: 30
dep:4, cnt:4, tl:0, pv:[<7,6>:-0.00]
m 7 6
board 0xbf9cbca4b8848600 0x4063435b477b393f col 1
¡ñ¡ñ¡ñ¡ñ¡ñ¡ñ¡¤¡¤
¡ñ¡ð¡ð¡ñ¡ñ¡ñ¡¤¡ð
¡ñ¡ñ¡ð¡ñ¡ñ¡ñ¡ñ¡ð
¡ñ¡ñ¡ñ¡ð¡ð¡ð¡ñ¡ð
¡ñ¡ñ¡ð¡ñ¡ñ¡ð¡ñ¡ð
¡ñ¡ñ¡ð¡ð¡ð¡ð¡ñ¡ð
¡ñ¡ñ¡ð¡ð¡ð¡ñ¡ñ¡ð
¡ð¡ð¡ð¡ð¡ð¡ð¡ñ¡ð
step: 57  col: 1  B: 28 W: 33
dep:3, cnt:4, tl:0, pv:[<0,6>:0.00]
m 0 6
board 0x4063435b476b193f 0xbf9cbca4b894a640 col 0
¡ñ¡ñ¡ñ¡ñ¡ñ¡ñ¡ð¡¤
¡ñ¡ð¡ð¡ñ¡ñ¡ð¡¤¡ð
¡ñ¡ñ¡ð¡ñ¡ð¡ñ¡ñ¡ð
¡ñ¡ñ¡ñ¡ð¡ð¡ð¡ñ¡ð
¡ñ¡ñ¡ð¡ñ¡ñ¡ð¡ñ¡ð
¡ñ¡ñ¡ð¡ð¡ð¡ð¡ñ¡ð
¡ñ¡ñ¡ð¡ð¡ð¡ñ¡ñ¡ð
¡ð¡ð¡ð¡ð¡ð¡ð¡ñ¡ð
step: 58  col: 0  B: 31 W: 31
dep:2, cnt:2, tl:0, pv:[<0,7>:-0.00]
m 0 7
board 0xbf9cbca4b894a600 0x4063435b476b19ff col 1
¡ñ¡ñ¡ñ¡ñ¡ñ¡ñ¡ñ¡ñ
¡ñ¡ð¡ð¡ñ¡ñ¡ð¡¤¡ð
¡ñ¡ñ¡ð¡ñ¡ð¡ñ¡ñ¡ð
¡ñ¡ñ¡ñ¡ð¡ð¡ð¡ñ¡ð
¡ñ¡ñ¡ð¡ñ¡ñ¡ð¡ñ¡ð
¡ñ¡ñ¡ð¡ð¡ð¡ð¡ñ¡ð
¡ñ¡ñ¡ð¡ð¡ð¡ñ¡ñ¡ð
¡ð¡ð¡ð¡ð¡ð¡ð¡ñ¡ð
step: 59  col: 1  B: 30 W: 33
dep:1, cnt:1, tl:0, pv:[<1,6>:0.00]
m 1 6
board 0xbf9cbca4b8b4e600 0x4063435b474b19ff col 1
¡ñ¡ñ¡ñ¡ñ¡ñ¡ñ¡ñ¡ñ
¡ñ¡ð¡ð¡ñ¡ñ¡ð¡ð¡ð
¡ñ¡ñ¡ð¡ñ¡ð¡ð¡ñ¡ð
¡ñ¡ñ¡ñ¡ð¡ð¡ð¡ñ¡ð
¡ñ¡ñ¡ð¡ñ¡ñ¡ð¡ñ¡ð
¡ñ¡ñ¡ð¡ð¡ð¡ð¡ñ¡ð
¡ñ¡ñ¡ð¡ð¡ð¡ñ¡ñ¡ð
¡ð¡ð¡ð¡ð¡ð¡ð¡ñ¡ð
step: 60  col: 1  B: 32 W: 32
draw
