+ pcinner pcedge ccor cx22
phase: 5 (18_21)   time: Wed Mar 03 09:59:22 2021
199988 board (189989 train, 9999 test)
batch=50000 lr_decay_st=20000 lr_max=0.200000 lr_min=0.030000
wb=-9.849910 wmob=1.773049 wodd=1.371549
train acc=91.264757 sse=64.811297 sae=6.273642
TEST mae=55.657088 sse=82.743309 sae=7.121412
error count:
|-35|-34|-33|-32|-31|-30|-29|-28|-27|-26|-25|-24|-23|-22|-21|-20|-19|-18|-17|-16|-15|-14|-13|-12|-11|-10| -9| -8| -7| -6| -5| -4| -3| -2| -1|  0|  1|  2|  3|  4|  5|  6|  7|  8|  9| 10| 11| 12| 13| 14| 15| 16| 17| 18| 19| 20| 21| 22| 23| 24| 25| 26| 27| 28| 29| 30| 31| 32| 33| 34| 35|
|  1|  1|  3|  3|  0|  2|  6|  5|  6|  6| 12|  7| 13| 19| 20| 27| 34| 46| 60| 80| 91|111|129|147|165|191|231|284|267|347|369|373|382|437|422|909|457|468|434|410|410|358|329|306|256|207|215|193|150|121| 94| 71| 44| 47| 39| 38| 30| 24| 19|  9| 18|  9|  4|  8|  2|  3|  1|  4|  0|  0|  1|
predict acc: 90.11%

+ pcinner pcedge ccor cx22
phase: 6 (22_26)   time: Wed Mar 03 10:00:49 2021
149994 board (142495 train, 7499 test)
batch=50000 lr_decay_st=20000 lr_max=0.200000 lr_min=0.030000
wb=-9.053589 wmob=1.586683 wodd=1.411629
train acc=90.046668 sse=83.208032 sae=7.116043
TEST mae=48.251187 sse=107.489039 sae=8.085384
error count:
|-35|-34|-33|-32|-31|-30|-29|-28|-27|-26|-25|-24|-23|-22|-21|-20|-19|-18|-17|-16|-15|-14|-13|-12|-11|-10| -9| -8| -7| -6| -5| -4| -3| -2| -1|  0|  1|  2|  3|  4|  5|  6|  7|  8|  9| 10| 11| 12| 13| 14| 15| 16| 17| 18| 19| 20| 21| 22| 23| 24| 25| 26| 27| 28| 29| 30| 31| 32| 33| 34| 35|
|  0|  1|  4|  2|  4| 11|  7|  8| 12| 13| 13| 15| 16| 25| 30| 31| 28| 41| 62| 75| 64| 84|103|110|153|133|197|196|200|226|247|279|271|289|274|609|312|332|311|278|274|219|232|213|198|164|160|159|110|101|100| 87| 76| 56| 43| 42| 40| 23| 20| 21| 15|  9| 17| 14|  3|  5|  4|  3|  2|  6|  0|
predict acc: 89.07%

+ pcinner pcedge ccor cx22
phase: 7 (27_31)   time: Wed Mar 03 18:46:42 2021
139989 board (132990 train, 6999 test)
batch=50000 lr_decay_st=20000 lr_max=0.200000 lr_min=0.030000
wb=-9.346280 wmob=1.554522 wodd=1.428087
train acc=87.914881 sse=103.548944 sae=7.946134
TEST mae=58.638294 sse=131.224280 sae=8.930325
error count:
|-35|-34|-33|-32|-31|-30|-29|-28|-27|-26|-25|-24|-23|-22|-21|-20|-19|-18|-17|-16|-15|-14|-13|-12|-11|-10| -9| -8| -7| -6| -5| -4| -3| -2| -1|  0|  1|  2|  3|  4|  5|  6|  7|  8|  9| 10| 11| 12| 13| 14| 15| 16| 17| 18| 19| 20| 21| 22| 23| 24| 25| 26| 27| 28| 29| 30| 31| 32| 33| 34| 35|
|  4|  1|  5|  6|  3|  6|  8|  9| 18| 14| 22| 36| 24| 37| 39| 42| 57| 56| 69| 66| 95|102|104|130|135|133|170|192|195|213|212|232|235|233|272|542|256|266|229|246|238|216|196|171|168|153|148|133|117|108| 84| 74| 65| 49| 53| 62| 39| 33| 19| 22| 16| 22| 13| 15|  9|  6| 12|  5|  6|  1|  1|
predict acc: 86.80%

+ pcinner pcedge ccor cx22
phase: 8 (32_37)   time: Thu Mar 04 00:07:53 2021
129989 board (123490 train, 6499 test)
batch=50000 lr_decay_st=20000 lr_max=0.130000 lr_min=0.030000
wb=-7.684306 wmob=1.529246 wodd=1.173590
train acc=84.293465 sse=129.214049 sae=8.898274
TEST mae=56.368274 sse=148.440381 sae=9.525252
error count:
|-35|-34|-33|-32|-31|-30|-29|-28|-27|-26|-25|-24|-23|-22|-21|-20|-19|-18|-17|-16|-15|-14|-13|-12|-11|-10| -9| -8| -7| -6| -5| -4| -3| -2| -1|  0|  1|  2|  3|  4|  5|  6|  7|  8|  9| 10| 11| 12| 13| 14| 15| 16| 17| 18| 19| 20| 21| 22| 23| 24| 25| 26| 27| 28| 29| 30| 31| 32| 33| 34| 35|
|  3|  5|  7|  4|  9|  8| 11| 13| 13| 20| 18| 24| 31| 32| 26| 42| 44| 55| 66| 73| 79| 87|107|114|138|141|139|156|170|182|186|201|194|207|196|471|262|193|213|232|196|225|188|172|158|149|145|101|118|114|102| 81| 82| 64| 65| 53| 44| 40| 25| 31| 19| 24| 18| 14| 13| 10| 10|  6| 10|  6|  6|
predict acc: 82.87%

+ pcinner pcedge ccor cx22
phase: 9 (38_43)   time: Thu Mar 04 12:24:17 2021
90491 board (85967 train, 4524 test)
batch=50000 lr_decay_st=20000 lr_max=0.070000 lr_min=0.030000
wb=-7.801573 wmob=1.578419 wodd=1.645022
train acc=79.216444 sse=148.199426 sae=9.546878
TEST mae=65.397972 sse=170.660438 sae=10.135436
error count:
|-35|-34|-33|-32|-31|-30|-29|-28|-27|-26|-25|-24|-23|-22|-21|-20|-19|-18|-17|-16|-15|-14|-13|-12|-11|-10| -9| -8| -7| -6| -5| -4| -3| -2| -1|  0|  1|  2|  3|  4|  5|  6|  7|  8|  9| 10| 11| 12| 13| 14| 15| 16| 17| 18| 19| 20| 21| 22| 23| 24| 25| 26| 27| 28| 29| 30| 31| 32| 33| 34| 35|
|  4|  4|  5|  6|  7| 14|  5| 13| 12| 11| 12| 17| 14| 26| 29| 34| 31| 40| 41| 51| 53| 59| 76| 69|104| 88| 89|112|113|112|121|140|133|142|145|287|162|151|149|133|144|121|145|117|101|106|104|102| 97| 80| 70| 58| 57| 38| 39| 41| 34| 29| 25| 24| 25| 20| 20| 10| 15|  8|  7|  9|  4|  4|  6|
predict acc: 77.94%

+ pcinner pcedge ccor cx22
phase: 9 (38_43)   time: Thu Mar 04 12:26:08 2021
90491 board (85967 train, 4524 test)
batch=50000 lr_decay_st=20000 lr_max=0.100000 lr_min=0.030000
wb=-8.135033 wmob=1.566882 wodd=1.611175
train acc=79.385113 sse=145.665751 sae=9.469745
TEST mae=54.099610 sse=166.687556 sae=10.105193
error count:
|-35|-34|-33|-32|-31|-30|-29|-28|-27|-26|-25|-24|-23|-22|-21|-20|-19|-18|-17|-16|-15|-14|-13|-12|-11|-10| -9| -8| -7| -6| -5| -4| -3| -2| -1|  0|  1|  2|  3|  4|  5|  6|  7|  8|  9| 10| 11| 12| 13| 14| 15| 16| 17| 18| 19| 20| 21| 22| 23| 24| 25| 26| 27| 28| 29| 30| 31| 32| 33| 34| 35|
|  2|  3|  6|  6|  7| 11| 11|  9| 16| 16| 20| 26| 24| 25| 33| 42| 31| 42| 53| 52| 63| 88| 79| 76| 92|109|101|101|105|120|111|152|134|126|150|297|150|147|141|153|148|131|131|110|102|100| 94| 89| 71| 80| 66| 57| 54| 40| 46| 38| 21| 32| 19| 18| 15| 17|  7| 11| 11| 12| 16|  2|  6|  6|  4|
predict acc: 78.14%

+ pcinner pcedge ccor cx22
phase: 9 (38_43)   time: Thu Mar 04 18:04:17 2021
119331 board (113365 train, 5966 test)
batch=50000 lr_decay_st=20000 lr_max=0.090000 lr_min=0.030000
wb=-7.883063 wmob=1.577136 wodd=1.496936
train acc=79.012923 sse=149.034390 sae=9.568614
TEST mae=66.575950 sse=163.718167 sae=9.967458
error count:
|-35|-34|-33|-32|-31|-30|-29|-28|-27|-26|-25|-24|-23|-22|-21|-20|-19|-18|-17|-16|-15|-14|-13|-12|-11|-10| -9| -8| -7| -6| -5| -4| -3| -2| -1|  0|  1|  2|  3|  4|  5|  6|  7|  8|  9| 10| 11| 12| 13| 14| 15| 16| 17| 18| 19| 20| 21| 22| 23| 24| 25| 26| 27| 28| 29| 30| 31| 32| 33| 34| 35|
|  2|  8| 11| 10|  6| 15| 14| 13| 17| 22| 22| 23| 27| 37| 29| 42| 51| 57| 72| 75| 67| 88| 92| 98|123|144|149|160|155|162|183|167|200|176|178|392|200|216|198|190|161|178|158|151|161|124|136|108|101|106| 79| 85| 66| 50| 44| 40| 42| 34| 30| 30| 31| 20| 17| 15| 10| 13| 10|  5| 10|  5|  2|
predict acc: 77.99%

+ pcinner pcedge ccor cx22
phase: 10 (44_50)   time: Thu Mar 04 23:02:01 2021
114483 board (108759 train, 5724 test)
batch=50000 lr_decay_st=20000 lr_max=0.050000 lr_min=0.030000
+ pcinner pcedge ccor cx22
phase: 10 (44_50)   time: Thu Mar 04 23:02:12 2021
114483 board (108759 train, 5724 test)
batch=50000 lr_decay_st=20000 lr_max=0.035000 lr_min=0.030000
wb=-5.148002 wmob=1.582681 wodd=1.449583
train acc=71.834055 sse=162.781355 sae=9.956302
TEST mae=58.756803 sse=174.913411 sae=10.344544
error count:
|-35|-34|-33|-32|-31|-30|-29|-28|-27|-26|-25|-24|-23|-22|-21|-20|-19|-18|-17|-16|-15|-14|-13|-12|-11|-10| -9| -8| -7| -6| -5| -4| -3| -2| -1|  0|  1|  2|  3|  4|  5|  6|  7|  8|  9| 10| 11| 12| 13| 14| 15| 16| 17| 18| 19| 20| 21| 22| 23| 24| 25| 26| 27| 28| 29| 30| 31| 32| 33| 34| 35|
|  9|  5|  6| 12| 10| 12| 13| 17| 21| 25| 27| 27| 34| 39| 35| 57| 48| 70| 72| 64|104| 95| 85|119|112|131|116|164|169|158|169|168|176|153|175|362|178|180|195|196|156|157|132|135|123|121|123| 98|103| 95| 81| 75| 71| 61| 43| 38| 31| 28| 33| 26| 29| 19| 14| 11|  9|  6| 11|  9|  9|  3|  5|
predict acc: 71.12%

