phase: 1 (5_7)   time: Fri Feb 26 13:11:25 2021
207551 board (197174 train, 10377 test)
batch=30000 lr_decay_st=20000 lr_max=0.200000 lr_min=0.050000
wb=-14.901707 wmob=3.395311 wodd=1.265458
train sse=43.284961 sae=5.162498
TEST mae=32.493607 sse=52.823841 sae=5.688256

phase: 1 (5_7)   time: Fri Feb 26 13:14:07 2021
207551 board (197174 train, 10377 test)
batch=30000 lr_decay_st=20000 lr_max=0.200000 lr_min=0.050000
wb=-14.857926 wmob=3.410762 wodd=1.290339
train sse=43.333360 sae=5.166857
TEST mae=42.553988 sse=51.831204 sae=5.615402

phase: 1 (5_7)   time: Fri Feb 26 13:20:59 2021
207551 board (197174 train, 10377 test)
batch=30000 lr_decay_st=20000 lr_max=0.200000 lr_min=0.050000
wb=-14.865116 wmob=3.384232 wodd=1.283565
train sse=43.362719 sae=5.166517
TEST mae=32.568856 sse=50.465978 sae=5.563927

phase: 1 (5_7)   time: Fri Feb 26 13:34:16 2021
100000 board (95000 train, 5000 test)
batch=30000 lr_decay_st=20000 lr_max=0.200000 lr_min=0.050000
wb=-14.412343 wmob=3.397975 wodd=1.208827
train sse=38.391831 sae=4.862636
TEST mae=27.587794 sse=53.613539 sae=5.810139

phase: 1 (5_7)   time: Fri Feb 26 13:34:56 2021
100000 board (95000 train, 5000 test)
batch=30000 lr_decay_st=20000 lr_max=0.200000 lr_min=0.050000
wb=-14.397112 wmob=3.376675 wodd=1.235514
train sse=38.369059 sae=4.861626
TEST mae=43.204905 sse=52.787978 sae=5.731346

phase: 1 (5_7)   time: Fri Feb 26 13:37:56 2021
207551 board (197174 train, 10377 test)
batch=30000 lr_decay_st=20000 lr_max=0.200000 lr_min=0.050000
wb=-14.855364 wmob=3.394394 wodd=1.289489
train sse=43.306533 sae=5.164046
TEST mae=33.709230 sse=51.974494 sae=5.638916

phase: 1 (5_7)   time: Fri Feb 26 14:32:18 2021
207551 board (197174 train, 10377 test)
batch=30000 lr_decay_st=20000 lr_max=0.200000 lr_min=0.050000
wb=-14.848189 wmob=3.398641 wodd=1.238117
train sse=43.292591 sae=5.162605
TEST mae=39.485363 sse=52.070453 sae=5.667435
error count
-35:0  -34:0  -33:0  -32:0  -31:0  -30:0  -29:0  -28:1  -27:2  -26:2  -25:1  -24:2  -23:4  -22:4  -21:10  -20:6  -19:15  -18:12  -17:31  -16:32  -15:56  -14:61  -13:93  -12:110  -11:132  -10:175  -9:195  -8:244  -7:299  -6:339  -5:438  -4:446  -3:472  -2:544  -1:571  0:1181  1:604  2:559  3:532  4:546  5:459  6:407  7:356  8:284  9:255  10:192  11:161  12:131  13:95  14:72  15:69  16:43  17:34  18:27  19:21  20:9  21:8  22:7  23:7  24:2  25:2  26:4  27:3  28:2  29:1  30:1  31:2  32:1  33:1  34:0  35:0  

phase: 1 (5_7)   time: Fri Feb 26 14:41:27 2021
207551 board (197174 train, 10377 test)
batch=30000 lr_decay_st=20000 lr_max=0.200000 lr_min=0.050000
wb=-14.830567 wmob=3.393060 wodd=1.245287
train sse=43.369806 sae=5.166295
TEST mae=39.534799 sse=50.867141 sae=5.602708
error count
-35|-34|-33|-32|-31|-30|-29|-28|-27|-26|-25|-24|-23|-22|-21|-20|-19|-18|-17|-16|-15|-14|-13|-12|-11|-10| -9| -8| -7| -6| -5| -4| -3| -2| -1|  +0| +1| +2| +3| +4| +5| +6| +7| +8| +9|+10|+11|+12|+13|+14|+15|+16|+17|+18|+19|+20|+21|+22|+23|+24|+25|+26|+27|+28|+29|+30|+31|+32|+33|+34|+35|
  0   0   0   0   0   0   0   1   1   3   0   3   2   8   4  10  16  22  31  46  49  68  79  97 122 148 207 244 277 369 423 456 471 566 571 1225 605 555 523 512 463 396 342 320 285 190 153 118 118  74  57  41  29   9  21  16   4   5   6   2   4   1   1   0   3   2   1   0   0   0   0 

phase: 4 (14_17)   time: Fri Feb 26 14:44:59 2021
139689 board (132705 train, 6984 test)
batch=30000 lr_decay_st=20000 lr_max=0.200000 lr_min=0.050000
wb=-12.515619 wmob=2.274322 wodd=1.869607
train sse=51.377303 sae=5.559639
TEST mae=44.548145 sse=69.473100 sae=6.479644
error count:
|-35|-34|-33|-32|-31|-30|-29|-28|-27|-26|-25|-24|-23|-22|-21|-20|-19|-18|-17|-16|-15|-14|-13|-12|-11|-10| -9| -8| -7| -6| -5| -4| -3| -2| -1|  0|  1|  2|  3|  4|  5|  6|  7|  8|  9| 10| 11| 12| 13| 14| 15| 16| 17| 18| 19| 20| 21| 22| 23| 24| 25| 26| 27| 28| 29| 30| 31| 32| 33| 34| 35|
|  0   0   0   0   0   0   1   3   2   1   4   8  10  11  11  13  24  26  32  40  47  67  76 106  95 135 142 170 205 226 257 267 288 297 315 749 361 358 343 340 292 256 267 209 157 120 108 110  77  65  58  46  35  36  28  16  19  13   7   5   8   4   5   5   1   1   1   1   0   0   1 

+ mob iid
phase: 4 (14_17)   time: Fri Feb 26 16:08:53 2021
144088 board (136884 train, 7204 test)
batch=30000 lr_decay_st=20000 lr_max=0.200000 lr_min=0.050000
wb=-1.203760 wodd=1.905451
0.000 -17.154 -15.320 -13.225 -10.537 -7.361 -4.564 -1.902 0.487 2.696 4.576 6.295 7.765 9.360 10.637 12.135 11.796 3.113 0.000 0.000 0.000 0.000 0.000 0.000 0.000 0.000 0.000 
train sse=51.189027 sae=5.555720
TEST mae=45.992003 sse=72.489544 sae=6.606255
error count:
|-35|-34|-33|-32|-31|-30|-29|-28|-27|-26|-25|-24|-23|-22|-21|-20|-19|-18|-17|-16|-15|-14|-13|-12|-11|-10| -9| -8| -7| -6| -5| -4| -3| -2| -1|  0|  1|  2|  3|  4|  5|  6|  7|  8|  9| 10| 11| 12| 13| 14| 15| 16| 17| 18| 19| 20| 21| 22| 23| 24| 25| 26| 27| 28| 29| 30| 31| 32| 33| 34| 35|
|  1|  0|  0|  2|  1|  0|  4|  5|  5|  5|  6|  8|  7|  8| 17| 12| 24| 31| 27| 37| 46| 80| 75| 96|113|123|161|201|207|224|247|303|305|330|363|725|341|350|374|312|300|277|220|207|156|163|126|112| 91| 81| 56| 41| 32| 43| 28| 23| 14|  9| 11|  4|  7|  3|  5|  5|  3|  4|  1|  2|  0|  0|  0|

+ mob iid
phase: 4 (14_17)   time: Fri Feb 26 16:09:39 2021
144185 board (136976 train, 7209 test)
batch=30000 lr_decay_st=20000 lr_max=0.200000 lr_min=0.050000
wb=-1.220915 wodd=1.893164
0.000 -17.252 -15.495 -13.416 -10.615 -7.358 -4.577 -1.934 0.474 2.643 4.615 6.288 7.740 9.365 10.677 12.182 11.962 3.478 0.000 0.000 0.000 0.000 0.000 0.000 0.000 0.000 0.000 
train sse=51.305534 sae=5.560762
TEST mae=54.081721 sse=70.760945 sae=6.548217
error count:
|-35|-34|-33|-32|-31|-30|-29|-28|-27|-26|-25|-24|-23|-22|-21|-20|-19|-18|-17|-16|-15|-14|-13|-12|-11|-10| -9| -8| -7| -6| -5| -4| -3| -2| -1|  0|  1|  2|  3|  4|  5|  6|  7|  8|  9| 10| 11| 12| 13| 14| 15| 16| 17| 18| 19| 20| 21| 22| 23| 24| 25| 26| 27| 28| 29| 30| 31| 32| 33| 34| 35|
|  0|  0|  0|  0|  1|  0|  1|  3|  3|  4| 10|  7| 10| 10| 14| 15| 22| 29| 23| 35| 45| 52| 80| 95|110|119|153|179|197|214|280|272|299|347|300|747|367|350|355|350|302|268|250|224|183|158|127|105| 85| 94| 75| 45| 35| 30| 33| 27| 19|  9|  9|  8|  4|  5|  4|  4|  2|  0|  0|  0|  3|  0|  1|

+ mob iid
phase: 1 (5_7)   time: Fri Feb 26 16:11:03 2021
207551 board (197174 train, 10377 test)
batch=30000 lr_decay_st=20000 lr_max=0.200000 lr_min=0.050000
wb=-6.687262 wodd=1.293004
0.000 -12.011 -7.827 -3.907 -0.398 2.609 6.025 8.822 0.000 0.000 0.000 0.000 0.000 0.000 0.000 0.000 0.000 0.000 0.000 0.000 0.000 0.000 0.000 0.000 0.000 0.000 0.000 
train sse=43.192905 sae=5.155226
TEST mae=42.685471 sse=52.139532 sae=5.669380
error count:
|-35|-34|-33|-32|-31|-30|-29|-28|-27|-26|-25|-24|-23|-22|-21|-20|-19|-18|-17|-16|-15|-14|-13|-12|-11|-10| -9| -8| -7| -6| -5| -4| -3| -2| -1|   0|  1|  2|  3|  4|  5|  6|  7|  8|  9| 10| 11| 12| 13| 14| 15| 16| 17| 18| 19| 20| 21| 22| 23| 24| 25| 26| 27| 28| 29| 30| 31| 32| 33| 34| 35|
|  0|  0|  0|  0|  0|  0|  1|  0|  1|  3|  1|  4|  1|  4|  5|  9| 19| 20| 27| 48| 48| 56| 91|116|120|185|190|250|326|339|382|419|512|580|598|1182|564|570|540|477|498|380|358|318|236|210|168|126| 76| 81| 60| 41| 41| 18| 19| 10| 10| 10|  8|  5|  2|  3|  3|  0|  3|  1|  2|  1|  0|  0|  0|

+ mob iid
phase: 1 (5_7)   time: Fri Feb 26 16:12:00 2021
207551 board (197174 train, 10377 test)
batch=30000 lr_decay_st=20000 lr_max=0.200000 lr_min=0.050000
wb=-6.686263 wodd=1.314305
0.000 -11.967 -7.822 -3.913 -0.389 2.603 6.003 8.798 0.000 0.000 0.000 0.000 0.000 0.000 0.000 0.000 0.000 0.000 0.000 0.000 0.000 0.000 0.000 0.000 0.000 0.000 0.000 
train sse=43.190097 sae=5.157746
TEST mae=33.109453 sse=52.652468 sae=5.670731
error count:
|-35|-34|-33|-32|-31|-30|-29|-28|-27|-26|-25|-24|-23|-22|-21|-20|-19|-18|-17|-16|-15|-14|-13|-12|-11|-10| -9| -8| -7| -6| -5| -4| -3| -2| -1|   0|  1|  2|  3|  4|  5|  6|  7|  8|  9| 10| 11| 12| 13| 14| 15| 16| 17| 18| 19| 20| 21| 22| 23| 24| 25| 26| 27| 28| 29| 30| 31| 32| 33| 34| 35|
|  0|  0|  0|  1|  0|  2|  0|  0|  5|  1|  2|  5|  2|  5| 15|  9| 17| 17| 26| 34| 54| 66| 99|107|128|171|207|226|283|383|353|429|469|557|549|1269|612|518|547|510|481|392|366|275|257|215|171|124|100| 74| 62| 56| 38| 24| 19|  7|  7|  7|  6|  6|  1|  3|  2|  2|  2|  2|  0|  0|  0|  0|  0|

phase: 1 (5_7)   time: Fri Feb 26 16:24:35 2021
207551 board (197174 train, 10377 test)
batch=30000 lr_decay_st=20000 lr_max=0.200000 lr_min=0.050000
wb=-14.660869 wmob=3.373832 wodd=1.293338
train sse=42.195432 sae=5.094868
TEST mae=54.617221 sse=51.855095 sae=5.608087
error count:
|-35|-34|-33|-32|-31|-30|-29|-28|-27|-26|-25|-24|-23|-22|-21|-20|-19|-18|-17|-16|-15|-14|-13|-12|-11|-10| -9| -8| -7| -6| -5| -4| -3| -2| -1|   0|  1|  2|  3|  4|  5|  6|  7|  8|  9| 10| 11| 12| 13| 14| 15| 16| 17| 18| 19| 20| 21| 22| 23| 24| 25| 26| 27| 28| 29| 30| 31| 32| 33| 34| 35|
|  0|  0|  0|  1|  0|  1|  1|  0|  2|  3|  1|  4|  6|  3|  3|  7| 14| 18| 24| 45| 45| 75| 73| 90|131|138|187|243|258|349|393|417|491|562|575|1210|630|589|531|517|468|423|366|313|237|199|169|135| 96| 83| 56| 56| 33| 25| 16| 10| 15| 12|  7|  5|  4|  3|  2|  1|  2|  0|  1|  0|  0|  0|  1|

phase: 4 (14_17)   time: Fri Feb 26 16:27:58 2021
146346 board (139029 train, 7317 test)
batch=30000 lr_decay_st=20000 lr_max=0.200000 lr_min=0.050000
wb=-12.224347 wmob=2.240547 wodd=1.877381
train sse=49.019150 sae=5.435230
TEST mae=47.288252 sse=70.635786 sae=6.504422
error count:
|-35|-34|-33|-32|-31|-30|-29|-28|-27|-26|-25|-24|-23|-22|-21|-20|-19|-18|-17|-16|-15|-14|-13|-12|-11|-10| -9| -8| -7| -6| -5| -4| -3| -2| -1|  0|  1|  2|  3|  4|  5|  6|  7|  8|  9| 10| 11| 12| 13| 14| 15| 16| 17| 18| 19| 20| 21| 22| 23| 24| 25| 26| 27| 28| 29| 30| 31| 32| 33| 34| 35|
|  0|  0|  0|  1|  1|  1|  2|  4|  3|  1|  5|  4| 13| 14| 12| 16| 19| 20| 32| 32| 55| 49| 72| 82|107|131|153|164|194|206|265|302|313|330|355|778|351|358|363|339|322|283|244|243|169|160|137|110|106| 83| 54| 60| 40| 32| 21| 16| 15| 12| 14| 10|  6|  8|  3|  2|  9|  2|  2|  2|  0|  1|  0|

+ ca4
phase: 4 (14_17)   time: Fri Feb 26 16:39:35 2021
147745 board (140358 train, 7387 test)
batch=30000 lr_decay_st=20000 lr_max=0.200000 lr_min=0.050000
wb=-11.844222 wmob=2.224819 wodd=1.909855
train sse=50.961880 sae=5.536625
TEST mae=46.579539 sse=71.466723 sae=6.557246
error count:
|-35|-34|-33|-32|-31|-30|-29|-28|-27|-26|-25|-24|-23|-22|-21|-20|-19|-18|-17|-16|-15|-14|-13|-12|-11|-10| -9| -8| -7| -6| -5| -4| -3| -2| -1|  0|  1|  2|  3|  4|  5|  6|  7|  8|  9| 10| 11| 12| 13| 14| 15| 16| 17| 18| 19| 20| 21| 22| 23| 24| 25| 26| 27| 28| 29| 30| 31| 32| 33| 34| 35|
|  0|  0|  2|  2|  2|  3|  0|  4|  2|  9|  7|  7|  4|  9| 14| 18| 20| 22| 35| 40| 40| 67| 78| 81|107|111|148|184|189|266|269|290|337|354|362|753|374|326|366|317|322|267|253|213|158|178|159|131| 99| 83| 67| 43| 36| 32| 23| 22| 20| 13|  7| 11|  5|  6|  5|  2|  1|  3|  0|  1|  1|  1|  2|

+ ca4
phase: 1 (5_7)   time: Fri Feb 26 16:41:50 2021
207551 board (197174 train, 10377 test)
batch=30000 lr_decay_st=20000 lr_max=0.200000 lr_min=0.050000
wb=-14.627842 wmob=3.392734 wodd=1.258236
train sse=42.754287 sae=5.129534
TEST mae=38.838464 sse=51.799188 sae=5.669214
error count:
|-35|-34|-33|-32|-31|-30|-29|-28|-27|-26|-25|-24|-23|-22|-21|-20|-19|-18|-17|-16|-15|-14|-13|-12|-11|-10| -9| -8| -7| -6| -5| -4| -3| -2| -1|   0|  1|  2|  3|  4|  5|  6|  7|  8|  9| 10| 11| 12| 13| 14| 15| 16| 17| 18| 19| 20| 21| 22| 23| 24| 25| 26| 27| 28| 29| 30| 31| 32| 33| 34| 35|
|  0|  0|  0|  0|  0|  0|  0|  2|  0|  2|  2|  6|  5|  4|  8| 11| 11| 14| 21| 32| 51| 49| 84|119|142|172|216|234|292|364|382|443|532|546|572|1147|579|581|528|513|493|423|333|303|236|220|153|127|107| 82| 46| 53| 35| 25| 20| 12| 13|  7|  7|  7|  3|  3|  2|  1|  0|  0|  1|  0|  0|  0|  0|

+ ef10
phase: 1 (5_7)   time: Fri Feb 26 16:49:52 2021
207551 board (197174 train, 10377 test)
batch=30000 lr_decay_st=20000 lr_max=0.200000 lr_min=0.050000
wb=-13.968720 wmob=3.291923 wodd=1.237434
train sse=40.860544 sae=5.011350
TEST mae=35.979288 sse=51.799717 sae=5.666581
error count:
|-35|-34|-33|-32|-31|-30|-29|-28|-27|-26|-25|-24|-23|-22|-21|-20|-19|-18|-17|-16|-15|-14|-13|-12|-11|-10| -9| -8| -7| -6| -5| -4| -3| -2| -1|   0|  1|  2|  3|  4|  5|  6|  7|  8|  9| 10| 11| 12| 13| 14| 15| 16| 17| 18| 19| 20| 21| 22| 23| 24| 25| 26| 27| 28| 29| 30| 31| 32| 33| 34| 35|
|  0|  0|  0|  0|  1|  1|  2|  0|  0|  4|  2|  2|  4|  7|  9|  7|  8| 18| 28| 34| 61| 57| 76|118|123|165|214|220|288|370|413|436|504|513|581|1145|604|586|543|527|473|383|354|308|251|218|180|147| 85| 79| 65| 34| 40| 19| 18| 19|  5|  8|  4|  4|  2|  3|  1|  2|  0|  0|  1|  1|  1|  0|  0|

+ ef10
phase: 4 (14_17)   time: Fri Feb 26 16:51:27 2021
149127 board (141671 train, 7456 test)
batch=30000 lr_decay_st=20000 lr_max=0.200000 lr_min=0.050000
wb=-11.671129 wmob=2.112136 wodd=1.846691
train sse=46.639428 sae=5.289997
TEST mae=47.277721 sse=71.414008 sae=6.597106
error count:
|-35|-34|-33|-32|-31|-30|-29|-28|-27|-26|-25|-24|-23|-22|-21|-20|-19|-18|-17|-16|-15|-14|-13|-12|-11|-10| -9| -8| -7| -6| -5| -4| -3| -2| -1|  0|  1|  2|  3|  4|  5|  6|  7|  8|  9| 10| 11| 12| 13| 14| 15| 16| 17| 18| 19| 20| 21| 22| 23| 24| 25| 26| 27| 28| 29| 30| 31| 32| 33| 34| 35|
|  0|  0|  0|  1|  0|  1|  0|  4|  3|  4|  2|  2| 15|  8| 15| 20| 22| 24| 38| 50| 53| 84| 92|118|122|164|173|197|242|260|258|306|339|347|383|751|375|352|332|310|284|275|242|212|170|139|113|107| 96| 63| 56| 49| 42| 22| 30| 18|  9| 10| 13|  5|  8|  4|  5|  4|  2|  1|  0|  1|  1|  3|  1|

- mob
phase: 1 (5_7)   time: Fri Feb 26 18:46:06 2021
207551 board (197174 train, 10377 test)
batch=30000 lr_decay_st=20000 lr_max=0.200000 lr_min=0.050000
wb=3.747191 wmob=0.000000 wodd=1.248877
train sse=45.458206 sae=5.279723
TEST mae=42.975390 sse=52.659799 sae=5.711621
error count:
|-35|-34|-33|-32|-31|-30|-29|-28|-27|-26|-25|-24|-23|-22|-21|-20|-19|-18|-17|-16|-15|-14|-13|-12|-11|-10| -9| -8| -7| -6| -5| -4| -3| -2| -1|   0|  1|  2|  3|  4|  5|  6|  7|  8|  9| 10| 11| 12| 13| 14| 15| 16| 17| 18| 19| 20| 21| 22| 23| 24| 25| 26| 27| 28| 29| 30| 31| 32| 33| 34| 35|
|  0|  0|  0|  0|  0|  0|  0|  2|  0|  1|  2|  1|  2|  5|  7|  9| 14| 18| 34| 44| 51| 65| 86|102|133|177|216|237|318|386|386|454|508|567|587|1164|607|581|473|442|479|398|364|278|241|225|173|106|108| 93| 49| 45| 36| 28| 13| 21|  8|  6|  7|  5|  4|  2|  3|  1|  0|  1|  0|  1|  2|  0|  0|
predict acc: 90.94%

- mob
phase: 1 (5_7)   time: Fri Feb 26 18:47:02 2021
207551 board (197174 train, 10377 test)
batch=30000 lr_decay_st=20000 lr_max=0.200000 lr_min=0.050000
wb=3.707026 wmob=0.000000 wodd=1.279784
train sse=45.458124 sae=5.279913
TEST mae=39.266364 sse=52.924438 sae=5.702433
error count:
|-35|-34|-33|-32|-31|-30|-29|-28|-27|-26|-25|-24|-23|-22|-21|-20|-19|-18|-17|-16|-15|-14|-13|-12|-11|-10| -9| -8| -7| -6| -5| -4| -3| -2| -1|   0|  1|  2|  3|  4|  5|  6|  7|  8|  9| 10| 11| 12| 13| 14| 15| 16| 17| 18| 19| 20| 21| 22| 23| 24| 25| 26| 27| 28| 29| 30| 31| 32| 33| 34| 35|
|  0|  0|  0|  0|  0|  1|  1|  1|  2|  3|  2|  1|  4|  6|  4|  8| 10| 18| 36| 36| 56| 66| 95|105|146|170|213|252|264|330|379|460|479|538|568|1184|619|563|524|552|418|409|351|319|258|209|149|147|102| 77| 57| 44| 40| 23| 26|  9|  9|  7|  7|  6|  4|  0|  1|  1|  0|  1|  1|  2|  1|  0|  2|
predict acc: 91.01%

- mob
phase: 4 (14_17)   time: Fri Feb 26 18:48:41 2021
163221 board (155060 train, 8161 test)
batch=30000 lr_decay_st=20000 lr_max=0.200000 lr_min=0.050000
wb=2.269830 wmob=0.000000 wodd=1.950671
train sse=54.626524 sae=5.731931
TEST mae=35.988171 sse=73.031318 sae=6.711290
error count:
|-35|-34|-33|-32|-31|-30|-29|-28|-27|-26|-25|-24|-23|-22|-21|-20|-19|-18|-17|-16|-15|-14|-13|-12|-11|-10| -9| -8| -7| -6| -5| -4| -3| -2| -1|  0|  1|  2|  3|  4|  5|  6|  7|  8|  9| 10| 11| 12| 13| 14| 15| 16| 17| 18| 19| 20| 21| 22| 23| 24| 25| 26| 27| 28| 29| 30| 31| 32| 33| 34| 35|
|  0|  1|  0|  3|  0|  1|  2|  2|  3|  8|  5|  8|  5| 16| 17| 16| 26| 28| 43| 50| 65| 84|101|102|121|145|185|211|230|264|276|339|347|357|435|753|399|382|378|366|314|302|295|252|201|181|171|127| 93| 88| 74| 61| 51| 40| 32| 32| 17| 15|  8|  6|  4|  5|  3|  4|  3|  0|  3|  2|  0|  1|  1|
predict acc: 90.76%

raw
phase: 1 (5_7)   time: Fri Feb 26 18:50:12 2021
207551 board (197174 train, 10377 test)
batch=30000 lr_decay_st=20000 lr_max=0.200000 lr_min=0.050000
wb=-14.882703 wmob=3.388403 wodd=1.269208
train sse=43.281599 sae=5.162898
TEST mae=42.977764 sse=52.692995 sae=5.677359
error count:
|-35|-34|-33|-32|-31|-30|-29|-28|-27|-26|-25|-24|-23|-22|-21|-20|-19|-18|-17|-16|-15|-14|-13|-12|-11|-10| -9| -8| -7| -6| -5| -4| -3| -2| -1|   0|  1|  2|  3|  4|  5|  6|  7|  8|  9| 10| 11| 12| 13| 14| 15| 16| 17| 18| 19| 20| 21| 22| 23| 24| 25| 26| 27| 28| 29| 30| 31| 32| 33| 34| 35|
|  0|  0|  0|  1|  1|  0|  0|  2|  2|  2|  1|  7|  4|  7|  3| 12| 17| 18| 25| 40| 47| 55| 71| 95|136|171|213|240|296|345|394|426|528|546|589|1206|555|565|552|521|445|388|378|294|267|188|156|138| 99| 84| 54| 42| 39| 33| 17| 19| 11|  6|  5|  2|  2|  4|  3|  3|  1|  1|  1|  1|  0|  0|  1|
predict acc: 91.01%

raw
phase: 1 (5_7)   time: Fri Feb 26 19:41:15 2021
207551 board (197174 train, 10377 test)
batch=30000 lr_decay_st=20000 lr_max=0.200000 lr_min=0.050000
wb=-14.782294 wmob=3.390843 wodd=1.279409
train sse=43.338615 sae=5.165853
TEST mae=44.112133 sse=50.965895 sae=5.625072
error count:
|-35|-34|-33|-32|-31|-30|-29|-28|-27|-26|-25|-24|-23|-22|-21|-20|-19|-18|-17|-16|-15|-14|-13|-12|-11|-10| -9| -8| -7| -6| -5| -4| -3| -2| -1|   0|  1|  2|  3|  4|  5|  6|  7|  8|  9| 10| 11| 12| 13| 14| 15| 16| 17| 18| 19| 20| 21| 22| 23| 24| 25| 26| 27| 28| 29| 30| 31| 32| 33| 34| 35|
|  0|  0|  0|  0|  0|  0|  0|  0|  1|  0|  3|  2|  4|  2|  5|  8| 11| 20| 32| 27| 39| 57| 80|111|130|143|201|274|296|354|408|453|492|490|575|1182|642|529|557|532|468|417|347|292|234|213|167|156|106| 79| 69| 42| 31| 26| 14| 13|  9| 10|  8|  9|  1|  1|  0|  2|  1|  1|  0|  0|  0|  0|  0|
predict acc: 91.08%

+ cinner
phase: 4 (14_17)   time: Fri Feb 26 19:53:29 2021
171406 board (162836 train, 8570 test)
batch=30000 lr_decay_st=20000 lr_max=0.200000 lr_min=0.050000
wb=-12.510223 wmob=2.242984 wodd=1.953787
train sse=53.484220 sae=5.682841
TEST mae=41.904108 sse=71.717360 sae=6.560555
error count:
|-35|-34|-33|-32|-31|-30|-29|-28|-27|-26|-25|-24|-23|-22|-21|-20|-19|-18|-17|-16|-15|-14|-13|-12|-11|-10| -9| -8| -7| -6| -5| -4| -3| -2| -1|  0|  1|  2|  3|  4|  5|  6|  7|  8|  9| 10| 11| 12| 13| 14| 15| 16| 17| 18| 19| 20| 21| 22| 23| 24| 25| 26| 27| 28| 29| 30| 31| 32| 33| 34| 35|
|  1|  2|  0|  0|  0|  0|  2|  1|  1|  4|  8|  8| 10|  9| 20| 22| 21| 32| 40| 41| 64| 76| 81| 89|147|148|189|207|232|288|335|330|370|378|381|890|451|476|386|376|325|312|311|252|211|177|163|126| 98| 89| 80| 63| 58| 35| 37| 23| 18| 11|  8| 11|  8|  9|  4|  3|  4|  2|  1|  1|  2|  1|  2|
predict acc: 91.10%

+ cinner
phase: 1 (5_7)   time: Fri Feb 26 19:57:52 2021
207551 board (197174 train, 10377 test)
batch=30000 lr_decay_st=20000 lr_max=0.200000 lr_min=0.050000
wb=-14.685329 wmob=3.345540 wodd=1.204902
train sse=43.813818 sae=5.203625
TEST mae=61.459105 sse=53.894729 sae=5.772518
error count:
|-35|-34|-33|-32|-31|-30|-29|-28|-27|-26|-25|-24|-23|-22|-21|-20|-19|-18|-17|-16|-15|-14|-13|-12|-11|-10| -9| -8| -7| -6| -5| -4| -3| -2| -1|   0|  1|  2|  3|  4|  5|  6|  7|  8|  9| 10| 11| 12| 13| 14| 15| 16| 17| 18| 19| 20| 21| 22| 23| 24| 25| 26| 27| 28| 29| 30| 31| 32| 33| 34| 35|
|  0|  0|  0|  0|  0|  0|  1|  0|  2|  2|  0|  7|  5|  3|  9| 15| 17| 18| 29| 42| 60| 66| 86|121|141|173|235|256|311|337|407|446|491|526|583|1188|523|571|558|467|458|432|330|293|249|204|166|113|107| 86| 54| 50| 46| 31| 11| 13| 13|  3|  8|  3|  2|  5|  0|  0|  1|  0|  1|  1|  0|  0|  0|
predict acc: 90.61%

+ cinner cedge
phase: 4 (14_17)   time: Fri Feb 26 20:23:47 2021
174898 board (166154 train, 8744 test)
batch=30000 lr_decay_st=20000 lr_max=0.200000 lr_min=0.050000
wb=-12.387301 wmob=2.248239 wodd=2.013030
train sse=53.566358 sae=5.689868
TEST mae=65.185328 sse=73.115217 sae=6.658224
error count:
|-35|-34|-33|-32|-31|-30|-29|-28|-27|-26|-25|-24|-23|-22|-21|-20|-19|-18|-17|-16|-15|-14|-13|-12|-11|-10| -9| -8| -7| -6| -5| -4| -3| -2| -1|  0|  1|  2|  3|  4|  5|  6|  7|  8|  9| 10| 11| 12| 13| 14| 15| 16| 17| 18| 19| 20| 21| 22| 23| 24| 25| 26| 27| 28| 29| 30| 31| 32| 33| 34| 35|
|  0|  2|  0|  0|  1|  3|  2|  3|  2|  3|  4| 13| 11| 11| 15| 28| 25| 33| 52| 44| 56| 72| 93|132|146|168|186|215|242|272|290|341|385|410|421|872|422|402|415|379|367|339|298|256|232|195|181|149|109| 90| 74| 55| 40| 34| 35| 25| 14| 11| 14| 13| 10|  6|  4|  5|  2|  3|  1|  3|  0|  2|  0|
predict acc: 90.76%

+ cinner cedge ccor
phase: 1 (5_7)   time: Fri Feb 26 20:32:28 2021
207551 board (197174 train, 10377 test)
batch=30000 lr_decay_st=20000 lr_max=0.200000 lr_min=0.050000
wb=-14.684077 wmob=3.377788 wodd=1.237077
train sse=42.756747 sae=5.130708
TEST mae=42.359318 sse=51.550219 sae=5.628447
error count:
|-35|-34|-33|-32|-31|-30|-29|-28|-27|-26|-25|-24|-23|-22|-21|-20|-19|-18|-17|-16|-15|-14|-13|-12|-11|-10| -9| -8| -7| -6| -5| -4| -3| -2| -1|   0|  1|  2|  3|  4|  5|  6|  7|  8|  9| 10| 11| 12| 13| 14| 15| 16| 17| 18| 19| 20| 21| 22| 23| 24| 25| 26| 27| 28| 29| 30| 31| 32| 33| 34| 35|
|  0|  0|  0|  1|  0|  0|  0|  1|  0|  1|  2|  3|  3|  7|  7|  6| 14| 13| 37| 41| 53| 67| 92|116|137|155|210|221|268|352|432|473|506|540|570|1153|601|589|571|543|442|410|335|295|254|198|149|132| 79| 69| 62| 43| 29| 25| 17| 12|  8|  7|  8|  3|  1|  3|  1|  1|  2|  0|  0|  2|  2|  0|  0|
predict acc: 91.19%

+ cinner cedge ccor
phase: 4 (14_17)   time: Fri Feb 26 20:33:17 2021
175999 board (167200 train, 8799 test)
batch=30000 lr_decay_st=20000 lr_max=0.200000 lr_min=0.050000
wb=-11.914117 wmob=2.208902 wodd=1.965339
train sse=52.855378 sae=5.646378
TEST mae=59.583046 sse=68.401021 sae=6.432435
error count:
|-35|-34|-33|-32|-31|-30|-29|-28|-27|-26|-25|-24|-23|-22|-21|-20|-19|-18|-17|-16|-15|-14|-13|-12|-11|-10| -9| -8| -7| -6| -5| -4| -3| -2| -1|  0|  1|  2|  3|  4|  5|  6|  7|  8|  9| 10| 11| 12| 13| 14| 15| 16| 17| 18| 19| 20| 21| 22| 23| 24| 25| 26| 27| 28| 29| 30| 31| 32| 33| 34| 35|
|  0|  0|  0|  2|  3|  0|  3|  3|  6|  4| 10| 12| 10| 10| 13| 16| 20| 24| 37| 54| 45| 65| 65|119|133|141|177|216|223|284|298|367|369|411|453|878|455|434|443|404|387|324|307|275|246|185|173|146|125| 82| 70| 55| 53| 42| 29| 21| 12|  7| 12|  9|  8|  4|  4|  4|  0|  3|  2|  0|  2|  3|  0|
predict acc: 91.19%

+ cinner cedge ccor
phase: 1 (5_7)   time: Fri Feb 26 20:41:33 2021
207551 board (197174 train, 10377 test)
batch=30000 lr_decay_st=20000 lr_max=0.200000 lr_min=0.050000
wb=1.485875 wmob=2.092994 wodd=1.370745
train sse=43.091757 sae=5.146392
TEST mae=46.968904 sse=50.891881 sae=5.561204
error count:
|-35|-34|-33|-32|-31|-30|-29|-28|-27|-26|-25|-24|-23|-22|-21|-20|-19|-18|-17|-16|-15|-14|-13|-12|-11|-10| -9| -8| -7| -6| -5| -4| -3| -2| -1|   0|  1|  2|  3|  4|  5|  6|  7|  8|  9| 10| 11| 12| 13| 14| 15| 16| 17| 18| 19| 20| 21| 22| 23| 24| 25| 26| 27| 28| 29| 30| 31| 32| 33| 34| 35|
|  0|  0|  0|  0|  0|  0|  0|  3|  0|  2|  3|  4|  2|  5|  7| 10| 14| 12| 22| 38| 47| 61| 78|107|112|186|182|242|320|338|371|431|485|529|613|1201|614|560|593|579|465|376|369|275|257|204|132|118| 94| 68| 65| 49| 23| 30| 23| 10| 16|  6|  6|  5|  4|  1|  1|  3|  1|  1|  0|  1|  0|  0|  0|
predict acc: 91.12%

+ cinner cedge ccor
phase: 4 (14_17)   time: Fri Feb 26 20:42:52 2021
177153 board (168296 train, 8857 test)
batch=30000 lr_decay_st=20000 lr_max=0.200000 lr_min=0.050000
wb=1.740222 wmob=1.700118 wodd=1.820669
train sse=52.951397 sae=5.649925
TEST mae=38.597670 sse=68.952103 sae=6.463284
error count:
|-35|-34|-33|-32|-31|-30|-29|-28|-27|-26|-25|-24|-23|-22|-21|-20|-19|-18|-17|-16|-15|-14|-13|-12|-11|-10| -9| -8| -7| -6| -5| -4| -3| -2| -1|  0|  1|  2|  3|  4|  5|  6|  7|  8|  9| 10| 11| 12| 13| 14| 15| 16| 17| 18| 19| 20| 21| 22| 23| 24| 25| 26| 27| 28| 29| 30| 31| 32| 33| 34| 35|
|  0|  0|  1|  4|  1|  1|  5|  2|  1|  4|  9|  6| 11| 14| 17| 18| 19| 38| 37| 56| 51| 80| 75|109|133|116|182|217|230|265|323|363|372|394|421|917|424|456|469|384|369|368|328|272|247|184|160|150|116| 92| 71| 71| 33| 40| 31| 19| 13| 17|  5| 16|  6|  4|  6|  2|  5|  3|  0|  0|  1|  0|  1|
predict acc: 90.92%

+ pcinner cedge ccor
phase: 1 (5_7)   time: Fri Feb 26 20:55:55 2021
207551 board (197174 train, 10377 test)
batch=30000 lr_decay_st=20000 lr_max=0.200000 lr_min=0.050000
wb=-14.329128 wmob=3.393224 wodd=1.281837
train sse=42.757089 sae=5.129200
TEST mae=54.527255 sse=50.973117 sae=5.602052
error count:
|-35|-34|-33|-32|-31|-30|-29|-28|-27|-26|-25|-24|-23|-22|-21|-20|-19|-18|-17|-16|-15|-14|-13|-12|-11|-10| -9| -8| -7| -6| -5| -4| -3| -2| -1|   0|  1|  2|  3|  4|  5|  6|  7|  8|  9| 10| 11| 12| 13| 14| 15| 16| 17| 18| 19| 20| 21| 22| 23| 24| 25| 26| 27| 28| 29| 30| 31| 32| 33| 34| 35|
|  0|  0|  0|  1|  1|  0|  0|  0|  1|  0|  1|  0|  3|  6|  4|  8| 10| 16| 31| 45| 41| 58| 89| 97|135|176|214|267|284|313|397|441|497|565|598|1219|586|561|543|505|473|416|309|319|242|218|189|114| 91| 72| 55| 46| 28| 20| 17|  9| 11| 10|  7|  6|  1|  1|  2|  2|  1|  1|  0|  0|  1|  0|  1|
predict acc: 91.11%

+ pcinner cedge ccor
phase: 4 (14_17)   time: Fri Feb 26 20:57:58 2021
178962 board (170014 train, 8948 test)
batch=30000 lr_decay_st=20000 lr_max=0.200000 lr_min=0.050000
wb=-11.818643 wmob=2.244350 wodd=1.935556
train sse=53.122115 sae=5.660918
TEST mae=42.120948 sse=68.400801 sae=6.463210
error count:
|-35|-34|-33|-32|-31|-30|-29|-28|-27|-26|-25|-24|-23|-22|-21|-20|-19|-18|-17|-16|-15|-14|-13|-12|-11|-10| -9| -8| -7| -6| -5| -4| -3| -2| -1|  0|  1|  2|  3|  4|  5|  6|  7|  8|  9| 10| 11| 12| 13| 14| 15| 16| 17| 18| 19| 20| 21| 22| 23| 24| 25| 26| 27| 28| 29| 30| 31| 32| 33| 34| 35|
|  0|  0|  0|  0|  1|  1|  0|  4|  1|  2|  5|  9| 11| 11| 20| 19| 22| 31| 40| 50| 65| 65| 83| 93|132|166|200|205|261|276|336|366|360|409|433|892|483|430|447|417|392|307|330|289|205|188|165|143|137| 94| 54| 58| 52| 49| 44| 14| 15| 14| 14|  6|  3| 10|  6|  3|  3|  2|  1|  0|  0|  0|  0|
predict acc: 91.38%

+ pcinner cedge ccor
phase: 1 (5_7)   time: Fri Feb 26 21:04:42 2021
207551 board (197174 train, 10377 test)
batch=30000 lr_decay_st=20000 lr_max=0.200000 lr_min=0.050000
wb=-14.316498 wmob=3.377706 wodd=1.274184
train sse=42.872283 sae=5.135949
TEST mae=38.061796 sse=48.601332 sae=5.474882
error count:
|-35|-34|-33|-32|-31|-30|-29|-28|-27|-26|-25|-24|-23|-22|-21|-20|-19|-18|-17|-16|-15|-14|-13|-12|-11|-10| -9| -8| -7| -6| -5| -4| -3| -2| -1|   0|  1|  2|  3|  4|  5|  6|  7|  8|  9| 10| 11| 12| 13| 14| 15| 16| 17| 18| 19| 20| 21| 22| 23| 24| 25| 26| 27| 28| 29| 30| 31| 32| 33| 34| 35|
|  0|  0|  1|  0|  0|  0|  0|  0|  0|  1|  1|  4|  1|  4|  8|  5| 12| 19| 21| 40| 54| 65| 88| 91|115|147|183|228|303|345|407|453|474|561|615|1223|598|582|546|537|499|436|351|279|266|177|162|129| 79| 70| 62| 35| 28|  8| 18| 10|  7|  3|  6|  6|  6|  1|  1|  1|  2|  1|  0|  0|  0|  0|  0|
predict acc: 91.58%

+ pcinner pcedge ccor
phase: 1 (5_7)   time: Fri Feb 26 21:09:36 2021
207551 board (197174 train, 10377 test)
batch=30000 lr_decay_st=20000 lr_max=0.200000 lr_min=0.050000
wb=-14.056560 wmob=3.421138 wodd=1.272332
train sse=42.720209 sae=5.127858
TEST mae=47.439033 sse=51.535759 sae=5.644127
error count:
|-35|-34|-33|-32|-31|-30|-29|-28|-27|-26|-25|-24|-23|-22|-21|-20|-19|-18|-17|-16|-15|-14|-13|-12|-11|-10| -9| -8| -7| -6| -5| -4| -3| -2| -1|   0|  1|  2|  3|  4|  5|  6|  7|  8|  9| 10| 11| 12| 13| 14| 15| 16| 17| 18| 19| 20| 21| 22| 23| 24| 25| 26| 27| 28| 29| 30| 31| 32| 33| 34| 35|
|  0|  0|  0|  0|  0|  1|  0|  2|  0|  2|  1|  0|  3|  8|  8| 11| 18| 16| 27| 40| 61| 59| 78|116|139|185|206|223|308|309|405|433|510|534|624|1166|617|539|567|517|418|428|354|297|256|201|159|139| 88| 90| 56| 39| 35| 24| 16| 13| 10|  8|  1|  2|  0|  5|  1|  1|  0|  1|  0|  0|  0|  0|  1|
predict acc: 91.31%

+ pcinner pcedge ccor
phase: 4 (14_17)   time: Fri Feb 26 21:12:25 2021
180657 board (171625 train, 9032 test)
batch=30000 lr_decay_st=20000 lr_max=0.200000 lr_min=0.050000
wb=-11.304160 wmob=2.209515 wodd=1.959793
train sse=53.137828 sae=5.661331
TEST mae=47.552861 sse=70.399121 sae=6.501256
error count:
|-35|-34|-33|-32|-31|-30|-29|-28|-27|-26|-25|-24|-23|-22|-21|-20|-19|-18|-17|-16|-15|-14|-13|-12|-11|-10| -9| -8| -7| -6| -5| -4| -3| -2| -1|  0|  1|  2|  3|  4|  5|  6|  7|  8|  9| 10| 11| 12| 13| 14| 15| 16| 17| 18| 19| 20| 21| 22| 23| 24| 25| 26| 27| 28| 29| 30| 31| 32| 33| 34| 35|
|  0|  0|  0|  0|  3|  1|  5|  2|  6|  5|  6|  6| 12| 20| 19| 22| 32| 38| 42| 42| 71| 86| 98|138|115|153|176|226|252|318|359|332|382|409|406|986|490|434|435|376|373|350|289|236|234|199|180|131| 93|110| 71| 55| 47| 38| 25| 18| 16| 11| 10| 10|  4|  9|  3|  4|  3|  1|  0|  1|  1|  2|  0|
predict acc: 90.95%


+ pcinner pcedge ccor
phase: 4 (14_17)   time: Fri Feb 26 21:32:21 2021
183018 board (173868 train, 9150 test)
batch=30000 lr_decay_st=20000 lr_max=0.200000 lr_min=0.050000
wb=-11.763545 wmob=2.230873 wodd=2.011156
train sse=53.267217 sae=5.673707
TEST mae=47.740453 sse=70.980214 sae=6.515016
error count:
|-35|-34|-33|-32|-31|-30|-29|-28|-27|-26|-25|-24|-23|-22|-21|-20|-19|-18|-17|-16|-15|-14|-13|-12|-11|-10| -9| -8| -7| -6| -5| -4| -3| -2| -1|  0|  1|  2|  3|  4|  5|  6|  7|  8|  9| 10| 11| 12| 13| 14| 15| 16| 17| 18| 19| 20| 21| 22| 23| 24| 25| 26| 27| 28| 29| 30| 31| 32| 33| 34| 35|
|  2|  0|  3|  1|  4|  3|  2|  6|  6|  3|  4|  5|  6| 20| 23| 25| 26| 28| 44| 52| 54| 79| 66|114|115|144|181|212|247|279|381|339|373|450|452|896|496|448|463|392|403|351|335|278|244|181|151|135|141| 92| 90| 62| 50| 45| 36| 21| 25|  7| 15|  6|  7|  4|  6|  4|  3|  5|  2|  1|  0|  2|  0|
predict acc: 90.91%

+ pcinner ocedge ccor
phase: 1 (5_7)   time: Fri Feb 26 21:33:49 2021
207551 board (197174 train, 10377 test)
batch=30000 lr_decay_st=20000 lr_max=0.200000 lr_min=0.050000
wb=-14.430841 wmob=3.393234 wodd=1.254842
train sse=42.842796 sae=5.134011
TEST mae=45.443975 sse=49.709042 sae=5.538439
error count:
|-35|-34|-33|-32|-31|-30|-29|-28|-27|-26|-25|-24|-23|-22|-21|-20|-19|-18|-17|-16|-15|-14|-13|-12|-11|-10| -9| -8| -7| -6| -5| -4| -3| -2| -1|   0|  1|  2|  3|  4|  5|  6|  7|  8|  9| 10| 11| 12| 13| 14| 15| 16| 17| 18| 19| 20| 21| 22| 23| 24| 25| 26| 27| 28| 29| 30| 31| 32| 33| 34| 35|
|  0|  0|  0|  0|  1|  0|  1|  1|  0|  1|  1|  6|  5|  3|  8|  9| 17| 23| 25| 43| 44| 60| 85|120|116|164|205|257|313|315|449|435|491|574|610|1248|557|579|570|499|455|383|340|299|259|194|148|105| 88| 68| 58| 49| 32| 21| 16|  8|  2|  4|  3|  0|  3|  3|  0|  1|  1|  0|  0|  0|  1|  0|  0|
predict acc: 90.80%

+ pcinner ocedge ccor
phase: 4 (14_17)   time: Fri Feb 26 21:34:51 2021
183320 board (174154 train, 9166 test)
batch=30000 lr_decay_st=20000 lr_max=0.200000 lr_min=0.050000
wb=-11.878166 wmob=2.223224 wodd=2.000819
train sse=53.249552 sae=5.667364
TEST mae=54.754299 sse=70.556182 sae=6.507732
error count:
|-35|-34|-33|-32|-31|-30|-29|-28|-27|-26|-25|-24|-23|-22|-21|-20|-19|-18|-17|-16|-15|-14|-13|-12|-11|-10| -9| -8| -7| -6| -5| -4| -3| -2| -1|  0|  1|  2|  3|  4|  5|  6|  7|  8|  9| 10| 11| 12| 13| 14| 15| 16| 17| 18| 19| 20| 21| 22| 23| 24| 25| 26| 27| 28| 29| 30| 31| 32| 33| 34| 35|
|  1|  0|  1|  1|  2|  2|  2|  2|  4|  5|  7|  9|  8| 21|  9| 23| 30| 35| 41| 42| 69| 89|102|119|145|168|189|235|245|288|326|376|394|416|463|958|493|450|417|395|384|346|312|265|213|200|154|141|113| 90| 75| 51| 50| 44| 34| 22| 18| 17| 14|  8|  4|  5|  6|  2|  4|  2|  3|  0|  1|  1|  1|
predict acc: 90.62%

+ pcinner ocedge ccor
phase: 1 (5_7)   time: Fri Feb 26 21:37:07 2021
207551 board (197174 train, 10377 test)
batch=30000 lr_decay_st=20000 lr_max=0.200000 lr_min=0.050000
wb=-14.342837 wmob=3.389382 wodd=1.306169
train sse=42.773472 sae=5.131560
TEST mae=42.841481 sse=50.550683 sae=5.564990
error count:
|-35|-34|-33|-32|-31|-30|-29|-28|-27|-26|-25|-24|-23|-22|-21|-20|-19|-18|-17|-16|-15|-14|-13|-12|-11|-10| -9| -8| -7| -6| -5| -4| -3| -2| -1|   0|  1|  2|  3|  4|  5|  6|  7|  8|  9| 10| 11| 12| 13| 14| 15| 16| 17| 18| 19| 20| 21| 22| 23| 24| 25| 26| 27| 28| 29| 30| 31| 32| 33| 34| 35|
|  0|  0|  0|  0|  1|  1|  3|  0|  2|  0|  0|  2|  4|  7|  2| 10| 17| 15| 28| 35| 39| 59| 80| 95|112|176|170|252|292|351|409|458|518|584|568|1194|586|582|540|521|490|412|326|305|239|222|152|118|101| 66| 66| 35| 38| 23| 15| 11| 12|  5|  6|  3|  4|  1|  5|  2|  3|  0|  1|  1|  0|  0|  0|
predict acc: 91.54%

+ pcinner ocedge ccor
phase: 4 (14_17)   time: Fri Feb 26 21:39:18 2021
183845 board (174653 train, 9192 test)
batch=30000 lr_decay_st=20000 lr_max=0.200000 lr_min=0.050000
wb=-11.817104 wmob=2.231424 wodd=1.967809
train sse=53.439869 sae=5.678834
TEST mae=38.812330 sse=66.832827 sae=6.385543
error count:
|-35|-34|-33|-32|-31|-30|-29|-28|-27|-26|-25|-24|-23|-22|-21|-20|-19|-18|-17|-16|-15|-14|-13|-12|-11|-10| -9| -8| -7| -6| -5| -4| -3| -2| -1|  0|  1|  2|  3|  4|  5|  6|  7|  8|  9| 10| 11| 12| 13| 14| 15| 16| 17| 18| 19| 20| 21| 22| 23| 24| 25| 26| 27| 28| 29| 30| 31| 32| 33| 34| 35|
|  0|  0|  0|  0|  3|  0|  3|  3|  2| 10|  6|  2|  9| 19| 17| 14| 25| 30| 38| 35| 63| 81| 82|124|136|133|189|210|246|243|366|365|415|437|447|945|482|455|453|422|381|351|331|288|219|216|180|147|118|117| 76| 64| 33| 36| 29| 24| 15| 17|  5|  7|  8|  4|  2|  2|  2|  3|  2|  2|  0|  1|  0|
predict acc: 91.18%


+ pcinner ocedge ccor cx22
phase: 1 (5_7)   time: Fri Feb 26 21:57:01 2021
207551 board (197174 train, 10377 test)
batch=30000 lr_decay_st=20000 lr_max=0.200000 lr_min=0.050000
wb=-14.341304 wmob=3.385796 wodd=1.254588
train sse=42.780259 sae=5.130820
TEST mae=42.407092 sse=50.200919 sae=5.547989
error count:
|-35|-34|-33|-32|-31|-30|-29|-28|-27|-26|-25|-24|-23|-22|-21|-20|-19|-18|-17|-16|-15|-14|-13|-12|-11|-10| -9| -8| -7| -6| -5| -4| -3| -2| -1|   0|  1|  2|  3|  4|  5|  6|  7|  8|  9| 10| 11| 12| 13| 14| 15| 16| 17| 18| 19| 20| 21| 22| 23| 24| 25| 26| 27| 28| 29| 30| 31| 32| 33| 34| 35|
|  0|  0|  0|  1|  1|  2|  1|  0|  4|  0|  2|  2|  1|  1|  6|  8| 10| 17| 25| 33| 47| 62| 77|116|142|170|197|235|313|330|391|443|497|535|571|1218|608|637|548|534|478|389|302|322|238|175|163|145| 93| 71| 47| 46| 35| 24| 10| 19|  7|  5|  5|  6|  1|  2|  2|  2|  2|  1|  0|  0|  0|  1|  0|
predict acc: 91.24%

+ pcinner ocedge ccor cx22
phase: 4 (14_17)   time: Fri Feb 26 21:58:04 2021
186022 board (176721 train, 9301 test)
batch=30000 lr_decay_st=20000 lr_max=0.200000 lr_min=0.050000
wb=-11.428377 wmob=2.175947 wodd=1.976698
train sse=53.293595 sae=5.668906
TEST mae=49.032875 sse=70.639642 sae=6.537663
error count:
|-35|-34|-33|-32|-31|-30|-29|-28|-27|-26|-25|-24|-23|-22|-21|-20|-19|-18|-17|-16|-15|-14|-13|-12|-11|-10| -9| -8| -7| -6| -5| -4| -3| -2| -1|  0|  1|  2|  3|  4|  5|  6|  7|  8|  9| 10| 11| 12| 13| 14| 15| 16| 17| 18| 19| 20| 21| 22| 23| 24| 25| 26| 27| 28| 29| 30| 31| 32| 33| 34| 35|
|  0|  1|  1|  0|  1|  4|  1|  2|  2|  6| 13|  8| 10| 10| 14| 22| 26| 31| 45| 72| 63| 84|102|114|129|167|184|248|279|323|318|352|397|421|482|917|444|490|455|401|405|346|307|291|244|200|158|139|123| 90| 84| 54| 38| 42| 31| 21| 16| 17| 12|  5|  5|  7|  3|  6|  2|  1|  3|  0|  1|  0|  1|
predict acc: 91.10%

+ ocinner ocedge ccor cx22
phase: 1 (5_7)   time: Fri Feb 26 22:01:35 2021
207551 board (197174 train, 10377 test)
batch=30000 lr_decay_st=20000 lr_max=0.200000 lr_min=0.050000
wb=-14.636831 wmob=3.362687 wodd=1.259560
train sse=42.779563 sae=5.129578
TEST mae=32.620849 sse=50.609073 sae=5.592965
error count:
|-35|-34|-33|-32|-31|-30|-29|-28|-27|-26|-25|-24|-23|-22|-21|-20|-19|-18|-17|-16|-15|-14|-13|-12|-11|-10| -9| -8| -7| -6| -5| -4| -3| -2| -1|   0|  1|  2|  3|  4|  5|  6|  7|  8|  9| 10| 11| 12| 13| 14| 15| 16| 17| 18| 19| 20| 21| 22| 23| 24| 25| 26| 27| 28| 29| 30| 31| 32| 33| 34| 35|
|  0|  0|  0|  0|  1|  2|  0|  0|  1|  1|  0|  4|  2|  6|  7|  5| 15| 18| 22| 41| 43| 67| 72|101|111|184|197|273|300|321|407|422|503|549|594|1236|555|578|524|541|484|380|342|332|241|196|175|126| 97| 82| 53| 50| 24| 23| 19| 15|  7|  5|  9|  4|  0|  1|  2|  1|  0|  4|  1|  0|  1|  0|  0|
predict acc: 90.73%

+ ocinner ocedge ccor cx22
phase: 4 (14_17)   time: Fri Feb 26 22:02:31 2021
186524 board (177198 train, 9326 test)
batch=30000 lr_decay_st=20000 lr_max=0.200000 lr_min=0.050000
wb=-11.668675 wmob=2.152216 wodd=1.976501
train sse=53.508935 sae=5.676257
TEST mae=41.302746 sse=68.611993 sae=6.452650
error count:
|-35|-34|-33|-32|-31|-30|-29|-28|-27|-26|-25|-24|-23|-22|-21|-20|-19|-18|-17|-16|-15|-14|-13|-12|-11|-10| -9| -8| -7| -6| -5| -4| -3| -2| -1|  0|  1|  2|  3|  4|  5|  6|  7|  8|  9| 10| 11| 12| 13| 14| 15| 16| 17| 18| 19| 20| 21| 22| 23| 24| 25| 26| 27| 28| 29| 30| 31| 32| 33| 34| 35|
|  0|  1|  1|  1|  4|  3|  0|  5|  6|  5|  6| 12| 11| 12| 11| 26| 19| 33| 51| 41| 69| 80|106|106|151|201|217|261|275|295|339|395|434|442|462|956|480|438|448|414|385|344|296|244|240|178|162|126|108| 92| 82| 51| 40| 34| 26| 23| 18| 17|  8|  4|  6|  5|  3|  4|  4|  0|  3|  1|  2|  0|  0|
predict acc: 91.11%

+ ocinner ocedge ccor cx22
phase: 1 (5_7)   time: Fri Feb 26 22:05:17 2021
207551 board (197174 train, 10377 test)
batch=30000 lr_decay_st=20000 lr_max=0.200000 lr_min=0.050000
wb=-14.699001 wmob=3.395382 wodd=1.228803
train sse=42.781516 sae=5.131020
TEST mae=38.091719 sse=50.975207 sae=5.622654
error count:
|-35|-34|-33|-32|-31|-30|-29|-28|-27|-26|-25|-24|-23|-22|-21|-20|-19|-18|-17|-16|-15|-14|-13|-12|-11|-10| -9| -8| -7| -6| -5| -4| -3| -2| -1|   0|  1|  2|  3|  4|  5|  6|  7|  8|  9| 10| 11| 12| 13| 14| 15| 16| 17| 18| 19| 20| 21| 22| 23| 24| 25| 26| 27| 28| 29| 30| 31| 32| 33| 34| 35|
|  0|  0|  0|  0|  0|  0|  0|  1|  1|  1|  1|  1|  2|  2|  6| 13| 12| 18| 25| 36| 51| 61| 90|101|122|162|187|250|299|362|375|433|503|513|601|1232|575|580|545|490|454|380|373|308|262|214|172|144|109| 80| 73| 39| 30| 22| 17| 19|  6|  5|  4|  3|  0|  3|  3|  2|  1|  1|  0|  1|  0|  0|  0|
predict acc: 90.55%

+ ocinner ocedge ccor cx22
phase: 4 (14_17)   time: Fri Feb 26 22:06:21 2021
186955 board (177608 train, 9347 test)
batch=30000 lr_decay_st=20000 lr_max=0.200000 lr_min=0.050000
wb=-11.695880 wmob=2.177106 wodd=2.014919
train sse=53.494633 sae=5.680551
TEST mae=54.978934 sse=66.694173 sae=6.322658
error count:
|-35|-34|-33|-32|-31|-30|-29|-28|-27|-26|-25|-24|-23|-22|-21|-20|-19|-18|-17|-16|-15|-14|-13|-12|-11|-10| -9| -8| -7| -6| -5| -4| -3| -2| -1|   0|  1|  2|  3|  4|  5|  6|  7|  8|  9| 10| 11| 12| 13| 14| 15| 16| 17| 18| 19| 20| 21| 22| 23| 24| 25| 26| 27| 28| 29| 30| 31| 32| 33| 34| 35|
|  0|  0|  1|  2|  3|  3|  2|  4|  4|  6|  7|  9|  3| 14| 14| 28| 25| 26| 44| 54| 53| 73| 86|116|147|144|179|210|271|289|327|403|447|399|461|1000|476|482|480|440|381|362|339|278|227|185|158|153|116| 98| 62| 53| 42| 27| 22| 34| 19| 15|  9|  3|  5|  6|  4|  3|  5|  2|  2|  1|  0|  1|  0|
predict acc: 91.12%

+ pcinner pcedge ccor cx22
phase: 1 (5_7)   time: Fri Feb 26 22:08:42 2021
207551 board (197174 train, 10377 test)
batch=30000 lr_decay_st=20000 lr_max=0.200000 lr_min=0.050000
wb=-14.461661 wmob=3.394929 wodd=1.257255
train sse=42.787216 sae=5.131002
TEST mae=31.240830 sse=51.209381 sae=5.627936
error count:
|-35|-34|-33|-32|-31|-30|-29|-28|-27|-26|-25|-24|-23|-22|-21|-20|-19|-18|-17|-16|-15|-14|-13|-12|-11|-10| -9| -8| -7| -6| -5| -4| -3| -2| -1|   0|  1|  2|  3|  4|  5|  6|  7|  8|  9| 10| 11| 12| 13| 14| 15| 16| 17| 18| 19| 20| 21| 22| 23| 24| 25| 26| 27| 28| 29| 30| 31| 32| 33| 34| 35|
|  0|  0|  0|  0|  0|  0|  1|  3|  1|  4|  1|  2|  3|  3|  3| 14| 15| 10| 35| 43| 47| 63| 81|110|122|160|200|243|326|362|403|426|501|550|544|1227|607|545|553|506|471|417|345|283|237|220|153|130| 96| 78| 64| 56| 21| 24| 21| 12| 10|  7|  3|  6|  2|  2|  2|  2|  0|  0|  1|  0|  0|  0|  0|
predict acc: 90.83%

+ pcinner pcedge ccor cx22
phase: 4 (14_17)   time: Fri Feb 26 22:09:44 2021
187310 board (177945 train, 9365 test)
batch=30000 lr_decay_st=20000 lr_max=0.200000 lr_min=0.050000
wb=-11.798801 wmob=2.187128 wodd=2.013536
train sse=53.517099 sae=5.679981
TEST mae=36.091725 sse=67.872346 sae=6.399776
error count:
|-35|-34|-33|-32|-31|-30|-29|-28|-27|-26|-25|-24|-23|-22|-21|-20|-19|-18|-17|-16|-15|-14|-13|-12|-11|-10| -9| -8| -7| -6| -5| -4| -3| -2| -1|  0|  1|  2|  3|  4|  5|  6|  7|  8|  9| 10| 11| 12| 13| 14| 15| 16| 17| 18| 19| 20| 21| 22| 23| 24| 25| 26| 27| 28| 29| 30| 31| 32| 33| 34| 35|
|  0|  1|  2|  0|  2|  0|  2|  3|  6|  6| 13|  6|  7| 16| 23| 22| 25| 36| 42| 55| 52| 61| 82|106|148|151|181|203|276|317|347|381|395|437|497|939|504|466|455|412|403|408|325|244|217|199|175|146|122| 85| 85| 68| 48| 29| 22| 25| 20| 15| 10|  8| 12|  9|  5|  0|  1|  2|  1|  1|  0|  0|  1|
predict acc: 90.96%

+ pcinner pcedge ccor cx22
phase: 1 (5_7)   time: Fri Feb 26 22:26:19 2021
207551 board (197174 train, 10377 test)
batch=30000 lr_decay_st=20000 lr_max=0.200000 lr_min=0.050000
wb=-14.356971 wmob=3.384202 wodd=1.287505
train sse=42.844385 sae=5.136128
TEST mae=45.945023 sse=50.226607 sae=5.550207
error count:
|-35|-34|-33|-32|-31|-30|-29|-28|-27|-26|-25|-24|-23|-22|-21|-20|-19|-18|-17|-16|-15|-14|-13|-12|-11|-10| -9| -8| -7| -6| -5| -4| -3| -2| -1|   0|  1|  2|  3|  4|  5|  6|  7|  8|  9| 10| 11| 12| 13| 14| 15| 16| 17| 18| 19| 20| 21| 22| 23| 24| 25| 26| 27| 28| 29| 30| 31| 32| 33| 34| 35|
|  0|  0|  0|  0|  0|  0|  0|  2|  1|  0|  1|  3|  3|  9|  5| 15| 15| 14| 13| 38| 31| 52| 84| 86|113|175|205|232|283|367|393|441|494|554|545|1219|627|596|569|519|444|399|349|302|274|189|157|133|103| 82| 61| 45| 45| 18| 24| 14| 10|  5|  4|  4|  1|  3|  2|  0|  0|  2|  0|  1|  0|  0|  0|
predict acc: 91.32%

+ pcinner pcedge ccor cx22
phase: 1 (5_7)   time: Fri Feb 26 23:43:22 2021
207551 board (197174 train, 10377 test)
batch=30000 lr_decay_st=20000 lr_max=0.200000 lr_min=0.050000
wb=-14.473467 wmob=3.369747 wodd=1.231710
train acc=91.888890 sse=42.843898 sae=5.132655
TEST mae=33.682965 sse=51.115295 sae=5.618994
error count:
|-35|-34|-33|-32|-31|-30|-29|-28|-27|-26|-25|-24|-23|-22|-21|-20|-19|-18|-17|-16|-15|-14|-13|-12|-11|-10| -9| -8| -7| -6| -5| -4| -3| -2| -1|   0|  1|  2|  3|  4|  5|  6|  7|  8|  9| 10| 11| 12| 13| 14| 15| 16| 17| 18| 19| 20| 21| 22| 23| 24| 25| 26| 27| 28| 29| 30| 31| 32| 33| 34| 35|
|  0|  0|  0|  0|  0|  0|  0|  1|  2|  0|  3|  3|  3|  8|  5|  7| 17| 13| 31| 36| 55| 79| 78|105|142|166|215|280|307|378|401|420|477|547|561|1277|533|582|529|541|480|394|334|284|226|201|147|122| 85| 86| 68| 39| 20| 16| 22| 11| 11|  5| 10|  2|  2|  4|  1|  2|  1|  0|  1|  0|  0|  1|  0|
predict acc: 91.18%

+ pcinner pcedge ccor cx22
phase: 1 (5_7)   time: Fri Feb 26 23:50:19 2021
207551 board (197174 train, 10377 test)
batch=30000 lr_decay_st=20000 lr_max=0.200000 lr_min=0.050000
wb=-14.596145 wmob=3.372395 wodd=1.339464
train acc=92.323024 sse=42.584996 sae=5.115243
TEST mae=34.877643 sse=50.305295 sae=5.560367
error count:
|-35|-34|-33|-32|-31|-30|-29|-28|-27|-26|-25|-24|-23|-22|-21|-20|-19|-18|-17|-16|-15|-14|-13|-12|-11|-10| -9| -8| -7| -6| -5| -4| -3| -2| -1|   0|  1|  2|  3|  4|  5|  6|  7|  8|  9| 10| 11| 12| 13| 14| 15| 16| 17| 18| 19| 20| 21| 22| 23| 24| 25| 26| 27| 28| 29| 30| 31| 32| 33| 34| 35|
|  0|  0|  0|  0|  0|  0|  0|  0|  0|  2|  1|  5|  3|  5| 10|  7|  6| 17| 34| 37| 46| 66| 81|109|114|152|205|250|285|376|400|415|472|533|571|1214|639|621|527|535|466|410|330|291|246|210|170|133| 88| 83| 52| 37| 34| 23| 18| 14|  7|  5|  4|  5|  2|  0|  3|  2|  2|  2|  0|  0|  0|  1|  1|
predict acc: 91.25%

+ pcinner pcedge ccor cx22
phase: 4 (14_17)   time: Fri Feb 26 23:51:29 2021
199446 board (189474 train, 9972 test)
batch=30000 lr_decay_st=20000 lr_max=0.200000 lr_min=0.050000
wb=-11.698157 wmob=2.154287 wodd=2.087661
train acc=92.712457 sse=53.644262 sae=5.678027
TEST mae=43.731785 sse=69.485165 sae=6.477761
error count:
|-35|-34|-33|-32|-31|-30|-29|-28|-27|-26|-25|-24|-23|-22|-21|-20|-19|-18|-17|-16|-15|-14|-13|-12|-11|-10| -9| -8| -7| -6| -5| -4| -3| -2| -1|   0|  1|  2|  3|  4|  5|  6|  7|  8|  9| 10| 11| 12| 13| 14| 15| 16| 17| 18| 19| 20| 21| 22| 23| 24| 25| 26| 27| 28| 29| 30| 31| 32| 33| 34| 35|
|  0|  0|  1|  0|  1|  0|  4|  4|  2|  7|  3| 18| 17| 14| 15| 28| 24| 42| 46| 50| 58| 87|105|135|156|182|201|276|272|348|355|403|418|485|487|1033|531|490|483|460|405|323|329|268|240|224|167|164|134| 98| 81| 56| 56| 40| 28| 24| 20| 17| 13|  9|  9|  1|  6|  4|  1|  1|  6|  2|  1|  0|  1|
predict acc: 91.24%

+ pcinner pcedge ccor cx22
phase: 1 (5_7)   time: Fri Feb 26 23:58:19 2021
207551 board (197174 train, 10377 test)
batch=30000 lr_decay_st=20000 lr_max=0.200000 lr_min=0.050000
wb=-16.688085 wmob=3.921480 wodd=1.623865
train acc=92.211448 sse=58.499539 sae=6.120090
TEST mae=37.373488 sse=66.464441 sae=6.522049
error count:
|-35|-34|-33|-32|-31|-30|-29|-28|-27|-26|-25|-24|-23|-22|-21|-20|-19|-18|-17|-16|-15|-14|-13|-12|-11|-10| -9| -8| -7| -6| -5| -4| -3| -2| -1|  0|  1|  2|  3|  4|  5|  6|  7|  8|  9| 10| 11| 12| 13| 14| 15| 16| 17| 18| 19| 20| 21| 22| 23| 24| 25| 26| 27| 28| 29| 30| 31| 32| 33| 34| 35|
|  0|  0|  0|  0|  0|  2|  1|  2|  0|  2|  2|  3|  4|  8| 15| 15| 24| 25| 32| 40| 64| 88| 90|120|125|191|216|281|249|287|319|363|380|451|489|989|515|504|497|488|455|436|420|354|373|271|241|225|154|131|114| 73| 66| 45| 36| 31| 32| 10|  6|  7|  7|  3|  2|  0|  1|  0|  0|  1|  0|  0|  0|
predict acc: 91.00%

+ pcinner pcedge ccor cx22
phase: 1 (5_7)   time: Sat Feb 27 00:03:06 2021
207551 board (197174 train, 10377 test)
batch=30000 lr_decay_st=20000 lr_max=0.200000 lr_min=0.050000
wb=-14.459023 wmob=3.391289 wodd=1.271688
train acc=91.859474 sse=42.872900 sae=5.136033
TEST mae=37.940459 sse=49.584466 sae=5.514959
error count:
|-35|-34|-33|-32|-31|-30|-29|-28|-27|-26|-25|-24|-23|-22|-21|-20|-19|-18|-17|-16|-15|-14|-13|-12|-11|-10| -9| -8| -7| -6| -5| -4| -3| -2| -1|   0|  1|  2|  3|  4|  5|  6|  7|  8|  9| 10| 11| 12| 13| 14| 15| 16| 17| 18| 19| 20| 21| 22| 23| 24| 25| 26| 27| 28| 29| 30| 31| 32| 33| 34| 35|
|  1|  0|  0|  0|  0|  1|  0|  0|  1|  0|  0|  1|  1|  4|  5|  8| 10| 21| 22| 29| 48| 53| 87|104|124|153|224|239|258|346|395|442|464|542|586|1301|596|597|548|479|458|447|318|326|230|196|165|130|113| 77| 64| 43| 41| 14| 19| 11|  6|  8|  2|  4|  5|  1|  2|  2|  1|  0|  2|  0|  0|  0|  1|
predict acc: 91.62%

+ pcinner pcedge ccor cx22
phase: 4 (14_17)   time: Sat Feb 27 00:04:22 2021
200921 board (190875 train, 10046 test)
batch=30000 lr_decay_st=20000 lr_max=0.200000 lr_min=0.050000
wb=-11.650006 wmob=2.158162 wodd=2.034558
train acc=92.176555 sse=54.205155 sae=5.712264
TEST mae=51.002501 sse=69.341037 sae=6.424119
error count:
|-35|-34|-33|-32|-31|-30|-29|-28|-27|-26|-25|-24|-23|-22|-21|-20|-19|-18|-17|-16|-15|-14|-13|-12|-11|-10| -9| -8| -7| -6| -5| -4| -3| -2| -1|   0|  1|  2|  3|  4|  5|  6|  7|  8|  9| 10| 11| 12| 13| 14| 15| 16| 17| 18| 19| 20| 21| 22| 23| 24| 25| 26| 27| 28| 29| 30| 31| 32| 33| 34| 35|
|  2|  1|  2|  2|  0|  1|  4|  2|  8|  2|  9| 10|  7| 13| 20| 29| 33| 30| 46| 45| 68| 94| 94|139|155|191|217|258|284|331|345|431|423|466|543|1070|515|518|465|442|405|379|304|285|227|221|179|148|121| 89| 74| 60| 50| 38| 31| 25| 22| 16|  9|  6|  7| 10|  3|  2|  5|  2|  2|  1|  1|  0|  1|
predict acc: 90.97%

+ pcinner pcedge ccor cx22
phase: 4 (14_17)   time: Sat Feb 27 00:07:55 2021
140000 board (133000 train, 7000 test)
batch=30000 lr_decay_st=20000 lr_max=0.200000 lr_min=0.050000
wb=-11.646872 wmob=2.212998 wodd=1.843246
train acc=92.829323 sse=50.325768 sae=5.503453
TEST mae=61.375505 sse=71.987224 sae=6.533379
error count:
|-35|-34|-33|-32|-31|-30|-29|-28|-27|-26|-25|-24|-23|-22|-21|-20|-19|-18|-17|-16|-15|-14|-13|-12|-11|-10| -9| -8| -7| -6| -5| -4| -3| -2| -1|  0|  1|  2|  3|  4|  5|  6|  7|  8|  9| 10| 11| 12| 13| 14| 15| 16| 17| 18| 19| 20| 21| 22| 23| 24| 25| 26| 27| 28| 29| 30| 31| 32| 33| 34| 35|
|  1|  0|  1|  1|  2|  1|  2|  5|  2|  3|  7|  8|  7| 11| 18| 12| 17| 24| 33| 38| 45| 64| 83| 89|100|121|158|169|187|237|247|266|283|336|316|758|379|357|326|304|288|274|213|188|188|129|150| 99| 95| 64| 67| 43| 39| 32| 21| 18| 14| 16| 11|  6|  3|  1|  2|  6|  2|  1|  2|  1|  1|  0|  0|
predict acc: 90.91%

+ pcinner pcedge ccor cx22
phase: 4 (14_17)   time: Sat Feb 27 00:11:31 2021
140000 board (133000 train, 7000 test)
batch=30000 lr_decay_st=20000 lr_max=0.200000 lr_min=0.050000
wb=-11.612514 wmob=2.199963 wodd=1.846341
train acc=92.850376 sse=50.339057 sae=5.500052
TEST mae=40.019235 sse=71.163678 sae=6.560999
error count:
|-35|-34|-33|-32|-31|-30|-29|-28|-27|-26|-25|-24|-23|-22|-21|-20|-19|-18|-17|-16|-15|-14|-13|-12|-11|-10| -9| -8| -7| -6| -5| -4| -3| -2| -1|  0|  1|  2|  3|  4|  5|  6|  7|  8|  9| 10| 11| 12| 13| 14| 15| 16| 17| 18| 19| 20| 21| 22| 23| 24| 25| 26| 27| 28| 29| 30| 31| 32| 33| 34| 35|
|  0|  0|  0|  2|  0|  0|  1|  2|  4|  4|  6|  9|  9| 10| 11| 16| 23| 24| 35| 32| 54| 68| 74| 97|114|136|151|168|181|219|260|305|303|330|331|706|386|326|313|309|269|273|227|231|152|168|117|111| 89| 70| 57| 48| 32| 24| 28| 11| 14| 13| 10|  6|  5|  4|  2|  3|  3|  4|  1|  0|  1|  0|  3|
predict acc: 91.59%

+ pcinner pcedge ccor cx22
phase: 2 (8_10)   time: Sat Feb 27 11:46:34 2021
199985 board (189986 train, 9999 test)
batch=30000 lr_decay_st=20000 lr_max=0.200000 lr_min=0.050000
wb=-14.258879 wmob=2.775757 wodd=1.484349
train acc=91.937301 sse=48.269083 sae=5.430559
TEST mae=37.522586 sse=59.462456 sae=6.054914
error count:
|-35|-34|-33|-32|-31|-30|-29|-28|-27|-26|-25|-24|-23|-22|-21|-20|-19|-18|-17|-16|-15|-14|-13|-12|-11|-10| -9| -8| -7| -6| -5| -4| -3| -2| -1|   0|  1|  2|  3|  4|  5|  6|  7|  8|  9| 10| 11| 12| 13| 14| 15| 16| 17| 18| 19| 20| 21| 22| 23| 24| 25| 26| 27| 28| 29| 30| 31| 32| 33| 34| 35|
|  1|  0|  1|  0|  1|  2|  1|  4|  0|  4|  3|  4|  8| 11|  7| 21| 17| 28| 33| 48| 54| 71|106|101|164|166|220|250|286|330|372|418|441|478|521|1040|566|511|528|458|409|416|344|305|269|216|173|134|102| 78| 65| 51| 46| 23| 25| 17| 14|  6|  9|  6|  3|  0|  3|  0|  1|  3|  4|  0|  1|  0|  0|
predict acc: 90.75%

raw
phase: 2 (8_10)   time: Sat Feb 27 12:00:58 2021
199985 board (189986 train, 9999 test)
batch=30000 lr_decay_st=20000 lr_max=0.200000 lr_min=0.050000
wb=-14.903414 wmob=2.832028 wodd=1.519214
train acc=91.937301 sse=48.848614 sae=5.469618
TEST mae=41.628306 sse=61.630505 sae=6.136120
error count:
|-35|-34|-33|-32|-31|-30|-29|-28|-27|-26|-25|-24|-23|-22|-21|-20|-19|-18|-17|-16|-15|-14|-13|-12|-11|-10| -9| -8| -7| -6| -5| -4| -3| -2| -1|   0|  1|  2|  3|  4|  5|  6|  7|  8|  9| 10| 11| 12| 13| 14| 15| 16| 17| 18| 19| 20| 21| 22| 23| 24| 25| 26| 27| 28| 29| 30| 31| 32| 33| 34| 35|
|  0|  0|  0|  1|  1|  0|  2|  2|  1|  4|  2|  5|  5| 12| 12| 20| 25| 40| 34| 51| 61| 74| 86|117|147|158|221|259|282|310|356|416|433|473|524|1045|553|533|505|453|418|386|346|318|269|218|204|137|115| 72| 65| 51| 32| 36| 25| 14| 11| 18|  7|  4| 13|  2|  3|  3|  1|  0|  0|  0|  1|  2|  1|
predict acc: 89.93%

+ pcinner pcedge ccor cx22
phase: 2 (8_10)   time: Sat Feb 27 12:05:18 2021
199985 board (189986 train, 9999 test)
batch=30000 lr_decay_st=20000 lr_max=0.200000 lr_min=0.050000
wb=-14.566339 wmob=2.840749 wodd=1.467952
train acc=91.855189 sse=48.906889 sae=5.472613
TEST mae=54.660754 sse=59.984794 sae=6.079810
error count:
|-35|-34|-33|-32|-31|-30|-29|-28|-27|-26|-25|-24|-23|-22|-21|-20|-19|-18|-17|-16|-15|-14|-13|-12|-11|-10| -9| -8| -7| -6| -5| -4| -3| -2| -1|   0|  1|  2|  3|  4|  5|  6|  7|  8|  9| 10| 11| 12| 13| 14| 15| 16| 17| 18| 19| 20| 21| 22| 23| 24| 25| 26| 27| 28| 29| 30| 31| 32| 33| 34| 35|
|  0|  0|  0|  0|  0|  0|  2|  1|  1|  4|  1|  3|  5|  7| 13| 17| 21| 29| 28| 40| 48| 72| 81|120|133|169|210|260|296|272|325|388|427|488|526|1046|537|547|506|494|399|434|390|313|265|229|181|140|128| 83| 86| 52| 38| 31| 31| 22| 16| 11|  4|  9|  4|  3|  4|  1|  0|  1|  0|  0|  1|  1|  0|
predict acc: 90.90%

+ pcinner pcedge ccor cx22
phase: 2 (8_10)   time: Sat Feb 27 12:24:32 2021
199985 board (189986 train, 9999 test)
batch=30000 lr_decay_st=20000 lr_max=0.200000 lr_min=0.050000
wb=-14.642696 wmob=2.818584 wodd=1.516271
train acc=91.901509 sse=48.917092 sae=5.469540
TEST mae=41.985154 sse=59.416327 sae=6.066301
error count:
|-35|-34|-33|-32|-31|-30|-29|-28|-27|-26|-25|-24|-23|-22|-21|-20|-19|-18|-17|-16|-15|-14|-13|-12|-11|-10| -9| -8| -7| -6| -5| -4| -3| -2| -1|   0|  1|  2|  3|  4|  5|  6|  7|  8|  9| 10| 11| 12| 13| 14| 15| 16| 17| 18| 19| 20| 21| 22| 23| 24| 25| 26| 27| 28| 29| 30| 31| 32| 33| 34| 35|
|  0|  0|  0|  0|  0|  1|  0|  2|  2|  1|  1|  4| 10| 13| 16| 18| 25| 23| 43| 39| 57| 96| 92|116|158|186|208|269|282|340|382|394|439|549|517|1011|559|567|467|476|395|377|338|296|259|207|179|138| 92| 81| 68| 47| 48| 30| 28| 14|  9|  8|  5|  3|  0|  3|  4|  1|  0|  1|  0|  0|  2|  2|  0|
predict acc: 90.48%

+ pcinner pcedge ccor cx22
phase: 2 (8_10)   time: Sat Feb 27 12:27:01 2021
199985 board (189986 train, 9999 test)
batch=30000 lr_decay_st=20000 lr_max=0.200000 lr_min=0.050000
wb=-14.650695 wmob=2.820536 wodd=1.529489
train acc=91.857821 sse=48.861188 sae=5.468915
TEST mae=42.638016 sse=60.822373 sae=6.096801
error count:
|-35|-34|-33|-32|-31|-30|-29|-28|-27|-26|-25|-24|-23|-22|-21|-20|-19|-18|-17|-16|-15|-14|-13|-12|-11|-10| -9| -8| -7| -6| -5| -4| -3| -2| -1|   0|  1|  2|  3|  4|  5|  6|  7|  8|  9| 10| 11| 12| 13| 14| 15| 16| 17| 18| 19| 20| 21| 22| 23| 24| 25| 26| 27| 28| 29| 30| 31| 32| 33| 34| 35|
|  0|  0|  0|  0|  1|  1|  0|  3|  1|  4|  2|  5| 11| 10| 10| 22| 20| 33| 46| 63| 65| 57| 91|119|139|154|206|238|311|327|380|383|436|479|541|1095|548|527|474|458|430|358|359|309|260|215|176|139|115| 91| 63| 53| 35| 29| 27| 22| 16| 16|  5|  4|  4|  2|  2|  2|  0|  1|  1|  0|  1|  1|  0|
predict acc: 91.04%

+ pcinner pcedge ccor cx22
phase: 1 (5_7)   time: Sat Feb 27 16:17:19 2021
207551 board (197174 train, 10377 test)
batch=30000 lr_decay_st=20000 lr_max=0.200000 lr_min=0.050000
wb=-14.441081 wmob=3.389187 wodd=1.268843
train acc=91.866575 sse=43.313131 sae=5.163697
TEST mae=46.243172 sse=51.038266 sae=5.608709
error count:
|-35|-34|-33|-32|-31|-30|-29|-28|-27|-26|-25|-24|-23|-22|-21|-20|-19|-18|-17|-16|-15|-14|-13|-12|-11|-10| -9| -8| -7| -6| -5| -4| -3| -2| -1|   0|  1|  2|  3|  4|  5|  6|  7|  8|  9| 10| 11| 12| 13| 14| 15| 16| 17| 18| 19| 20| 21| 22| 23| 24| 25| 26| 27| 28| 29| 30| 31| 32| 33| 34| 35|
|  0|  0|  0|  0|  1|  1|  0|  1|  1|  3|  1|  1|  2|  5|  7| 13| 13| 15| 26| 40| 52| 57| 86|108|146|150|220|249|305|345|379|465|478|570|609|1204|628|530|550|477|444|411|324|333|255|191|156|135| 96| 75| 54| 39| 40| 25| 19| 12|  7|  4|  6|  2|  4|  2|  1|  0|  0|  2|  1|  0|  0|  0|  0|
predict acc: 90.87%

+ pcinner pcedge ccor cx22
phase: 2 (8_10)   time: Sat Feb 27 16:29:38 2021
199985 board (189986 train, 9999 test)
batch=30000 lr_decay_st=20000 lr_max=0.200000 lr_min=0.050000
wb=-14.587429 wmob=2.799301 wodd=1.491475
train acc=91.919405 sse=48.811012 sae=5.464063
TEST mae=40.378763 sse=62.648030 sae=6.212000
error count:
|-35|-34|-33|-32|-31|-30|-29|-28|-27|-26|-25|-24|-23|-22|-21|-20|-19|-18|-17|-16|-15|-14|-13|-12|-11|-10| -9| -8| -7| -6| -5| -4| -3| -2| -1|   0|  1|  2|  3|  4|  5|  6|  7|  8|  9| 10| 11| 12| 13| 14| 15| 16| 17| 18| 19| 20| 21| 22| 23| 24| 25| 26| 27| 28| 29| 30| 31| 32| 33| 34| 35|
|  0|  1|  0|  0|  0|  0|  2|  3|  2|  1|  6|  6|  8| 10| 18| 17| 21| 26| 64| 44| 60| 77| 93|129|157|193|242|256|277|343|370|420|450|513|499|1030|539|516|479|453|414|345|346|300|245|206|168|146|127| 85| 56| 60| 40| 35| 26| 15| 14| 10|  7|  6|  8|  3|  0|  3|  1|  0|  1|  1|  2|  1|  0|
predict acc: 90.33%

+ pcinner pcedge ccor cx22
phase: 3 (11_13)   time: Sat Feb 27 16:33:03 2021
136503 board (129678 train, 6825 test)
batch=30000 lr_decay_st=20000 lr_max=0.200000 lr_min=0.050000
wb=-12.640899 wmob=2.662627 wodd=1.538346
train acc=92.492944 sse=48.355476 sae=5.405833
TEST mae=57.627894 sse=68.954863 sae=6.448025
error count:
|-35|-34|-33|-32|-31|-30|-29|-28|-27|-26|-25|-24|-23|-22|-21|-20|-19|-18|-17|-16|-15|-14|-13|-12|-11|-10| -9| -8| -7| -6| -5| -4| -3| -2| -1|  0|  1|  2|  3|  4|  5|  6|  7|  8|  9| 10| 11| 12| 13| 14| 15| 16| 17| 18| 19| 20| 21| 22| 23| 24| 25| 26| 27| 28| 29| 30| 31| 32| 33| 34| 35|
|  2|  1|  2|  0|  0|  3|  1|  1|  1|  1|  3|  6|  5|  9| 15| 13| 34| 27| 23| 44| 46| 73| 62| 80|109|126|153|184|184|192|270|276|331|301|332|695|355|338|331|312|292|255|225|190|172|141|127| 83| 80| 65| 52| 44| 31| 25| 29| 19| 13|  7|  8|  7|  1|  2|  4|  1|  2|  1|  1|  1|  0|  2|  0|
predict acc: 90.80%

+ pcinner pcedge ccor cx22
phase: 4 (14_17)   time: Sat Feb 27 16:36:13 2021
200998 board (190949 train, 10049 test)
batch=30000 lr_decay_st=20000 lr_max=0.200000 lr_min=0.050000
wb=-12.343941 wmob=2.247902 wodd=2.021544
train acc=92.107840 sse=55.063954 sae=5.765597
TEST mae=46.974564 sse=70.076356 sae=6.493671
error count:
|-35|-34|-33|-32|-31|-30|-29|-28|-27|-26|-25|-24|-23|-22|-21|-20|-19|-18|-17|-16|-15|-14|-13|-12|-11|-10| -9| -8| -7| -6| -5| -4| -3| -2| -1|   0|  1|  2|  3|  4|  5|  6|  7|  8|  9| 10| 11| 12| 13| 14| 15| 16| 17| 18| 19| 20| 21| 22| 23| 24| 25| 26| 27| 28| 29| 30| 31| 32| 33| 34| 35|
|  0|  1|  0|  3|  2|  2|  0|  1|  4|  3| 10|  9| 11| 12| 18| 24| 30| 36| 57| 56| 67| 91|106|125|162|167|218|248|263|316|372|408|447|465|484|1050|527|523|477|457|381|368|320|278|265|204|197|142|131|100| 87| 66| 48| 53| 26| 33| 24| 19| 12|  8| 11|  5|  5|  3|  1|  1|  0|  1|  0|  0|  2|
predict acc: 90.81%

+ pcinner pcedge ccor cx22
phase: 3 (11_13)   time: Sat Feb 27 17:27:01 2021
156104 board (148299 train, 7805 test)
batch=30000 lr_decay_st=20000 lr_max=0.200000 lr_min=0.050000
wb=-12.644618 wmob=2.641250 wodd=1.571368
train acc=92.291924 sse=50.006455 sae=5.498474
TEST mae=50.660100 sse=68.495979 sae=6.435055
error count:
|-35|-34|-33|-32|-31|-30|-29|-28|-27|-26|-25|-24|-23|-22|-21|-20|-19|-18|-17|-16|-15|-14|-13|-12|-11|-10| -9| -8| -7| -6| -5| -4| -3| -2| -1|  0|  1|  2|  3|  4|  5|  6|  7|  8|  9| 10| 11| 12| 13| 14| 15| 16| 17| 18| 19| 20| 21| 22| 23| 24| 25| 26| 27| 28| 29| 30| 31| 32| 33| 34| 35|
|  1|  0|  1|  0|  1|  2|  1|  5|  1|  2|  4|  5|  9| 11| 14| 21| 19| 34| 28| 43| 51| 64| 93|106|123|133|187|201|200|255|273|319|335|352|424|780|387|401|400|355|322|285|268|196|212|175|144|114| 98| 78| 55| 47| 35| 27| 20| 17| 12|  7|  9|  8|  5|  8|  6|  3|  4|  1|  2|  1|  1|  0|  0|
predict acc: 90.31%

+ pcinner pcedge ccor cx22
phase: 3 (11_13)   time: Sun Feb 28 19:03:57 2021
167537 board (159161 train, 8376 test)
batch=30000 lr_decay_st=20000 lr_max=0.200000 lr_min=0.050000
wb=-12.823572 wmob=2.641975 wodd=1.586173
train acc=92.163910 sse=51.465729 sae=5.571006
TEST mae=47.400180 sse=67.264261 sae=6.421352
error count:
|-35|-34|-33|-32|-31|-30|-29|-28|-27|-26|-25|-24|-23|-22|-21|-20|-19|-18|-17|-16|-15|-14|-13|-12|-11|-10| -9| -8| -7| -6| -5| -4| -3| -2| -1|  0|  1|  2|  3|  4|  5|  6|  7|  8|  9| 10| 11| 12| 13| 14| 15| 16| 17| 18| 19| 20| 21| 22| 23| 24| 25| 26| 27| 28| 29| 30| 31| 32| 33| 34| 35|
|  0|  0|  0|  1|  3|  1|  1|  0|  2|  2|  2|  8| 10|  8| 10| 21| 32| 28| 48| 46| 49| 78| 85| 94|123|145|191|228|253|287|331|322|368|353|415|854|426|409|380|397|368|345|276|236|199|196|160|118| 85| 84| 65| 43| 45| 31| 28| 21| 15|  9| 12|  6|  1|  5|  3|  2|  3|  2|  2|  0|  0|  0|  0|
predict acc: 90.56%

+ pcinner pcedge ccor cx22
phase: 4 (14_17)   time: Sun Feb 28 19:06:18 2021
99992 board (94993 train, 4999 test)
batch=30000 lr_decay_st=20000 lr_max=0.200000 lr_min=0.050000
wb=-13.006983 wmob=2.335860 wodd=2.119706
train acc=92.485762 sse=47.865774 sae=5.380241
TEST mae=41.285876 sse=75.425537 sae=6.795690
error count:
|-35|-34|-33|-32|-31|-30|-29|-28|-27|-26|-25|-24|-23|-22|-21|-20|-19|-18|-17|-16|-15|-14|-13|-12|-11|-10| -9| -8| -7| -6| -5| -4| -3| -2| -1|  0|  1|  2|  3|  4|  5|  6|  7|  8|  9| 10| 11| 12| 13| 14| 15| 16| 17| 18| 19| 20| 21| 22| 23| 24| 25| 26| 27| 28| 29| 30| 31| 32| 33| 34| 35|
|  1|  0|  0|  0|  1|  1|  0|  1|  7|  3|  5|  4|  7| 10| 14| 14| 17| 18| 19| 27| 30| 45| 55| 53| 89| 95|113|123|166|158|187|168|208|225|255|474|237|226|227|230|199|201|150|144|125|110|102| 85| 81| 57| 49| 37| 34| 24| 13| 20| 17| 11|  4|  6|  2|  5|  0|  1|  2|  0|  1|  1|  0|  3|  0|
predict acc: 90.14%

+ pcinner pcedge ccor cx22
phase: 1 (5_7)   time: Tue Mar 02 00:15:59 2021
207551 board (197174 train, 10377 test)
batch=50000 lr_decay_st=20000 lr_max=0.200000 lr_min=0.050000
wb=-14.878759 wmob=3.358840 wodd=1.335647
train acc=92.007060 sse=41.497178 sae=5.050738
TEST mae=33.375510 sse=51.030809 sae=5.625976
error count:
|-35|-34|-33|-32|-31|-30|-29|-28|-27|-26|-25|-24|-23|-22|-21|-20|-19|-18|-17|-16|-15|-14|-13|-12|-11|-10| -9| -8| -7| -6| -5| -4| -3| -2| -1|   0|  1|  2|  3|  4|  5|  6|  7|  8|  9| 10| 11| 12| 13| 14| 15| 16| 17| 18| 19| 20| 21| 22| 23| 24| 25| 26| 27| 28| 29| 30| 31| 32| 33| 34| 35|
|  0|  0|  0|  0|  0|  0|  0|  1|  2|  1|  3|  4|  3|  2|  7| 11|  8| 19| 27| 29| 60| 62| 95|101|121|173|197|235|281|344|377|472|502|531|577|1187|594|582|557|471|501|410|373|321|229|192|168|135| 99| 69| 84| 42| 32| 25| 17| 10|  4|  9|  6|  5|  2|  2|  3|  0|  2|  0|  0|  0|  1|  0|  0|
predict acc: 91.17%

+ pcinner pcedge ccor cx22
phase: 2 (8_10)   time: Tue Mar 02 00:27:46 2021
199985 board (189986 train, 9999 test)
batch=50000 lr_decay_st=20000 lr_max=0.200000 lr_min=0.050000
wb=-14.998085 wmob=2.792331 wodd=1.523367
train acc=92.097839 sse=46.364826 sae=5.324350
TEST mae=38.954237 sse=59.842248 sae=6.045946
error count:
|-35|-34|-33|-32|-31|-30|-29|-28|-27|-26|-25|-24|-23|-22|-21|-20|-19|-18|-17|-16|-15|-14|-13|-12|-11|-10| -9| -8| -7| -6| -5| -4| -3| -2| -1|   0|  1|  2|  3|  4|  5|  6|  7|  8|  9| 10| 11| 12| 13| 14| 15| 16| 17| 18| 19| 20| 21| 22| 23| 24| 25| 26| 27| 28| 29| 30| 31| 32| 33| 34| 35|
|  0|  0|  1|  1|  1|  2|  2|  1|  2|  7|  6|  8|  3| 11|  9| 15| 15| 24| 39| 52| 57| 79| 87|120|139|161|201|226|297|320|361|437|439|477|483|1090|560|534|493|495|438|384|343|328|279|201|159|126|110| 75| 81| 45| 45| 29| 36|  8| 11| 10|  8|  5|  7|  4|  3|  2|  1|  1|  1|  0|  2|  0|  0|
predict acc: 90.82%

+ pcinner pcedge ccor cx22
phase: 3 (11_13)   time: Tue Mar 02 00:30:43 2021
199975 board (189977 train, 9998 test)
batch=50000 lr_decay_st=20000 lr_max=0.200000 lr_min=0.050000
wb=-12.530656 wmob=2.546788 wodd=1.649373
train acc=92.166420 sse=50.014307 sae=5.493849
TEST mae=57.655955 sse=69.596344 sae=6.475490
error count:
|-35|-34|-33|-32|-31|-30|-29|-28|-27|-26|-25|-24|-23|-22|-21|-20|-19|-18|-17|-16|-15|-14|-13|-12|-11|-10| -9| -8| -7| -6| -5| -4| -3| -2| -1|   0|  1|  2|  3|  4|  5|  6|  7|  8|  9| 10| 11| 12| 13| 14| 15| 16| 17| 18| 19| 20| 21| 22| 23| 24| 25| 26| 27| 28| 29| 30| 31| 32| 33| 34| 35|
|  0|  0|  1|  0|  2|  1|  0|  4|  3|  4|  5|  9|  7| 12| 14| 21| 22| 48| 41| 53| 69| 86| 95|123|147|209|225|239|261|366|349|355|400|450|481|1032|525|521|472|470|443|377|358|278|236|227|200|158|102|116| 63| 62| 46| 45| 41| 27| 19| 12|  8| 13|  6|  8|  5|  3|  3|  2|  3|  2|  1|  2|  2|
predict acc: 90.28%

+ pcinner pcedge ccor cx22
phase: 4 (14_17)   time: Tue Mar 02 00:32:35 2021
146653 board (139321 train, 7332 test)
batch=50000 lr_decay_st=20000 lr_max=0.200000 lr_min=0.050000
wb=-12.561504 wmob=2.206374 wodd=2.055412
train acc=92.586186 sse=48.816299 sae=5.422521
TEST mae=52.593295 sse=72.239543 sae=6.579990
error count:
|-35|-34|-33|-32|-31|-30|-29|-28|-27|-26|-25|-24|-23|-22|-21|-20|-19|-18|-17|-16|-15|-14|-13|-12|-11|-10| -9| -8| -7| -6| -5| -4| -3| -2| -1|  0|  1|  2|  3|  4|  5|  6|  7|  8|  9| 10| 11| 12| 13| 14| 15| 16| 17| 18| 19| 20| 21| 22| 23| 24| 25| 26| 27| 28| 29| 30| 31| 32| 33| 34| 35|
|  0|  1|  1|  0|  1|  2|  2|  1|  1|  4|  1|  4|  7| 14|  6| 15| 21| 39| 43| 40| 51| 74| 85| 91|107|133|164|166|184|228|276|292|341|332|353|767|380|356|339|297|318|265|239|202|201|172|130|104| 95| 68| 61| 47| 40| 38| 26| 21| 20| 10| 10| 10|  3|  4|  5|  7|  3|  3|  2|  2|  1|  0|  0|
predict acc: 90.88%

+ pcinner pcedge ccor cx22
phase: 5 (18_21)   time: Tue Mar 02 00:35:27 2021
130453 board (123931 train, 6522 test)
batch=50000 lr_decay_st=20000 lr_max=0.200000 lr_min=0.050000
wb=-10.272902 wmob=1.816727 wodd=1.116658
train acc=91.643737 sse=60.735217 sae=6.062218
TEST mae=48.246254 sse=90.581273 sae=7.432800
error count:
|-35|-34|-33|-32|-31|-30|-29|-28|-27|-26|-25|-24|-23|-22|-21|-20|-19|-18|-17|-16|-15|-14|-13|-12|-11|-10| -9| -8| -7| -6| -5| -4| -3| -2| -1|  0|  1|  2|  3|  4|  5|  6|  7|  8|  9| 10| 11| 12| 13| 14| 15| 16| 17| 18| 19| 20| 21| 22| 23| 24| 25| 26| 27| 28| 29| 30| 31| 32| 33| 34| 35|
|  0|  1|  2|  1|  2|  2|  2|  5|  6|  6| 13|  9| 12| 22| 15| 25| 23| 37| 43| 52| 57| 78| 77| 89|131|138|132|150|188|222|221|224|262|238|249|596|314|272|305|291|222|250|211|173|175|142|149|124| 76| 64| 87| 81| 45| 43| 33| 27| 21| 16| 10| 12| 12|  5|  4|  7|  2|  4|  2|  1|  2|  0|  4|
predict acc: 89.11%

+ pcinner pcedge ccor cx22
phase: 6 (22_26)   time: Tue Mar 02 00:39:11 2021
99996 board (94997 train, 4999 test)
batch=50000 lr_decay_st=20000 lr_max=0.200000 lr_min=0.050000
wb=-9.548739 wmob=1.632573 wodd=1.136677
train acc=90.000737 sse=83.006474 sae=7.116433
TEST mae=59.705355 sse=124.190139 sae=8.709346
error count:
|-35|-34|-33|-32|-31|-30|-29|-28|-27|-26|-25|-24|-23|-22|-21|-20|-19|-18|-17|-16|-15|-14|-13|-12|-11|-10| -9| -8| -7| -6| -5| -4| -3| -2| -1|  0|  1|  2|  3|  4|  5|  6|  7|  8|  9| 10| 11| 12| 13| 14| 15| 16| 17| 18| 19| 20| 21| 22| 23| 24| 25| 26| 27| 28| 29| 30| 31| 32| 33| 34| 35|
|  2|  4|  2|  1|  4|  7|  3|  3|  7|  4| 10| 11| 16| 23| 27| 21| 32| 39| 56| 39| 53| 57| 59| 80| 98| 93|126|133|158|146|152|140|177|196|179|389|199|180|199|170|132|150|149|140|142|114|124| 96| 95| 69| 74| 61| 60| 56| 31| 36| 25| 27| 12| 11| 15| 17| 12|  7|  5|  9|  5|  3|  5|  1|  2|
predict acc: 87.48%

+ pcinner pcedge ccor cx22
phase: 7 (27_31)   time: Tue Mar 02 00:40:05 2021
99999 board (95000 train, 4999 test)
batch=50000 lr_decay_st=20000 lr_max=0.200000 lr_min=0.050000
wb=-8.315873 wmob=1.540747 wodd=1.355692
train acc=87.834737 sse=111.653695 sae=8.255581
TEST mae=60.835112 sse=155.176077 sae=9.779228
error count:
|-35|-34|-33|-32|-31|-30|-29|-28|-27|-26|-25|-24|-23|-22|-21|-20|-19|-18|-17|-16|-15|-14|-13|-12|-11|-10| -9| -8| -7| -6| -5| -4| -3| -2| -1|  0|  1|  2|  3|  4|  5|  6|  7|  8|  9| 10| 11| 12| 13| 14| 15| 16| 17| 18| 19| 20| 21| 22| 23| 24| 25| 26| 27| 28| 29| 30| 31| 32| 33| 34| 35|
|  3|  2|  4|  4|  6|  7|  7|  7| 13| 10| 12| 27| 27| 18| 26| 26| 28| 43| 54| 54| 86| 78| 77| 77| 96|115|106|103|132|142|134|147|156|176|149|359|149|163|177|158|123|159|148|120|127|142|120|105| 82| 82| 87| 68| 55| 55| 48| 45| 33| 37| 22| 29| 25| 13| 13| 10| 14| 10| 17|  5|  4|  7|  2|
predict acc: 85.76%

+ pcinner pcedge ccor cx22
phase: 8 (32_37)   time: Tue Mar 02 00:45:04 2021
65096 board (61842 train, 3254 test)
batch=50000 lr_decay_st=20000 lr_max=0.150000 lr_min=0.050000
wb=-7.469004 wmob=1.499588 wodd=1.084587
train acc=84.761166 sse=138.292678 sae=9.214474
TEST mae=62.121036 sse=183.308013 sae=10.630000
error count:
|-35|-34|-33|-32|-31|-30|-29|-28|-27|-26|-25|-24|-23|-22|-21|-20|-19|-18|-17|-16|-15|-14|-13|-12|-11|-10| -9| -8| -7| -6| -5| -4| -3| -2| -1|  0|  1|  2|  3|  4|  5|  6|  7|  8|  9| 10| 11| 12| 13| 14| 15| 16| 17| 18| 19| 20| 21| 22| 23| 24| 25| 26| 27| 28| 29| 30| 31| 32| 33| 34| 35|
|  3|  2|  3|  4|  4| 11|  7|  7| 13| 10| 16| 15| 26| 21| 17| 27| 29| 23| 33| 40| 44| 49| 71| 54| 64| 64| 71| 79| 72| 96| 94|106| 95| 84|101|179|102|103| 94|108|109| 86| 84| 77| 79| 69| 70| 59| 73| 46| 51| 42| 51| 26| 34| 26| 23| 24| 26| 20| 12| 15| 12|  9| 16| 15|  5|  7|  3|  2|  3|
predict acc: 81.53%

+ pcinner pcedge ccor cx22
phase: 9 (38_43)   time: Tue Mar 02 00:55:00 2021
92806 board (88166 train, 4640 test)
batch=50000 lr_decay_st=20000 lr_max=0.100000 lr_min=0.050000
wb=-6.061581 wmob=1.587488 wodd=0.956675
train acc=79.082640 sse=180.799534 sae=10.571325
TEST mae=60.395557 sse=200.523982 sae=11.133397
error count:
|-35|-34|-33|-32|-31|-30|-29|-28|-27|-26|-25|-24|-23|-22|-21|-20|-19|-18|-17|-16|-15|-14|-13|-12|-11|-10| -9| -8| -7| -6| -5| -4| -3| -2| -1|  0|  1|  2|  3|  4|  5|  6|  7|  8|  9| 10| 11| 12| 13| 14| 15| 16| 17| 18| 19| 20| 21| 22| 23| 24| 25| 26| 27| 28| 29| 30| 31| 32| 33| 34| 35|
| 10|  5|  7|  4|  5|  6| 16| 13| 20| 14| 15| 30| 25| 38| 32| 30| 40| 57| 49| 61| 66| 79| 68| 84| 93| 96| 91|122|102|102|127|125|117|146|118|288|126|130|145|142|126|114|124|136|105| 89|100| 89| 86| 86| 68| 60| 65| 62| 64| 55| 29| 33| 37| 27| 25| 25| 27| 16| 12| 13| 12| 10| 17|  2|  7|
predict acc: 78.38%

+ pcinner pcedge ccor cx22
phase: 10 (44_50)   time: Tue Mar 02 00:57:31 2021
94784 board (90045 train, 4739 test)
batch=50000 lr_decay_st=20000 lr_max=0.030000 lr_min=0.030000
wb=-4.878200 wmob=1.680252 wodd=1.138966
train acc=73.223388 sse=201.145444 sae=11.112094
TEST mae=58.935834 sse=207.363768 sae=11.215372
error count:
|-35|-34|-33|-32|-31|-30|-29|-28|-27|-26|-25|-24|-23|-22|-21|-20|-19|-18|-17|-16|-15|-14|-13|-12|-11|-10| -9| -8| -7| -6| -5| -4| -3| -2| -1|  0|  1|  2|  3|  4|  5|  6|  7|  8|  9| 10| 11| 12| 13| 14| 15| 16| 17| 18| 19| 20| 21| 22| 23| 24| 25| 26| 27| 28| 29| 30| 31| 32| 33| 34| 35|
|  7|  7|  6| 10| 12| 17| 15| 19| 14| 27| 19| 24| 31| 33| 29| 41| 48| 54| 50| 51| 63| 69| 84| 84| 76| 94|110|106| 94|137|109|123|125|131|146|313|139|144|137|127|137|121|135|128|102| 88| 97| 85| 73| 74| 74| 72| 72| 66| 47| 57| 41| 36| 32| 24| 29| 25| 21| 18| 13| 17| 16| 10| 11|  5|  8|
predict acc: 72.82%
